+ echo
+ mkdir -p /lustre/ttscratch1/sevilla/parsplice-output/nano/scale-cachedecrease-8n-10-72376/out
+ cd /lustre/ttscratch1/sevilla/parsplice-output/nano/scale-cachedecrease-8n-10-72376
+ export LD_LIBRARY_PATH=/users/sevilla/parsplice-install-limcache/lib:/lustre/ttscratch1/sevilla/parsplice-support/boost_1_64_0/stage/lib
+ LD_LIBRARY_PATH=/users/sevilla/parsplice-install-limcache/lib:/lustre/ttscratch1/sevilla/parsplice-support/boost_1_64_0/stage/lib
+ export OMP_NUM_THREADS=1
+ OMP_NUM_THREADS=1
+ for i in '"input"' '"input.lammps"' '"voter-pt.eam"'
+ cp -r /lustre/ttscratch1/sevilla/parsplice-support/parsplice-limcache/sample-input/nanoparticle-growth/input .
+ for i in '"input"' '"input.lammps"' '"voter-pt.eam"'
+ cp -r /lustre/ttscratch1/sevilla/parsplice-support/parsplice-limcache/sample-input/nanoparticle-growth/input.lammps .
+ for i in '"input"' '"input.lammps"' '"voter-pt.eam"'
+ cp -r /lustre/ttscratch1/sevilla/parsplice-support/parsplice-limcache/sample-input/nanoparticle-growth/voter-pt.eam .
+ sed -i 's/<Delay> 1000000 <\/Delay>/<Delay> 100000 <\/Delay>/g' input/ps-config.xml
+ sed -i 's/<MaxKeyUsage> 0 <\/MaxKeyUsage>/<MaxKeyUsage> 10 <\/MaxKeyUsage>/g' input/ps-config.xml
+ sed -i 's/<KeyUsageThreshold> 0 <\/KeyUsageThreshold>/<KeyUsageThreshold> 100000 <\/KeyUsageThreshold>/g' input/ps-config.xml
+ python /lustre/ttscratch1/sevilla/parsplice-support/parsplice-limcache/node-affinity/mkhosts-slurm-nospawn.py 32 1 1 1
++ awk '{print $1}'
++ wc -l layout
+ ntasks=256
+ srun -N 8 -n 256 --cpu_bind=cores --output none /users/sevilla/parsplice-install-limcache/parsplice
srun: Job step aborted: Waiting up to 32 seconds for job step to finish.
slurmstepd: error: *** JOB 72376 ON nid00165 CANCELLED AT 2017-09-05T05:18:38 DUE TO TIME LIMIT ***
srun: got SIGCONT
srun: forcing job termination
