100 202840 206070
200 417972 423432
300 643268 650609
400 862811 876418
500 1086135 1106543
600 1312674 1335629
700 1516284 1548468
800 1700066 1742125
900 1856138 1920303
1000 2007819 2075377
1100 2151494 2224701
1200 2267713 2361434
1300 2350774 2488819
1400 2452871 2614905
1500 2559734 2733904
1600 2654363 2846093
1700 2729652 2954160
1800 2805344 3060424
1900 2863160 3162474
2000 2926024 3260729
2100 3009116 3359110
2200 3085189 3451474
2300 3124481 3537967
2400 3185975 3626590
2500 3212020 3709306
2600 3248366 3791112
2700 3288554 3874406
2800 3351057 3958445
2900 3410249 4040626
3000 3471216 4118051
3100 3506647 4192406
3200 3540651 4265007
3300 3588770 4341689
3400 3615363 4413541
3500 3648080 4484588
3600 3680332 4555396
3700 3726274 4626234
3800 3782411 4699385
3900 3825031 4770971
4000 3881921 4845176
4100 3903714 4911768
4200 3913296 4975052
