100 280950 280950
200 578840 578840
300 878460 878460
400 1175150 1175840
500 1474810 1475500
600 1775270 1775960
700 2056400 2057900
800 2328320 2329820
900 2624950 2626450
1000 2924540 2926040
1100 3223194 3225504
1200 3524636 3526946
1300 3829094 3831404
1400 4127457 4131128
1500 4428311 4431752
1600 4730987 4734268
1700 5032361 5037064
1800 5334751 5339681
1900 5638650 5643760
2000 5941926 5947167
2100 6242664 6248946
2200 6545304 6551888
2300 6847611 6853993
2400 7145922 7154452
2500 7443830 7452742
2600 7744283 7752778
2700 8036858 8049391
2800 8332150 8345251
2900 8630220 8643248
3000 8927876 8941407
3100 9218997 9236892
3200 9514422 9532006
3300 9809616 9827426
3400 10095526 10114398
3500 10379818 10398569
3600 10662641 10681746
3700 10944065 10963310
3800 11213515 11233641
3900 11469565 11489691
4000 11738305 11758431
4100 12006359 12027471
4200 12248632 12270181
