11 0 
21 0 
31 0 
41 0 
51 0 
61 0 
71 0 
81 0 
91 0 
101 0 
111 0 
121 0 
131 0 
141 0 
151 0 
161 0 
171 0 
181 0 
191 0 
201 0 
211 0 
221 0 
231 0 
241 0 
251 0 
261 0 
271 0 
281 0 
291 0 
301 0 
311 0 
321 0 
331 0 
341 0 
351 0 
361 0 
371 0 
381 0 
391 5 
401 5 
411 5 
421 5 
431 5 
441 5 
451 5 
461 5 
471 5 
481 5 
491 5 
501 5 
511 5 
521 5 
531 5 
541 5 
551 5 
561 5 
571 5 
581 5 
591 5 
601 5 
611 5 
621 5 
631 5 
641 5 
651 5 
661 5 
671 5 
681 5 
691 5 
701 5 
711 5 
721 5 
731 5 
741 5 
751 5 
761 5 
771 5 
781 5 
791 5 
801 5 
811 5 
821 5 
831 5 
841 5 
851 5 
861 5 
871 5 
881 5 
891 5 
901 5 
911 5 
921 5 
931 5 
941 5 
951 5 
961 5 
971 5 
981 5 
991 5 
1001 5 
1011 11 
1021 11 
1031 11 
1041 11 
1051 11 
1061 11 
1071 11 
1081 11 
1091 11 
1101 11 
1111 11 
1121 11 
1131 11 
1141 11 
1151 11 
1161 11 
1171 11 
1181 11 
1191 11 
1201 11 
1211 11 
1221 11 
1231 11 
1241 11 
1251 11 
1261 11 
1271 11 
1281 11 
1291 11 
1301 11 
1311 11 
1321 11 
1331 11 
1341 11 
1351 11 
1361 11 
1371 11 
1381 11 
1391 11 
1401 11 
1411 11 
1421 11 
1431 11 
1441 11 
1451 11 
1461 11 
1471 11 
1481 11 
1491 11 
1501 11 
1511 11 
1521 11 
1531 11 
1541 11 
1551 11 
1561 11 
1571 11 
1581 11 
1591 16 
1601 16 
1611 16 
1621 16 
1631 16 
1641 16 
1651 16 
1661 16 
1671 16 
1681 21 
1691 21 
1701 21 
1711 21 
1721 21 
1731 21 
1741 21 
1751 31 
1761 31 
1771 31 
1781 31 
1791 31 
1801 31 
1811 31 
1821 31 
1831 31 
1841 31 
1851 31 
1861 31 
1871 31 
1881 31 
1891 31 
1901 31 
1911 31 
1921 31 
1931 31 
1941 31 
1951 56 
1961 56 
1971 56 
1981 56 
1991 56 
2001 56 
2011 56 
2021 71 
2031 96 
2041 96 
2051 96 
2061 96 
2071 96 
2081 96 
2091 96 
2101 96 
2111 96 
2121 96 
2131 96 
2141 96 
2151 111 
2161 111 
2171 111 
2181 151 
2191 151 
2201 151 
2211 151 
2221 151 
2231 151 
2241 151 
2251 151 
2261 151 
2271 151 
2281 151 
2291 151 
2301 161 
2311 161 
2321 161 
2331 161 
2341 161 
2351 161 
2361 161 
2371 161 
2381 246 
2391 246 
2401 256 
2411 256 
2421 256 
2431 256 
2441 256 
2451 256 
2461 256 
2471 256 
2481 281 
2491 281 
2501 281 
2511 281 
2521 281 
2531 281 
2541 281 
2551 281 
2561 281 
2571 281 
2581 281 
2591 281 
2601 281 
2611 281 
2621 281 
2631 331 
2641 331 
2651 331 
2661 331 
2671 361 
2681 361 
2691 361 
2701 361 
2711 361 
2721 361 
2731 361 
2741 381 
2751 381 
2761 381 
2771 381 
2781 381 
2791 381 
2801 381 
2811 381 
2821 381 
2831 381 
2841 381 
2851 381 
2861 381 
2871 381 
2881 381 
2891 381 
2901 381 
2911 381 
2921 381 
2931 381 
2941 381 
2951 381 
2961 381 
2971 381 
2981 381 
2991 381 
3001 381 
3011 381 
3021 381 
3031 381 
3041 381 
3051 381 
3061 381 
3071 381 
3081 381 
3091 381 
3101 381 
3111 381 
3121 381 
3131 381 
3141 381 
3151 381 
3161 381 
3171 381 
3181 381 
3191 381 
3201 381 
3211 381 
3221 381 
3231 381 
3241 381 
3251 381 
3261 381 
3271 381 
3281 381 
3291 381 
3301 381 
3311 381 
3321 381 
3331 381 
3341 381 
3351 381 
3361 381 
3371 381 
3381 381 
3391 381 
3401 381 
3411 381 
3421 381 
3431 381 
3441 381 
3451 381 
3461 381 
3471 381 
3481 381 
3491 381 
3501 381 
3511 381 
3521 381 
3531 381 
3541 381 
3551 381 
3561 381 
3571 381 
3581 381 
3591 381 
3601 381 
3611 381 
3621 381 
