100 270300 270300
200 558270 558270
300 846000 846000
400 1137100 1137100
500 1426250 1426250
600 1713320 1713320
700 1992120 1992120
800 2266410 2266410
900 2551980 2551980
1000 2839760 2839760
1100 3128190 3128190
1200 3415440 3415440
1300 3706960 3706960
1400 3992520 3992520
1500 4280950 4280950
1600 4570330 4570330
1700 4860440 4860440
1800 5149810 5149810
1900 5438620 5438620
2000 5727520 5727520
2100 6019260 6019260
2200 6308590 6308590
2300 6597690 6597690
2400 6887110 6887110
2500 7175270 7175270
2600 7464110 7464110
2700 7750840 7750840
2800 8040840 8040840
2900 8329940 8329940
3000 8619550 8619550
3100 8908140 8908140
3200 9196290 9196290
3300 9485050 9485050
3400 9772180 9772180
3500 10059430 10060240
3600 10343050 10343860
3700 10626130 10626940
3800 10910470 10911280
3900 11181900 11182710
4000 11462770 11463580
4100 11747220 11748030
4200 12029580 12030390
