100 270850 270850
200 558200 559010
300 844970 845780
400 1130880 1132390
500 1416520 1418030
600 1699733 1702053
700 1970802 1973122
800 2236530 2239970
900 2516194 2520734
1000 2799187 2803677
1100 3081287 3086700
1200 3364133 3369980
1300 3647560 3656008
1400 3929003 3937500
1500 4208129 4220092
1600 4491425 4503543
1700 4769419 4785702
1800 5049560 5067166
1900 5327442 5346260
2000 5601123 5621323
2100 5872163 5892363
2200 6126125 6147535
2300 6368213 6389818
2400 6604142 6625955
2500 6833913 6856107
2600 7057179 7081454
2700 7270100 7295847
2800 7485895 7510800
2900 7682249 7714758
3000 7887797 7920435
3100 8077483 8117460
3200 8270168 8312391
3300 8464247 8507160
3400 8633677 8695569
3500 8824992 8886487
3600 9014197 9076896
3700 9180337 9247421
3800 9340209 9418381
3900 9503757 9584871
4000 9656073 9737828
4100 9808392 9891211
4200 9961684 10045014
