11 0 0
21 0 0
31 0 0
41 0 0
51 0 0
61 0 0
71 0 0
81 0 0
91 0 0
101 0 0
111 0 0
121 0 0
131 0 0
141 0 0
151 0 0
161 0 0
171 0 0
181 0 0
191 0 0
201 0 0
211 0 0
221 0 0
231 0 0
241 0 0
251 0 0
261 0 0
271 0 0
281 0 0
291 0 0
301 0 0
311 0 0
321 0 0
331 0 0
341 0 0
351 0 0
361 0 0
371 0 0
381 0 0
391 0 0
401 0 0
411 0 0
421 0 0
431 0 0
441 0 0
451 0 0
461 0 0
471 0 0
481 0 0
491 0 0
501 0 0
511 0 0
521 0 0
531 5 5
541 5 5
551 5 5
561 5 5
571 5 5
581 5 5
591 5 5
601 5 5
611 5 5
621 5 5
631 5 5
641 5 5
651 5 5
661 5 5
671 5 5
681 5 5
691 5 5
701 5 5
711 5 5
721 5 5
731 5 5
741 5 5
751 5 5
761 5 5
771 5 5
781 5 5
791 5 5
801 5 17
811 5 17
821 5 17
831 5 17
841 5 17
851 5 17
861 5 17
871 5 17
881 5 17
891 5 17
901 5 17
911 5 17
921 5 17
931 5 17
941 5 17
951 5 17
961 5 17
971 5 17
981 5 17
991 5 17
1001 5 17
1011 5 17
1021 5 17
1031 5 17
1041 5 17
1051 5 17
1061 5 17
1071 5 26
1081 5 26
1091 5 26
1101 5 26
1111 5 26
1121 5 26
1131 5 26
1141 5 26
1151 5 26
1161 5 26
1171 5 26
1181 5 31
1191 5 31
1201 5 31
1211 5 31
1221 5 31
1231 5 31
1241 5 31
1251 5 31
1261 5 31
1271 5 31
1281 5 31
1291 5 31
1301 5 31
1311 5 31
1321 5 31
1331 5 31
1341 5 31
1351 5 31
1361 5 31
1371 5 31
1381 5 31
1391 5 31
1401 5 31
1411 5 31
1421 5 31
1431 5 31
1441 5 31
1451 5 31
1461 5 36
1471 5 36
1481 5 36
1491 5 36
1501 5 36
1511 5 36
1521 5 36
1531 5 36
1541 5 36
1551 5 36
1561 5 36
1571 5 36
1581 5 36
1591 5 36
1601 5 36
1611 5 36
1621 5 36
1631 5 36
1641 5 36
1651 5 36
1661 5 36
1671 5 36
1681 5 36
1691 5 36
1701 5 36
1711 5 36
1721 5 45
1731 5 45
1741 5 45
1751 5 45
1761 5 45
1771 5 45
1781 5 45
1791 5 45
1801 5 45
1811 5 45
1821 5 45
1831 5 45
1841 5 45
1851 5 45
1861 5 45
1871 5 45
1881 5 45
1891 5 45
1901 5 45
1911 5 45
1921 5 45
1931 5 45
1941 5 45
1951 5 45
1961 5 45
1971 5 45
1981 5 45
1991 5 45
2001 5 45
2011 5 45
2021 5 45
2031 5 45
2041 5 45
2051 5 45
2061 5 45
2071 5 45
2081 10 61
2091 10 61
2101 10 61
2111 10 61
2121 10 61
2131 10 61
2141 10 61
2151 10 61
2161 10 61
2171 10 61
2181 10 61
2191 10 61
2201 10 61
2211 10 61
2221 10 61
2231 10 61
2241 10 61
2251 10 61
2261 10 61
2271 10 61
2281 10 61
2291 10 61
2301 10 61
2311 10 61
2321 10 61
2331 10 61
2341 10 61
2351 10 61
2361 10 61
2371 10 61
2381 10 61
2391 10 61
2401 10 61
2411 10 66
2421 10 66
2431 10 66
2441 10 66
2451 10 66
2461 10 66
2471 10 66
2481 10 66
2491 10 66
2501 10 66
2511 10 71
2521 10 71
2531 10 71
2541 10 71
2551 10 71
2561 10 71
2571 10 71
2581 10 71
2591 10 71
2601 10 71
2611 10 71
2621 10 71
2631 10 71
2641 10 71
2651 10 71
2661 10 71
2671 10 71
2681 10 71
2691 10 71
2701 10 71
2711 10 71
2721 10 71
2731 10 71
2741 10 71
2751 10 71
2761 10 71
2771 10 71
2781 10 71
2791 10 71
2801 10 71
2811 10 71
2821 10 71
2831 10 71
2841 10 84
2851 10 84
2861 10 84
2871 10 84
2881 10 84
2891 10 84
2901 10 84
2911 10 84
2921 10 84
2931 10 84
2941 10 84
2951 10 84
2961 10 84
2971 10 84
2981 10 84
2991 10 84
3001 10 84
3011 10 84
3021 10 84
3031 10 84
3041 10 84
3051 10 84
3061 10 84
3071 10 84
3081 10 84
3091 10 84
3101 10 84
3111 10 84
3121 10 84
3131 10 84
3141 10 84
3151 10 84
3161 10 84
3171 10 84
3181 10 84
3191 10 84
3201 10 84
3211 10 84
3221 10 84
3231 10 84
3241 10 84
3251 10 84
3261 10 84
3271 10 84
3281 10 84
3291 10 84
3301 10 84
3311 10 84
3321 10 84
3331 10 84
3341 10 84
3351 10 84
3361 10 84
3371 10 84
3381 10 84
3391 10 84
3401 10 84
3411 10 84
3421 10 84
3431 10 84
3441 10 84
3451 10 84
3461 10 84
3471 10 84
3481 10 84
3491 10 84
3501 10 84
3511 10 84
3521 10 84
3531 10 84
3541 10 84
3551 10 84
3561 10 84
3571 10 84
3581 10 84
3591 10 116
3601 10 116
3611 10 116
3621 10 116
3631 10 116
3641 10 116
3651 10 116
3661 10 116
3671 10 116
3681 10 116
3691 10 116
3701 10 116
3711 10 116
3721 10 116
3731 10 116
3741 10 116
3751 10 116
3761 10 121
3771 10 121
3781 10 121
3791 10 121
3801 10 121
3811 10 121
3821 10 121
3831 10 121
3841 10 121
3851 10 121
3861 10 121
3871 10 121
3881 10 121
3891 10 121
3901 10 121
3911 10 121
3921 10 121
3931 10 121
3941 10 121
3951 10 121
3961 10 121
3971 10 121
3981 10 121
3991 10 121
4001 10 121
4011 10 121
4021 10 121
4031 10 121
4041 10 121
4051 10 121
4061 10 121
4071 10 121
4081 10 121
4091 10 121
4101 10 121
4111 10 121
4121 10 121
4131 10 121
4141 10 121
4151 10 121
4161 10 121
4171 10 121
4181 10 121
4191 10 121
4201 10 121
4211 10 121
4221 10 121
4231 10 121
4241 10 121
4251 10 121
4261 10 121
4271 10 121
4281 10 121
4291 10 121
4301 10 121
4311 10 121
4321 10 121
4331 10 121
4341 10 121
4351 10 121
4361 10 121
4371 10 121
4381 10 121
4391 10 121
4401 10 121
4411 10 121
4421 10 121
4431 10 121
4441 10 121
4451 10 121
4461 10 121
4471 10 121
4481 10 121
4491 10 121
4501 10 121
4511 10 121
4521 10 121
4531 10 121
4541 10 121
4551 10 121
4561 10 121
4571 10 121
4581 10 121
4591 10 121
4601 10 121
4611 10 121
4621 10 121
4631 10 121
4641 10 121
4651 10 121
4661 10 121
4671 10 150
4681 10 155
4691 10 155
4701 10 155
4711 10 155
4721 10 155
4731 10 155
4741 10 155
4751 10 155
4761 10 155
4771 10 155
4781 10 155
4791 10 155
4801 10 155
4811 10 155
4821 10 155
4831 10 155
4841 10 155
4851 10 155
4861 10 155
4871 10 155
4881 10 155
4891 10 155
4901 10 155
4911 10 155
4921 10 155
4931 10 155
4941 10 155
4951 10 155
4961 10 155
4971 10 155
4981 10 155
4991 10 155
5001 10 155
5011 10 155
5021 10 155
5031 10 155
5041 10 155
5051 10 155
5061 10 165
5071 10 165
5081 10 165
5091 10 165
5101 10 165
5111 10 165
5121 10 165
5131 10 165
5141 10 165
5151 10 165
5161 10 165
5171 10 165
5181 10 165
5191 10 165
5201 10 165
5211 10 165
5221 10 165
5231 10 165
5241 10 165
5251 10 165
5261 10 165
5271 10 165
5281 10 165
5291 10 165
5301 10 165
5311 10 165
5321 10 165
5331 10 172
5341 10 172
5351 10 172
5361 10 172
5371 10 177
5381 10 177
5391 10 177
5401 10 177
5411 10 177
5421 10 177
5431 10 177
5441 10 177
5451 10 177
5461 10 177
5471 10 177
5481 10 177
5491 10 177
5501 10 177
5511 10 177
5521 10 177
5531 10 177
5541 10 177
5551 10 177
5561 10 177
5571 10 177
5581 10 177
5591 10 177
5601 10 177
5611 10 177
5621 10 177
5631 10 177
5641 10 177
5651 10 177
5661 10 177
5671 10 177
5681 10 177
5691 10 177
5701 10 177
5711 10 177
5721 10 177
5731 10 177
5741 10 177
5751 10 177
5761 10 177
5771 10 177
5781 10 177
5791 10 177
5801 10 177
5811 10 177
5821 10 177
5831 10 177
5841 10 177
5851 10 177
5861 10 177
5871 10 177
5881 10 177
5891 10 177
5901 10 198
5911 10 198
5921 10 198
5931 10 198
5941 10 198
5951 10 198
5961 10 198
5971 10 198
5981 10 198
5991 10 198
6001 10 198
6011 10 198
6021 10 198
6031 10 198
6041 10 198
6051 10 198
6061 10 198
6071 10 198
6081 10 198
6091 10 198
6101 10 198
6111 10 198
6121 10 198
6131 10 198
6141 10 198
6151 10 198
6161 10 198
6171 10 198
6181 10 198
6191 10 198
6201 10 198
6211 10 204
6221 10 204
6231 10 204
6241 10 204
6251 10 204
6261 10 204
6271 10 204
6281 10 209
6291 10 209
6301 10 209
6311 10 209
6321 10 209
6331 10 209
6341 10 209
6351 10 209
6361 10 209
6371 10 209
6381 10 209
6391 10 209
6401 10 209
6411 10 209
6421 10 209
6431 10 209
6441 10 209
6451 10 209
6461 10 209
6471 10 209
6481 10 209
6491 10 209
6501 10 209
6511 10 209
6521 10 209
6531 10 209
6541 10 209
6551 10 209
6561 10 209
6571 10 209
6581 10 209
6591 10 209
6601 10 209
6611 10 209
6621 10 209
6631 10 209
6641 10 209
6651 10 209
6661 10 209
6671 10 222
6681 10 222
6691 10 222
6701 10 222
6711 10 222
6721 10 222
6731 10 222
6741 10 222
6751 10 222
6761 10 222
6771 10 222
6781 10 222
6791 10 222
6801 10 222
6811 10 222
6821 10 231
6831 10 231
6841 10 231
6851 10 231
6861 10 231
6871 10 231
6881 10 231
6891 10 231
6901 10 231
6911 10 231
6921 10 231
6931 10 231
6941 10 236
6951 10 236
6961 10 236
6971 10 236
6981 10 236
6991 10 236
7001 10 236
7011 10 236
7021 10 236
7031 10 236
7041 10 236
7051 10 236
7061 10 236
7071 10 236
7081 10 236
7091 10 236
7101 10 236
7111 10 236
7121 10 236
7131 10 236
7141 10 236
7151 10 236
7161 10 236
7171 10 236
7181 10 236
7191 10 236
7201 10 246
7211 10 246
7221 10 246
7231 10 246
7241 10 246
7251 10 246
7261 10 246
7271 10 246
7281 10 246
7291 10 246
7301 10 246
7311 10 246
7321 10 246
7331 10 246
7341 10 246
7351 10 246
7361 10 246
7371 10 246
7381 10 246
7391 10 246
7401 10 246
7411 10 246
7421 10 246
7431 10 246
7441 10 246
7451 10 246
7461 10 246
7471 10 246
7481 10 246
7491 10 246
7501 10 246
7511 10 256
7521 10 256
7531 10 256
7541 10 256
7551 10 261
7561 10 261
7571 10 261
7581 10 261
7591 10 261
7601 10 261
7611 10 261
7621 10 261
7631 10 261
7641 10 261
7651 10 261
7661 10 261
7671 10 261
7681 10 261
7691 10 261
7701 10 261
7711 10 261
7721 10 261
7731 10 261
7741 10 261
7751 10 261
7761 10 261
7771 10 261
7781 10 261
7791 10 261
7801 10 261
7811 10 261
7821 10 261
7831 10 261
7841 10 261
7851 10 261
7861 10 261
7871 10 261
7881 10 261
7891 10 261
7901 10 261
7911 10 261
7921 10 261
7931 10 261
7941 10 261
7951 10 261
7961 10 261
7971 10 261
7981 10 261
7991 10 261
8001 10 261
8011 10 261
8021 10 261
8031 10 261
8041 10 261
8051 10 277
8061 10 277
8071 10 277
8081 10 277
8091 10 277
8101 10 277
8111 10 277
8121 10 277
8131 10 277
8141 10 277
8151 10 277
8161 10 277
8171 10 277
8181 10 277
8191 10 277
8201 10 277
8211 10 277
8221 10 277
8231 10 277
8241 10 277
8251 10 277
8261 10 277
8271 10 282
8281 10 282
8291 10 282
8301 10 282
8311 10 282
8321 10 282
8331 10 282
8341 10 282
8351 10 282
8361 10 282
8371 10 282
8381 10 282
8391 10 282
8401 10 282
8411 10 282
8421 10 282
8431 10 282
8441 10 282
8451 10 282
8461 10 282
8471 10 282
8481 10 282
8491 10 282
8501 10 282
8511 10 289
8521 10 289
8531 10 289
8541 10 289
8551 10 289
8561 10 289
8571 10 289
8581 10 289
8591 10 289
8601 10 289
8611 10 289
8621 10 289
8631 10 289
8641 10 289
8651 10 289
8661 10 289
8671 10 289
8681 10 289
8691 10 289
8701 10 289
8711 10 289
8721 10 289
8731 10 289
8741 10 289
8751 10 289
8761 10 289
8771 10 289
8781 10 289
8791 10 289
8801 10 289
8811 10 303
8821 10 303
8831 10 303
8841 10 303
8851 10 303
8861 10 303
8871 10 303
8881 10 303
8891 10 303
8901 10 303
8911 10 303
8921 10 303
8931 10 303
8941 10 303
8951 10 303
8961 10 303
8971 10 303
8981 10 303
8991 10 303
9001 10 303
9011 10 309
9021 10 309
9031 10 309
9041 10 309
9051 10 309
9061 10 309
9071 10 309
9081 10 309
9091 10 309
9101 10 309
9111 10 309
9121 10 309
9131 10 309
9141 10 309
9151 10 309
9161 10 309
9171 10 309
9181 10 309
9191 10 309
9201 10 309
9211 10 309
9221 10 309
9231 10 309
9241 10 309
9251 10 309
9261 10 309
9271 10 314
9281 10 314
9291 10 314
9301 10 314
9311 10 314
9321 10 314
9331 10 314
9341 10 314
9351 10 314
9361 10 314
9371 10 314
9381 10 314
9391 10 319
9401 10 319
9411 10 319
9421 10 319
9431 10 319
9441 10 319
9451 10 319
9461 10 319
9471 10 319
9481 10 319
9491 10 319
9501 10 319
9511 10 319
9521 10 319
9531 10 319
9541 10 319
9551 10 319
9561 10 319
9571 10 319
9581 10 319
9591 10 319
9601 10 319
9611 10 319
9621 10 319
9631 10 319
9641 10 319
9651 10 319
9661 10 319
9671 10 319
9681 10 319
9691 10 330
9701 10 330
9711 10 330
9721 10 330
9731 10 330
9741 10 330
9751 10 330
9761 10 330
9771 10 340
9781 10 340
9791 10 340
9801 10 340
9811 10 340
9821 10 340
9831 10 340
9841 10 340
9851 10 340
9861 10 340
9871 10 340
9881 10 340
9891 10 340
9901 10 340
9911 10 340
9921 10 340
9931 10 340
9941 10 340
9951 10 340
9961 10 340
9971 10 340
9981 10 340
9991 10 340
10001 10 340
10011 10 340
10021 10 340
10031 10 340
10041 10 340
10051 10 340
10061 10 340
10071 10 340
10081 10 340
10091 10 340
10101 10 340
10111 10 340
10121 10 340
10131 10 340
10141 10 340
10151 10 340
10161 10 340
10171 10 340
10181 10 340
10191 10 340
10201 10 340
10211 10 340
10221 10 340
10231 10 340
10241 10 340
10251 10 340
10261 10 340
10271 10 354
10281 10 354
10291 10 354
10301 10 354
10311 10 354
10321 10 354
10331 10 354
10341 10 354
10351 10 354
10361 10 354
10371 10 354
10381 10 354
10391 10 354
10401 10 354
10411 10 354
10421 10 354
10431 10 354
10441 10 354
10451 10 354
10461 10 362
10471 10 362
10481 10 362
10491 10 362
10501 10 362
10511 10 362
10521 10 362
10531 10 362
10541 10 362
10551 10 362
10561 10 362
10571 10 362
10581 10 362
10591 10 362
10601 10 362
10611 10 362
10621 10 362
10631 10 362
10641 10 362
10651 10 362
10661 10 362
10671 10 362
10681 10 362
10691 10 362
10701 10 362
10711 10 362
10721 10 362
10731 10 362
10741 10 362
10751 10 362
10761 10 362
10771 10 362
10781 10 362
10791 10 362
10801 10 362
10811 10 362
10821 10 362
10831 10 362
10841 10 362
10851 10 362
10861 10 362
10871 10 362
10881 10 372
10891 10 372
10901 10 372
10911 10 372
10921 10 372
10931 10 372
10941 10 372
10951 10 372
10961 10 372
10971 10 372
10981 10 372
