11 0 0
21 0 0
31 0 0
41 0 0
51 0 0
61 0 0
71 0 0
81 0 0
91 0 0
101 0 0
111 0 0
121 0 0
131 0 0
141 0 0
151 0 0
161 0 0
171 0 0
181 0 0
191 0 0
201 0 0
211 0 0
221 0 0
231 0 0
241 0 0
251 0 0
261 0 0
271 0 0
281 0 0
291 0 0
301 0 0
311 0 0
321 0 0
331 0 0
341 0 0
351 0 0
361 0 0
371 0 0
381 0 0
391 0 0
401 0 0
411 0 0
421 0 0
431 0 0
441 0 0
451 0 0
461 0 0
471 0 0
481 0 0
491 0 0
501 0 0
511 5 10
521 5 10
531 5 10
541 5 10
551 5 10
561 5 10
571 5 10
581 5 10
591 5 10
601 5 10
611 5 10
621 5 10
631 5 10
641 5 10
651 5 10
661 5 10
671 5 10
681 5 10
691 5 10
701 10 15
711 10 15
721 10 15
731 10 15
741 10 21
751 10 21
761 10 21
771 10 21
781 10 21
791 10 21
801 10 21
811 10 21
821 10 21
831 10 21
841 10 21
851 10 21
861 10 21
871 10 21
881 15 26
891 15 26
901 15 26
911 15 26
921 15 26
931 15 26
941 15 26
951 15 26
961 15 26
971 15 26
981 15 26
991 15 26
1001 20 31
1011 20 31
1021 20 31
1031 20 31
1041 20 31
1051 20 31
1061 20 31
1071 25 36
1081 25 36
1091 25 36
1101 25 36
1111 25 36
1121 25 36
1131 25 36
1141 25 36
1151 25 36
1161 25 36
1171 25 36
1181 30 41
1191 30 41
1201 30 41
1211 30 41
1221 30 41
1231 30 41
1241 30 41
1251 35 46
1261 35 46
1271 35 46
1281 35 46
1291 35 46
1301 35 46
1311 35 46
1321 35 46
1331 35 46
1341 35 46
1351 35 46
1361 40 51
1371 40 51
1381 40 51
1391 40 51
1401 40 51
1411 40 51
1421 40 51
1431 40 51
1441 45 56
1451 45 56
1461 45 56
1471 45 56
1481 45 56
1491 45 56
1501 45 56
1511 45 56
1521 45 56
1531 45 56
1541 45 56
1551 50 61
1561 50 61
1571 50 61
1581 50 61
1591 50 61
1601 50 61
1611 50 61
1621 55 66
1631 55 66
1641 55 66
1651 55 66
1661 55 66
1671 55 66
1681 55 66
1691 55 66
1701 55 66
1711 55 66
1721 55 66
1731 60 71
1741 60 71
1751 60 71
1761 60 71
1771 60 71
1781 60 71
1791 60 71
1801 60 71
1811 65 76
1821 65 76
1831 65 76
1841 65 76
1851 65 76
1861 65 76
1871 65 76
1881 65 76
1891 65 76
1901 65 76
1911 65 76
1921 70 81
1931 70 81
1941 70 81
1951 70 81
1961 70 81
1971 70 81
1981 70 81
1991 75 86
2001 75 86
2011 75 86
2021 75 86
2031 75 86
2041 75 86
2051 75 86
2061 75 86
2071 75 86
2081 75 86
2091 75 86
2101 80 91
2111 80 91
2121 80 91
2131 80 91
2141 80 91
2151 80 91
2161 80 91
2171 80 91
2181 85 96
2191 85 96
2201 85 96
2211 85 96
2221 85 96
2231 85 96
2241 85 96
2251 85 96
2261 85 96
2271 85 96
2281 85 96
2291 90 101
2301 90 101
2311 90 101
2321 90 101
2331 90 101
2341 90 101
2351 90 101
2361 95 106
2371 95 106
2381 95 106
2391 95 106
2401 95 106
2411 95 106
2421 95 106
2431 95 106
2441 95 106
2451 95 106
2461 95 106
2471 100 111
2481 100 111
2491 100 111
2501 100 111
2511 100 111
2521 100 111
2531 100 111
2541 100 111
2551 105 116
2561 105 116
2571 105 116
2581 105 116
2591 105 116
2601 105 116
2611 105 116
2621 105 116
2631 105 116
2641 105 116
2651 105 116
2661 110 121
2671 110 121
2681 110 121
2691 110 121
2701 110 121
2711 110 121
2721 110 121
2731 115 126
2741 115 126
2751 115 126
2761 115 126
2771 115 126
2781 115 126
2791 115 126
2801 115 126
2811 115 126
2821 115 126
2831 115 126
2841 115 126
2851 120 131
2861 120 131
2871 120 131
2881 120 131
2891 120 131
2901 120 131
2911 120 131
2921 125 136
2931 125 136
2941 125 136
2951 125 136
2961 125 136
2971 125 136
2981 125 136
2991 125 136
3001 125 136
3011 125 136
3021 125 136
3031 130 141
3041 130 141
3051 130 141
3061 130 141
3071 130 141
3081 130 141
3091 130 141
3101 135 146
3111 135 146
3121 135 146
3131 135 146
3141 135 146
3151 135 146
3161 135 146
3171 135 146
3181 135 146
3191 135 146
3201 135 146
3211 135 146
3221 140 151
3231 140 151
3241 140 151
3251 140 151
3261 140 151
3271 140 151
3281 140 151
3291 145 156
3301 145 156
3311 145 156
3321 145 156
3331 145 156
3341 145 156
3351 145 156
3361 145 156
3371 145 156
3381 145 156
3391 145 156
3401 150 161
3411 150 161
3421 150 161
3431 150 161
3441 150 161
3451 150 161
3461 150 161
3471 155 166
3481 155 166
3491 155 166
3501 155 166
3511 155 166
3521 155 166
3531 155 166
3541 155 166
3551 155 166
3561 155 166
3571 155 166
3581 155 166
3591 160 171
3601 160 171
3611 160 171
3621 160 171
3631 160 171
3641 160 171
3651 160 171
3661 165 176
3671 165 176
3681 165 176
3691 165 176
3701 165 176
3711 165 176
3721 165 176
3731 165 176
3741 165 176
3751 165 176
3761 165 176
3771 165 176
3781 170 181
3791 170 181
3801 170 181
3811 170 181
3821 170 181
3831 170 181
3841 175 186
3851 175 186
3861 175 186
3871 175 186
3881 175 186
3891 175 186
3901 175 186
3911 175 186
3921 175 186
3931 175 186
3941 175 186
3951 175 186
3961 180 191
3971 180 191
3981 180 191
3991 180 191
4001 180 191
4011 180 191
4021 180 191
4031 185 196
4041 185 196
4051 185 196
4061 185 196
4071 185 196
4081 185 196
4091 185 196
4101 185 196
4111 185 196
4121 185 196
4131 185 196
4141 185 196
4151 190 201
4161 190 201
4171 190 201
4181 190 201
4191 190 201
4201 190 201
4211 195 206
4221 195 206
4231 195 206
4241 195 206
4251 195 206
4261 195 206
4271 195 206
4281 195 206
4291 195 206
4301 195 206
4311 195 206
4321 195 206
4331 200 211
4341 200 211
4351 200 211
4361 200 211
4371 200 211
4381 200 211
4391 200 211
4401 205 216
4411 205 216
4421 205 216
4431 205 216
4441 205 216
4451 205 216
4461 205 216
4471 205 216
4481 205 216
4491 205 216
4501 205 216
4511 205 216
4521 210 221
4531 210 221
4541 210 221
4551 210 221
4561 210 221
4571 210 221
4581 215 226
4591 215 226
4601 215 226
4611 215 226
4621 215 226
4631 215 226
4641 215 226
4651 215 226
4661 215 226
4671 215 226
4681 215 226
4691 215 226
4701 215 226
4711 220 231
4721 220 231
4731 220 231
4741 220 231
4751 220 231
4761 220 231
4771 225 236
4781 225 236
4791 225 236
4801 225 236
4811 225 236
4821 225 236
4831 225 236
4841 225 236
4851 225 236
4861 225 236
4871 225 236
4881 225 236
4891 230 241
4901 230 241
4911 230 241
4921 230 241
4931 230 241
4941 230 241
4951 235 246
4961 235 246
4971 235 246
4981 235 246
4991 235 246
5001 235 246
5011 235 246
5021 235 246
5031 235 246
5041 235 246
5051 235 246
5061 235 246
5071 235 246
5081 240 251
5091 240 251
5101 240 251
5111 240 251
5121 240 251
5131 240 251
5141 245 256
5151 245 256
5161 245 256
5171 245 256
5181 245 256
5191 245 256
5201 245 256
5211 245 256
5221 245 256
5231 245 256
5241 245 256
5251 245 256
5261 250 261
5271 250 261
5281 250 261
5291 250 261
5301 250 261
5311 250 261
5321 250 261
5331 255 266
5341 255 266
5351 255 266
5361 255 266
5371 255 266
5381 255 266
5391 255 266
5401 255 266
5411 255 266
5421 255 266
5431 255 266
5441 255 266
5451 260 271
5461 260 271
5471 260 271
5481 260 271
5491 260 271
5501 260 271
5511 265 276
5521 265 276
5531 265 276
5541 265 276
5551 265 276
5561 265 276
5571 265 276
5581 265 276
5591 265 276
5601 265 276
5611 265 276
5621 265 276
5631 270 281
5641 270 281
5651 270 281
5661 270 281
5671 270 281
5681 270 281
5691 270 281
5701 275 286
5711 275 286
5721 275 286
5731 275 286
5741 275 286
5751 275 286
5761 275 286
5771 275 286
5781 275 286
5791 275 286
5801 275 286
5811 275 286
5821 280 291
5831 280 291
5841 280 291
5851 280 291
5861 280 291
5871 280 291
5881 285 296
5891 285 296
5901 285 296
5911 285 296
5921 285 296
5931 285 296
5941 285 296
5951 285 296
5961 285 296
5971 285 296
5981 285 296
5991 285 296
6001 290 301
6011 290 301
6021 290 301
6031 290 301
6041 290 301
6051 290 301
6061 290 301
6071 295 306
6081 295 306
6091 295 306
6101 295 306
6111 295 306
6121 295 306
6131 295 306
6141 295 306
6151 295 306
6161 295 306
6171 295 306
6181 295 306
6191 300 311
6201 300 311
6211 300 311
6221 300 311
6231 300 311
6241 300 311
6251 305 316
6261 305 316
6271 305 316
6281 305 316
6291 305 316
6301 305 316
6311 305 316
6321 305 316
6331 305 316
6341 305 316
6351 305 316
6361 305 316
6371 310 321
6381 310 321
6391 310 321
6401 310 321
6411 310 321
6421 310 321
6431 310 321
6441 315 326
6451 315 326
6461 315 326
6471 315 326
6481 315 326
6491 315 326
6501 315 326
6511 315 326
6521 315 326
6531 315 326
6541 315 326
6551 315 326
6561 320 331
6571 320 331
6581 320 331
6591 320 331
6601 320 331
6611 320 331
6621 325 336
6631 325 336
6641 325 336
6651 325 336
6661 325 336
6671 325 336
6681 325 336
6691 325 336
6701 325 336
6711 325 336
6721 325 336
6731 325 336
6741 325 336
6751 330 341
6761 330 341
6771 330 341
6781 330 341
6791 330 341
6801 330 341
6811 335 346
6821 335 346
6831 335 346
6841 335 346
6851 335 346
6861 335 346
6871 335 346
6881 335 346
6891 335 346
6901 335 346
6911 335 346
6921 335 346
6931 340 351
6941 340 351
6951 340 351
6961 340 351
6971 340 351
6981 340 351
6991 345 356
7001 345 356
7011 345 356
7021 345 356
7031 345 356
7041 345 356
7051 345 356
7061 345 356
7071 345 356
7081 345 356
7091 345 356
7101 345 356
7111 345 356
7121 350 361
7131 350 361
7141 350 361
7151 350 361
7161 350 361
7171 350 361
7181 355 366
7191 355 366
7201 355 366
7211 355 366
7221 355 366
7231 355 366
7241 355 366
7251 355 366
7261 355 366
7271 355 366
7281 355 366
7291 355 366
7301 360 371
7311 360 371
7321 360 371
7331 360 371
7341 360 371
7351 360 371
7361 365 376
7371 365 376
7381 365 376
7391 365 376
7401 365 376
7411 365 376
7421 365 376
7431 365 376
7441 365 376
7451 365 376
7461 365 376
7471 365 376
7481 365 376
7491 370 381
7501 370 381
7511 370 381
7521 370 381
7531 370 381
7541 370 381
7551 375 386
7561 375 386
7571 375 386
7581 375 386
7591 375 386
7601 375 386
7611 375 386
7621 375 386
7631 375 386
7641 375 386
7651 375 386
7661 375 386
7671 380 391
7681 380 391
7691 380 391
7701 380 391
7711 380 391
7721 380 391
7731 385 396
7741 385 396
7751 385 396
7761 385 396
7771 385 396
7781 385 396
7791 385 396
7801 385 396
7811 385 396
7821 385 396
7831 385 396
7841 385 396
7851 385 396
7861 390 401
7871 390 401
7881 390 401
7891 390 401
7901 390 401
7911 390 401
7921 395 406
7931 395 406
7941 395 406
7951 395 406
7961 395 406
7971 395 406
7981 395 406
7991 395 406
8001 395 406
8011 395 406
8021 395 406
8031 395 406
8041 400 411
8051 400 411
8061 400 411
8071 400 411
8081 400 411
8091 400 411
8101 405 416
8111 405 416
8121 405 416
8131 405 416
8141 405 416
8151 405 416
8161 405 416
8171 405 416
8181 405 416
8191 405 416
8201 405 416
8211 405 416
8221 405 416
8231 410 421
8241 410 421
8251 410 421
8261 410 421
8271 410 421
8281 410 421
8291 415 426
8301 415 426
8311 415 426
8321 415 426
8331 415 426
8341 415 426
8351 415 426
8361 415 426
8371 415 426
8381 415 426
8391 415 426
8401 415 426
8411 420 431
8421 420 431
8431 420 431
8441 420 431
8451 420 431
8461 420 431
8471 425 436
8481 425 436
8491 425 436
8501 425 436
8511 425 436
8521 425 436
8531 425 436
8541 425 436
8551 425 436
8561 425 436
8571 425 436
8581 425 436
8591 425 436
8601 430 441
8611 430 441
8621 430 441
8631 430 441
8641 430 441
8651 430 441
8661 435 446
8671 435 446
8681 435 446
8691 435 446
8701 435 446
8711 435 446
8721 435 446
8731 435 446
8741 435 446
8751 435 446
8761 435 446
8771 435 446
8781 440 451
8791 440 451
8801 440 451
8811 440 451
8821 440 451
8831 440 451
8841 445 456
8851 445 456
8861 445 456
8871 445 456
8881 445 456
8891 445 456
8901 445 456
8911 445 456
8921 445 456
8931 445 456
8941 445 456
8951 445 456
8961 445 456
8971 450 461
8981 450 461
8991 450 461
9001 450 461
9011 450 461
9021 450 461
9031 455 466
9041 455 466
9051 455 466
9061 455 466
9071 455 466
9081 455 466
9091 455 466
9101 455 466
9111 455 466
9121 455 466
9131 455 466
9141 455 466
9151 460 471
9161 460 471
9171 460 471
9181 460 471
9191 460 471
9201 460 471
9211 465 476
9221 465 476
9231 465 476
9241 465 476
9251 465 476
9261 465 476
9271 465 476
9281 465 476
9291 465 476
9301 465 476
9311 465 476
9321 465 476
9331 465 476
9341 470 481
9351 470 481
9361 470 481
9371 470 481
9381 470 481
9391 470 481
9401 475 486
9411 475 486
9421 475 486
9431 475 486
9441 475 486
9451 475 486
9461 475 486
9471 475 486
9481 475 486
9491 475 486
9501 475 486
9511 475 486
9521 480 491
9531 480 491
9541 480 491
9551 480 491
9561 480 491
9571 480 491
9581 485 496
9591 485 496
9601 485 496
9611 485 496
9621 485 496
9631 485 496
9641 485 496
9651 485 496
9661 485 496
9671 485 496
9681 485 496
9691 485 496
9701 485 496
9711 490 501
9721 490 501
9731 490 501
9741 490 501
9751 490 501
9761 490 501
9771 495 506
9781 495 506
9791 495 506
9801 495 506
9811 495 506
9821 495 506
9831 495 506
9841 495 506
9851 495 506
9861 495 506
9871 495 506
9881 495 506
9891 495 506
9901 500 511
9911 500 511
9921 500 511
9931 500 511
9941 500 511
9951 505 516
9961 505 516
9971 505 516
9981 505 516
9991 505 516
10001 505 516
10011 505 516
10021 505 516
10031 505 516
10041 505 516
10051 505 516
10061 505 516
10071 505 516
10081 510 521
10091 510 521
10101 510 521
10111 510 521
10121 510 521
10131 510 521
10141 515 526
10151 515 526
10161 515 526
10171 515 526
10181 515 526
10191 515 526
10201 515 526
10211 515 526
10221 515 526
10231 515 526
10241 515 526
10251 515 526
10261 515 526
10271 520 531
10281 520 531
10291 520 531
10301 520 531
10311 520 531
10321 525 536
10331 525 536
10341 525 536
10351 525 536
10361 525 536
10371 525 536
10381 525 536
10391 525 536
10401 525 536
10411 525 536
10421 525 536
10431 525 536
10441 525 536
10451 530 541
10461 530 541
10471 530 541
10481 530 541
10491 530 541
10501 530 541
10511 535 546
10521 535 546
10531 535 546
10541 535 546
10551 535 546
10561 535 546
10571 535 546
10581 535 546
10591 535 546
10601 535 546
10611 535 546
10621 535 546
10631 535 546
10641 540 551
10651 540 551
10661 540 551
10671 540 551
10681 540 551
10691 545 556
10701 545 556
10711 545 556
10721 545 556
10731 545 556
10741 545 556
10751 545 556
10761 545 556
10771 545 556
10781 545 556
10791 545 556
10801 545 556
10811 545 556
10821 550 561
10831 550 561
10841 550 561
10851 550 561
10861 550 561
10871 550 561
10881 555 566
10891 555 566
10901 555 566
10911 555 566
10921 555 566
10931 555 566
10941 555 566
10951 555 566
10961 555 566
10971 555 566
