11 0 
21 0 
31 0 
41 0 
51 0 
61 0 
71 0 
81 0 
91 0 
101 0 
111 0 
121 0 
131 0 
141 0 
151 0 
161 0 
171 0 
181 0 
191 0 
201 0 
211 0 
221 0 
231 0 
241 0 
251 0 
261 0 
271 0 
281 0 
291 0 
301 0 
311 0 
321 0 
331 0 
341 0 
351 0 
361 0 
371 0 
381 0 
391 0 
401 0 
411 0 
421 0 
431 0 
441 0 
451 7 
461 7 
471 7 
481 7 
491 7 
501 7 
511 7 
521 7 
531 7 
541 7 
551 7 
561 7 
571 7 
581 7 
591 7 
601 7 
611 7 
621 12 
631 12 
641 12 
651 12 
661 12 
671 27 
681 27 
691 27 
701 27 
711 27 
721 32 
731 62 
741 62 
751 62 
761 62 
771 62 
781 62 
791 62 
801 62 
811 92 
821 92 
831 92 
841 92 
851 92 
861 92 
871 92 
881 92 
891 92 
901 92 
911 92 
921 92 
931 92 
941 92 
951 92 
961 92 
971 92 
981 92 
991 92 
1001 92 
1011 152 
1021 152 
1031 197 
1041 197 
1051 197 
1061 197 
1071 197 
1081 197 
1091 202 
1101 202 
1111 202 
1121 202 
1131 202 
1141 367 
1151 367 
1161 367 
1171 367 
1181 367 
1191 367 
1201 367 
1211 727 
1221 727 
1231 752 
1241 752 
1251 752 
1261 752 
1271 752 
1281 752 
1291 752 
1301 752 
1311 857 
1321 977 
1331 977 
1341 977 
1351 977 
1361 1097 
1371 1227 
1381 1227 
1391 1227 
1401 1227 
1411 1227 
1421 1227 
1431 1227 
1441 1227 
1451 1227 
1461 1227 
1471 1227 
1481 1227 
1491 1297 
1501 1297 
1511 1297 
1521 1297 
1531 1297 
1541 1297 
1551 1477 
1561 1477 
1571 1477 
1581 1477 
1591 1477 
1601 1477 
1611 1477 
1621 1617 
1631 1617 
1641 1617 
1651 1617 
1661 1617 
1671 1617 
1681 1617 
1691 1617 
1701 1617 
1711 1617 
1721 1617 
1731 1872 
1741 1872 
1751 1872 
1761 1872 
1771 1872 
1781 1872 
1791 1872 
1801 1872 
1811 1872 
1821 1872 
1831 1872 
1841 1872 
1851 1872 
1861 1872 
1871 1872 
1881 1872 
1891 1872 
1901 1872 
1911 1872 
1921 1872 
1931 1872 
1941 1872 
1951 1877 
1961 1877 
1971 1877 
1981 1877 
1991 1877 
2001 1877 
2011 1877 
2021 1877 
2031 1877 
2041 1877 
2051 1877 
2061 1877 
2071 1877 
2081 1877 
2091 1877 
2101 1877 
2111 1882 
2121 1882 
2131 1882 
2141 1882 
2151 1882 
2161 1887 
2171 1887 
2181 1887 
2191 1887 
2201 1887 
2211 1887 
2221 1887 
2231 1887 
2241 1887 
2251 1887 
2261 1887 
2271 1887 
2281 1887 
2291 1887 
2301 1887 
2311 1887 
2321 1887 
2331 1887 
2341 1887 
2351 1887 
2361 1897 
2371 1897 
2381 1897 
2391 1897 
2401 1897 
2411 1897 
2421 1897 
2431 1897 
2441 1897 
2451 1897 
2461 1897 
2471 1897 
2481 1897 
2491 1897 
2501 1897 
2511 1897 
2521 1897 
2531 1897 
2541 1902 
2551 1907 
2561 1907 
2571 1907 
2581 1907 
2591 1907 
2601 1907 
2611 1907 
2621 1907 
2631 1907 
2641 1907 
2651 1907 
2661 1907 
2671 1912 
2681 1912 
2691 1912 
2701 1912 
2711 1912 
2721 1912 
2731 1912 
2741 1912 
2751 1912 
2761 1912 
2771 1917 
2781 1917 
2791 1917 
2801 1917 
2811 1917 
2821 1917 
2831 1917 
2841 1917 
2851 1917 
2861 1917 
2871 1917 
2881 1917 
2891 1923 
2901 1923 
2911 1923 
2921 1923 
2931 1923 
2941 1923 
2951 1923 
2961 1923 
2971 1923 
2981 1923 
2991 1923 
3001 1923 
3011 1923 
3021 1923 
3031 1923 
3041 1923 
3051 1923 
3061 1923 
3071 1923 
3081 1923 
3091 1923 
3101 1923 
3111 1923 
3121 1923 
3131 1923 
3141 1923 
3151 1923 
3161 1923 
3171 1923 
3181 1923 
3191 1923 
3201 1923 
3211 1923 
3221 1923 
3231 1923 
3241 1928 
3251 1928 
3261 1928 
3271 1928 
3281 1928 
3291 1928 
3301 1928 
3311 1928 
3321 1928 
3331 1928 
3341 1928 
3351 1928 
3361 1928 
3371 1928 
3381 1928 
3391 1928 
3401 1928 
3411 1928 
3421 1928 
3431 1928 
3441 1928 
3451 1928 
3461 1928 
3471 1928 
3481 1928 
3491 1928 
3501 1928 
3511 1928 
3521 1933 
3531 1933 
3541 1933 
3551 1933 
3561 1933 
3571 1933 
3581 1933 
3591 1933 
3601 1933 
3611 1933 
3621 1933 
