100 596870 596870
200 1190240 1190970
300 1748700 1749430
400 2260380 2261910
500 2786240 2787770
600 3279471 3281361
700 3769312 3771202
800 4237346 4241246
900 4669650 4673750
1000 5150081 5163261
1100 5584217 5595001
1200 5981643 5990033
1300 6418475 6433294
1400 6823778 6841352
1500 7217307 7235511
1600 7602664 7620707
1700 7983434 8004163
1800 8345045 8369194
1900 8706945 8730897
2000 9063761 9089018
2100 9400889 9427530
2200 9741236 9767956
2300 10074130 10102640
2400 10391523 10420245
2500 10709486 10737862
2600 11023004 11053098
2700 11321164 11351258
2800 11619204 11649298
2900 11917524 11947618
3000 12187131 12217909
3100 12447545 12478503
3200 12708043 12738785
3300 12968046 12999266
3400 13216495 13248370
3500 13463499 13495689
3600 13710585 13743049
3700 13958510 13990741
3800 14180203 14215541
3900 14401542 14437141
4000 14623330 14659277
4100 14844902 14881347
4200 15058791 15100478
