100 521080 524790
200 917181 927992
300 1228959 1244613
400 1472485 1490989
500 1674004 1704284
600 1865327 1901925
700 2025070 2064671
800 2175276 2219351
900 2298416 2361848
1000 2367739 2488075
1100 2485247 2619852
1200 2599206 2740222
1300 2698888 2856044
1400 2765638 2963858
1500 2835362 3072666
1600 2900624 3176781
1700 2980224 3276944
1800 3046414 3369926
1900 3106043 3462730
2000 3157598 3550841
2100 3203282 3637865
2200 3227942 3720115
2300 3268639 3804501
2400 3307410 3886408
2500 3370370 3973373
2600 3421827 4053765
2700 3487471 4134067
2800 3515671 4207650
2900 3560490 4283049
3000 3605721 4359649
3100 3633045 4430865
3200 3670346 4504179
3300 3706153 4576259
3400 3753306 4648260
3500 3803534 4721748
3600 3841573 4792539
3700 3900113 4868090
3800 3905477 4932015
3900 3916441 4994066
4000 3931072 5057320
4100 3950396 5120327
4200 3973072 5184051
4300 4000041 5247782
4400 4016916 5309818
4500 4038341 5372019
4600 4056771 5434257
4700 4084954 5496547
4800 4106956 5557986
4900 4144000 5620048
5000 4189854 5684577
5100 4207719 5743162
5200 4221368 5801381
5300 4244825 5859734
5400 4266462 5917513
5500 4293646 5976518
5600 4309783 6034481
5700 4321409 6090346
5800 4331584 6146184
5900 4348685 6202618
6000 4365687 6259449
6100 4386656 6316765
6200 4405991 6372688
6300 4425747 6428516
6400 4459060 6486073
6500 4498615 6544562
6600 4513356 6598332
6700 4529571 6652315
6800 4549033 6705716
6900 4582373 6761246
7000 4602420 6814988
7100 4611578 6866480
7200 4621933 6918621
7300 4633858 6970213
7400 4645472 7021317
7500 4660262 7073182
7600 4676731 7124776
7700 4698626 7177794
7800 4715433 7229918
7900 4739271 7281409
8000 4772974 7335312
8100 4800788 7387937
8200 4806421 7435877
8300 4818359 7483510
8400 4839037 7533358
8500 4860105 7583210
8600 4886413 7633914
8700 4900908 7682332
8800 4906110 7729758
8900 4911718 7776353
9000 4918714 7822280
9100 4927174 7869454
9200 4934316 7915545
9300 4941580 7962002
9400 4952437 8009159
9500 4961029 8055821
9600 4970963 8102190
9700 4982562 8149073
9800 4994986 8195523
9900 5008916 8242125
10000 5020714 8288778
10100 5035820 8334918
10200 5060210 8382513
10300 5081516 8430500
10400 5102408 8477230
10500 5133949 8525003
10600 5158568 8572280
10700 5175081 8616704
10800 5189176 8661799
10900 5205833 8707134
11000 5217609 8751796
11100 5243548 8798617
11200 5265670 8844600
11300 5294565 8892146
11400 5303622 8934682
11500 5329891 8980326
11600 5363242 9027641
11700 5381950 9070553
11800 5407762 9115423
11900 5416986 9156686
12000 5435588 9200497
12100 5465571 9246228
12200 5485128 9289561
12300 5504499 9332513
12400 5521760 9369502
12500 5548412 9409272
12600 5570664 9451450
12700 5599375 9496944
12800 5606674 9536519
12900 5614220 9574318
13000 5631052 9612184
13100 5656541 9652043
13200 5661130 9690506
13300 5671943 9731391
13400 5678363 9770455
13500 5700055 9809647
13600 5704762 9844944
13700 5712375 9879867
13800 5725813 9916649
13900 5742363 9954602
14000 5762175 9991790
14100 5773100 10029417
14200 5791144 10067341
14300 5802260 10105977
14400 5806624 10140924
14500 5813045 10178145
14600 5836112 10218457
14700 5846597 10254822
14800 5854550 10290126
14900 5865131 10327120
15000 5883332 10364756
