100 1191330 
200 1753460 
300 2262910 
400 2684080 
500 3040520 
600 3353200 
700 3633590 
800 3891870 
900 4129270 
1000 4352070 
1100 4559060 
1200 4756570 
1300 4941910 
1400 5119370 
1500 5287660 
1600 5446210 
1700 5600670 
1800 5746750 
1900 5884700 
2000 6019780 
2100 6149590 
2200 6271270 
2300 6388870 
2400 6503790 
2500 6611650 
2600 6718150 
2700 6820570 
2800 6917290 
2900 7014040 
3000 7105260 
3100 7192330 
3200 7278140 
3300 7362550 
3400 7442850 
3500 7520390 
3600 7597960 
3700 7672700 
