+ mkdir -p /lustre/ttscratch1/sevilla/parsplice-output/nano/scale-delay-100000-60117/out
+ cd /lustre/ttscratch1/sevilla/parsplice-output/nano/scale-delay-100000-60117
+ for input in '"input"' '"input.lammps"' '"voter-pt.eam"' '"slurm/scale-delay/$1"'
+ cp -r /lustre/ttscratch1/sevilla/parsplice-support/parsplice/sample-input/nanoparticle-growth/input .
+ for input in '"input"' '"input.lammps"' '"voter-pt.eam"' '"slurm/scale-delay/$1"'
+ cp -r /lustre/ttscratch1/sevilla/parsplice-support/parsplice/sample-input/nanoparticle-growth/input.lammps .
+ for input in '"input"' '"input.lammps"' '"voter-pt.eam"' '"slurm/scale-delay/$1"'
+ cp -r /lustre/ttscratch1/sevilla/parsplice-support/parsplice/sample-input/nanoparticle-growth/voter-pt.eam .
+ for input in '"input"' '"input.lammps"' '"voter-pt.eam"' '"slurm/scale-delay/$1"'
+ cp -r /lustre/ttscratch1/sevilla/parsplice-support/parsplice/sample-input/nanoparticle-growth/slurm/scale-delay/ .
+ sed -i 's/<Delay> 1000000 <\/Delay>/<Delay> 100000 <\/Delay>/g' input/ps-config.xml
+ python /lustre/ttscratch1/sevilla/parsplice-support/parsplice/node-affinity/mkhosts-slurm-nospawn.py 32 1 1 1
+ export LD_LIBRARY_PATH=/users/sevilla/parsplice-install/lib:/lustre/ttscratch1/sevilla/parsplice-support/boost_1_62_0/stage/lib
+ LD_LIBRARY_PATH=/users/sevilla/parsplice-install/lib:/lustre/ttscratch1/sevilla/parsplice-support/boost_1_62_0/stage/lib
++ awk '{print $1}'
++ wc -l layout
+ srun -n 32 --output none /users/sevilla/parsplice-install/parsplice
srun: Job step aborted: Waiting up to 32 seconds for job step to finish.
slurmstepd: error: *** JOB 60117 ON nid00046 CANCELLED AT 2017-08-18T23:47:01 DUE TO TIME LIMIT ***
srun: got SIGCONT
srun: forcing job termination
