100 273080 273080
200 563950 563950
300 852460 852460
400 1140130 1143670
500 1433950 1437490
600 1726590 1730130
700 2000350 2005660
800 2288060 2295140
900 2581290 2588370
1000 2873340 2880420
1100 3162222 3172842
1200 3453696 3464316
1300 3746353 3756973
1400 4033514 4048954
1500 4322773 4338073
1600 4612639 4627789
1700 4902517 4917487
1800 5186920 5206304
1900 5476643 5496978
2000 5766616 5787664
2100 6052352 6076565
2200 6340917 6366644
2300 6629661 6655212
2400 6919298 6944199
2500 7197129 7231377
2600 7481453 7516224
2700 7764730 7799717
2800 8041088 8086558
2900 8325463 8369947
3000 8606359 8653841
3100 8889624 8938459
3200 9162909 9223802
3300 9445878 9507711
3400 9728210 9791212
3500 10005086 10071030
3600 10282312 10349519
3700 10557903 10624900
3800 10832134 10900022
3900 11096368 11166654
4000 11374738 11445024
4100 11654128 11724414
4200 11928998 11999284
