12 0 0
22 0 0
32 0 0
42 0 0
52 0 0
62 0 0
72 0 0
82 0 0
92 0 0
102 0 0
112 0 0
122 0 0
132 0 0
142 0 0
152 0 0
162 0 0
172 0 0
182 0 0
192 0 0
202 0 0
212 0 0
222 0 0
232 0 0
242 0 0
252 0 0
262 0 0
272 0 0
282 0 0
292 0 0
302 0 0
312 0 0
322 0 0
332 0 0
342 0 0
352 0 0
362 0 0
372 0 0
382 5 15
392 5 15
402 5 15
412 5 15
422 5 15
432 5 15
442 5 15
452 5 15
462 5 15
472 5 15
482 5 15
492 5 15
502 5 15
512 5 15
522 5 15
532 5 15
542 5 15
552 5 15
562 5 15
572 5 15
582 5 15
592 5 15
602 5 15
612 5 30
622 5 30
632 5 30
642 5 30
652 5 30
662 5 30
672 5 30
682 5 30
692 5 30
702 5 30
712 5 30
722 5 30
732 5 30
742 5 30
752 5 40
762 5 40
772 5 40
782 5 50
792 5 50
802 5 50
812 5 50
822 5 50
832 5 50
842 5 50
852 5 50
862 5 50
872 5 55
882 5 55
892 5 55
902 5 55
912 5 55
922 5 55
932 5 55
942 5 65
952 5 65
962 5 65
972 5 65
982 5 65
992 5 70
1002 5 70
1012 5 75
1022 5 75
1032 5 75
1042 5 75
1052 5 75
1062 5 80
1072 5 80
1082 5 80
1092 5 80
1102 5 85
1112 5 85
1122 5 85
1132 5 90
1142 5 90
1152 5 90
1162 5 90
1172 5 95
1182 5 95
1192 5 95
1202 5 95
1212 5 95
1222 5 95
1232 5 95
1242 5 95
1252 5 95
1262 5 95
1272 5 107
1282 5 107
1292 5 112
1302 5 112
1312 5 112
1322 5 112
1332 5 112
1342 5 112
1352 5 112
1362 5 117
1372 5 117
1382 5 117
1392 5 117
1402 5 117
1412 5 117
1422 5 117
1432 5 117
1442 5 117
1452 5 117
1462 5 117
1472 5 117
1482 5 117
1492 5 117
1502 5 117
1512 5 117
1522 5 117
1532 5 137
1542 5 137
1552 5 137
1562 5 137
1572 5 137
1582 5 137
1592 5 137
1602 5 142
1612 5 142
1622 5 142
1632 5 142
1642 5 147
1652 5 147
1662 5 147
1672 5 147
1682 5 147
1692 5 147
1702 5 147
1712 5 147
1722 5 147
1732 5 147
1742 5 147
1752 5 147
1762 5 147
1772 5 147
1782 5 147
1792 5 162
1802 5 162
1812 5 162
1822 5 162
1832 5 167
1842 5 167
1852 5 167
1862 5 167
1872 5 172
1882 5 172
1892 5 172
1902 5 177
1912 5 177
1922 5 177
1932 5 177
1942 5 177
1952 5 182
1962 5 182
1972 5 182
1982 5 182
1992 5 187
2002 5 187
2012 5 187
2022 5 192
2032 5 192
2042 5 192
2052 5 192
2062 5 197
2072 5 197
2082 5 197
2092 5 197
2102 5 202
2112 5 202
2122 5 202
2132 5 207
2142 5 207
2152 5 207
2162 5 207
2172 5 207
2182 5 212
2192 5 212
2202 5 212
2212 5 212
2222 5 217
2232 5 217
2242 5 217
2252 5 222
2262 5 222
2272 5 222
2282 5 222
2292 5 227
2302 5 227
2312 5 227
2322 5 227
2332 5 227
2342 5 232
2352 5 232
2362 5 237
2372 5 237
2382 5 237
2392 5 237
2402 5 237
2412 5 242
2422 5 242
2432 5 242
2442 5 242
2452 5 247
2462 5 247
2472 5 247
2482 5 252
2492 5 252
2502 5 252
2512 5 252
2522 5 252
2532 5 257
2542 5 257
2552 5 257
2562 5 257
2572 5 262
2582 5 262
2592 5 262
2602 5 267
2612 5 267
2622 5 267
2632 5 267
2642 5 272
2652 5 272
2662 5 272
2672 5 272
2682 5 272
2692 5 277
2702 5 277
2712 5 282
2722 5 282
2732 5 282
2742 5 282
2752 5 282
2762 5 287
2772 5 287
2782 5 287
2792 5 287
2802 5 292
2812 5 292
2822 5 292
2832 5 297
2842 5 297
2852 5 297
2862 5 297
2872 5 297
2882 5 302
2892 5 302
2902 5 302
2912 5 302
2922 5 307
2932 5 307
2942 5 307
2952 5 312
2962 5 312
2972 5 312
2982 5 312
2992 5 317
3002 5 317
3012 5 317
3022 5 317
3032 5 317
3042 5 322
3052 5 322
3062 5 327
3072 5 327
3082 5 327
3092 5 327
3102 5 327
3112 5 332
3122 5 332
3132 5 332
3142 5 332
3152 5 337
3162 5 337
3172 5 337
3182 5 342
3192 5 342
3202 5 342
3212 5 342
3222 5 342
3232 5 347
3242 5 347
3252 5 347
3262 5 347
3272 5 352
3282 5 352
3292 5 352
3302 5 357
3312 5 357
3322 5 357
3332 5 357
3342 5 362
3352 5 362
3362 5 362
3372 5 362
3382 5 367
3392 5 367
3402 5 367
3412 5 372
3422 5 372
3432 5 372
3442 5 372
3452 5 372
3462 5 377
3472 5 377
3482 5 377
3492 5 377
3502 5 382
3512 5 382
3522 5 382
3532 5 387
3542 5 387
3552 5 387
3562 5 387
3572 5 387
3582 5 392
3592 5 392
3602 5 392
3612 5 392
3622 5 397
3632 5 397
