100 203620 206840
200 417147 423147
300 629536 637569
400 839336 851321
500 1042758 1060822
600 1255045 1275394
700 1461208 1485634
800 1646537 1681702
900 1814195 1865551
1000 1968634 2023845
1100 2113314 2174562
1200 2232645 2311755
1300 2321182 2442241
1400 2413981 2566077
1500 2524103 2688446
1600 2623867 2801675
1700 2711239 2912317
1800 2785159 3016913
1900 2839908 3116507
2000 2904253 3215878
2100 2990538 3313971
2200 3054134 3405341
2300 3106888 3494951
2400 3161413 3581569
2500 3204916 3668659
2600 3227267 3749221
2700 3268396 3831186
2800 3307835 3914054
2900 3385709 4001208
3000 3436863 4078238
3100 3499590 4156516
3200 3523874 4229311
3300 3565325 4303872
3400 3606303 4377962
3500 3636170 4449421
3600 3682728 4522242
3700 3718763 4593352
3800 3771203 4664625
3900 3821840 4736372
4000 3869037 4808342
4100 3902519 4876911
4200 3909455 4939425
