100 647860 647860
200 1299590 1300140
300 1903100 1903650
400 2475240 2476210
500 3037272 3038552
600 3562798 3564078
700 4081112 4083582
800 4575982 4578192
900 5063496 5066647
1000 5519542 5522843
1100 5975984 5978985
1200 6400153 6404357
1300 6823950 6828126
1400 7229750 7235778
1500 7622631 7629647
1600 8013409 8022256
1700 8385717 8395654
1800 8759563 8768978
1900 9120908 9133736
2000 9469842 9481765
2100 9817047 9829871
2200 10151816 10166323
2300 10475840 10490507
2400 10800029 10814734
2500 11115987 11132257
2600 11423197 11439467
2700 11730467 11746737
2800 12031957 12048826
2900 12297992 12315799
3000 12565194 12583146
3100 12832590 12850423
3200 13093195 13112583
3300 13348042 13367027
3400 13602414 13621548
3500 13856822 13876162
3600 14096198 14117593
3700 14322596 14344754
3800 14549735 14572471
3900 14777248 14800301
4000 15000768 15027746
4100 15222128 15248817
4200 15443524 15471502
4300 15665587 15694294
4400 15889129 15917555
4500 16094015 16131484
4600 16303767 16341834
4700 16512512 16552568
4800 16725868 16764175
4900 16936555 16975547
5000 17129706 17183326
5100 17332652 17390918
5200 17542669 17600829
5300 17753929 17812089
5400 17965309 18023469
5500 18139887 18207806
5600 18321335 18389183
5700 18499944 18570347
5800 18681172 18751778
5900 18863375 18933400
6000 19036076 19108482
6100 19196248 19268306
6200 19354797 19428022
6300 19512785 19587738
6400 19670814 19747724
6500 19831479 19907799
6600 19990000 20067577
6700 20149729 20230164
6800 20312462 20393779
6900 20476535 20557715
7000 20640268 20721521
7100 20803807 20885102
7200 20968262 21048712
7300 21114602 21200228
7400 21265353 21351144
7500 21415619 21501804
7600 21566595 21652904
7700 21718199 21804144
7800 21868661 21955073
