 14045287823504495930 100170
 7945113548248993750 99900
 5629280629412862217 100160
 13397889897772269455 2600
 13279110208701627006 0
 0 0
 13397889897772269455 220
 13041375788975204976 0
 0 0
 13397889897772269455 4390
 13279110208701627006 0
 0 0
 13397889897772269455 1710
 5747166502646748242 0
 0 0
 13397889897772269455 70
 13041375788975204976 0
 0 0
 13397889897772269455 5611
 13041375788975204976 0
 0 0
 13397889897772269455 2730
 13279110208701627006 0
 0 0
 13397889897772269455 2020
 5747166502646748242 0
 0 0
 13397889897772269455 380
 5747166502646748242 0
 0 0
 13397889897772269455 2170
 13279110208701627006 0
 0 0
 13397889897772269455 720
 5747166502646748242 0
 0 0
 13397889897772269455 720
 13279110208701627006 0
 0 0
 13397889897772269455 2500
 13041375788975204976 0
 0 0
 13397889897772269455 1071
 13041375788975204976 0
 0 0
 13397889897772269455 1100
 5747166502646748242 0
 0 0
 13397889897772269455 2280
 5747166502646748242 0
 0 0
 13397889897772269455 1530
 13279110208701627006 0
 0 0
 13397889897772269455 360
 13041375788975204976 0
 0 0
 13397889897772269455 1180
 13041375788975204976 0
 0 0
 13397889897772269455 1560
 13041375788975204976 0
 0 0
 13397889897772269455 970
 13279110208701627006 0
 0 0
 13397889897772269455 50
 13041375788975204976 0
 0 0
 13397889897772269455 241
 5747166502646748242 0
 0 0
 13397889897772269455 1010
 5747166502646748242 0
 0 0
 13397889897772269455 601
 5747166502646748242 0
 0 0
 13397889897772269455 3730
 5747166502646748242 0
 0 0
 13397889897772269455 80
 5747166502646748242 0
 0 0
 13397889897772269455 3351
 5747166502646748242 0
 0 0
 13397889897772269455 9470
 13041375788975204976 0
 0 0
 13397889897772269455 120
 5747166502646748242 0
 0 0
 13397889897772269455 2030
 13279110208701627006 0
 0 0
 13397889897772269455 2050
 13279110208701627006 0
 0 0
 13397889897772269455 1330
 5747166502646748242 0
 0 0
 13397889897772269455 4840
 5747166502646748242 0
 0 0
 13397889897772269455 50
 5747166502646748242 0
 0 0
 13397889897772269455 2000
 13041375788975204976 0
 0 0
 13397889897772269455 220
 13041375788975204976 0
 0 0
 13397889897772269455 770
 13041375788975204976 0
 0 0
 13397889897772269455 1881
 13041375788975204976 0
 0 0
 13397889897772269455 4500
 13041375788975204976 0
 0 0
 13397889897772269455 3100
 13279110208701627006 0
 0 0
 13397889897772269455 2400
 13279110208701627006 0
 0 0
 13397889897772269455 150
 13041375788975204976 0
 0 0
 13397889897772269455 640
 13279110208701627006 0
 0 0
 13397889897772269455 660
 5747166502646748242 0
 0 0
 13397889897772269455 3930
 13041375788975204976 0
 0 0
 13397889897772269455 4220
 5747166502646748242 0
 0 0
 13397889897772269455 3011
 13279110208701627006 0
 0 0
 13397889897772269455 7090
 13041375788975204976 0
 0 0
 13397889897772269455 490
 119924503146786702 10
 5573601808535436667 0
 0 0
 9212947370709515447 50442
 3717935370423463817 0
 0 0
 119924503146786702 10
 5573601808535436667 0
 0 0
 9212947370709515447 1620
 1117163521042852688 0
 0 0
 119924503146786702 10
 5573601808535436667 0
 0 0
 9212947370709515447 20422
 12185467948114948657 0
 0 0
 119924503146786702 10
 5573601808535436667 0
 0 0
 9212947370709515447 19421
 10849189389560064008 0
 0 0
 119924503146786702 10
 5573601808535436667 0
 0 0
 9212947370709515447 7920
 7290203052617063749 50
 16786421041640028207 0
 0 0
 1493506233143168209 10340
 2352981486585064843 0
 0 0
 7290203052617063749 30
 11426228786919798054 0
 0 0
 1493506233143168209 8971
 4219299363931068621 0
 0 0
 7290203052617063749 10
 13386893445948089179 0
 0 0
 1493506233143168209 1300
 6133466497358636685 0
 0 0
 7290203052617063749 200
 16786421041640028207 0
 0 0
 1493506233143168209 4100
 9846944371344028159 0
 0 0
 7290203052617063749 60
 11426228786919798054 0
 0 0
 1493506233143168209 12900
 1820196535860421309 0
 0 0
 7290203052617063749 82
 11426228786919798054 0
 0 0
 1493506233143168209 4090
 6133466497358636685 0
 0 0
 7290203052617063749 40
 13386893445948089179 0
 0 0
 1493506233143168209 11850
 6133466497358636685 0
 0 0
 7290203052617063749 40
 11426228786919798054 0
 0 0
 1493506233143168209 880
 16385912503065362101 0
 0 0
 7290203052617063749 10
 13386893445948089179 0
 0 0
 1493506233143168209 2020
 11235155117180064344 0
 0 0
 1493506233143168209 1150
 6343415897563981810 0
 0 0
 7290203052617063749 41
 13386893445948089179 0
 0 0
 1493506233143168209 9431
 2352981486585064843 0
 0 0
 7290203052617063749 40
 11426228786919798054 0
 0 0
 1493506233143168209 2910
 2352981486585064843 0
 0 0
 7290203052617063749 10
 13386893445948089179 0
 0 0
 1493506233143168209 17010
 2352981486585064843 0
 0 0
 7290203052617063749 10
 11426228786919798054 0
 0 0
 1493506233143168209 450
 6133466497358636685 0
 0 0
 7290203052617063749 20
 16786421041640028207 0
 0 0
 1493506233143168209 8400
 4219299363931068621 0
 0 0
 7290203052617063749 90
 16786421041640028207 0
 0 0
 1493506233143168209 610
 2352981486585064843 0
 0 0
 7290203052617063749 90
 13386893445948089179 0
 0 0
 1493506233143168209 2950
 11669211761296708093 20
 18095143952467635026 0
 0 0
 6475763765614740980 30
 2521098132180257307 0
 0 0
 6475763765614740980 50
 2066962627162082401 0
 0 0
 11669211761296708093 10
 10908201159296235899 0
 0 0
 6475763765614740980 490
 5098939371027366641 0
 0 0
 6475763765614740980 501
 16124528992531534867 0
 0 0
 6475763765614740980 30
 13325861141066797208 0
 0 0
 11669211761296708093 10
 10908201159296235899 0
 0 0
 6475763765614740980 790
 930882140666492838 0
 0 0
 11669211761296708093 10
 18095143952467635026 0
 0 0
 6475763765614740980 511
 8238484264269638515 0
 0 0
 6475763765614740980 191
 7112873788592144913 0
 0 0
 11669211761296708093 30
 10908201159296235899 0
 0 0
 6475763765614740980 120
 15204024652815630440 0
 0 0
 6475763765614740980 130
 4814317383813852423 0
 0 0
 11669211761296708093 20
 18095143952467635026 0
 0 0
 6475763765614740980 320
 930882140666492838 0
 0 0
 11669211761296708093 20
 18095143952467635026 0
 0 0
 6475763765614740980 960
 13270064198117499683 0
 0 0
 11669211761296708093 10
 18095143952467635026 0
 0 0
 6475763765614740980 190
 7112873788592144913 0
 0 0
 11669211761296708093 10
 18095143952467635026 0
 0 0
 6475763765614740980 190
 5153125577952694738 0
 0 0
 6475763765614740980 240
 14186085376411709159 0
 0 0
 6475763765614740980 571
 4814317383813852423 0
 0 0
 11669211761296708093 10
 10147581069504925208 0
 0 0
 6475763765614740980 231
 5821231066430130605 0
 0 0
 6475763765614740980 160
 7112873788592144913 0
 0 0
 11669211761296708093 10
 18095143952467635026 0
 0 0
 6475763765614740980 330
 14186085376411709159 0
 0 0
 6475763765614740980 1700
 2066962627162082401 0
 0 0
 11669211761296708093 10
 10908201159296235899 0
 0 0
 6475763765614740980 71
 14623686664826402557 0
 0 0
 11669211761296708093 10
 18095143952467635026 0
 0 0
 6475763765614740980 2360
 930882140666492838 0
 0 0
 11669211761296708093 20
 6193756350651375848 0
 0 0
 11669211761296708093 20
 10908201159296235899 0
 0 0
 6475763765614740980 520
 5328203886409600298 0
 0 0
 6475763765614740980 60
 3730206659162425091 0
 0 0
 6475763765614740980 600
 13270064198117499683 0
 0 0
 11669211761296708093 10
 10908201159296235899 0
 0 0
 6475763765614740980 610
 4814317383813852423 0
 0 0
 11669211761296708093 10
 18095143952467635026 0
 0 0
 6475763765614740980 1251
 8238484264269638515 0
 0 0
 6475763765614740980 120
 16548149792580671587 0
 0 0
 6475763765614740980 1211
 2066962627162082401 0
 0 0
 11669211761296708093 10
 10908201159296235899 0
 0 0
 6475763765614740980 700
 14186085376411709159 0
 0 0
 6475763765614740980 190
 930882140666492838 0
 0 0
 11669211761296708093 20
 18095143952467635026 0
 0 0
 6475763765614740980 160
 2066962627162082401 0
 0 0
 11669211761296708093 10
 10908201159296235899 0
 0 0
 6475763765614740980 121
 16548149792580671587 0
 0 0
 6475763765614740980 600
 2066962627162082401 0
 0 0
 11669211761296708093 10
 10908201159296235899 0
 0 0
 6475763765614740980 52
 4877126699554231691 0
 0 0
 6475763765614740980 301
 14623686664826402557 0
 0 0
 11669211761296708093 20
 18095143952467635026 0
 0 0
 6475763765614740980 380
 5098939371027366641 0
 0 0
 6475763765614740980 900
 7112873788592144913 0
 0 0
 11669211761296708093 20
 10908201159296235899 0
 0 0
 6475763765614740980 281
 3730206659162425091 0
 0 0
 6475763765614740980 280
 2521098132180257307 0
 0 0
 6475763765614740980 20
 13325861141066797208 0
 0 0
 11669211761296708093 10
 10908201159296235899 0
 0 0
 6475763765614740980 1040
 5098939371027366641 0
 0 0
 6475763765614740980 50
 2521098132180257307 0
 0 0
 6475763765614740980 21
 8238484264269638515 0
 0 0
 6475763765614740980 550
 13325861141066797208 0
 0 0
 11669211761296708093 40
 10908201159296235899 0
 0 0
 6475763765614740980 390
 13325861141066797208 0
 0 0
 11669211761296708093 40
 18095143952467635026 0
 0 0
 6475763765614740980 190
 16124528992531534867 0
 0 0
 6475763765614740980 360
 1047640538272367460 0
 0 0
 11669211761296708093 10
 10908201159296235899 0
 0 0
 6475763765614740980 50
 1047640538272367460 0
 0 0
 11669211761296708093 10
 18095143952467635026 0
 0 0
 6475763765614740980 180
 5098939371027366641 0
 0 0
 6475763765614740980 20
 15204024652815630440 0
 0 0
 6475763765614740980 61
 5328203886409600298 0
 0 0
 6475763765614740980 1170
 1047640538272367460 0
 0 0
 11669211761296708093 20
 10908201159296235899 0
 0 0
 6475763765614740980 120
 3730206659162425091 0
 0 0
 6475763765614740980 20
 2521098132180257307 0
 0 0
 6475763765614740980 480
 13270064198117499683 0
 0 0
 11669211761296708093 10
 18095143952467635026 0
 0 0
 6475763765614740980 30
 13270064198117499683 0
 0 0
 11669211761296708093 10
 18095143952467635026 0
 0 0
 6475763765614740980 880
 1047640538272367460 0
 0 0
 11669211761296708093 11
 18095143952467635026 0
 0 0
 6475763765614740980 21
 930882140666492838 0
 0 0
 11669211761296708093 10
 10908201159296235899 0
 0 0
 6475763765614740980 220
 4877126699554231691 0
 0 0
 6475763765614740980 460
 16094731668953218177 0
 0 0
 11669211761296708093 11
 7956106962082138311 0
 0 0
 6475763765614740980 550
 2066962627162082401 0
 0 0
 11669211761296708093 20
 10908201159296235899 0
 0 0
 6475763765614740980 70
 8238484264269638515 0
 0 0
 6475763765614740980 340
 7112873788592144913 0
 0 0
 11669211761296708093 10
 18095143952467635026 0
 0 0
 6475763765614740980 20
 13325861141066797208 0
 0 0
 11669211761296708093 10
 18095143952467635026 0
 0 0
 6475763765614740980 60
 13325861141066797208 0
 0 0
 11669211761296708093 10
 18095143952467635026 0
 0 0
 6475763765614740980 610
 14623686664826402557 0
 0 0
 11669211761296708093 30
 18095143952467635026 0
 0 0
 6475763765614740980 10
 13325861141066797208 0
 0 0
 11669211761296708093 20
 18095143952467635026 0
 0 0
 6475763765614740980 820
 2066962627162082401 0
 0 0
 11669211761296708093 20
 18095143952467635026 0
 0 0
 6475763765614740980 290
 14186085376411709159 0
 0 0
 6475763765614740980 20
 5098939371027366641 0
 0 0
 6475763765614740980 291
 4814317383813852423 0
 0 0
 11669211761296708093 10
 10908201159296235899 0
 0 0
 6475763765614740980 30
 14581935689004023567 0
 0 0
 6475763765614740980 220
 2521098132180257307 0
 0 0
 6475763765614740980 90
 5153125577952694738 0
 0 0
 6475763765614740980 20
 15204024652815630440 0
 0 0
 6475763765614740980 111
 930882140666492838 0
 0 0
 11669211761296708093 10
 10908201159296235899 0
 0 0
 6475763765614740980 700
 15204024652815630440 0
 0 0
 6475763765614740980 150
 13270064198117499683 0
 0 0
 11669211761296708093 10
 6771291745552363379 0
 0 0
 6475763765614740980 230
 930882140666492838 0
 0 0
 11669211761296708093 10
 18095143952467635026 0
 0 0
 6475763765614740980 130
 2521098132180257307 0
 0 0
 6475763765614740980 450
 16124528992531534867 0
 0 0
 6475763765614740980 450
 5098939371027366641 0
 0 0
 6475763765614740980 160
 5153125577952694738 0
 0 0
 6475763765614740980 20
 15204024652815630440 0
 0 0
 6475763765614740980 170
 15204024652815630440 0
 0 0
 6475763765614740980 360
 5153125577952694738 0
 0 0
 6475763765614740980 730
 16548149792580671587 0
 0 0
 6475763765614740980 641
 1047640538272367460 0
 0 0
 11669211761296708093 10
 10908201159296235899 0
 0 0
 6475763765614740980 422
 3730206659162425091 0
 0 0
 6475763765614740980 391
 1047640538272367460 0
 0 0
 11669211761296708093 20
 10908201159296235899 0
 0 0
 6475763765614740980 261
 16124528992531534867 0
 0 0
 6475763765614740980 70
 13325861141066797208 0
 0 0
 11669211761296708093 30
 10908201159296235899 0
 0 0
 6475763765614740980 450
 2066962627162082401 0
 0 0
 11669211761296708093 20
 10908201159296235899 0
 0 0
 6475763765614740980 250
 7112873788592144913 0
 0 0
 11669211761296708093 10
 10908201159296235899 0
 0 0
 6475763765614740980 180
 14623686664826402557 0
 0 0
 11669211761296708093 10
 18095143952467635026 0
 0 0
 6475763765614740980 20
 14623686664826402557 0
 0 0
 11669211761296708093 10
 10908201159296235899 0
 0 0
 6475763765614740980 130
 2066962627162082401 0
 0 0
 11669211761296708093 10
 18095143952467635026 0
 0 0
 6475763765614740980 100
 930882140666492838 0
 0 0
 11669211761296708093 10
 18095143952467635026 0
 0 0
 6475763765614740980 140
 13270064198117499683 0
 0 0
 11669211761296708093 10
 18095143952467635026 0
 0 0
 6475763765614740980 70
 13325861141066797208 0
 0 0
 11669211761296708093 10
 18095143952467635026 0
 0 0
 6475763765614740980 121
 14623686664826402557 0
 0 0
 11669211761296708093 10
 18095143952467635026 0
 0 0
 6475763765614740980 81
 2066962627162082401 0
 0 0
 11669211761296708093 20
 10908201159296235899 0
 0 0
 6475763765614740980 300
 15204024652815630440 0
 0 0
 6475763765614740980 271
 13270064198117499683 0
 0 0
 11669211761296708093 10
 10908201159296235899 0
 0 0
 6475763765614740980 301
 1047640538272367460 0
 0 0
 11669211761296708093 10
 18095143952467635026 0
 0 0
 6475763765614740980 451
 15204024652815630440 0
 0 0
 6475763765614740980 880
 4814317383813852423 0
 0 0
 11669211761296708093 10
 18095143952467635026 0
 0 0
 6475763765614740980 130
 5153125577952694738 0
 0 0
 6475763765614740980 280
 15204024652815630440 0
 0 0
 6475763765614740980 40
 5821231066430130605 0
 0 0
 6475763765614740980 130
 16548149792580671587 0
 0 0
 6475763765614740980 460
 2066962627162082401 0
 0 0
 11669211761296708093 10
 10908201159296235899 0
 0 0
 6475763765614740980 220
 2521098132180257307 0
 0 0
 6475763765614740980 90
 4814317383813852423 0
 0 0
 11669211761296708093 10
 10908201159296235899 0
 0 0
 6475763765614740980 210
 7112873788592144913 0
 0 0
 11669211761296708093 10
 10908201159296235899 0
 0 0
 6475763765614740980 361
 13325861141066797208 0
 0 0
 11669211761296708093 10
 18095143952467635026 0
 0 0
 6475763765614740980 230
 7112873788592144913 0
 0 0
 11669211761296708093 10
 10908201159296235899 0
 0 0
 6475763765614740980 120
 7112873788592144913 0
 0 0
 11669211761296708093 10
 18095143952467635026 0
 0 0
 6475763765614740980 170
 4814317383813852423 0
 0 0
 11669211761296708093 10
 10908201159296235899 0
 0 0
 6475763765614740980 330
 15204024652815630440 0
 0 0
 6475763765614740980 880
 930882140666492838 0
 0 0
 11669211761296708093 10
 18095143952467635026 0
 0 0
 6475763765614740980 210
 15204024652815630440 0
 0 0
 6475763765614740980 410
 13270064198117499683 0
 0 0
 11669211761296708093 20
 18095143952467635026 0
 0 0
 6475763765614740980 220
 5153125577952694738 0
 0 0
 6475763765614740980 60
 16124528992531534867 0
 0 0
 6475763765614740980 330
 13270064198117499683 0
 0 0
 11669211761296708093 10
 10908201159296235899 0
 0 0
 6475763765614740980 80
 3730206659162425091 0
 0 0
 6475763765614740980 20
 930882140666492838 0
 0 0
 11669211761296708093 10
 18095143952467635026 0
 0 0
 6475763765614740980 270
 13270064198117499683 0
 0 0
 11669211761296708093 10
 18095143952467635026 0
 0 0
 6475763765614740980 40
 2066962627162082401 0
 0 0
 11669211761296708093 10
 10908201159296235899 0
 0 0
 6475763765614740980 530
 14186085376411709159 0
 0 0
 6475763765614740980 230
 2066962627162082401 0
 0 0
 11669211761296708093 10
 10908201159296235899 0
 0 0
 6475763765614740980 120
 13325861141066797208 0
 0 0
 11669211761296708093 11
 6771291745552363379 0
 0 0
 6475763765614740980 20
 4814317383813852423 0
 0 0
 11669211761296708093 10
 18095143952467635026 0
 0 0
 6475763765614740980 722
 8238484264269638515 0
 0 0
 6475763765614740980 770
 13325861141066797208 0
 0 0
 11669211761296708093 10
 18095143952467635026 0
 0 0
 6475763765614740980 31
 13325861141066797208 0
 0 0
 11669211761296708093 10
 10908201159296235899 0
 0 0
 6475763765614740980 690
 1047640538272367460 0
 0 0
 11669211761296708093 20
 18095143952467635026 0
 0 0
 6475763765614740980 400
 13270064198117499683 0
 0 0
 11669211761296708093 10
 18095143952467635026 0
 0 0
 6475763765614740980 1062
 5098939371027366641 0
 0 0
 6475763765614740980 420
 930882140666492838 0
 0 0
 11669211761296708093 10
 18095143952467635026 0
 0 0
 6475763765614740980 210
 16124528992531534867 0
 0 0
 6475763765614740980 260
 5153125577952694738 0
 0 0
 6475763765614740980 70
 5821231066430130605 0
 0 0
 6475763765614740980 40
 15204024652815630440 0
 0 0
 6475763765614740980 180
 4877126699554231691 0
 0 0
 6475763765614740980 661
 7112873788592144913 0
 0 0
 11669211761296708093 10
 18095143952467635026 0
 0 0
 6475763765614740980 700
 930882140666492838 0
 0 0
 11669211761296708093 10
 18095143952467635026 0
 0 0
 6475763765614740980 80
 930882140666492838 0
 0 0
 11669211761296708093 30
 18095143952467635026 0
 0 0
 6475763765614740980 51
 13270064198117499683 0
 0 0
 11669211761296708093 20
 18095143952467635026 0
 0 0
 6475763765614740980 60
 4814317383813852423 0
 0 0
 11669211761296708093 10
 18095143952467635026 0
 0 0
 6475763765614740980 110
 2066962627162082401 0
 0 0
 11669211761296708093 10
 10908201159296235899 0
 0 0
 6475763765614740980 350
 7112873788592144913 0
 0 0
 11669211761296708093 11
 18095143952467635026 0
 0 0
 6475763765614740980 201
 1047640538272367460 0
 0 0
 11669211761296708093 10
 18095143952467635026 0
 0 0
 6475763765614740980 940
 1047640538272367460 0
 0 0
 11669211761296708093 10
 18095143952467635026 0
 0 0
 6475763765614740980 380
 8238484264269638515 0
 0 0
 6475763765614740980 300
 2066962627162082401 0
 0 0
 11669211761296708093 20
 18095143952467635026 0
 0 0
 6475763765614740980 60
 1047640538272367460 0
 0 0
 11669211761296708093 10
 10908201159296235899 0
 0 0
 6475763765614740980 190
 7112873788592144913 0
 0 0
 11669211761296708093 20
 10908201159296235899 0
 0 0
 6475763765614740980 110
 2066962627162082401 0
 0 0
 11669211761296708093 10
 18095143952467635026 0
 0 0
 6475763765614740980 160
 14623686664826402557 0
 0 0
 11669211761296708093 10
 10908201159296235899 0
 0 0
 6475763765614740980 730
 3730206659162425091 0
 0 0
 6475763765614740980 230
 14186085376411709159 0
 0 0
 6475763765614740980 240
 2521098132180257307 0
 0 0
 6475763765614740980 40
 4877126699554231691 0
 0 0
 6475763765614740980 810
 13325861141066797208 0
 0 0
 11669211761296708093 20
 18095143952467635026 0
 0 0
 6475763765614740980 601
 14623686664826402557 0
 0 0
 11669211761296708093 40
 10908201159296235899 0
 0 0
 6475763765614740980 260
 13325861141066797208 0
 0 0
 11669211761296708093 30
 18095143952467635026 0
 0 0
 6475763765614740980 100
 14186085376411709159 0
 0 0
 6475763765614740980 90
 4877126699554231691 0
 0 0
 6475763765614740980 330
 14186085376411709159 0
 0 0
 6475763765614740980 320
 14623686664826402557 0
 0 0
 11669211761296708093 10
 10908201159296235899 0
 0 0
 6475763765614740980 220
 15204024652815630440 0
 0 0
 6475763765614740980 860
 1047640538272367460 0
 0 0
 11669211761296708093 10
 18095143952467635026 0
 0 0
 6475763765614740980 380
 1047640538272367460 0
 0 0
 11669211761296708093 10
 18095143952467635026 0
 0 0
 6475763765614740980 630
 14623686664826402557 0
 0 0
 11669211761296708093 10
 18095143952467635026 0
 0 0
 6475763765614740980 420
 2066962627162082401 0
 0 0
 11669211761296708093 10
 18095143952467635026 0
 0 0
 6475763765614740980 480
 2066962627162082401 0
 0 0
 11669211761296708093 10
 10908201159296235899 0
 0 0
 6475763765614740980 971
 14186085376411709159 0
 0 0
 6475763765614740980 90
 5098939371027366641 0
 0 0
 6475763765614740980 330
 13325861141066797208 0
 0 0
 11669211761296708093 10
 10908201159296235899 0
 0 0
 6475763765614740980 140
 7112873788592144913 0
 0 0
 11669211761296708093 30
 10908201159296235899 0
 0 0
 6475763765614740980 80
 930882140666492838 0
 0 0
 11669211761296708093 10
 10908201159296235899 0
 0 0
 6475763765614740980 461
 4877126699554231691 0
 0 0
 6475763765614740980 1020
 2066962627162082401 0
 0 0
 11669211761296708093 10
 10908201159296235899 0
 0 0
 6475763765614740980 600
 13325861141066797208 0
 0 0
 11669211761296708093 10
 10908201159296235899 0
 0 0
 6475763765614740980 140
 15204024652815630440 0
 0 0
 6475763765614740980 850
 4814317383813852423 0
 0 0
 11669211761296708093 20
 10908201159296235899 0
 0 0
 6475763765614740980 60
 13270064198117499683 0
 0 0
 11669211761296708093 20
 18095143952467635026 0
 0 0
 6475763765614740980 120
 14623686664826402557 0
 0 0
 11669211761296708093 10
 10908201159296235899 0
 0 0
 6475763765614740980 1170
 14186085376411709159 0
 0 0
 6475763765614740980 520
 1047640538272367460 0
 0 0
 11669211761296708093 10
 10908201159296235899 0
 0 0
 6475763765614740980 330
 7112873788592144913 0
 0 0
 11669211761296708093 10
 18095143952467635026 0
 0 0
 6475763765614740980 90
 2066962627162082401 0
 0 0
 11669211761296708093 20
 10908201159296235899 0
 0 0
 6475763765614740980 31
 2521098132180257307 0
 0 0
 6475763765614740980 70
 2066962627162082401 0
 0 0
 11669211761296708093 10
 18095143952467635026 0
 0 0
 6475763765614740980 150
 14186085376411709159 0
 0 0
 6475763765614740980 20
 4814317383813852423 0
 0 0
 11669211761296708093 20
 18095143952467635026 0
 0 0
 6475763765614740980 30
 2521098132180257307 0
 0 0
 6475763765614740980 160
 7112873788592144913 0
 0 0
 11669211761296708093 10
 10908201159296235899 0
 0 0
 6475763765614740980 120
 5153125577952694738 0
 0 0
 6475763765614740980 610
 15204024652815630440 0
 0 0
 6475763765614740980 60
 13270064198117499683 0
 0 0
 11669211761296708093 21
 18095143952467635026 0
 0 0
 6475763765614740980 570
 13270064198117499683 0
 0 0
 11669211761296708093 50
 10908201159296235899 0
 0 0
 6475763765614740980 170
 2066962627162082401 0
 0 0
 11669211761296708093 10
 10908201159296235899 0
 0 0
 6475763765614740980 210
 13270064198117499683 0
 0 0
 11669211761296708093 30
 10908201159296235899 0
 0 0
 6475763765614740980 900
 14186085376411709159 0
 0 0
 6475763765614740980 400
 16548149792580671587 0
 0 0
 6475763765614740980 60
 15204024652815630440 0
 0 0
 6475763765614740980 500
 2327190513328852737 0
 0 0
 6475763765614740980 410
 14623686664826402557 0
 0 0
 11669211761296708093 20
 10908201159296235899 0
 0 0
 6475763765614740980 260
 8238484264269638515 0
 0 0
 6475763765614740980 830
 15204024652815630440 0
 0 0
 6475763765614740980 190
 14186085376411709159 0
 0 0
 6475763765614740980 960
 5328203886409600298 0
 0 0
 6475763765614740980 1310
 2521098132180257307 0
 0 0
 6475763765614740980 441
 4814317383813852423 0
 0 0
 11669211761296708093 10
 18095143952467635026 0
 0 0
 6475763765614740980 80
 15204024652815630440 0
 0 0
 6475763765614740980 160
 2521098132180257307 0
 0 0
 6475763765614740980 101
 13325861141066797208 0
 0 0
 11669211761296708093 10
 10908201159296235899 0
 0 0
 6475763765614740980 140
 5328203886409600298 0
 0 0
 6475763765614740980 60
 5153125577952694738 0
 0 0
 6475763765614740980 70
 8238484264269638515 0
 0 0
 6475763765614740980 50
 7112873788592144913 0
 0 0
 11669211761296708093 20
 10908201159296235899 0
 0 0
 6475763765614740980 250
 5153125577952694738 0
 0 0
 6475763765614740980 321
 2521098132180257307 0
 0 0
 6475763765614740980 61
 7112873788592144913 0
 0 0
 11669211761296708093 20
 10908201159296235899 0
 0 0
 6475763765614740980 100
 7112873788592144913 0
 0 0
 11669211761296708093 10
 10908201159296235899 0
 0 0
 6475763765614740980 140
 13325861141066797208 0
 0 0
 11669211761296708093 11
 10908201159296235899 0
 0 0
 6475763765614740980 50
 13325861141066797208 0
 0 0
 11669211761296708093 10
 18095143952467635026 0
 0 0
 6475763765614740980 30
 930882140666492838 0
 0 0
 11669211761296708093 10
 18095143952467635026 0
 0 0
 6475763765614740980 61
 8238484264269638515 0
 0 0
 6475763765614740980 460
 4877126699554231691 0
 0 0
 6475763765614740980 20
 4814317383813852423 0
 0 0
 11669211761296708093 10
 18095143952467635026 0
 0 0
 6475763765614740980 480
 13270064198117499683 0
 0 0
 11669211761296708093 10
 18095143952467635026 0
 0 0
 6475763765614740980 60
 3730206659162425091 0
 0 0
 6475763765614740980 850
 13325861141066797208 0
 0 0
 11669211761296708093 10
 10908201159296235899 0
 0 0
 6475763765614740980 400
 15204024652815630440 0
 0 0
 6475763765614740980 651
 4814317383813852423 0
 0 0
 11669211761296708093 10
 10908201159296235899 0
 0 0
 6475763765614740980 320
 14623686664826402557 0
 0 0
 11669211761296708093 10
 18095143952467635026 0
 0 0
 6475763765614740980 320
 13325861141066797208 0
 0 0
 11669211761296708093 10
 18095143952467635026 0
 0 0
 6475763765614740980 310
 5098939371027366641 0
 0 0
 6475763765614740980 51
 930882140666492838 0
 0 0
 11669211761296708093 10
 10908201159296235899 0
 0 0
 6475763765614740980 150
 930882140666492838 0
 0 0
 11669211761296708093 20
 18095143952467635026 0
 0 0
 6475763765614740980 80
 5098939371027366641 0
 0 0
 6475763765614740980 631
 2066962627162082401 0
 0 0
 11669211761296708093 10
 10908201159296235899 0
 0 0
 6475763765614740980 950
 2066962627162082401 0
 0 0
 11669211761296708093 20
 10908201159296235899 0
 0 0
 6475763765614740980 770
 14623686664826402557 0
 0 0
 11669211761296708093 20
 18095143952467635026 0
 0 0
 6475763765614740980 380
 5098939371027366641 0
 0 0
 6475763765614740980 840
 16124528992531534867 0
 0 0
 6475763765614740980 330
 930882140666492838 0
 0 0
 11669211761296708093 10
 18095143952467635026 0
 0 0
 6475763765614740980 60
 2521098132180257307 0
 0 0
 6475763765614740980 400
 3730206659162425091 0
 0 0
 6475763765614740980 810
 930882140666492838 0
 0 0
 11669211761296708093 10
 10908201159296235899 0
 0 0
 6475763765614740980 2211
 1047640538272367460 0
 0 0
 11669211761296708093 10
 18095143952467635026 0
 0 0
 6475763765614740980 30
 5328203886409600298 0
 0 0
 6475763765614740980 350
 930882140666492838 0
 0 0
 11669211761296708093 10
 18095143952467635026 0
 0 0
 6475763765614740980 40
 5153125577952694738 0
 0 0
 6475763765614740980 1030
 13270064198117499683 0
 0 0
 11669211761296708093 10
 8494407949597798228 0
 0 0
 11669211761296708093 10
 10908201159296235899 0
 0 0
 6475763765614740980 191
 5153125577952694738 0
 0 0
 6475763765614740980 210
 16548149792580671587 0
 0 0
 6475763765614740980 481
 13325861141066797208 0
 0 0
 11669211761296708093 20
 18095143952467635026 0
 0 0
 6475763765614740980 160
 2066962627162082401 0
 0 0
 11669211761296708093 10
 18095143952467635026 0
 0 0
 6475763765614740980 340
 2066962627162082401 0
 0 0
 11669211761296708093 20
 10908201159296235899 0
 0 0
 6475763765614740980 750
 930882140666492838 0
 0 0
 11669211761296708093 10
 10908201159296235899 0
 0 0
 6475763765614740980 1480
 3730206659162425091 0
 0 0
 6475763765614740980 280
 4814317383813852423 0
 0 0
 11669211761296708093 10
 18095143952467635026 0
 0 0
 6475763765614740980 160
 5098939371027366641 0
 0 0
 6475763765614740980 570
 15204024652815630440 0
 0 0
 6475763765614740980 280
 4814317383813852423 0
 0 0
 11669211761296708093 10
 10908201159296235899 0
 0 0
 6475763765614740980 350
 2066962627162082401 0
 0 0
 11669211761296708093 20
 10908201159296235899 0
 0 0
 6475763765614740980 492
 16124528992531534867 0
 0 0
 6475763765614740980 310
 13270064198117499683 0
 0 0
 11669211761296708093 20
 10908201159296235899 0
 0 0
 6475763765614740980 860
 13325861141066797208 0
 0 0
 11669211761296708093 10
 18095143952467635026 0
 0 0
 6475763765614740980 310
 3730206659162425091 0
 0 0
 6475763765614740980 860
 13100569344958550388 11
 17343327755463959133 0
 0 0
 5253267357301905078 1330
 11753596671887654724 0
 0 0
 13343346262744745017 60
 15187965748151723918 0
 0 0
 5253267357301905078 1941
 9873533146273318812 0
 0 0
 13343346262744745017 10
 14662384049912559493 0
 0 0
 5253267357301905078 470
 11753596671887654724 0
 0 0
 13343346262744745017 20
 1172813477070247683 0
 0 0
 5253267357301905078 2601
 11753596671887654724 0
 0 0
 13343346262744745017 10
 4065993207214450609 0
 0 0
 5253267357301905078 790
 9873533146273318812 0
 0 0
 13343346262744745017 40
 4438659740812276639 0
 0 0
 5253267357301905078 2410
 2471244426852685721 0
 0 0
 5253267357301905078 1181
 11753596671887654724 0
 0 0
 13343346262744745017 10
 1172813477070247683 0
 0 0
 5253267357301905078 310
 8984318279764272360 0
 0 0
 5253267357301905078 3970
 8659870736104534213 0
 0 0
 5253267357301905078 100
 9873533146273318812 0
 0 0
 13343346262744745017 83
 15187965748151723918 0
 0 0
 5253267357301905078 1150
 11753596671887654724 0
 0 0
 13343346262744745017 50
 17517255776400771229 0
 0 0
 5253267357301905078 1460
 11753596671887654724 0
 0 0
 13343346262744745017 10
 14662384049912559493 0
 0 0
 5253267357301905078 50
 9873533146273318812 0
 0 0
 13343346262744745017 40
 1172813477070247683 0
 0 0
 5253267357301905078 70
 11753596671887654724 0
 0 0
 13343346262744745017 325
 4065993207214450609 0
 0 0
 5253267357301905078 650
 9141917747510236720 0
 0 0
 15258869277366598143 10
 3627438211294048730 0
 0 0
 5253267357301905078 190
 9873533146273318812 0
 0 0
 13343346262744745017 20
 14662384049912559493 0
 0 0
 5253267357301905078 4500
 11753596671887654724 0
 0 0
 13343346262744745017 190
 4438659740812276639 0
 0 0
 5253267357301905078 70
 11753596671887654724 0
 0 0
 13343346262744745017 40
 14662384049912559493 0
 0 0
 5253267357301905078 2890
 9873533146273318812 0
 0 0
 13343346262744745017 150
 14662384049912559493 0
 0 0
 5253267357301905078 200
 11753596671887654724 0
 0 0
 13343346262744745017 60
 17517255776400771229 0
 0 0
 5253267357301905078 90
 9873533146273318812 0
 0 0
 13343346262744745017 200
 4438659740812276639 0
 0 0
 5253267357301905078 1521
 11753596671887654724 0
 0 0
 13343346262744745017 10
 1172813477070247683 0
 0 0
 5253267357301905078 1100
 9873533146273318812 0
 0 0
 13343346262744745017 91
 1172813477070247683 0
 0 0
 5253267357301905078 1070
 5761205511636414752 0
 0 0
 5253267357301905078 1980
 1962530796403968414 0
 0 0
 1286905886066009264 10
 13041235970911378090 0
 0 0
 5253267357301905078 800
 9873533146273318812 0
 0 0
 13343346262744745017 21
 17517255776400771229 0
 0 0
 5253267357301905078 352
 661578852665165481 0
 0 0
 5253267357301905078 850
 9873533146273318812 0
 0 0
 13343346262744745017 40
 15187965748151723918 0
 0 0
 5253267357301905078 1611
 11753596671887654724 0
 0 0
 13343346262744745017 10
 17517255776400771229 0
 0 0
 5253267357301905078 220
 11753596671887654724 0
 0 0
 13343346262744745017 52
 14662384049912559493 0
 0 0
 5253267357301905078 3180
 9873533146273318812 0
 0 0
 13343346262744745017 70
 4065993207214450609 0
 0 0
 5253267357301905078 560
 8659870736104534213 0
 0 0
 5253267357301905078 791
 9873533146273318812 0
 0 0
 13343346262744745017 21
 14662384049912559493 0
 0 0
 5253267357301905078 1680
 6471727112371980230 0
 0 0
 5253267357301905078 1310
 11753596671887654724 0
 0 0
 13343346262744745017 30
 4065993207214450609 0
 0 0
 5253267357301905078 741
 7953290247240193913 0
 0 0
 1286905886066009264 10
 11214189578944432811 0
 0 0
 5253267357301905078 950
 1962530796403968414 0
 0 0
 1286905886066009264 10
 16042132218699018362 0
 0 0
 5253267357301905078 2470
 11753596671887654724 0
 0 0
 13343346262744745017 60
 1172813477070247683 0
 0 0
 5253267357301905078 1180
 11753596671887654724 0
 0 0
 13343346262744745017 30
 4438659740812276639 0
 0 0
 5253267357301905078 2150
 11753596671887654724 0
 0 0
 13343346262744745017 70
 1172813477070247683 0
 0 0
 5253267357301905078 360
 8659870736104534213 0
 0 0
 5253267357301905078 280
 11753596671887654724 0
 0 0
 13343346262744745017 50
 17517255776400771229 0
 0 0
 5253267357301905078 1000
 2471244426852685721 0
 0 0
 5253267357301905078 1251
 8659870736104534213 0
 0 0
 5253267357301905078 830
 9873533146273318812 0
 0 0
 13343346262744745017 30
 14662384049912559493 0
 0 0
 5253267357301905078 11
 11753596671887654724 0
 0 0
 13343346262744745017 30
 17517255776400771229 0
 0 0
 5253267357301905078 1770
 9873533146273318812 0
 0 0
 13343346262744745017 40
 17517255776400771229 0
 0 0
 5253267357301905078 170
 11753596671887654724 0
 0 0
 13343346262744745017 10
 1172813477070247683 0
 0 0
 5253267357301905078 1222
 10959819632585276158 0
 0 0
 5253267357301905078 4410
 11753596671887654724 0
 0 0
 13343346262744745017 20
 17517255776400771229 0
 0 0
 5253267357301905078 940
 11753596671887654724 0
 0 0
 13343346262744745017 140
 4438659740812276639 0
 0 0
 5253267357301905078 50
 3156047680596842344 0
 0 0
 5253267357301905078 91
 9873533146273318812 0
 0 0
 13343346262744745017 110
 15682595900439455854 0
 0 0
 3056387994562579815 10
 17179712415555635777 0
 0 0
 5253267357301905078 3742
 2471244426852685721 0
 0 0
 5253267357301905078 721
 11753596671887654724 0
 0 0
 13343346262744745017 20
 1172813477070247683 0
 0 0
 5253267357301905078 1940
 9873533146273318812 0
 0 0
 13343346262744745017 50
 15187965748151723918 0
 0 0
 5253267357301905078 740
 9873533146273318812 0
 0 0
 13343346262744745017 50
 15187965748151723918 0
 0 0
 5253267357301905078 810
 11753596671887654724 0
 0 0
 13343346262744745017 10
 15187965748151723918 0
 0 0
 5253267357301905078 2550
 11753596671887654724 0
 0 0
 13343346262744745017 10
 17517255776400771229 0
 0 0
 5253267357301905078 1080
 3156047680596842344 0
 0 0
 5253267357301905078 1440
 8984318279764272360 0
 0 0
 5253267357301905078 391
 11753596671887654724 0
 0 0
 13343346262744745017 60
 4065993207214450609 0
 0 0
 5253267357301905078 4170
 8820103962481956294 0
 0 0
 13343346262744745017 40
 15187965748151723918 0
 0 0
 5253267357301905078 1990
 9873533146273318812 0
 0 0
 13343346262744745017 31
 15187965748151723918 0
 0 0
 5253267357301905078 580
 9873533146273318812 0
 0 0
 13343346262744745017 30
 17517255776400771229 0
 0 0
 5253267357301905078 1420
 11753596671887654724 0
 0 0
 13343346262744745017 72
 14662384049912559493 0
 0 0
 5253267357301905078 1240
 11753596671887654724 0
 0 0
 13343346262744745017 71
 4065993207214450609 0
 0 0
 5253267357301905078 1020
 6471727112371980230 0
 0 0
 5253267357301905078 710
 1962530796403968414 0
 0 0
 1286905886066009264 10
 13383182443545148030 0
 0 0
 5253267357301905078 3410
 6171893158105837756 0
 0 0
 1286905886066009264 10
 13383182443545148030 0
 0 0
 5253267357301905078 290
 14673458151618232133 0
 0 0
 5253267357301905078 1431
 11753596671887654724 0
 0 0
 13343346262744745017 60
 15187965748151723918 0
 0 0
 5253267357301905078 1471
 11753596671887654724 0
 0 0
 13343346262744745017 20
 4438659740812276639 0
 0 0
 5253267357301905078 750
 10049217467447817540 0
 0 0
 5253267357301905078 1050
 5761205511636414752 0
 0 0
