100 520319 523539
200 915714 926459
300 1228069 1242401
400 1470410 1488876
500 1669344 1702223
600 1845679 1899737
700 2006406 2064175
800 2156468 2220200
900 2276743 2362165
1000 2355068 2491433
1100 2469487 2622621
1200 2578333 2743657
1300 2677768 2860126
1400 2752291 2969083
1500 2818029 3074395
1600 2882475 3176915
1700 2951066 3277380
1800 3027395 3374809
1900 3100667 3469276
2000 3146933 3556804
2100 3202857 3646304
2200 3230162 3728211
2300 3263875 3811293
2400 3310401 3896253
2500 3382532 3983889
2600 3437299 4063633
2700 3500086 4142640
2800 3523417 4215324
2900 3564474 4290572
3000 3609996 4366212
3100 3636783 4437597
3200 3665584 4508683
3300 3707454 4581374
3400 3766815 4654688
3500 3807668 4726558
3600 3853728 4798457
3700 3900782 4870475
3800 3906808 4933224
3900 3915884 4996199
4000 3931339 5058819
4100 3953127 5121829
