12 0 0
22 0 0
32 0 0
42 0 0
52 0 0
62 0 0
72 0 0
82 0 0
92 0 0
102 0 0
112 0 0
122 0 0
132 0 0
142 0 0
152 0 0
162 0 0
172 0 0
182 0 0
192 0 0
202 0 0
212 0 0
222 0 0
232 0 0
242 0 0
252 0 0
262 0 0
272 0 0
282 0 0
292 0 0
302 0 0
312 0 0
322 0 0
332 0 0
342 0 0
352 0 0
362 0 0
372 0 0
382 0 0
392 0 0
402 0 0
412 0 0
422 0 0
432 0 0
442 0 0
452 0 0
462 0 0
472 0 0
482 0 0
492 0 0
502 0 0
512 0 0
522 0 0
532 0 0
542 0 0
552 0 0
562 0 0
572 0 0
582 0 0
592 0 0
602 0 0
612 0 0
622 0 0
632 15 35
642 15 35
652 15 35
662 15 35
672 15 35
682 15 35
692 15 35
702 15 42
712 15 42
722 15 42
732 15 42
742 15 42
752 15 42
762 15 42
772 15 42
782 15 42
792 15 42
802 15 42
812 15 42
822 15 42
832 15 42
842 15 47
852 15 47
862 15 47
872 15 47
882 15 47
892 15 47
902 15 47
912 15 47
922 15 47
932 15 47
942 15 47
952 15 47
962 15 56
972 15 56
982 15 56
992 15 56
1002 15 56
1012 15 56
1022 15 56
1032 15 56
1042 15 56
1052 15 56
1062 15 66
1072 15 66
1082 15 66
1092 15 66
1102 15 66
1112 15 66
1122 15 66
1132 15 66
1142 15 66
1152 15 66
1162 15 66
1172 15 66
1182 15 66
1192 15 66
1202 15 66
1212 15 66
1222 15 66
1232 15 66
1242 15 66
1252 15 66
1262 15 66
1272 15 82
1282 15 82
1292 15 82
1302 15 87
1312 15 87
1322 15 87
1332 15 87
1342 15 87
1352 15 87
1362 15 87
1372 15 87
1382 15 87
1392 15 87
1402 15 87
1412 15 87
1422 15 87
1432 15 87
1442 15 87
1452 15 87
1462 15 87
1472 15 87
1482 15 87
1492 15 87
1502 15 87
1512 15 87
1522 15 87
1532 15 107
1542 15 107
1552 15 107
1562 15 107
1572 15 107
1582 15 107
1592 15 107
1602 15 107
1612 15 107
1622 15 107
1632 15 107
1642 15 107
1652 15 107
1662 15 107
1672 15 107
1682 15 107
1692 15 107
1702 15 107
1712 15 107
1722 15 107
1732 15 107
1742 15 107
1752 15 118
1762 15 118
1772 15 118
1782 15 118
1792 15 118
1802 15 118
1812 15 118
1822 15 118
1832 15 118
1842 15 118
1852 15 118
1862 15 130
1872 15 130
1882 15 130
1892 15 130
1902 15 130
1912 15 130
1922 15 130
1932 15 130
1942 15 130
1952 15 130
1962 15 130
1972 15 130
1982 15 130
1992 15 130
2002 15 130
2012 15 141
2022 15 141
2032 15 148
2042 15 148
2052 15 148
2062 15 148
2072 15 148
2082 15 148
2092 15 148
2102 15 148
2112 15 148
2122 15 148
2132 15 148
2142 15 148
2152 15 155
2162 15 155
2172 15 155
2182 15 155
2192 15 155
2202 15 155
2212 15 155
2222 15 155
2232 15 155
2242 15 155
2252 15 155
2262 15 155
2272 15 155
2282 15 155
2292 15 155
2302 15 155
2312 15 155
2322 15 155
2332 15 155
2342 15 168
2352 15 168
2362 15 175
2372 15 175
2382 15 175
2392 15 175
2402 15 175
2412 15 175
2422 15 175
2432 15 175
2442 15 175
2452 15 175
2462 15 175
2472 15 175
2482 15 175
2492 15 175
2502 15 175
2512 15 188
2522 15 188
2532 15 188
2542 15 188
2552 15 188
2562 15 188
2572 15 188
2582 15 188
2592 15 188
2602 15 188
2612 15 188
2622 15 194
2632 15 194
2642 15 194
2652 15 194
2662 15 194
2672 15 194
2682 15 194
2692 15 194
2702 15 194
2712 15 194
2722 15 194
2732 15 194
2742 15 194
2752 15 194
2762 15 194
2772 15 194
2782 15 194
2792 15 194
2802 15 199
2812 15 199
2822 15 199
2832 15 199
2842 15 199
2852 15 199
2862 15 199
2872 15 199
2882 15 199
2892 15 199
2902 15 209
2912 15 209
2922 15 209
2932 15 209
2942 15 209
2952 15 209
2962 15 209
2972 15 209
2982 15 209
2992 15 209
3002 15 228
3012 15 228
3022 15 228
3032 15 228
3042 15 228
3052 15 228
3062 15 228
3072 15 228
3082 15 228
3092 15 228
3102 15 228
3112 15 235
3122 15 235
3132 15 235
3142 15 235
3152 15 235
3162 15 235
3172 15 235
3182 15 235
3192 15 235
3202 15 235
3212 15 235
3222 15 235
3232 15 235
3242 15 235
3252 15 235
3262 15 235
3272 15 235
3282 15 235
3292 15 235
3302 15 235
3312 15 235
3322 15 235
3332 15 235
3342 15 235
3352 15 235
3362 15 235
3372 15 235
3382 15 235
3392 15 261
3402 15 261
3412 15 261
3422 15 261
3432 15 261
3442 15 261
3452 15 261
3462 15 261
3472 15 261
3482 15 261
3492 15 261
3502 15 266
3512 15 266
3522 15 266
3532 15 266
3542 15 271
3552 15 271
3562 15 271
3572 15 271
3582 15 271
3592 15 271
3602 15 271
3612 15 271
3622 15 271
3632 15 276
