100 654260 654260
200 1299450 1299830
300 1902350 1902730
400 2471870 2473140
500 3035460 3037500
600 3567787 3569827
700 4089275 4092255
800 4581741 4584501
900 5067978 5072060
1000 5523851 5527941
1100 5979424 5983538
1200 6401734 6406841
1300 6823887 6828883
1400 7229681 7236449
1500 7628039 7634349
1600 8022546 8030357
1700 8394734 8404017
1800 8768915 8778157
1900 9129605 9142102
2000 9478089 9489900
2100 9823700 9837227
2200 10158387 10172590
2300 10482453 10496798
2400 10806017 10820522
2500 11120318 11136295
2600 11425868 11441845
2700 11731248 11747225
2800 12031343 12047990
2900 12297588 12314709
3000 12564208 12581472
3100 12830733 12848445
3200 13092489 13110529
3300 13345036 13363938
3400 13598919 13617373
3500 13851787 13870512
3600 14090121 14111117
3700 14316593 14338197
3800 14543187 14565629
3900 14770608 14792489
4000 14997222 15019548
4100 15212284 15239606
4200 15435532 15462188
4300 15657845 15684749
4400 15879684 15907025
4500 16086198 16120846
4600 16294831 16330901
4700 16506771 16542112
4800 16716616 16752891
4900 16927436 16963588
5000 17111416 17168419
5100 17322927 17377892
5200 17533967 17588932
5300 17743540 17799609
5400 17954850 18010919
5500 18130648 18196305
5600 18310321 18376955
5700 18490180 18557452
5800 18670637 18738516
5900 18851761 18919627
6000 19023491 19096144
6100 19182270 19255654
6200 19340518 19415040
6300 19500026 19574577
6400 19658730 19734174
6500 19818982 19894007
6600 19978226 20053524
6700 20138037 20215749
6800 20300869 20379014
6900 20463807 20542372
7000 20626995 20705774
7100 20789661 20869089
7200 20953093 21032269
7300 21100582 21184416
7400 21252103 21335438
7500 21400731 21485953
7600 21551757 21636709
7700 21702214 21787566
7800 21853445 21938359
7900 22000280 22088287
8000 22122958 22229795
8100 22267162 22377564
8200 22415862 22526365
8300 22562001 22674724
8400 22712501 22823832
8500 22858728 22972388
8600 23000076 23120420
8700 23077939 23248967
8800 23186865 23382217
8900 23314923 23521013
9000 23450800 23660949
9100 23585591 23800757
9200 23720713 23941269
9300 23861387 24082321
9400 23999736 24223920
9500 24110209 24353754
9600 24240394 24487055
9700 24371648 24620468
9800 24491298 24752697
9900 24619718 24885548
10000 24749588 25018659
10100 24881368 25152297
10200 25004668 25282741
10300 25120996 25402871
10400 25241207 25524126
10500 25362025 25645749
10600 25481371 25767117
10700 25600344 25888600
10800 25723127 26010142
10900 25843054 26132144
11000 25965880 26254062
11100 26068855 26371149
11200 26182223 26490137
11300 26302266 26610977
11400 26420923 26732097
11500 26540986 26853217
11600 26662346 26974904
11700 26784959 27096396
11800 26905771 27217733
11900 27004922 27334558
12000 27089656 27445234
12100 27187433 27558981
12200 27300548 27676394
12300 27410135 27793572
12400 27524665 27911917
12500 27641764 28030868
12600 27754622 28149349
12700 27871540 28268603
12800 27986260 28386978
12900 28040825 28486765
13000 28117405 28592444
13100 28195776 28699750
13200 28283036 28807221
13300 28378644 28914385
13400 28475712 29022994
13500 28576531 29134262
13600 28689504 29249976
13700 28798141 29364825
13800 28902228 29477080
13900 29000412 29587044
14000 29096385 29689822
14100 29197062 29794275
14200 29298974 29898986
14300 29398266 30003465
14400 29500940 30108270
14500 29603786 30213797
14600 29708119 30319351
14700 29801298 30424237
14800 29896621 30528958
14900 30000051 30634254
15000 30065448 30726931
