11 0 
21 0 
31 0 
41 0 
51 0 
61 0 
71 0 
81 0 
91 0 
101 0 
111 0 
121 0 
131 0 
141 0 
151 0 
161 0 
171 0 
181 0 
191 0 
201 0 
211 0 
221 0 
231 0 
241 0 
251 0 
261 0 
271 0 
281 0 
291 0 
301 0 
311 0 
321 0 
331 0 
341 0 
351 0 
361 0 
371 0 
381 5 
391 5 
401 5 
411 5 
421 5 
431 5 
441 5 
451 5 
461 5 
471 5 
481 5 
491 5 
501 5 
511 5 
521 5 
531 5 
541 5 
551 5 
561 5 
571 5 
581 5 
591 5 
601 5 
611 5 
621 5 
631 5 
641 5 
651 5 
661 5 
671 5 
681 5 
691 5 
701 5 
711 5 
721 5 
731 20 
741 20 
751 20 
761 20 
771 20 
781 20 
791 20 
801 20 
811 20 
821 20 
831 20 
841 20 
851 20 
861 20 
871 20 
881 20 
891 20 
901 20 
911 20 
921 20 
931 20 
941 20 
951 20 
961 20 
971 20 
981 20 
991 20 
1001 20 
1011 20 
1021 20 
1031 20 
1041 20 
1051 20 
1061 20 
1071 20 
1081 20 
1091 20 
1101 20 
1111 20 
1121 20 
1131 20 
1141 25 
1151 25 
1161 25 
1171 25 
1181 25 
1191 25 
1201 25 
1211 25 
1221 25 
1231 25 
1241 25 
1251 25 
1261 25 
1271 25 
1281 25 
1291 25 
1301 25 
1311 25 
1321 25 
1331 25 
1341 25 
1351 25 
1361 25 
1371 25 
1381 25 
1391 25 
1401 25 
1411 25 
1421 25 
1431 25 
1441 25 
1451 25 
1461 25 
1471 25 
1481 25 
1491 25 
1501 25 
1511 25 
1521 25 
1531 25 
1541 25 
1551 25 
1561 25 
1571 25 
1581 25 
1591 25 
1601 25 
1611 25 
1621 25 
1631 25 
1641 25 
1651 25 
1661 25 
1671 25 
1681 25 
1691 25 
1701 25 
1711 25 
1721 25 
1731 25 
1741 25 
1751 25 
1761 25 
1771 25 
1781 25 
1791 25 
1801 25 
1811 25 
1821 25 
1831 25 
1841 25 
1851 25 
1861 25 
1871 25 
1881 25 
1891 25 
1901 25 
1911 25 
1921 25 
1931 25 
1941 25 
1951 25 
1961 25 
1971 25 
1981 25 
1991 25 
2001 25 
2011 25 
2021 25 
2031 25 
2041 25 
2051 25 
2061 25 
2071 25 
2081 25 
2091 25 
2101 25 
2111 25 
2121 25 
2131 25 
2141 25 
2151 25 
2161 25 
2171 25 
2181 25 
2191 25 
2201 25 
2211 25 
2221 25 
2231 25 
2241 25 
2251 25 
2261 25 
2271 25 
2281 25 
2291 25 
2301 25 
2311 25 
2321 25 
2331 25 
2341 25 
2351 25 
2361 25 
2371 25 
2381 25 
2391 25 
2401 25 
2411 25 
2421 25 
2431 25 
2441 25 
2451 25 
2461 25 
2471 25 
2481 25 
2491 25 
2501 25 
2511 25 
2521 25 
2531 25 
2541 25 
2551 25 
2561 25 
2571 25 
2581 25 
2591 25 
2601 25 
2611 25 
2621 25 
2631 25 
2641 25 
2651 25 
2661 25 
2671 25 
