11 0 
21 0 
31 0 
41 0 
51 0 
61 0 
71 0 
81 0 
91 0 
101 0 
111 0 
121 0 
131 0 
141 0 
151 0 
161 0 
171 0 
181 0 
191 0 
201 0 
211 0 
221 0 
231 0 
241 0 
251 0 
261 0 
271 0 
281 0 
291 0 
301 0 
311 0 
321 0 
331 0 
341 0 
351 0 
361 0 
371 5 
381 5 
391 5 
401 5 
411 5 
421 5 
431 5 
441 5 
451 5 
461 5 
471 5 
481 5 
491 5 
501 5 
511 5 
521 5 
531 5 
541 5 
551 5 
561 5 
571 5 
581 5 
591 5 
601 5 
611 5 
621 5 
631 5 
641 5 
651 5 
661 5 
671 5 
681 5 
691 5 
701 5 
711 5 
721 5 
731 5 
741 5 
751 30 
761 30 
771 30 
781 30 
791 30 
801 30 
811 30 
821 30 
831 30 
841 30 
851 30 
861 30 
871 30 
881 30 
891 30 
901 30 
911 30 
921 30 
931 155 
941 155 
951 155 
961 155 
971 155 
981 155 
991 155 
1001 405 
1011 490 
1021 490 
1031 490 
1041 490 
1051 490 
1061 490 
1071 490 
1081 490 
1091 550 
1101 550 
1111 550 
1121 550 
1131 550 
1141 550 
1151 690 
1161 790 
1171 845 
1181 845 
1191 845 
1201 845 
1211 960 
1221 960 
1231 960 
1241 1015 
1251 1075 
1261 1075 
1271 1075 
1281 1160 
1291 1160 
1301 1190 
1311 1190 
1321 1190 
1331 1240 
1341 1240 
1351 1270 
1361 1385 
1371 1385 
1381 1420 
1391 1475 
1401 1520 
1411 1520 
1421 1520 
1431 1520 
1441 1680 
1451 1780 
1461 1780 
1471 1780 
1481 1780 
1491 1780 
1501 1780 
1511 1780 
1521 1780 
1531 1780 
1541 1780 
1551 1780 
1561 1780 
1571 1780 
1581 1780 
1591 1780 
1601 1780 
1611 1995 
1621 2285 
1631 2285 
1641 2285 
1651 2390 
1661 2415 
1671 2445 
1681 2445 
1691 2445 
1701 2445 
1711 2445 
1721 2445 
1731 2545 
1741 2665 
1751 2695 
1761 2755 
1771 2770 
1781 2790 
1791 2805 
1801 2855 
1811 2875 
1821 2875 
1831 2875 
1841 2875 
1851 2875 
1861 2875 
1871 2875 
1881 2875 
1891 2940 
1901 2940 
1911 2940 
1921 2940 
1931 2940 
1941 2940 
1951 2940 
1961 2940 
1971 2940 
1981 2940 
1991 2940 
2001 2940 
2011 3015 
2021 3015 
2031 3015 
2041 3015 
2051 3015 
2061 3015 
2071 3015 
2081 3015 
2091 3020 
2101 3020 
2111 3020 
2121 3020 
2131 3020 
2141 3020 
2151 3020 
2161 3020 
2171 3020 
2181 3020 
2191 3020 
2201 3020 
2211 3020 
2221 3020 
2231 3020 
2241 3020 
2251 3020 
2261 3020 
2271 3020 
2281 3020 
2291 3020 
2301 3025 
2311 3025 
2321 3025 
2331 3025 
2341 3025 
2351 3025 
2361 3025 
2371 3025 
2381 3025 
2391 3025 
2401 3025 
2411 3025 
2421 3025 
2431 3025 
2441 3025 
2451 3025 
2461 3025 
2471 3025 
2481 3025 
2491 3025 
2501 3025 
2511 3030 
2521 3030 
2531 3030 
2541 3030 
2551 3030 
2561 3030 
2571 3030 
2581 3030 
2591 3030 
2601 3030 
2611 3035 
2621 3035 
2631 3035 
2641 3035 
2651 3035 
2661 3035 
2671 3035 
2681 3035 
2691 3035 
2701 3035 
2711 3035 
2721 3035 
2731 3035 
2741 3035 
2751 3035 
2761 3035 
2771 3035 
2781 3040 
2791 3040 
2801 3040 
2811 3040 
2821 3040 
2831 3040 
2841 3040 
2851 3040 
2861 3040 
2871 3040 
2881 3040 
2891 3040 
2901 3040 
2911 3040 
2921 3040 
2931 3040 
2941 3040 
2951 3040 
2961 3040 
2971 3040 
2981 3040 
2991 3045 
3001 3045 
3011 3045 
3021 3045 
3031 3045 
3041 3045 
3051 3045 
3061 3045 
3071 3045 
3081 3045 
3091 3045 
3101 3045 
3111 3045 
3121 3050 
3131 3050 
3141 3050 
3151 3050 
3161 3050 
3171 3050 
3181 3050 
3191 3050 
3201 3050 
3211 3050 
3221 3050 
3231 3050 
3241 3050 
3251 3050 
3261 3050 
3271 3050 
3281 3050 
3291 3050 
3301 3050 
3311 3055 
3321 3055 
3331 3055 
3341 3055 
3351 3055 
3361 3055 
3371 3055 
3381 3055 
3391 3055 
3401 3055 
3411 3055 
3421 3055 
3431 3055 
3441 3055 
3451 3055 
3461 3055 
3471 3060 
3481 3060 
3491 3060 
3501 3060 
3511 3060 
3521 3060 
3531 3060 
3541 3060 
3551 3060 
3561 3060 
3571 3060 
3581 3060 
3591 3060 
3601 3060 
3611 3060 
3621 3060 
