10 0 0
20 0 0
30 0 0
40 0 0
50 0 0
60 5 10
70 5 10
80 10 15
90 10 15
100 10 20
110 10 20
120 10 20
130 20 30
140 20 35
150 20 35
160 20 35
170 20 45
180 20 45
190 20 50
200 20 55
210 20 60
220 20 60
230 20 60
240 20 60
250 20 60
260 20 75
270 20 75
280 25 80
290 25 85
300 25 85
310 30 95
320 30 95
330 35 100
340 35 105
350 35 105
360 40 115
370 40 115
380 45 120
390 45 125
400 45 125
410 50 135
420 50 135
430 50 135
440 50 135
450 58 148
460 58 153
470 58 153
480 58 153
490 58 153
500 58 163
510 58 168
520 58 168
530 63 173
540 63 178
550 68 183
560 68 188
570 68 188
580 73 193
590 73 198
600 78 203
610 78 208
620 78 208
630 83 213
640 83 218
650 88 223
660 88 228
670 93 233
680 93 233
690 93 238
700 98 243
710 98 248
720 103 253
730 103 253
740 103 258
750 108 263
760 108 268
770 113 273
780 113 273
790 113 278
800 118 283
810 118 288
820 123 293
830 123 293
840 123 298
850 128 303
860 128 308
870 133 313
880 133 313
890 138 323
900 138 323
910 138 328
920 143 333
930 143 333
940 148 343
950 148 343
960 148 348
970 153 353
980 153 353
990 158 363
1000 158 363
1010 158 368
1020 163 373
1030 163 373
1040 163 373
1050 168 385
1060 168 385
1070 173 390
1080 173 390
1090 173 390
1100 178 400
1110 183 405
1120 183 410
1130 183 410
1140 188 415
1150 188 420
1160 193 425
1170 193 425
1180 193 425
1190 198 438
1200 198 438
1210 198 438
1220 198 438
1230 198 438
1240 208 453
1250 208 453
1260 213 458
1270 213 463
1280 213 463
1290 218 473
1300 218 473
1310 223 478
1320 223 483
1330 223 483
1340 228 493
1350 228 493
1360 233 498
1370 233 503
1380 238 508
1390 238 513
1400 238 513
1410 243 518
1420 243 523
1430 248 528
1440 248 533
1450 248 533
1460 253 538
1470 253 543
1480 258 548
1490 258 553
1500 258 553
1510 263 558
1520 263 563
1530 268 568
1540 268 573
1550 268 573
1560 273 578
1570 273 583
1580 278 588
1590 278 593
1600 283 598
1610 283 598
1620 283 603
1630 288 608
1640 288 613
1650 288 613
1660 288 613
1670 288 613
1680 288 623
1690 288 623
1700 288 623
1710 293 636
1720 293 636
1730 293 636
1740 293 636
1750 293 636
1760 303 651
1770 303 651
1780 303 651
1790 303 651
1800 308 663
1810 313 668
1820 313 668
1830 313 668
1840 313 668
1850 313 668
1860 323 683
1870 323 683
1880 323 683
1890 331 696
1900 331 696
1910 331 701
1920 331 701
1930 331 701
1940 331 711
1950 331 711
1960 331 716
1970 331 716
1980 336 721
1990 336 726
2000 341 731
2010 341 736
2020 341 736
2030 346 741
2040 346 746
2050 351 751
2060 351 756
2070 356 761
2080 356 761
2090 356 766
2100 361 771
2110 361 776
2120 366 781
2130 366 781
2140 366 786
2150 371 791
2160 371 796
2170 376 801
2180 376 801
2190 376 806
2200 381 811
2210 381 816
2220 386 821
2230 386 821
2240 386 826
2250 391 831
2260 391 836
2270 396 841
2280 396 841
2290 396 841
2300 401 854
2310 401 854
2320 406 859
2330 406 859
2340 406 859
2350 406 859
2360 411 869
2370 416 874
2380 416 874
2390 421 884
2400 421 884
2410 421 884
2420 426 894
2430 426 894
2440 431 904
2450 431 904
2460 431 904
2470 436 914
2480 436 914
2490 441 924
2500 441 924
2510 441 924
2520 446 934
2530 446 934
2540 451 944
2550 451 944
2560 456 949
2570 456 954
2580 456 954
2590 461 959
2600 461 959
2610 466 973
2620 466 973
2630 466 973
2640 466 973
2650 466 973
2660 476 988
2670 476 988
2680 476 988
2690 481 998
2700 481 998
2710 486 1008
2720 486 1008
2730 486 1008
2740 491 1018
2750 491 1018
2760 496 1028
2770 496 1028
2780 496 1028
2790 501 1038
2800 501 1038
2810 506 1048
2820 506 1048
2830 511 1053
2840 511 1058
2850 511 1058
2860 516 1068
2870 516 1068
2880 521 1073
2890 521 1078
2900 521 1078
2910 526 1088
2920 526 1088
2930 531 1093
2940 531 1098
2950 531 1098
2960 536 1108
2970 536 1108
2980 541 1113
2990 541 1118
3000 541 1118
3010 546 1128
3020 546 1128
3030 551 1133
3040 551 1138
3050 556 1143
3060 556 1148
3070 556 1148
3080 561 1153
3090 561 1158
3100 566 1163
3110 566 1168
3120 566 1168
3130 571 1173
3140 571 1178
3150 576 1183
3160 576 1188
3170 576 1188
3180 581 1198
3190 581 1198
3200 586 1203
3210 586 1208
3220 586 1208
3230 591 1218
3240 591 1218
3250 596 1223
3260 596 1228
3270 601 1233
3280 601 1238
3290 601 1238
3300 606 1243
3310 606 1249
3320 611 1254
3330 611 1254
3340 611 1254
3350 611 1254
3360 616 1264
3370 621 1269
3380 621 1269
3390 621 1274
3400 626 1279
3410 626 1284
3420 631 1289
3430 631 1289
3440 631 1294
3450 636 1299
3460 636 1304
3470 636 1304
3480 636 1304
3490 645 1318
3500 645 1318
3510 645 1323
3520 645 1323
3530 645 1323
3540 645 1333
3550 645 1333
3560 650 1343
3570 650 1343
3580 650 1343
3590 655 1353
3600 655 1353
3610 660 1363
3620 660 1363
