11 0 0
21 0 0
31 0 0
41 0 0
51 0 0
61 0 0
71 0 0
81 0 0
91 0 0
101 0 0
111 0 0
121 0 0
131 0 0
141 0 0
151 0 0
161 0 0
171 0 0
181 0 0
191 0 0
201 0 0
211 0 0
221 0 0
231 0 0
241 0 0
251 0 0
261 0 0
271 0 0
281 0 0
291 0 0
301 0 0
311 5 5
321 5 15
331 5 15
341 5 15
351 5 15
361 5 15
371 5 15
381 5 15
391 5 15
401 5 15
411 5 15
421 5 15
431 5 25
441 5 25
451 5 25
461 5 25
471 5 25
481 5 25
491 5 25
501 5 25
511 5 25
521 5 25
531 5 30
541 5 30
551 5 40
561 5 40
571 5 40
581 5 40
591 5 40
601 5 40
611 5 40
621 5 40
631 5 40
641 5 40
651 5 45
661 5 55
671 5 55
681 5 55
691 5 55
701 5 55
711 5 55
721 5 55
731 5 55
741 5 55
751 5 55
761 5 60
771 5 60
781 5 70
791 5 70
801 5 70
811 5 70
821 5 70
831 5 70
841 5 70
851 5 70
861 5 70
871 5 70
881 5 75
891 5 80
901 5 80
911 5 80
921 5 80
931 5 80
941 5 85
951 5 85
961 5 85
971 5 85
981 5 85
991 5 85
1001 5 90
1011 5 95
1021 5 95
1031 5 95
1041 5 95
1051 5 95
1061 5 100
1071 5 100
1081 5 100
1091 5 100
1101 5 100
1111 5 105
1121 5 110
1131 5 110
1141 5 110
1151 5 110
1161 5 110
1171 5 110
1181 5 115
1191 5 115
1201 5 115
1211 5 115
1221 5 115
1231 5 120
1241 5 125
1251 5 125
1261 5 125
1271 5 125
1281 5 125
1291 5 130
1301 5 130
1311 5 130
1321 5 130
1331 5 130
1341 5 130
1351 5 140
1361 5 140
1371 5 140
1381 5 140
1391 5 140
1401 5 140
1411 5 145
1421 5 145
1431 5 145
1441 5 145
1451 5 145
1461 5 145
1471 5 155
1481 5 155
1491 5 155
1501 5 155
1511 5 155
1521 5 160
1531 5 160
1541 5 160
1551 5 160
1561 5 160
1571 5 160
1581 5 170
1591 5 170
1601 5 170
1611 5 170
1621 5 170
1631 5 170
1641 5 170
1651 5 170
1661 5 170
1671 5 170
1681 5 170
1691 5 170
1701 5 170
1711 5 188
1721 5 188
1731 5 188
1741 5 188
1751 5 188
1761 5 188
1771 5 188
1781 5 188
1791 5 188
1801 5 188
1811 5 188
1821 5 198
1831 5 198
1841 5 198
1851 5 198
1861 5 198
1871 5 203
1881 5 203
1891 5 203
1901 5 203
1911 5 203
1921 5 203
1931 5 213
1941 5 213
1951 5 213
1961 5 213
1971 5 213
1981 5 213
1991 5 213
2001 5 213
2011 5 213
2021 5 213
2031 5 218
2041 5 218
2051 5 228
2061 5 228
2071 5 228
2081 5 228
2091 5 228
2101 5 228
2111 5 228
2121 5 228
2131 5 228
2141 5 228
2151 5 233
2161 5 238
2171 5 243
2181 5 243
2191 5 243
2201 5 243
2211 5 243
2221 5 243
2231 5 243
2241 5 243
2251 5 243
2261 5 248
2271 5 248
2281 5 253
2291 5 258
2301 5 258
2311 5 258
2321 5 258
2331 5 258
2341 5 258
2351 5 258
2361 5 258
2371 5 258
2381 5 263
2391 5 268
2401 5 273
2411 5 273
2421 5 273
2431 5 273
2441 5 273
2451 5 273
2461 5 273
2471 5 273
2481 5 273
2491 5 278
2501 5 278
2511 5 283
2521 5 288
2531 5 288
2541 5 288
2551 5 288
2561 5 288
2571 5 288
2581 5 288
2591 5 288
2601 5 288
2611 5 293
2621 5 293
2631 5 293
2641 5 293
2651 5 293
2661 5 293
2671 5 305
2681 5 305
2691 5 305
2701 5 305
2711 5 305
2721 5 310
2731 5 310
2741 5 310
2751 5 315
2761 5 315
2771 5 315
2781 5 315
2791 5 315
2801 5 315
2811 5 315
2821 5 315
2831 5 320
2841 5 325
2851 5 325
2861 5 325
2871 5 330
2881 5 330
2891 5 330
2901 5 330
2911 5 330
2921 5 330
2931 5 330
2941 5 330
2951 5 330
2961 5 330
2971 5 330
2981 5 330
2991 5 345
3001 5 345
3011 5 345
3021 5 345
3031 5 345
3041 5 345
3051 5 345
3061 5 345
3071 5 350
3081 5 350
3091 5 350
3101 5 355
3111 5 360
3121 5 360
3131 5 360
3141 5 360
3151 5 360
3161 5 360
3171 5 360
3181 5 365
3191 5 365
3201 5 365
3211 5 365
3221 5 375
3231 5 375
3241 5 375
3251 5 375
3261 5 375
3271 5 375
3281 5 375
3291 5 375
3301 5 380
3311 5 380
3321 5 380
3331 5 380
3341 5 390
3351 5 390
3361 5 390
3371 5 390
3381 5 390
3391 5 390
3401 5 390
3411 5 395
3421 5 395
3431 5 395
3441 5 395
3451 5 405
3461 5 405
3471 5 405
3481 5 405
3491 5 405
3501 5 405
3511 5 405
3521 5 405
3531 5 410
3541 5 410
3551 5 410
3561 5 410
3571 5 420
3581 5 420
3591 5 420
3601 5 420
3611 5 420
3621 5 420
3631 5 420
