100 614950 614950
200 1245870 1246150
300 1850500 1850780
400 2425770 2426470
500 2989010 2989710
600 3512962 3514032
700 4034371 4036231
800 4526291 4527891
900 5015739 5018320
1000 5470488 5473530
1100 5924846 5927757
1200 6350202 6354233
1300 6771607 6775488
1400 7178490 7184738
1500 7575116 7581116
1600 7970321 7976728
1700 8340826 8349423
1800 8712855 8721578
1900 9075517 9087170
2000 9421104 9433036
2100 9766924 9778840
2200 10103548 10117033
2300 10425145 10439226
2400 10747333 10761763
2500 11065448 11080639
2600 11369448 11384639
2700 11673448 11688639
2800 11977778 11992969
2900 12245225 12261431
3000 12511261 12527345
3100 12777617 12793556
3200 13040390 13057441
3300 13292476 13309745
3400 13545168 13562408
3500 13797542 13814850
3600 14040421 14060375
3700 14264693 14285056
3800 14486699 14509424
3900 14713002 14735050
4000 14938358 14960207
4100 15153429 15180417
4200 15374270 15401487
