100 1815389 2439902
200 2318822 3668179
300 2519483 4721623
400 2745513 5647350
500 2822736 6528247
600 2917349 7360749
700 3100106 8145198
800 3141579 8902667
900 3203550 9655259
1000 3225179 10399349
1101 3276048 11115764
1201 3378020 11824130
1301 3487994 12488843
1401 3522526 13145067
1501 3569311 13788658
1601 3611861 14399493
1701 3662535 15032607
1801 3713547 15640159
1901 3782792 16205562
2001 3819248 16816673
2101 3901264 17405955
2201 3908440 18007451
2301 3917043 18585285
2401 3930838 19120728
2506 3943748 19608088
2606 3964953 20123534
2706 3985879 20682518
2806 4003145 21239786
2906 4021476 21767947
3006 4048539 22242260
3106 4075017 22679734
3206 4100739 23181511
3306 4128395 23716413
3406 4192641 24232635
3506 4204784 24697515
3606 4222400 25088383
3710 4242064 25507636
3810 4258875 26000852
3910 4295361 26521540
4011 4305921 26980103
4111 4321146 27487452
