+ echo
+ mkdir -p /lustre/ttscratch1/sevilla/parsplice-output/nano/scale-cachedecrease-8n-10000-72369/out
+ cd /lustre/ttscratch1/sevilla/parsplice-output/nano/scale-cachedecrease-8n-10000-72369
+ export LD_LIBRARY_PATH=/users/sevilla/parsplice-install-limcache/lib:/lustre/ttscratch1/sevilla/parsplice-support/boost_1_64_0/stage/lib
+ LD_LIBRARY_PATH=/users/sevilla/parsplice-install-limcache/lib:/lustre/ttscratch1/sevilla/parsplice-support/boost_1_64_0/stage/lib
+ export OMP_NUM_THREADS=1
+ OMP_NUM_THREADS=1
+ for i in '"input"' '"input.lammps"' '"voter-pt.eam"'
+ cp -r /lustre/ttscratch1/sevilla/parsplice-support/parsplice-limcache/sample-input/nanoparticle-growth/input .
+ for i in '"input"' '"input.lammps"' '"voter-pt.eam"'
+ cp -r /lustre/ttscratch1/sevilla/parsplice-support/parsplice-limcache/sample-input/nanoparticle-growth/input.lammps .
+ for i in '"input"' '"input.lammps"' '"voter-pt.eam"'
+ cp -r /lustre/ttscratch1/sevilla/parsplice-support/parsplice-limcache/sample-input/nanoparticle-growth/voter-pt.eam .
+ sed -i 's/<Delay> 1000000 <\/Delay>/<Delay> 100000 <\/Delay>/g' input/ps-config.xml
+ sed -i 's/<MaxKeyUsage> 0 <\/MaxKeyUsage>/<MaxKeyUsage> 10000 <\/MaxKeyUsage>/g' input/ps-config.xml
+ sed -i 's/<KeyUsageThreshold> 0 <\/KeyUsageThreshold>/<KeyUsageThreshold> 100000 <\/KeyUsageThreshold>/g' input/ps-config.xml
+ python /lustre/ttscratch1/sevilla/parsplice-support/parsplice-limcache/node-affinity/mkhosts-slurm-nospawn.py 32 1 1 1
++ awk '{print $1}'
++ wc -l layout
+ ntasks=256
+ srun -N 8 -n 256 --cpu_bind=cores --output none /users/sevilla/parsplice-install-limcache/parsplice
srun: error: slurm_receive_msgs: Socket timed out on send/recv operation
srun: error: slurm_receive_msgs: Socket timed out on send/recv operation
srun: error: slurm_receive_msgs: Socket timed out on send/recv operation
srun: error: Task launch for 72369.0 failed on node nid00141: Socket timed out on send/recv operation
srun: error: Task launch for 72369.0 failed on node nid00144: Socket timed out on send/recv operation
srun: error: Task launch for 72369.0 failed on node nid00108: Socket timed out on send/recv operation
srun: error: Application launch failed: Socket timed out on send/recv operation
srun: Job step aborted: Waiting up to 32 seconds for job step to finish.
srun: error: nid00142: tasks 160-191: Killed
srun: Terminating job step 72369.0
srun: error: nid00109: tasks 64-95: Killed
srun: error: nid00143: tasks 192-223: Killed
srun: error: nid00140: tasks 96-127: Killed
srun: error: nid00105: tasks 0-31: Killed
srun: error: Timed out waiting for job step to complete
