13 0 0
23 0 0
33 0 0
43 0 0
53 0 0
63 0 0
73 0 0
83 0 0
93 0 0
103 0 0
113 0 0
123 0 0
133 0 0
143 0 0
153 0 0
163 0 0
173 0 0
183 0 0
193 0 0
203 0 0
213 0 0
223 0 0
233 0 0
243 0 0
253 0 0
263 0 0
273 0 0
283 0 0
293 0 0
303 0 0
313 0 0
323 5 15
333 5 15
343 5 15
353 5 15
363 5 15
373 5 15
383 5 15
393 5 15
403 5 15
413 5 15
423 5 15
433 5 15
443 5 15
453 5 15
463 5 15
473 5 15
483 5 15
493 5 15
503 5 15
513 5 15
523 5 15
533 5 20
543 5 20
553 5 20
563 5 20
573 5 20
583 5 20
593 5 20
603 5 30
613 5 30
623 5 30
633 5 30
643 5 30
653 5 30
663 5 30
673 5 30
683 5 30
693 5 30
703 5 30
713 5 30
723 5 30
733 5 30
743 5 40
753 5 40
763 5 40
773 5 45
783 5 45
793 5 45
803 5 45
813 5 45
823 5 45
833 5 45
843 5 45
853 5 45
863 5 45
873 5 45
883 5 45
893 5 45
903 5 45
913 5 45
923 5 60
933 5 60
943 5 60
953 5 60
963 5 60
973 5 60
983 5 60
993 5 60
1003 5 65
1013 5 65
1023 5 70
1033 5 70
1043 5 70
1053 5 70
1063 5 70
1073 5 70
1083 5 75
1093 5 75
1103 5 75
1113 5 75
1123 5 80
1133 5 80
1143 5 85
1153 5 85
1163 5 85
1173 5 85
1183 5 85
1193 5 85
1203 5 90
1213 5 90
1223 5 90
1233 5 90
1243 5 95
1253 5 95
1263 5 100
1273 5 100
1283 5 100
1293 5 100
1303 5 100
1313 5 100
1323 5 105
1333 5 105
1343 5 105
1353 5 105
1363 5 110
1373 5 110
1383 5 110
1393 5 110
1403 5 110
1413 5 110
1423 5 117
1433 5 117
1443 5 122
1453 5 122
1463 5 122
1473 5 127
1483 5 127
1493 5 127
1503 5 127
1513 5 127
1523 5 127
1533 5 127
1543 5 127
1553 5 127
1563 5 127
1573 5 127
1583 5 127
1593 5 127
1603 5 127
1613 5 127
1623 5 127
1633 5 127
1643 5 127
1653 5 127
1663 5 142
1673 5 142
1683 5 147
1693 5 147
1703 5 147
1713 5 152
1723 5 152
1733 5 152
1743 5 152
1753 5 152
1763 5 152
1773 5 152
1783 5 152
1793 5 152
1803 5 152
1813 5 152
1823 5 152
1833 5 167
1843 5 167
1853 5 167
1863 5 167
1873 5 167
1883 5 167
1893 5 167
1903 5 167
1913 5 167
1923 5 167
1933 5 167
1943 5 167
1953 5 167
1963 5 167
1973 5 167
1983 5 167
1993 5 167
2003 5 167
2013 5 182
2023 5 182
2033 5 182
2043 5 182
2053 5 182
2063 5 187
2073 5 187
2083 5 187
2093 5 187
2103 5 187
2113 5 187
2123 5 187
2133 5 187
2143 5 187
2153 5 187
2163 5 187
2173 5 187
2183 5 197
2193 5 197
2203 5 197
2213 5 197
2223 5 197
2233 5 197
2243 5 197
2253 5 205
2263 5 205
2273 5 205
2283 5 205
2293 5 210
2303 5 215
2313 5 215
2323 5 215
2333 5 215
2343 5 215
2353 5 215
2363 5 215
2373 5 215
2383 5 215
2393 5 215
2403 5 215
2413 5 215
2423 5 215
2433 5 215
2443 5 215
2453 5 215
2463 5 215
2473 5 215
2483 5 215
2493 5 215
2503 5 215
2513 5 232
2523 5 232
2533 5 237
2543 5 237
2553 5 237
2563 5 237
2573 5 237
2583 5 237
2593 5 237
2603 5 237
2613 5 237
2623 5 237
2633 5 237
2643 5 237
2653 5 237
2663 5 237
2673 5 237
2683 5 237
2693 5 237
2703 5 237
2713 5 237
2723 5 252
2733 5 252
2743 5 252
2753 5 252
2763 5 252
2773 5 257
2783 5 257
2793 5 262
2803 5 262
2813 5 262
2823 5 262
2833 5 262
2843 5 267
2853 5 267
2863 5 267
2873 5 267
2883 5 267
2893 5 272
2903 5 272
2913 5 277
2923 5 277
2933 5 277
2943 5 277
2953 5 277
2963 5 282
2973 5 282
2983 5 282
2993 5 282
3003 5 282
3013 5 287
3023 5 292
3033 5 292
3043 5 292
3053 5 292
3063 5 292
3073 5 297
3083 5 297
3093 5 297
3103 5 297
3113 5 297
3123 5 297
3133 5 302
3143 5 307
3153 5 307
3163 5 307
3173 5 307
3183 5 307
3193 5 312
3203 5 312
3213 5 312
3223 5 312
3233 5 312
3243 5 312
3253 5 317
3263 5 322
3273 5 322
3283 5 322
3293 5 322
3303 5 322
3313 5 327
3323 5 327
3333 5 327
3343 5 327
3353 5 327
3363 5 332
3373 5 332
3383 5 337
3393 5 337
3403 5 337
3413 5 337
3423 5 337
3433 5 342
3443 5 342
3453 5 342
3463 5 342
3473 5 342
3483 5 347
3493 5 352
3503 5 352
3513 5 352
3523 5 352
3533 5 352
3543 5 352
3553 5 357
3563 5 357
3573 5 357
3583 5 357
3593 5 357
3603 5 362
3613 5 367
3623 5 367
3633 5 367
