100 276100 276100
200 567260 567260
300 858420 858420
400 1132010 1147070
500 1423170 1438230
600 1709310 1724370
700 1975370 1990430
800 2243940 2274060
900 2532590 2562710
1000 2821240 2851360
1100 3094833 3140013
1200 3380990 3426170
1300 3667151 3712331
1400 3953304 3998484
1500 4214499 4287152
1600 4495778 4568301
1700 4777057 4849450
1800 5036023 5135627
1900 5323312 5421774
2000 5613547 5710429
2100 5901118 5996576
2200 6153106 6285399
2300 6434691 6574290
2400 6708764 6855624
2500 6995550 7136886
2600 7218426 7429268
2700 7489717 7702968
2800 7762466 7979193
2900 8002011 8260543
3000 8230645 8552182
3100 8484472 8828406
3200 8757665 9099505
3300 9000726 9375757
3400 9199625 9672424
3500 9470843 9948399
3600 9732667 10214510
