100 612160 612160
200 1239790 1240230
300 1840540 1840980
400 2413250 2414320
500 2976380 2977450
600 3501531 3502961
700 4023250 4025390
800 4515916 4517786
900 5006467 5009639
1000 5462113 5465086
1100 5917213 5920346
1200 6343250 6347033
1300 6763644 6767548
1400 7171122 7177000
1500 7568298 7573795
1600 7963838 7969606
1700 8335522 8344420
1800 8708746 8717386
1900 9074195 9084434
2000 9421052 9431479
2100 9767872 9778801
2200 10105987 10118081
2300 10430594 10442266
2400 10754440 10766646
2500 11072273 11086287
2600 11378573 11392587
2700 11684763 11698777
2800 11990643 12004657
2900 12257822 12272660
3000 12524683 12539623
3100 12790843 12806240
3200 13054341 13070387
3300 13308985 13325350
3400 13563723 13580348
3500 13818652 13835390
3600 14060647 14081030
3700 14289003 14308959
3800 14517559 14536908
3900 14744733 14764597
4000 14972608 14992027
4100 15191846 15215035
4200 15415117 15438459
