100 1839722 2439830
200 2305734 3662426
300 2548448 4707398
400 2736522 5627829
500 2832694 6499272
600 3007314 7324254
700 3109945 8086035
800 3190970 8808287
900 3211673 9554675
1000 3240355 10281847
1100 3295271 10998302
1200 3412056 11673180
1300 3501887 12344858
1400 3538112 12989879
1500 3605577 13628115
1600 3635383 14279854
1700 3699553 14914463
1800 3760556 15524248
1900 3821465 16136194
2000 3898037 16712402
2100 3904240 17301740
2200 3910832 17889923
2300 3920205 18467294
2400 3936207 19030309
2500 3955671 19592169
2600 3980549 20147041
2700 4001274 20708463
2800 4016673 21268032
2900 4048101 21817341
3000 4075847 22371584
3100 4102967 22914017
3200 4145138 23444659
3300 4200763 23971974
3400 4217791 24500707
3500 4235307 25016149
3600 4261321 25529894
3700 4285738 26042127
3800 4304417 26560638
3900 4317447 27077352
4000 4331507 27585332
4100 4346002 28093679
4200 4360717 28587734
