12 0 0
22 0 0
32 0 0
42 0 0
52 0 0
62 0 0
72 0 0
82 0 0
92 0 0
102 0 0
112 0 0
122 0 0
132 0 0
142 0 0
152 0 0
162 0 0
172 0 0
182 0 0
192 0 0
202 0 0
212 0 0
222 0 0
232 0 0
242 0 0
252 0 0
262 0 0
272 0 0
282 0 0
292 0 0
302 0 0
312 5 15
322 5 15
332 5 15
342 5 15
352 5 15
362 5 15
372 5 15
382 5 15
392 5 15
402 5 15
412 5 15
422 5 20
432 5 20
442 5 20
452 5 20
462 5 20
472 5 25
482 5 25
492 5 25
502 5 30
512 5 30
522 5 30
532 5 30
542 5 35
552 5 35
562 5 35
572 5 35
582 5 35
592 5 40
602 5 40
612 5 40
622 5 45
632 5 45
642 5 45
652 5 50
662 5 50
672 5 50
682 5 50
692 5 50
702 5 50
712 5 55
722 5 55
732 5 60
742 5 60
752 5 60
762 5 60
772 5 65
782 5 65
792 5 65
802 5 65
812 5 65
822 5 70
832 5 70
842 5 70
852 5 75
862 5 75
872 5 75
882 5 80
892 5 80
902 5 80
912 5 80
922 5 80
932 5 80
942 5 85
952 5 85
962 5 90
972 5 90
982 5 90
992 5 90
1002 5 95
1012 5 95
1022 5 95
1032 5 95
1042 5 95
1052 5 100
1062 5 100
1072 5 100
1082 5 105
1092 5 105
1102 5 105
1112 5 105
1122 5 105
1132 5 105
1142 5 105
1152 5 105
1162 5 105
1172 5 105
1182 5 115
1192 5 115
1202 5 120
1212 5 120
1222 5 120
1232 5 120
1242 5 120
1252 5 120
1262 5 120
1272 5 120
1282 5 120
1292 5 125
1302 5 130
1312 5 135
1322 5 135
1332 5 135
1342 5 135
1352 5 135
1362 5 135
1372 5 135
1382 5 135
1392 5 135
1402 5 140
1412 5 145
1422 5 145
1432 5 150
1442 5 150
1452 5 150
1462 5 150
1472 5 150
1482 5 150
1492 5 150
1502 5 150
1512 5 150
1522 5 155
1532 5 160
1542 5 165
1552 5 165
1562 5 165
1572 5 165
1582 5 165
1592 5 165
1602 5 165
1612 5 165
1622 5 165
1632 5 170
1642 5 175
1652 5 175
1662 5 180
1672 5 180
1682 5 180
1692 5 180
1702 5 180
1712 5 180
1722 5 180
1732 5 180
1742 5 180
1752 5 185
1762 5 190
1772 5 195
1782 5 195
1792 5 195
1802 5 195
1812 5 195
1822 5 195
1832 5 195
1842 5 195
1852 5 195
1862 5 200
1872 5 205
1882 5 205
1892 5 210
1902 5 210
1912 5 210
1922 5 210
1932 5 210
1942 5 210
1952 5 210
1962 5 210
1972 5 210
1982 5 215
1992 5 220
2002 5 220
2012 5 225
2022 5 225
2032 5 225
2042 5 225
2052 5 225
2062 5 225
2072 5 225
2082 5 225
2092 5 225
2102 5 235
2112 5 235
2122 5 240
2132 5 240
2142 5 240
2152 5 240
2162 5 240
2172 5 240
2182 5 240
2192 5 240
2202 5 240
2212 5 245
2222 5 250
2232 5 250
2242 5 255
2252 5 255
2262 5 255
2272 5 255
2282 5 255
2292 5 255
2302 5 255
2312 5 255
2322 5 255
2332 5 265
2342 5 265
2352 5 265
2362 5 270
2372 5 270
2382 5 270
2392 5 270
2402 5 270
2412 5 270
2422 5 270
2432 5 270
2442 5 280
2452 5 280
2462 5 280
2472 5 280
2482 5 285
2492 5 285
2502 5 285
2512 5 285
2522 5 285
2532 5 285
2542 5 285
2552 5 285
2562 5 295
2572 5 295
2582 5 295
2592 5 300
2602 5 300
2612 5 300
2622 5 300
2632 5 300
2642 5 300
2652 5 300
2662 5 300
2672 5 305
2682 5 305
2692 5 305
2702 5 311
2712 5 316
2722 5 316
2732 5 316
2742 5 316
2752 5 316
2762 5 316
2772 5 316
2782 5 316
2792 5 321
2802 5 321
2812 5 321
2822 5 321
2832 5 321
2842 5 321
2852 5 321
2862 5 321
2872 5 321
2882 5 321
2892 5 321
2902 5 321
2912 5 321
2922 5 321
2932 5 321
2942 5 321
2952 5 321
2962 5 341
2972 5 341
2982 5 341
2992 5 341
3002 5 341
3012 5 341
3022 5 346
3032 5 346
3042 5 346
3052 5 346
3062 5 351
3072 5 356
3082 5 356
3092 5 356
3102 5 356
3112 5 356
3122 5 356
3132 5 356
3142 5 361
3152 5 361
3162 5 361
3172 5 366
3182 5 366
3192 5 371
3202 5 371
3212 5 371
3222 5 371
3232 5 371
3242 5 371
3252 5 371
3262 5 376
3272 5 376
3282 5 376
3292 5 381
3302 5 386
3312 5 386
3322 5 386
3332 5 386
3342 5 386
3352 5 386
3362 5 386
3372 5 391
3382 5 391
3392 5 391
3402 5 391
3412 5 396
3422 5 401
3432 5 401
3442 5 401
3452 5 401
3462 5 401
3472 5 401
3482 5 401
3492 5 406
3502 5 406
3512 5 406
3522 5 411
3532 5 416
3542 5 416
3552 5 416
3562 5 416
3572 5 416
3582 5 416
3592 5 416
3602 5 421
3612 5 421
3622 5 421
3632 5 421
