 14045287823504495930 100250
 7945113548248993750 99930
 5629280629412862217 99840
 13397889897772269455 390
 13041375788975204976 0
 0 0
 13397889897772269455 160
 13279110208701627006 0
 0 0
 13397889897772269455 970
 13279110208701627006 0
 0 0
 13397889897772269455 610
 13041375788975204976 0
 0 0
 13397889897772269455 6000
 13041375788975204976 0
 0 0
 13397889897772269455 180
 5747166502646748242 0
 0 0
 13397889897772269455 640
 5747166502646748242 0
 0 0
 13397889897772269455 9690
 5747166502646748242 0
 0 0
 13397889897772269455 1080
 5747166502646748242 0
 0 0
 13397889897772269455 890
 13279110208701627006 0
 0 0
 13397889897772269455 161
 13279110208701627006 0
 0 0
 13397889897772269455 860
 5747166502646748242 0
 0 0
 13397889897772269455 2670
 13279110208701627006 0
 0 0
 13397889897772269455 2830
 13279110208701627006 0
 0 0
 13397889897772269455 5720
 13279110208701627006 0
 0 0
 13397889897772269455 4021
 5747166502646748242 0
 0 0
 13397889897772269455 3640
 5747166502646748242 0
 0 0
 13397889897772269455 3070
 13041375788975204976 0
 0 0
 13397889897772269455 4140
 5747166502646748242 0
 0 0
 13397889897772269455 2290
 13279110208701627006 0
 0 0
 13397889897772269455 2730
 5747166502646748242 0
 0 0
 13397889897772269455 280
 5747166502646748242 0
 0 0
 13397889897772269455 4191
 5747166502646748242 0
 0 0
 13397889897772269455 2100
 5747166502646748242 0
 0 0
 13397889897772269455 560
 13041375788975204976 0
 0 0
 13397889897772269455 5670
 13279110208701627006 0
 0 0
 13397889897772269455 1490
 13279110208701627006 0
 0 0
 13397889897772269455 570
 13279110208701627006 0
 0 0
 13397889897772269455 1360
 5747166502646748242 0
 0 0
 13397889897772269455 400
 5747166502646748242 0
 0 0
 13397889897772269455 1810
 5747166502646748242 0
 0 0
 13397889897772269455 660
 13041375788975204976 0
 0 0
 13397889897772269455 1070
 5747166502646748242 0
 0 0
 13397889897772269455 2260
 5747166502646748242 0
 0 0
 13397889897772269455 441
 13279110208701627006 0
 0 0
 13397889897772269455 210
 5747166502646748242 0
 0 0
 13397889897772269455 140
 13041375788975204976 0
 0 0
 13397889897772269455 860
 5747166502646748242 0
 0 0
 13397889897772269455 280
 5747166502646748242 0
 0 0
 13397889897772269455 2631
 5747166502646748242 0
 0 0
 13397889897772269455 440
 5747166502646748242 0
 0 0
 13397889897772269455 290
 13041375788975204976 0
 0 0
 13397889897772269455 530
 13041375788975204976 0
 0 0
 13397889897772269455 460
 13279110208701627006 0
 0 0
 13397889897772269455 2550
 13041375788975204976 0
 0 0
 13397889897772269455 280
 5747166502646748242 0
 0 0
 13397889897772269455 691
 13279110208701627006 0
 0 0
 13397889897772269455 4830
 5747166502646748242 0
 0 0
 13397889897772269455 1260
 13041375788975204976 0
 0 0
 13397889897772269455 2551
 13041375788975204976 0
 0 0
 13397889897772269455 2590
 5747166502646748242 0
 0 0
 13397889897772269455 3800
 119924503146786702 10
 5573601808535436667 0
 0 0
 9212947370709515447 9862
 9114383306722163014 0
 0 0
 119924503146786702 10
 5573601808535436667 0
 0 0
 9212947370709515447 13571
 17729706397765182296 0
 0 0
 119924503146786702 10
 5573601808535436667 0
 0 0
 9212947370709515447 2940
 17729706397765182296 0
 0 0
 119924503146786702 10
 5573601808535436667 0
 0 0
 9212947370709515447 35494
 16625553363241888940 0
 0 0
 119924503146786702 10
 5573601808535436667 0
 0 0
 9212947370709515447 2640
 12185467948114948657 0
 0 0
 119924503146786702 10
 5573601808535436667 0
 0 0
 9212947370709515447 9202
 18221738381933365929 0
 0 0
 119924503146786702 10
 5573601808535436667 0
 0 0
 9212947370709515447 26256
 7290203052617063749 11
 16786421041640028207 0
 0 0
 1493506233143168209 2100
 1820196535860421309 0
 0 0
 7290203052617063749 20
 13386893445948089179 0
 0 0
 1493506233143168209 3471
 6343415897563981810 0
 0 0
 7290203052617063749 140
 16786421041640028207 0
 0 0
 1493506233143168209 330
 6133466497358636685 0
 0 0
 7290203052617063749 30
 13386893445948089179 0
 0 0
 1493506233143168209 2050
 6343415897563981810 0
 0 0
 7290203052617063749 40
 16786421041640028207 0
 0 0
 1493506233143168209 9041
 2366869996341988628 0
 0 0
 7290203052617063749 70
 11426228786919798054 0
 0 0
 1493506233143168209 9270
 16385912503065362101 0
 0 0
 7290203052617063749 40
 11426228786919798054 0
 0 0
 1493506233143168209 5220
 4431767057746070366 0
 0 0
 7290203052617063749 30
 11426228786919798054 0
 0 0
 1493506233143168209 13970
 5132625036947825039 0
 0 0
 1493506233143168209 3480
 2352981486585064843 0
 0 0
 7290203052617063749 40
 11426228786919798054 0
 0 0
 1493506233143168209 1860
 4219299363931068621 0
 0 0
 7290203052617063749 40
 13386893445948089179 0
 0 0
 1493506233143168209 8940
 6343415897563981810 0
 0 0
 7290203052617063749 50
 16786421041640028207 0
 0 0
 1493506233143168209 11570
 5120741239161117538 0
 0 0
 7290203052617063749 40
 11426228786919798054 0
 0 0
 1493506233143168209 3601
 2366869996341988628 0
 0 0
 7290203052617063749 41
 11426228786919798054 0
 0 0
 1493506233143168209 3840
 5120741239161117538 0
 0 0
 7290203052617063749 20
 11426228786919798054 0
 0 0
 1493506233143168209 6850
 9846944371344028159 0
 0 0
 7290203052617063749 40
 16832955826984577652 0
 0 0
 7290203052617063749 20
 16786421041640028207 0
 0 0
 1493506233143168209 12570
 2352981486585064843 0
 0 0
 7290203052617063749 50
 16786421041640028207 0
 0 0
 1493506233143168209 440
 6133466497358636685 0
 0 0
 7290203052617063749 10
 16786421041640028207 0
 0 0
 1493506233143168209 650
 11669211761296708093 20
 18095143952467635026 0
 0 0
 6475763765614740980 110
 8238484264269638515 0
 0 0
 6475763765614740980 381
 2521098132180257307 0
 0 0
 6475763765614740980 211
 8238484264269638515 0
 0 0
 6475763765614740980 761
 14623686664826402557 0
 0 0
 11669211761296708093 20
 18095143952467635026 0
 0 0
 6475763765614740980 300
 7112873788592144913 0
 0 0
 11669211761296708093 20
 10908201159296235899 0
 0 0
 6475763765614740980 110
 4814317383813852423 0
 0 0
 11669211761296708093 30
 18095143952467635026 0
 0 0
 6475763765614740980 332
 4877126699554231691 0
 0 0
 6475763765614740980 140
 5153125577952694738 0
 0 0
 6475763765614740980 410
 16124528992531534867 0
 0 0
 6475763765614740980 40
 14186085376411709159 0
 0 0
 6475763765614740980 110
 15204024652815630440 0
 0 0
 6475763765614740980 70
 7112873788592144913 0
 0 0
 11669211761296708093 10
 18095143952467635026 0
 0 0
 6475763765614740980 420
 15204024652815630440 0
 0 0
 6475763765614740980 270
 14623686664826402557 0
 0 0
 11669211761296708093 10
 10908201159296235899 0
 0 0
 6475763765614740980 470
 16124528992531534867 0
 0 0
 6475763765614740980 1170
 14623686664826402557 0
 0 0
 11669211761296708093 51
 18095143952467635026 0
 0 0
 6475763765614740980 540
 14623686664826402557 0
 0 0
 11669211761296708093 20
 18095143952467635026 0
 0 0
 6475763765614740980 261
 2066962627162082401 0
 0 0
 11669211761296708093 10
 10908201159296235899 0
 0 0
 6475763765614740980 10
 2066962627162082401 0
 0 0
 11669211761296708093 10
 10908201159296235899 0
 0 0
 6475763765614740980 150
 8238484264269638515 0
 0 0
 6475763765614740980 60
 1047640538272367460 0
 0 0
 11669211761296708093 10
 13825243206474566135 0
 0 0
 6475763765614740980 140
 2521098132180257307 0
 0 0
 6475763765614740980 170
 14623686664826402557 0
 0 0
 11669211761296708093 10
 10908201159296235899 0
 0 0
 6475763765614740980 2401
 5153125577952694738 0
 0 0
 6475763765614740980 1450
 7112873788592144913 0
 0 0
 11669211761296708093 10
 10908201159296235899 0
 0 0
 6475763765614740980 170
 5098939371027366641 0
 0 0
 6475763765614740980 51
 16124528992531534867 0
 0 0
 6475763765614740980 1311
 13325861141066797208 0
 0 0
 11669211761296708093 10
 18095143952467635026 0
 0 0
 6475763765614740980 891
 1047640538272367460 0
 0 0
 11669211761296708093 20
 10908201159296235899 0
 0 0
 6475763765614740980 451
 930882140666492838 0
 0 0
 11669211761296708093 10
 10908201159296235899 0
 0 0
 6475763765614740980 900
 14186085376411709159 0
 0 0
 6475763765614740980 250
 13270064198117499683 0
 0 0
 11669211761296708093 30
 18095143952467635026 0
 0 0
 6475763765614740980 400
 16124528992531534867 0
 0 0
 6475763765614740980 70
 13325861141066797208 0
 0 0
 11669211761296708093 10
 18095143952467635026 0
 0 0
 6475763765614740980 580
 7112873788592144913 0
 0 0
 11669211761296708093 30
 10908201159296235899 0
 0 0
 6475763765614740980 440
 16124528992531534867 0
 0 0
 6475763765614740980 10
 3730206659162425091 0
 0 0
 6475763765614740980 180
 13325861141066797208 0
 0 0
 11669211761296708093 10
 18095143952467635026 0
 0 0
 6475763765614740980 30
 2066962627162082401 0
 0 0
 11669211761296708093 10
 10908201159296235899 0
 0 0
 6475763765614740980 261
 10795296152631283364 0
 0 0
 6475763765614740980 620
 930882140666492838 0
 0 0
 11669211761296708093 10
 18095143952467635026 0
 0 0
 6475763765614740980 310
 1047640538272367460 0
 0 0
 11669211761296708093 20
 18095143952467635026 0
 0 0
 6475763765614740980 340
 3730206659162425091 0
 0 0
 6475763765614740980 220
 5153125577952694738 0
 0 0
 6475763765614740980 30
 13270064198117499683 0
 0 0
 11669211761296708093 11
 10908201159296235899 0
 0 0
 6475763765614740980 210
 14186085376411709159 0
 0 0
 6475763765614740980 160
 3730206659162425091 0
 0 0
 6475763765614740980 290
 5821231066430130605 0
 0 0
 6475763765614740980 131
 1047640538272367460 0
 0 0
 11669211761296708093 20
 10908201159296235899 0
 0 0
 6475763765614740980 50
 930882140666492838 0
 0 0
 11669211761296708093 10
 18095143952467635026 0
 0 0
 6475763765614740980 690
 1047640538272367460 0
 0 0
 11669211761296708093 10
 18095143952467635026 0
 0 0
 6475763765614740980 220
 4814317383813852423 0
 0 0
 11669211761296708093 10
 18095143952467635026 0
 0 0
 6475763765614740980 31
 13325861141066797208 0
 0 0
 11669211761296708093 30
 18095143952467635026 0
 0 0
 6475763765614740980 2240
 15204024652815630440 0
 0 0
 6475763765614740980 180
 5098939371027366641 0
 0 0
 6475763765614740980 320
 13325861141066797208 0
 0 0
 11669211761296708093 10
 10908201159296235899 0
 0 0
 6475763765614740980 750
 1047640538272367460 0
 0 0
 11669211761296708093 10
 10908201159296235899 0
 0 0
 6475763765614740980 280
 16124528992531534867 0
 0 0
 6475763765614740980 960
 4877126699554231691 0
 0 0
 6475763765614740980 440
 1047640538272367460 0
 0 0
 11669211761296708093 20
 10908201159296235899 0
 0 0
 6475763765614740980 350
 16124528992531534867 0
 0 0
 6475763765614740980 330
 13270064198117499683 0
 0 0
 11669211761296708093 30
 18095143952467635026 0
 0 0
 6475763765614740980 240
 14186085376411709159 0
 0 0
 6475763765614740980 1280
 14186085376411709159 0
 0 0
 6475763765614740980 240
 1047640538272367460 0
 0 0
 11669211761296708093 30
 18095143952467635026 0
 0 0
 6475763765614740980 110
 930882140666492838 0
 0 0
 11669211761296708093 10
 10908201159296235899 0
 0 0
 6475763765614740980 720
 1047640538272367460 0
 0 0
 11669211761296708093 20
 10908201159296235899 0
 0 0
 6475763765614740980 460
 16548149792580671587 0
 0 0
 6475763765614740980 10
 14623686664826402557 0
 0 0
 11669211761296708093 10
 10908201159296235899 0
 0 0
 6475763765614740980 60
 1047640538272367460 0
 0 0
 11669211761296708093 10
 18095143952467635026 0
 0 0
 6475763765614740980 450
 14623686664826402557 0
 0 0
 11669211761296708093 10
 18095143952467635026 0
 0 0
 6475763765614740980 950
 5098939371027366641 0
 0 0
 6475763765614740980 481
 2521098132180257307 0
 0 0
 6475763765614740980 360
 13270064198117499683 0
 0 0
 11669211761296708093 20
 10908201159296235899 0
 0 0
 6475763765614740980 720
 1047640538272367460 0
 0 0
 11669211761296708093 10
 18095143952467635026 0
 0 0
 6475763765614740980 340
 5153125577952694738 0
 0 0
 6475763765614740980 712
 930882140666492838 0
 0 0
 11669211761296708093 10
 7599448575985713359 0
 0 0
 6475763765614740980 320
 4877126699554231691 0
 0 0
 6475763765614740980 101
 13270064198117499683 0
 0 0
 11669211761296708093 30
 18095143952467635026 0
 0 0
 6475763765614740980 201
 7112873788592144913 0
 0 0
 11669211761296708093 20
 18095143952467635026 0
 0 0
 6475763765614740980 300
 13270064198117499683 0
 0 0
 11669211761296708093 11
 18095143952467635026 0
 0 0
 6475763765614740980 260
 12968716754345432422 0
 0 0
 6475763765614740980 220
 1047640538272367460 0
 0 0
 11669211761296708093 10
 18095143952467635026 0
 0 0
 6475763765614740980 380
 2066962627162082401 0
 0 0
 11669211761296708093 10
 10908201159296235899 0
 0 0
 6475763765614740980 90
 5821231066430130605 0
 0 0
 6475763765614740980 110
 15204024652815630440 0
 0 0
 6475763765614740980 21
 2521098132180257307 0
 0 0
 6475763765614740980 30
 3730206659162425091 0
 0 0
 6475763765614740980 80
 5821231066430130605 0
 0 0
 6475763765614740980 1190
 3730206659162425091 0
 0 0
 6475763765614740980 90
 3730206659162425091 0
 0 0
 6475763765614740980 390
 5098939371027366641 0
 0 0
 6475763765614740980 1061
 2066962627162082401 0
 0 0
 11669211761296708093 10
 10908201159296235899 0
 0 0
 6475763765614740980 780
 3730206659162425091 0
 0 0
 6475763765614740980 1760
 930882140666492838 0
 0 0
 11669211761296708093 10
 10908201159296235899 0
 0 0
 6475763765614740980 50
 4814317383813852423 0
 0 0
 11669211761296708093 11
 18095143952467635026 0
 0 0
 6475763765614740980 381
 13270064198117499683 0
 0 0
 11669211761296708093 11
 18095143952467635026 0
 0 0
 6475763765614740980 10
 1047640538272367460 0
 0 0
 11669211761296708093 10
 10908201159296235899 0
 0 0
 6475763765614740980 470
 5328203886409600298 0
 0 0
 6475763765614740980 70
 1047640538272367460 0
 0 0
 11669211761296708093 10
 18095143952467635026 0
 0 0
 6475763765614740980 160
 5153125577952694738 0
 0 0
 6475763765614740980 520
 3730206659162425091 0
 0 0
 6475763765614740980 60
 1047640538272367460 0
 0 0
 11669211761296708093 10
 10908201159296235899 0
 0 0
 6475763765614740980 700
 5328203886409600298 0
 0 0
 6475763765614740980 290
 15204024652815630440 0
 0 0
 6475763765614740980 670
 2521098132180257307 0
 0 0
 6475763765614740980 400
 1047640538272367460 0
 0 0
 11669211761296708093 10
 18095143952467635026 0
 0 0
 6475763765614740980 30
 5153125577952694738 0
 0 0
 6475763765614740980 651
 4877126699554231691 0
 0 0
 6475763765614740980 1031
 4877126699554231691 0
 0 0
 6475763765614740980 10
 14186085376411709159 0
 0 0
 6475763765614740980 1080
 930882140666492838 0
 0 0
 11669211761296708093 10
 10908201159296235899 0
 0 0
 6475763765614740980 280
 7112873788592144913 0
 0 0
 11669211761296708093 11
 10908201159296235899 0
 0 0
 6475763765614740980 680
 5153125577952694738 0
 0 0
 6475763765614740980 431
 16124528992531534867 0
 0 0
 6475763765614740980 300
 5153125577952694738 0
 0 0
 6475763765614740980 250
 1047640538272367460 0
 0 0
 11669211761296708093 31
 10908201159296235899 0
 0 0
 6475763765614740980 591
 7112873788592144913 0
 0 0
 11669211761296708093 10
 10908201159296235899 0
 0 0
 6475763765614740980 580
 13325861141066797208 0
 0 0
 11669211761296708093 20
 10908201159296235899 0
 0 0
 6475763765614740980 11
 5153125577952694738 0
 0 0
 6475763765614740980 241
 3730206659162425091 0
 0 0
 6475763765614740980 460
 1047640538272367460 0
 0 0
 11669211761296708093 10
 18095143952467635026 0
 0 0
 6475763765614740980 780
 5098939371027366641 0
 0 0
 6475763765614740980 170
 7112873788592144913 0
 0 0
 11669211761296708093 10
 18095143952467635026 0
 0 0
 6475763765614740980 101
 930882140666492838 0
 0 0
 11669211761296708093 10
 18095143952467635026 0
 0 0
 6475763765614740980 51
 7112873788592144913 0
 0 0
 11669211761296708093 11
 10908201159296235899 0
 0 0
 6475763765614740980 470
 14623686664826402557 0
 0 0
 11669211761296708093 10
 18095143952467635026 0
 0 0
 6475763765614740980 80
 14186085376411709159 0
 0 0
 6475763765614740980 260
 5098939371027366641 0
 0 0
 6475763765614740980 391
 14623686664826402557 0
 0 0
 11669211761296708093 10
 10908201159296235899 0
 0 0
 6475763765614740980 510
 5153125577952694738 0
 0 0
 6475763765614740980 110
 3730206659162425091 0
 0 0
 6475763765614740980 330
 13270064198117499683 0
 0 0
 11669211761296708093 11
 18095143952467635026 0
 0 0
 6475763765614740980 450
 13325861141066797208 0
 0 0
 11669211761296708093 20
 18070926253808025855 0
 0 0
 6475763765614740980 210
 4814317383813852423 0
 0 0
 11669211761296708093 30
 18095143952467635026 0
 0 0
 6475763765614740980 650
 5153125577952694738 0
 0 0
 6475763765614740980 610
 15204024652815630440 0
 0 0
 6475763765614740980 440
 930882140666492838 0
 0 0
 11669211761296708093 21
 10908201159296235899 0
 0 0
 6475763765614740980 1280
 1047640538272367460 0
 0 0
 11669211761296708093 10
 18095143952467635026 0
 0 0
 6475763765614740980 910
 13270064198117499683 0
 0 0
 11669211761296708093 10
 18095143952467635026 0
 0 0
 6475763765614740980 50
 2066962627162082401 0
 0 0
 11669211761296708093 11
 10908201159296235899 0
 0 0
 6475763765614740980 60
 5098939371027366641 0
 0 0
 6475763765614740980 150
 15204024652815630440 0
 0 0
 6475763765614740980 30
 930882140666492838 0
 0 0
 11669211761296708093 10
 10908201159296235899 0
 0 0
 6475763765614740980 140
 5821231066430130605 0
 0 0
 6475763765614740980 40
 930882140666492838 0
 0 0
 11669211761296708093 20
 10908201159296235899 0
 0 0
 6475763765614740980 21
 4814317383813852423 0
 0 0
 11669211761296708093 10
 18095143952467635026 0
 0 0
 6475763765614740980 101
 5821231066430130605 0
 0 0
 6475763765614740980 980
 4877126699554231691 0
 0 0
 6475763765614740980 140
 5153125577952694738 0
 0 0
 6475763765614740980 100
 5153125577952694738 0
 0 0
 6475763765614740980 410
 13270064198117499683 0
 0 0
 11669211761296708093 10
 18095143952467635026 0
 0 0
 6475763765614740980 111
 8238484264269638515 0
 0 0
 6475763765614740980 90
 5328203886409600298 0
 0 0
 6475763765614740980 200
 5098939371027366641 0
 0 0
 6475763765614740980 240
 930882140666492838 0
 0 0
 11669211761296708093 10
 10908201159296235899 0
 0 0
 6475763765614740980 141
 16124528992531534867 0
 0 0
 6475763765614740980 130
 14623686664826402557 0
 0 0
 11669211761296708093 20
 10908201159296235899 0
 0 0
 6475763765614740980 100
 2066962627162082401 0
 0 0
 11669211761296708093 10
 18095143952467635026 0
 0 0
 6475763765614740980 480
 5153125577952694738 0
 0 0
 6475763765614740980 281
 13325861141066797208 0
 0 0
 11669211761296708093 10
 18095143952467635026 0
 0 0
 6475763765614740980 330
 13325861141066797208 0
 0 0
 11669211761296708093 10
 10908201159296235899 0
 0 0
 6475763765614740980 480
 13270064198117499683 0
 0 0
 11669211761296708093 10
 15439337120583033143 0
 0 0
 6475763765614740980 1190
 7112873788592144913 0
 0 0
 11669211761296708093 30
 18095143952467635026 0
 0 0
 6475763765614740980 130
 4814317383813852423 0
 0 0
 11669211761296708093 20
 10908201159296235899 0
 0 0
 6475763765614740980 1660
 930882140666492838 0
 0 0
 11669211761296708093 10
 10908201159296235899 0
 0 0
 6475763765614740980 380
 14186085376411709159 0
 0 0
 6475763765614740980 910
 15204024652815630440 0
 0 0
 6475763765614740980 470
 3730206659162425091 0
 0 0
 6475763765614740980 160
 5153125577952694738 0
 0 0
 6475763765614740980 530
 7112873788592144913 0
 0 0
 11669211761296708093 20
 18095143952467635026 0
 0 0
 6475763765614740980 11
 1047640538272367460 0
 0 0
 11669211761296708093 11
 18095143952467635026 0
 0 0
 6475763765614740980 641
 1047640538272367460 0
 0 0
 11669211761296708093 20
 18095143952467635026 0
 0 0
 6475763765614740980 520
 2066962627162082401 0
 0 0
 11669211761296708093 10
 10908201159296235899 0
 0 0
 6475763765614740980 91
 14623686664826402557 0
 0 0
 11669211761296708093 30
 10908201159296235899 0
 0 0
 6475763765614740980 50
 3730206659162425091 0
 0 0
 6475763765614740980 170
 1047640538272367460 0
 0 0
 11669211761296708093 20
 18095143952467635026 0
 0 0
 6475763765614740980 320
 13325861141066797208 0
 0 0
 11669211761296708093 20
 10908201159296235899 0
 0 0
 6475763765614740980 180
 4877126699554231691 0
 0 0
 6475763765614740980 150
 16124528992531534867 0
 0 0
 6475763765614740980 250
 5328203886409600298 0
 0 0
 6475763765614740980 600
 13325861141066797208 0
 0 0
 11669211761296708093 10
 18095143952467635026 0
 0 0
 6475763765614740980 360
 4814317383813852423 0
 0 0
 11669211761296708093 10
 18095143952467635026 0
 0 0
 6475763765614740980 450
 4877126699554231691 0
 0 0
 6475763765614740980 980
 15204024652815630440 0
 0 0
 6475763765614740980 240
 4877126699554231691 0
 0 0
 6475763765614740980 470
 7112873788592144913 0
 0 0
 11669211761296708093 20
 18095143952467635026 0
 0 0
 6475763765614740980 270
 5328203886409600298 0
 0 0
 6475763765614740980 1180
 930882140666492838 0
 0 0
 11669211761296708093 20
 10908201159296235899 0
 0 0
 6475763765614740980 700
 5153125577952694738 0
 0 0
 6475763765614740980 270
 8238484264269638515 0
 0 0
 6475763765614740980 590
 1047640538272367460 0
 0 0
 11669211761296708093 10
 10908201159296235899 0
 0 0
 6475763765614740980 371
 8238484264269638515 0
 0 0
 6475763765614740980 610
 13325861141066797208 0
 0 0
 11669211761296708093 20
 18095143952467635026 0
 0 0
 6475763765614740980 231
 4814317383813852423 0
 0 0
 11669211761296708093 10
 10908201159296235899 0
 0 0
 6475763765614740980 470
 5153125577952694738 0
 0 0
 6475763765614740980 252
 2521098132180257307 0
 0 0
 6475763765614740980 1110
 14623686664826402557 0
 0 0
 11669211761296708093 10
 10908201159296235899 0
 0 0
 6475763765614740980 271
 4595895543679258572 0
 0 0
 6475763765614740980 360
 1047640538272367460 0
 0 0
 11669211761296708093 10
 18095143952467635026 0
 0 0
 6475763765614740980 501
 13270064198117499683 0
 0 0
 11669211761296708093 10
 10908201159296235899 0
 0 0
 6475763765614740980 80
 16548149792580671587 0
 0 0
 6475763765614740980 20
 14623686664826402557 0
 0 0
 11669211761296708093 10
 10908201159296235899 0
 0 0
 6475763765614740980 601
 930882140666492838 0
 0 0
 11669211761296708093 11
 18095143952467635026 0
 0 0
 6475763765614740980 260
 5098939371027366641 0
 0 0
 6475763765614740980 410
 5098939371027366641 0
 0 0
 6475763765614740980 240
 930882140666492838 0
 0 0
 11669211761296708093 11
 18095143952467635026 0
 0 0
 6475763765614740980 110
 5098939371027366641 0
 0 0
 6475763765614740980 90
 13270064198117499683 0
 0 0
 11669211761296708093 20
 10908201159296235899 0
 0 0
 6475763765614740980 60
 2521098132180257307 0
 0 0
 6475763765614740980 50
 2066962627162082401 0
 0 0
 11669211761296708093 10
 18095143952467635026 0
 0 0
 6475763765614740980 110
 15204024652815630440 0
 0 0
 6475763765614740980 370
 1047640538272367460 0
 0 0
 11669211761296708093 11
 10908201159296235899 0
 0 0
 6475763765614740980 230
 13325861141066797208 0
 0 0
 11669211761296708093 10
 10908201159296235899 0
 0 0
 6475763765614740980 390
 930882140666492838 0
 0 0
 11669211761296708093 10
 18095143952467635026 0
 0 0
 6475763765614740980 371
 14623686664826402557 0
 0 0
 11669211761296708093 20
 10908201159296235899 0
 0 0
 6475763765614740980 120
 4877126699554231691 0
 0 0
 6475763765614740980 650
 7112873788592144913 0
 0 0
 11669211761296708093 10
 10908201159296235899 0
 0 0
 6475763765614740980 300
 4814317383813852423 0
 0 0
 11669211761296708093 11
 18095143952467635026 0
 0 0
 6475763765614740980 81
 7112873788592144913 0
 0 0
 11669211761296708093 10
 10908201159296235899 0
 0 0
 6475763765614740980 110
 2066962627162082401 0
 0 0
 11669211761296708093 20
 10908201159296235899 0
 0 0
 6475763765614740980 70
 15204024652815630440 0
 0 0
 6475763765614740980 800
 2066962627162082401 0
 0 0
 11669211761296708093 10
 18095143952467635026 0
 0 0
 6475763765614740980 430
 5328203886409600298 0
 0 0
 6475763765614740980 490
 930882140666492838 0
 0 0
 11669211761296708093 10
 18095143952467635026 0
 0 0
 6475763765614740980 30
 13325861141066797208 0
 0 0
 11669211761296708093 10
 18095143952467635026 0
 0 0
 6475763765614740980 10
 930882140666492838 0
 0 0
 11669211761296708093 10
 10908201159296235899 0
 0 0
 6475763765614740980 20
 14186085376411709159 0
 0 0
 6475763765614740980 130
 16548149792580671587 0
 0 0
 6475763765614740980 160
 8238484264269638515 0
 0 0
 6475763765614740980 490
 930882140666492838 0
 0 0
 11669211761296708093 20
 10908201159296235899 0
 0 0
 6475763765614740980 650
 5328203886409600298 0
 0 0
 6475763765614740980 20
 13270064198117499683 0
 0 0
 11669211761296708093 10
 18095143952467635026 0
 0 0
 6475763765614740980 580
 5821231066430130605 0
 0 0
 6475763765614740980 411
 16548149792580671587 0
 0 0
 6475763765614740980 950
 3730206659162425091 0
 0 0
 6475763765614740980 1511
 2066962627162082401 0
 0 0
 11669211761296708093 10
 18095143952467635026 0
 0 0
 6475763765614740980 530
 930882140666492838 0
 0 0
 11669211761296708093 10
 18095143952467635026 0
 0 0
 6475763765614740980 501
 2521098132180257307 0
 0 0
 6475763765614740980 1380
 13325861141066797208 0
 0 0
 11669211761296708093 10
 10908201159296235899 0
 0 0
 6475763765614740980 201
 4877126699554231691 0
 0 0
 6475763765614740980 450
 5153125577952694738 0
 0 0
 6475763765614740980 20
 5153125577952694738 0
 0 0
 6475763765614740980 330
 5098939371027366641 0
 0 0
 6475763765614740980 863
 8238484264269638515 0
 0 0
 6475763765614740980 190
 2066962627162082401 0
 0 0
 11669211761296708093 10
 18095143952467635026 0
 0 0
 6475763765614740980 300
 5821231066430130605 0
 0 0
 6475763765614740980 200
 7112873788592144913 0
 0 0
 11669211761296708093 10
 10908201159296235899 0
 0 0
 6475763765614740980 280
 5821231066430130605 0
 0 0
 6475763765614740980 250
 13100569344958550388 10
 6692060262016812545 0
 0 0
 13343346262744745017 42
 14662384049912559493 0
 0 0
 5253267357301905078 2091
 661578852665165481 0
 0 0
 5253267357301905078 532
 18117242787447168870 0
 0 0
 5253267357301905078 1260
 15578517665349791704 0
 0 0
 5253267357301905078 50
 8428444810596529306 0
 0 0
 15258869277366598143 50
 3627438211294048730 0
 0 0
 5253267357301905078 200
 9873533146273318812 0
 0 0
 13343346262744745017 20
 4065993207214450609 0
 0 0
 5253267357301905078 270
 11753596671887654724 0
 0 0
 13343346262744745017 61
 15153138770604846886 0
 0 0
 13100569344958550388 10
 6692060262016812545 0
 0 0
 13343346262744745017 10
 4438659740812276639 0
 0 0
 5253267357301905078 441
 11753596671887654724 0
 0 0
 13343346262744745017 60
 17517255776400771229 0
 0 0
 5253267357301905078 500
 11753596671887654724 0
 0 0
 13343346262744745017 30
 1172813477070247683 0
 0 0
 5253267357301905078 640
 9873533146273318812 0
 0 0
 13343346262744745017 30
 17517255776400771229 0
 0 0
 5253267357301905078 1210
 14172387908678458559 0
 0 0
 5253267357301905078 60
 9873533146273318812 0
 0 0
 13343346262744745017 10
 4438659740812276639 0
 0 0
 5253267357301905078 190
 10959819632585276158 0
 0 0
 5253267357301905078 800
 2674080631264211961 0
 0 0
 5253267357301905078 2111
 661578852665165481 0
 0 0
 5253267357301905078 1480
 4859946643653809776 0
 0 0
 5253267357301905078 3210
 9873533146273318812 0
 0 0
 13343346262744745017 41
 1279837555206824420 0
 0 0
 13343346262744745017 104
 1172813477070247683 0
 0 0
 5253267357301905078 3290
 11753596671887654724 0
 0 0
 13343346262744745017 30
 1172813477070247683 0
 0 0
 5253267357301905078 4630
 11753596671887654724 0
 0 0
 13343346262744745017 51
 1172813477070247683 0
 0 0
 5253267357301905078 490
 9873533146273318812 0
 0 0
 13343346262744745017 90
 17517255776400771229 0
 0 0
 5253267357301905078 190
 11753596671887654724 0
 0 0
 13343346262744745017 120
 4065993207214450609 0
 0 0
 5253267357301905078 1300
 11753596671887654724 0
 0 0
 13343346262744745017 30
 14662384049912559493 0
 0 0
 5253267357301905078 380
 9873533146273318812 0
 0 0
 13343346262744745017 20
 14662384049912559493 0
 0 0
 5253267357301905078 12
 5761205511636414752 0
 0 0
 5253267357301905078 1600
 11753596671887654724 0
 0 0
 13343346262744745017 20
 4065993207214450609 0
 0 0
 5253267357301905078 3250
 9873533146273318812 0
 0 0
 13343346262744745017 10
 1172813477070247683 0
 0 0
 5253267357301905078 290
 9873533146273318812 0
 0 0
 13343346262744745017 142
 1172813477070247683 0
 0 0
 5253267357301905078 1640
 7675259300875689195 0
 0 0
 15258869277366598143 20
 3627438211294048730 0
 0 0
 5253267357301905078 2210
 9873533146273318812 0
 0 0
 13343346262744745017 71
 4065993207214450609 0
 0 0
 5253267357301905078 1160
 9873533146273318812 0
 0 0
 13343346262744745017 143
 4438659740812276639 0
 0 0
 5253267357301905078 1680
 11753596671887654724 0
 0 0
 13343346262744745017 30
 4065993207214450609 0
 0 0
 5253267357301905078 1561
 9873533146273318812 0
 0 0
 13343346262744745017 130
 17517255776400771229 0
 0 0
 5253267357301905078 170
 9873533146273318812 0
 0 0
 13343346262744745017 11
 4438659740812276639 0
 0 0
 5253267357301905078 110
 2674080631264211961 0
 0 0
 5253267357301905078 710
 9873533146273318812 0
 0 0
 13343346262744745017 150
 1172813477070247683 0
 0 0
 5253267357301905078 191
 9873533146273318812 0
 0 0
 13343346262744745017 50
 14662384049912559493 0
 0 0
 5253267357301905078 491
 9873533146273318812 0
 0 0
 13343346262744745017 20
 1172813477070247683 0
 0 0
 5253267357301905078 1600
 6171893158105837756 0
 0 0
 1286905886066009264 10
 11214189578944432811 0
 0 0
 5253267357301905078 120
 11753596671887654724 0
 0 0
 13343346262744745017 50
 1172813477070247683 0
 0 0
 5253267357301905078 2531
 9873533146273318812 0
 0 0
 13343346262744745017 20
 14662384049912559493 0
 0 0
 5253267357301905078 180
 11753596671887654724 0
 0 0
 13343346262744745017 20
 15187965748151723918 0
 0 0
 5253267357301905078 330
 9873533146273318812 0
 0 0
 13343346262744745017 31
 8069507138987122974 0
 0 0
 5253267357301905078 122
 9873533146273318812 0
 0 0
 13343346262744745017 40
 1172813477070247683 0
 0 0
 5253267357301905078 610
 9873533146273318812 0
 0 0
 13343346262744745017 10
 4065993207214450609 0
 0 0
 5253267357301905078 470
 11753596671887654724 0
 0 0
 13343346262744745017 110
 14662384049912559493 0
 0 0
 5253267357301905078 580
 11753596671887654724 0
 0 0
 13343346262744745017 11
 4438659740812276639 0
 0 0
 5253267357301905078 2611
 9873533146273318812 0
 0 0
 13343346262744745017 20
 15187965748151723918 0
 0 0
 5253267357301905078 620
 9873533146273318812 0
 0 0
 13343346262744745017 10
 15187965748151723918 0
 0 0
 5253267357301905078 2961
 9873533146273318812 0
 0 0
 13343346262744745017 10
 1279837555206824420 0
 0 0
 13343346262744745017 10
 4065993207214450609 0
 0 0
 5253267357301905078 60
 3156047680596842344 0
 0 0
 5253267357301905078 840
 11753596671887654724 0
 0 0
 13343346262744745017 20
 14662384049912559493 0
 0 0
 5253267357301905078 2570
 11753596671887654724 0
 0 0
 13343346262744745017 10
 17517255776400771229 0
 0 0
 5253267357301905078 2770
 8428444810596529306 0
 0 0
 15258869277366598143 10
 14222647493961196142 0
 0 0
 5253267357301905078 540
 11753596671887654724 0
 0 0
 13343346262744745017 121
 14662384049912559493 0
 0 0
 5253267357301905078 840
 11753596671887654724 0
 0 0
 13343346262744745017 30
 17517255776400771229 0
 0 0
 5253267357301905078 220
 10959819632585276158 0
 0 0
 5253267357301905078 1540
 9141917747510236720 0
 0 0
 15258869277366598143 10
 14222647493961196142 0
 0 0
 5253267357301905078 3070
 9873533146273318812 0
 0 0
 13343346262744745017 30
 4438659740812276639 0
 0 0
 5253267357301905078 2320
 9873533146273318812 0
 0 0
 13343346262744745017 40
 15187965748151723918 0
 0 0
 5253267357301905078 240
 9873533146273318812 0
 0 0
 13343346262744745017 10
 14662384049912559493 0
 0 0
 5253267357301905078 4620
 11753596671887654724 0
 0 0
 13343346262744745017 50
 17517255776400771229 0
 0 0
 5253267357301905078 170
 11753596671887654724 0
 0 0
 13343346262744745017 31
 15187965748151723918 0
 0 0
 5253267357301905078 3310
 11753596671887654724 0
 0 0
 13343346262744745017 50
 4065993207214450609 0
 0 0
 5253267357301905078 2010
 9873533146273318812 0
 0 0
 13343346262744745017 40
 4065993207214450609 0
 0 0
 5253267357301905078 550
 9873533146273318812 0
 0 0
 13343346262744745017 11
 17517255776400771229 0
 0 0
 5253267357301905078 830
 8977897169973363535 0
 0 0
 5253267357301905078 460
 9873533146273318812 0
 0 0
 13343346262744745017 61
 15187965748151723918 0
 0 0
 5253267357301905078 2760
 9873533146273318812 0
 0 0
 13343346262744745017 70
 4438659740812276639 0
 0 0
 5253267357301905078 1700
 15264819954235199369 0
 0 0
 5253267357301905078 3251
 11753596671887654724 0
 0 0
 13343346262744745017 10
 15187965748151723918 0
 0 0
 5253267357301905078 5080
 9873533146273318812 0
 0 0
 13343346262744745017 10
 4438659740812276639 0
 0 0
 5253267357301905078 600
 9873533146273318812 0
 0 0
 13343346262744745017 20
 17517255776400771229 0
 0 0
 5253267357301905078 3350
 3156047680596842344 0
 0 0
 5253267357301905078 130
 9873533146273318812 0
 0 0
 13343346262744745017 90
 14662384049912559493 0
 0 0
 5253267357301905078 140
 9873533146273318812 0
 0 0
 13343346262744745017 20
 1172813477070247683 0
 0 0
 5253267357301905078 230
 14813813649068633253 20
 5852153768622401493 0
 0 0
 17989954882692495230 10
 1171177959470507664 0
 0 0
 5759579832777875882 1081
 4150637603833314094 0
 0 0
 5759579832777875882 2440
 13649279396261582877 0
 0 0
 5759579832777875882 121
 8847968792504082442 0
 0 0
 14813813649068633253 40
 16547216530448427624 0
 0 0
 14813813649068633253 20
 14266958587785789909 0
 0 0
 14813813649068633253 10
 17950140182527008075 0
 0 0
 5759579832777875882 2160
 17650156521401266872 0
 0 0
 14813813649068633253 10
 17950140182527008075 0
 0 0
 5759579832777875882 1640
 10378556632925635413 0
 0 0
 14813813649068633253 10
 7460372685540702079 0
 0 0
 5759579832777875882 910
 17650156521401266872 0
 0 0
 14813813649068633253 10
 17950140182527008075 0
 0 0
 5759579832777875882 4001
 17650156521401266872 0
 0 0
 14813813649068633253 10
 16602965566619710727 0
 0 0
 5759579832777875882 2630
 8847968792504082442 0
 0 0
 14813813649068633253 10
 7460372685540702079 0
 0 0
 5759579832777875882 4190
 6129749851046178486 0
 0 0
 8619339997181952137 10
 1630637626631177314 0
 0 0
 8619339997181952137 10
 2137784499585459124 0
 0 0
 328893818354910433 20
 6948725621861869395 0
 0 0
 8619339997181952137 10
 5252121853198308799 0
 0 0
 5759579832777875882 2030
 10378556632925635413 0
 0 0
 14813813649068633253 10
 7460372685540702079 0
 0 0
 5759579832777875882 940
 13703714303678231276 0
 0 0
 14813813649068633253 20
 14266958587785789909 0
 0 0
 14813813649068633253 20
 7460372685540702079 0
 0 0
 5759579832777875882 4240
 8561672199432623212 0
 0 0
 14813813649068633253 10
 17950140182527008075 0
 0 0
 5759579832777875882 1410
 6296151174951968935 0
 0 0
 15592727875205933900 10
 7550575166285798082 0
 0 0
 8619339997181952137 50
 1630637626631177314 0
 0 0
 8619339997181952137 10
 2137784499585459124 0
 0 0
 328893818354910433 11
 17498664747441353144 0
 0 0
 8619339997181952137 10
 1412532093470046903 0
 0 0
 8619339997181952137 80
 17989663141603598654 0
 0 0
 8619339997181952137 10
 1630637626631177314 0
 0 0
 8619339997181952137 10
 2137784499585459124 0
 0 0
 328893818354910433 10
 1160109807758478087 0
 0 0
 8619339997181952137 11
 1412532093470046903 0
 0 0
 8619339997181952137 20
 1412532093470046903 0
 0 0
 8619339997181952137 40
 2137784499585459124 0
 0 0
 328893818354910433 10
 7076987142348400859 0
 0 0
 8619339997181952137 20
 2137784499585459124 0
 0 0
 328893818354910433 10
 1160109807758478087 0
 0 0
 8619339997181952137 41
 7365034268536971931 0
 0 0
 14813813649068633253 11
 17950140182527008075 0
 0 0
 5759579832777875882 1270
 17650156521401266872 0
 0 0
 14813813649068633253 10
 14266958587785789909 0
 0 0
 14813813649068633253 20
 7460372685540702079 0
 0 0
 5759579832777875882 471
 10831062959172327438 0
 0 0
 14813813649068633253 10
 17950140182527008075 0
 0 0
 5759579832777875882 7210
 8847968792504082442 0
 0 0
 14813813649068633253 30
 14266958587785789909 0
 0 0
 14813813649068633253 10
 7460372685540702079 0
 0 0
 5759579832777875882 4650
 13703714303678231276 0
 0 0
 14813813649068633253 20
 14266958587785789909 0
 0 0
 14813813649068633253 10
 7460372685540702079 0
 0 0
 5759579832777875882 7870
 1037129797802314122 0
 0 0
 5759579832777875882 70
 8561672199432623212 0
 0 0
 14813813649068633253 30
 17950140182527008075 0
 0 0
 5759579832777875882 4030
 17650156521401266872 0
 0 0
 14813813649068633253 20
 7460372685540702079 0
 0 0
 5759579832777875882 4520
 8847968792504082442 0
 0 0
 14813813649068633253 10
 5815157450669088151 0
 0 0
 14813813649068633253 10
 7460372685540702079 0
 0 0
 5759579832777875882 8710
 13703714303678231276 0
 0 0
 14813813649068633253 20
 7460372685540702079 0
 0 0
 5759579832777875882 1351
 10552841371665499852 0
 0 0
 5759579832777875882 3300
 8561672199432623212 0
 0 0
 14813813649068633253 10
 7460372685540702079 0
 0 0
 5759579832777875882 2980
 15937047433810355291 0
 0 0
 14813813649068633253 10
 7460372685540702079 0
 0 0
 5759579832777875882 7690
 6296151174951968935 0
 0 0
 15592727875205933900 10
 11418667618088056292 0
 0 0
 5759579832777875882 380
 1037129797802314122 0
 0 0
 5759579832777875882 260
 3954395071399402612 0
 0 0
 14813813649068633253 20
 17950140182527008075 0
 0 0
 5759579832777875882 1150
 11250400670466975530 0
 0 0
 15592727875205933900 10
 11418667618088056292 0
 0 0
 5759579832777875882 3970
 2726635427122988389 0
 0 0
 8619339997181952137 30
 2137784499585459124 0
 0 0
 328893818354910433 10
 4304937923021505425 0
 0 0
 5759579832777875882 3540
 8561672199432623212 0
 0 0
 14813813649068633253 10
 17950140182527008075 0
 0 0
 5759579832777875882 3871
 10831062959172327438 0
 0 0
 14813813649068633253 11
 14829079338694352702 0
 0 0
 14813813649068633253 11
 16602965566619710727 0
 0 0
