100 648550 648550
200 1292890 1293750
300 1895190 1896050
400 2464240 2465690
500 3025081 3027001
600 3549532 3551452
700 4069165 4071865
800 4562524 4565004
900 5048656 5052598
1000 5503676 5507876
1100 5958426 5962378
1200 6381923 6386576
1300 6802888 6807863
1400 7209393 7215731
1500 7607399 7613379
1600 8002582 8010588
1700 8373704 8383941
1800 8747377 8757473
1900 9108690 9121413
2000 9454750 9467681
2100 9801759 9813726
2200 10134371 10149274
2300 10456537 10471978
2400 10779301 10794533
2500 11094606 11110903
2600 11398566 11414863
2700 11702316 11718613
2800 12004368 12021663
2900 12269049 12286469
3000 12534683 12552008
3100 12800060 12817612
3200 13062039 13080185
3300 13315233 13333288
3400 13567430 13586278
3500 13820680 13839194
3600 14062501 14082941
3700 14288178 14309477
3800 14513536 14536179
3900 14741846 14763197
4000 14967447 14989824
4100 15182348 15209888
4200 15404271 15431584
