100 209460 212700
200 430765 437005
300 652138 660711
400 865663 879362
500 1078272 1098618
600 1299516 1322523
700 1503429 1532377
800 1686202 1723351
900 1845312 1901145
1000 1998703 2055777
1100 2141766 2204279
1200 2257412 2339957
1300 2333544 2465179
1400 2435918 2591732
1500 2545510 2711228
1600 2642568 2823789
1700 2718672 2930766
1800 2800235 3037316
1900 2846138 3133394
2000 2916265 3231181
2100 3000778 3329338
2200 3064940 3418808
2300 3113113 3507066
2400 3165483 3592944
2500 3205183 3677404
2600 3230508 3759042
2700 3272692 3840444
2800 3328796 3924194
2900 3400308 4010005
3000 3449419 4085486
3100 3502931 4161783
3200 3536838 4235253
3300 3581324 4309209
3400 3611576 4381096
3500 3649613 4453213
3600 3684634 4525800
3700 3719501 4595021
3800 3771522 4665615
3900 3805701 4735092
4000 3855865 4807286
4100 3900456 4877387
4200 3907011 4939985
