100 520895 524636
200 915843 926335
300 1227650 1241952
400 1470557 1488072
500 1666775 1700171
600 1835628 1893290
700 1999535 2059280
800 2150118 2216192
900 2274313 2358777
1000 2354803 2487956
1100 2464688 2618415
1200 2577981 2740109
1300 2679999 2856678
1400 2750779 2965003
1500 2812738 3071070
1600 2883099 3174502
1700 2954736 3274186
1800 3026288 3370442
1900 3100826 3465643
2000 3141348 3552557
2100 3200945 3643003
2200 3222702 3724765
2300 3260424 3807518
2400 3303864 3892318
2500 3376464 3980270
2600 3435809 4060823
2700 3498857 4140434
2800 3524324 4213257
2900 3571755 4290193
3000 3613242 4364579
3100 3645356 4437393
3200 3693976 4512263
3300 3725104 4582504
3400 3770960 4653688
3500 3810550 4724696
3600 3864711 4799251
3700 3901736 4870060
3800 3909735 4932823
3900 3922470 4994956
4000 3937436 5057256
4100 3956117 5119330
4200 3983194 5182523
4300 4003759 5245743
4400 4015769 5307230
4500 4041413 5368592
4600 4072497 5431958
4700 4100714 5494623
4800 4129090 5555596
4900 4171755 5619090
5000 4203431 5681223
5100 4213914 5739461
5200 4230108 5798194
5300 4253795 5856113
5400 4280148 5915227
5500 4301388 5974123
5600 4310284 6030674
5700 4327247 6087154
5800 4350081 6144632
5900 4367092 6201486
6000 4391790 6258754
6100 4419742 6316917
6200 4439052 6371911
6300 4470871 6429456
6400 4504796 6487084
6500 4517043 6539933
6600 4533208 6592694
6700 4564150 6648383
6800 4587458 6701931
6900 4602019 6754701
7000 4618564 6807384
7100 4631369 6860255
7200 4645048 6912788
7300 4665249 6965162
7400 4688221 7018447
7500 4703121 7070369
7600 4726814 7122732
7700 4763445 7176916
7800 4794829 7231233
7900 4809516 7280138
8000 4829164 7329898
8100 4850612 7379845
8200 4875107 7430276
8300 4889137 7478182
8400 4902065 7526264
8500 4907899 7572812
8600 4913878 7619115
8700 4917316 7665469
8800 4922366 7711261
8900 4930151 7757729
9000 4939335 7804129
9100 4949517 7850650
9200 4962180 7898030
9300 4971400 7944291
9400 4982716 7990401
9500 4998160 8037992
9600 5005419 8084339
9700 5022972 8131770
9800 5030876 8177620
9900 5055043 8226381
10000 5077664 8275156
10100 5107122 8325368
10200 5121470 8370366
10300 5139984 8415980
10400 5167636 8462887
10500 5221142 8518996
10600 5278932 8576786
10700 5329426 8627626
10800 5376515 8674924
10900 5414918 8720064
11000 5440041 8765427
11100 5473000 8811413
11200 5501191 8857349
11300 5517873 8894557
11400 5531565 8935201
11500 5545765 8975362
11600 5561552 9017270
11700 5580957 9059547
11800 5587122 9099294
11900 5601821 9141130
12000 5617080 9181018
12100 5644420 9219421
12200 5679761 9259527
12300 5700345 9301356
12400 5705355 9337037
12500 5717349 9373134
12600 5725661 9410207
12700 5730144 9447964
12800 5740625 9485102
12900 5755110 9521437
13000 5768981 9558264
13100 5781768 9596609
13200 5793784 9634156
13300 5803574 9668996
13400 5810129 9705570
13500 5818391 9741895
13600 5840913 9778467
13700 5864628 9815802
13800 5880640 9854121
13900 5890660 9891907
14000 5900271 9928339
14100 5904817 9964331
14200 5909168 9998586
14300 5917320 10033277
14400 5928547 10068459
14500 5939875 10102755
14600 5950487 10137465
14700 5972960 10176373
14800 5981708 10210244
14900 6000057 10247508
15000 6003246 10281444
