100 1807377 2416983
200 2309974 3646410
300 2583843 4698502
400 2754785 5612911
500 2832396 6492067
600 3000737 7336599
700 3102149 8112558
800 3174164 8856574
900 3208637 9601547
1000 3235577 10341282
1100 3297381 11072970
1200 3408007 11779472
1300 3504750 12444175
1400 3547177 13093880
1500 3606806 13734777
1600 3634943 14373573
1700 3680279 15007348
1800 3747187 15629528
1900 3812383 16230451
2000 3882599 16816667
2100 3903661 17396504
2200 3910743 17986091
2300 3921604 18554559
2400 3934658 19123316
2500 3950567 19690180
2600 3969792 20253527
2700 3993519 20802434
2800 4009316 21356312
2900 4032642 21910841
3000 4072894 22443016
3100 4107669 22977148
3200 4145105 23509716
3300 4200208 24027368
3400 4217935 24561669
3500 4239928 25091162
3600 4257431 25602074
3700 4284289 26124739
3800 4301766 26645515
3900 4309243 27172148
4000 4317741 27680824
4100 4332020 28186520
4200 4347591 28686808
4300 4362632 29200747
4400 4388197 29708025
4500 4400913 30209350
4600 4419167 30700799
4700 4445806 31192639
4800 4493387 31673974
4900 4505736 32154623
5000 4518785 32631763
5100 4530881 33107730
5200 4555428 33587395
5300 4581216 34051021
5400 4604978 34518893
5500 4613002 34990952
5600 4623697 35471751
5700 4640009 35940190
5800 4653656 36409235
5900 4667563 36878041
6000 4685667 37336504
6100 4703842 37796828
6200 4752311 38247859
6300 4774155 38695001
6400 4800302 39139978
6500 4812450 39582231
6600 4831534 40010754
6700 4849195 40451435
6800 4867490 40882535
6900 4907088 41320612
7000 4911301 41752171
7100 4918624 42183312
7200 4923448 42612635
7300 4927999 43045492
7400 4934984 43473724
7500 4939374 43902576
7600 4945698 44319789
7700 4952915 44750482
7800 4959680 45174637
7900 4971005 45578782
8000 4980212 46004742
8100 4991847 46422002
8200 5000375 46841238
8300 5016361 47237744
8400 5047207 47652860
8500 5059949 48081950
8600 5077974 48502704
8700 5103789 48907395
8800 5114017 49304044
8900 5142756 49693649
9000 5197729 50107803
9100 5221557 50513407
9200 5234169 50909161
9300 5253407 51310590
9400 5278439 51699641
9500 5300699 52097843
9600 5310143 52472993
9700 5322941 52858209
9800 5335008 53247140
9900 5400484 53637187
10000 5423881 54017319
10100 5435275 54388359
10200 5442863 54761261
10300 5454828 55126883
10400 5495610 55490472
10500 5503028 55859804
10600 5511442 56220644
10700 5519622 56590213
10800 5555853 56953202
10900 5575831 57275554
11000 5599249 57632060
11100 5605548 57983855
11200 5616458 58321517
11300 5630504 58651361
11400 5644862 58988195
11500 5652088 59333822
11600 5653609 59690040
11700 5657223 60047725
11800 5702621 60386923
11900 5705304 60725428
12000 5709694 61061529
12100 5717743 61384627
12200 5728894 61702615
12300 5740947 62022118
12400 5755553 62352502
12500 5766623 62692399
12600 5778359 63018739
12700 5783957 63353999
12800 5791352 63697504
12900 5800580 64042212
13000 5802879 64360848
13100 5816950 64679898
13200 5827962 65008608
13300 5836327 65342468
13400 5847310 65666130
13500 5861692 65994719
13600 5864632 66324815
13700 5876572 66657180
13800 5892238 66973685
13900 5900361 67293947
14000 5902987 67603992
14100 5904939 67920744
14200 5915212 68228696
14300 5925268 68532505
14400 5931209 68842961
14500 5938701 69147283
14600 5946771 69457308
14700 5954856 69773865
14800 5966303 70085680
14900 5976695 70391154
15000 5996156 70687439
