100 212980 212980
200 429660 429660
300 646660 646660
400 866560 866560
500 1087100 1088720
600 1306390 1308010
700 1522920 1524540
800 1742140 1743760
900 1964530 1966150
1000 2183310 2185740
1100 2403020 2405450
1200 2621970 2624400
1300 2843680 2846110
1400 3062647 3065767
1500 3283999 3287119
1600 3506474 3509594
1700 3729086 3732206
1800 3950640 3953760
1900 4173321 4177921
2000 4394302 4398772
2100 4610671 4615051
2200 4828279 4832579
2300 5039686 5045358
2400 5247282 5252352
2500 5455099 5460650
2600 5663856 5669406
2700 5877518 5883151
2800 6094518 6101510
2900 6314525 6321528
3000 6534856 6542029
3100 6757384 6764254
3200 6978579 6985410
3300 7196763 7206373
3400 7414999 7425047
3500 7634037 7644366
3600 7855025 7865121
3700 8072211 8085121
3800 8291360 8304677
3900 8510868 8524945
4000 8731837 8746571
4100 8953182 8966575
