 14045287823504495930 100260
 7945113548248993750 99810
 5629280629412862217 99930
 13397889897772269455 1100
 13041375788975204976 0
 0 0
 13397889897772269455 290
 13041375788975204976 0
 0 0
 13397889897772269455 4970
 13041375788975204976 0
 0 0
 13397889897772269455 400
 13041375788975204976 0
 0 0
 13397889897772269455 680
 5747166502646748242 0
 0 0
 13397889897772269455 10
 5747166502646748242 0
 0 0
 13397889897772269455 460
 13279110208701627006 0
 0 0
 13397889897772269455 1980
 13041375788975204976 0
 0 0
 13397889897772269455 2440
 5747166502646748242 0
 0 0
 13397889897772269455 6390
 13041375788975204976 0
 0 0
 13397889897772269455 5470
 13041375788975204976 0
 0 0
 13397889897772269455 3140
 5747166502646748242 0
 0 0
 13397889897772269455 440
 5747166502646748242 0
 0 0
 13397889897772269455 50
 13279110208701627006 0
 0 0
 13397889897772269455 2071
 13279110208701627006 0
 0 0
 13397889897772269455 2910
 13279110208701627006 0
 0 0
 13397889897772269455 840
 13279110208701627006 0
 0 0
 13397889897772269455 911
 13041375788975204976 0
 0 0
 13397889897772269455 6120
 13279110208701627006 0
 0 0
 13397889897772269455 5190
 5747166502646748242 0
 0 0
 13397889897772269455 2760
 13041375788975204976 0
 0 0
 13397889897772269455 650
 13041375788975204976 0
 0 0
 13397889897772269455 51
 13279110208701627006 0
 0 0
 13397889897772269455 620
 5747166502646748242 0
 0 0
 13397889897772269455 1900
 13041375788975204976 0
 0 0
 13397889897772269455 910
 13041375788975204976 0
 0 0
 13397889897772269455 161
 5747166502646748242 0
 0 0
 13397889897772269455 3620
 13041375788975204976 0
 0 0
 13397889897772269455 780
 13041375788975204976 0
 0 0
 13397889897772269455 341
 13041375788975204976 0
 0 0
 13397889897772269455 7680
 13279110208701627006 0
 0 0
 13397889897772269455 10320
 13041375788975204976 0
 0 0
 13397889897772269455 4470
 13279110208701627006 0
 0 0
 13397889897772269455 1190
 13279110208701627006 0
 0 0
 13397889897772269455 2440
 5747166502646748242 0
 0 0
 13397889897772269455 1130
 5747166502646748242 0
 0 0
 13397889897772269455 3671
 13041375788975204976 0
 0 0
 13397889897772269455 1820
 13279110208701627006 0
 0 0
 13397889897772269455 470
 13041375788975204976 0
 0 0
 13397889897772269455 1860
 13041375788975204976 0
 0 0
 13397889897772269455 1710
 13279110208701627006 0
 0 0
 13397889897772269455 360
 13041375788975204976 0
 0 0
 13397889897772269455 1040
 13041375788975204976 0
 0 0
 13397889897772269455 410
 5747166502646748242 0
 0 0
 13397889897772269455 1970
 13041375788975204976 0
 0 0
 13397889897772269455 1940
 119924503146786702 10
 5573601808535436667 0
 0 0
 9212947370709515447 16210
 18221738381933365929 0
 0 0
 119924503146786702 10
 5573601808535436667 0
 0 0
 9212947370709515447 47052
 14250212670770309870 0
 0 0
 119924503146786702 10
 5573601808535436667 0
 0 0
 9212947370709515447 3500
 17729706397765182296 0
 0 0
 119924503146786702 10
 5573601808535436667 0
 0 0
 9212947370709515447 9920
 1117163521042852688 0
 0 0
 119924503146786702 10
 5573601808535436667 0
 0 0
 9212947370709515447 6930
 18221738381933365929 0
 0 0
 119924503146786702 10
 5573601808535436667 0
 0 0
 9212947370709515447 3740
 9114383306722163014 0
 0 0
 119924503146786702 10
 5573601808535436667 0
 0 0
 9212947370709515447 1700
 3717935370423463817 0
 0 0
 119924503146786702 10
 5573601808535436667 0
 0 0
 9212947370709515447 10810
 7290203052617063749 70
 13386893445948089179 0
 0 0
 1493506233143168209 14510
 1820196535860421309 0
 0 0
 7290203052617063749 30
 16786421041640028207 0
 0 0
 1493506233143168209 11450
 2366869996341988628 0
 0 0
 7290203052617063749 41
 13386893445948089179 0
 0 0
 1493506233143168209 1960
 9846944371344028159 0
 0 0
 7290203052617063749 40
 16786421041640028207 0
 0 0
 1493506233143168209 2750
 5120741239161117538 0
 0 0
 7290203052617063749 10
 11426228786919798054 0
 0 0
 1493506233143168209 2550
 16385912503065362101 0
 0 0
 7290203052617063749 50
 13386893445948089179 0
 0 0
 1493506233143168209 5140
 6343415897563981810 0
 0 0
 7290203052617063749 10
 13386893445948089179 0
 0 0
 1493506233143168209 11070
 4219299363931068621 0
 0 0
 7290203052617063749 130
 16786421041640028207 0
 0 0
 1493506233143168209 1371
 5120741239161117538 0
 0 0
 7290203052617063749 10
 13386893445948089179 0
 0 0
 1493506233143168209 5061
 16385912503065362101 0
 0 0
 7290203052617063749 70
 13386893445948089179 0
 0 0
 1493506233143168209 7430
 16385912503065362101 0
 0 0
 7290203052617063749 40
 11426228786919798054 0
 0 0
 1493506233143168209 8590
 6343415897563981810 0
 0 0
 7290203052617063749 10
 11426228786919798054 0
 0 0
 1493506233143168209 821
 4431767057746070366 0
 0 0
 7290203052617063749 20
 11426228786919798054 0
 0 0
 1493506233143168209 3100
 2352981486585064843 0
 0 0
 7290203052617063749 10
 13386893445948089179 0
 0 0
 1493506233143168209 2420
 9846944371344028159 0
 0 0
 7290203052617063749 10
 11426228786919798054 0
 0 0
 1493506233143168209 15250
 9846944371344028159 0
 0 0
 7290203052617063749 50
 16786421041640028207 0
 0 0
 1493506233143168209 5470
 2352981486585064843 0
 0 0
 7290203052617063749 70
 13386893445948089179 0
 0 0
 1493506233143168209 330
 11669211761296708093 10
 18095143952467635026 0
 0 0
 6475763765614740980 230
 1047640538272367460 0
 0 0
 11669211761296708093 10
 10908201159296235899 0
 0 0
 6475763765614740980 360
 15204024652815630440 0
 0 0
 6475763765614740980 460
 4814317383813852423 0
 0 0
 11669211761296708093 30
 10908201159296235899 0
 0 0
 6475763765614740980 560
 2521098132180257307 0
 0 0
 6475763765614740980 130
 16124528992531534867 0
 0 0
 6475763765614740980 90
 15204024652815630440 0
 0 0
 6475763765614740980 320
 4814317383813852423 0
 0 0
 11669211761296708093 10
 10908201159296235899 0
 0 0
 6475763765614740980 110
 3730206659162425091 0
 0 0
 6475763765614740980 1050
 13270064198117499683 0
 0 0
 11669211761296708093 10
 18095143952467635026 0
 0 0
 6475763765614740980 310
 13270064198117499683 0
 0 0
 11669211761296708093 10
 10908201159296235899 0
 0 0
 6475763765614740980 160
 16124528992531534867 0
 0 0
 6475763765614740980 280
 3730206659162425091 0
 0 0
 6475763765614740980 470
 13270064198117499683 0
 0 0
 11669211761296708093 10
 10908201159296235899 0
 0 0
 6475763765614740980 450
 4814317383813852423 0
 0 0
 11669211761296708093 10
 10908201159296235899 0
 0 0
 6475763765614740980 770
 13325861141066797208 0
 0 0
 11669211761296708093 10
 18095143952467635026 0
 0 0
 6475763765614740980 111
 13325861141066797208 0
 0 0
 11669211761296708093 10
 10908201159296235899 0
 0 0
 6475763765614740980 990
 930882140666492838 0
 0 0
 11669211761296708093 10
 8494407949597798228 0
 0 0
 11669211761296708093 10
 10908201159296235899 0
 0 0
 6475763765614740980 160
 1047640538272367460 0
 0 0
 11669211761296708093 10
 10908201159296235899 0
 0 0
 6475763765614740980 150
 14186085376411709159 0
 0 0
 6475763765614740980 730
 930882140666492838 0
 0 0
 11669211761296708093 20
 18095143952467635026 0
 0 0
 6475763765614740980 140
 13270064198117499683 0
 0 0
 11669211761296708093 20
 18095143952467635026 0
 0 0
 6475763765614740980 721
 5153125577952694738 0
 0 0
 6475763765614740980 90
 13325861141066797208 0
 0 0
 11669211761296708093 20
 18095143952467635026 0
 0 0
 6475763765614740980 910
 2521098132180257307 0
 0 0
 6475763765614740980 401
 13270064198117499683 0
 0 0
 11669211761296708093 10
 18095143952467635026 0
 0 0
 6475763765614740980 1040
 14186085376411709159 0
 0 0
 6475763765614740980 350
 2521098132180257307 0
 0 0
 6475763765614740980 731
 5328203886409600298 0
 0 0
 6475763765614740980 70
 16548149792580671587 0
 0 0
 6475763765614740980 71
 7112873788592144913 0
 0 0
 11669211761296708093 20
 10908201159296235899 0
 0 0
 6475763765614740980 540
 14623686664826402557 0
 0 0
 11669211761296708093 10
 10908201159296235899 0
 0 0
 6475763765614740980 1220
 5098939371027366641 0
 0 0
 6475763765614740980 451
 930882140666492838 0
 0 0
 11669211761296708093 20
 10908201159296235899 0
 0 0
 6475763765614740980 910
 5328203886409600298 0
 0 0
 6475763765614740980 201
 13270064198117499683 0
 0 0
 11669211761296708093 30
 10908201159296235899 0
 0 0
 6475763765614740980 220
 16548149792580671587 0
 0 0
 6475763765614740980 440
 930882140666492838 0
 0 0
 11669211761296708093 30
 10908201159296235899 0
 0 0
 6475763765614740980 840
 7112873788592144913 0
 0 0
 11669211761296708093 10
 18095143952467635026 0
 0 0
 6475763765614740980 170
 13325861141066797208 0
 0 0
 11669211761296708093 10
 10908201159296235899 0
 0 0
 6475763765614740980 450
 13325861141066797208 0
 0 0
 11669211761296708093 40
 18095143952467635026 0
 0 0
 6475763765614740980 230
 5328203886409600298 0
 0 0
 6475763765614740980 230
 4814317383813852423 0
 0 0
 11669211761296708093 10
 18095143952467635026 0
 0 0
 6475763765614740980 220
 930882140666492838 0
 0 0
 11669211761296708093 10
 10908201159296235899 0
 0 0
 6475763765614740980 1321
 5153125577952694738 0
 0 0
 6475763765614740980 10
 13270064198117499683 0
 0 0
 11669211761296708093 11
 10908201159296235899 0
 0 0
 6475763765614740980 630
 930882140666492838 0
 0 0
 11669211761296708093 10
 18095143952467635026 0
 0 0
 6475763765614740980 620
 5098939371027366641 0
 0 0
 6475763765614740980 770
 3730206659162425091 0
 0 0
 6475763765614740980 680
 1047640538272367460 0
 0 0
 11669211761296708093 10
 18095143952467635026 0
 0 0
 6475763765614740980 760
 2521098132180257307 0
 0 0
 6475763765614740980 51
 5328203886409600298 0
 0 0
 6475763765614740980 100
 930882140666492838 0
 0 0
 11669211761296708093 10
 10908201159296235899 0
 0 0
 6475763765614740980 581
 5153125577952694738 0
 0 0
 6475763765614740980 90
 1047640538272367460 0
 0 0
 11669211761296708093 10
 18095143952467635026 0
 0 0
 6475763765614740980 71
 15204024652815630440 0
 0 0
 6475763765614740980 850
 5098939371027366641 0
 0 0
 6475763765614740980 80
 2521098132180257307 0
 0 0
 6475763765614740980 220
 13325861141066797208 0
 0 0
 11669211761296708093 10
 18095143952467635026 0
 0 0
 6475763765614740980 1081
 13270064198117499683 0
 0 0
 11669211761296708093 10
 18095143952467635026 0
 0 0
 6475763765614740980 1020
 930882140666492838 0
 0 0
 11669211761296708093 20
 10908201159296235899 0
 0 0
 6475763765614740980 220
 15204024652815630440 0
 0 0
 6475763765614740980 101
 1047640538272367460 0
 0 0
 11669211761296708093 20
 18095143952467635026 0
 0 0
 6475763765614740980 50
 1047640538272367460 0
 0 0
 11669211761296708093 10
 10908201159296235899 0
 0 0
 6475763765614740980 332
 5153125577952694738 0
 0 0
 6475763765614740980 251
 14623686664826402557 0
 0 0
 11669211761296708093 30
 18095143952467635026 0
 0 0
 6475763765614740980 61
 4814317383813852423 0
 0 0
 11669211761296708093 10
 18095143952467635026 0
 0 0
 6475763765614740980 331
 13325861141066797208 0
 0 0
 11669211761296708093 10
 10908201159296235899 0
 0 0
 6475763765614740980 811
 13270064198117499683 0
 0 0
 11669211761296708093 10
 18095143952467635026 0
 0 0
 6475763765614740980 50
 16124528992531534867 0
 0 0
 6475763765614740980 270
 8238484264269638515 0
 0 0
 6475763765614740980 70
 1047640538272367460 0
 0 0
 11669211761296708093 11
 11404400528344536082 0
 0 0
 11669211761296708093 50
 10908201159296235899 0
 0 0
 6475763765614740980 1020
 4814317383813852423 0
 0 0
 11669211761296708093 10
 10908201159296235899 0
 0 0
 6475763765614740980 241
 930882140666492838 0
 0 0
 11669211761296708093 10
 10908201159296235899 0
 0 0
 6475763765614740980 20
 16548149792580671587 0
 0 0
 6475763765614740980 130
 5153125577952694738 0
 0 0
 6475763765614740980 131
 1047640538272367460 0
 0 0
 11669211761296708093 10
 10908201159296235899 0
 0 0
 6475763765614740980 710
 7112873788592144913 0
 0 0
 11669211761296708093 10
 10908201159296235899 0
 0 0
 6475763765614740980 21
 16548149792580671587 0
 0 0
 6475763765614740980 60
 5098939371027366641 0
 0 0
 6475763765614740980 70
 16124528992531534867 0
 0 0
 6475763765614740980 121
 7112873788592144913 0
 0 0
 11669211761296708093 10
 18095143952467635026 0
 0 0
 6475763765614740980 1220
 5821231066430130605 0
 0 0
 6475763765614740980 260
 2521098132180257307 0
 0 0
 6475763765614740980 1102
 930882140666492838 0
 0 0
 11669211761296708093 10
 18095143952467635026 0
 0 0
 6475763765614740980 70
 14623686664826402557 0
 0 0
 11669211761296708093 40
 18095143952467635026 0
 0 0
 6475763765614740980 70
 13325861141066797208 0
 0 0
 11669211761296708093 10
 10908201159296235899 0
 0 0
 6475763765614740980 280
 13270064198117499683 0
 0 0
 11669211761296708093 10
 18095143952467635026 0
 0 0
 6475763765614740980 90
 930882140666492838 0
 0 0
 11669211761296708093 10
 18095143952467635026 0
 0 0
 6475763765614740980 31
 4877126699554231691 0
 0 0
 6475763765614740980 100
 16548149792580671587 0
 0 0
 6475763765614740980 501
 5328203886409600298 0
 0 0
 6475763765614740980 460
 2066962627162082401 0
 0 0
 11669211761296708093 10
 18095143952467635026 0
 0 0
 6475763765614740980 190
 13325861141066797208 0
 0 0
 11669211761296708093 30
 18095143952467635026 0
 0 0
 6475763765614740980 200
 13270064198117499683 0
 0 0
 11669211761296708093 10
 18095143952467635026 0
 0 0
 6475763765614740980 420
 930882140666492838 0
 0 0
 11669211761296708093 30
 10908201159296235899 0
 0 0
 6475763765614740980 300
 930882140666492838 0
 0 0
 11669211761296708093 20
 18095143952467635026 0
 0 0
 6475763765614740980 360
 930882140666492838 0
 0 0
 11669211761296708093 10
 10908201159296235899 0
 0 0
 6475763765614740980 60
 1047640538272367460 0
 0 0
 11669211761296708093 10
 18095143952467635026 0
 0 0
 6475763765614740980 320
 5821231066430130605 0
 0 0
 6475763765614740980 641
 1047640538272367460 0
 0 0
 11669211761296708093 20
 18095143952467635026 0
 0 0
 6475763765614740980 150
 13325861141066797208 0
 0 0
 11669211761296708093 10
 10908201159296235899 0
 0 0
 6475763765614740980 420
 930882140666492838 0
 0 0
 11669211761296708093 20
 10908201159296235899 0
 0 0
 6475763765614740980 350
 13270064198117499683 0
 0 0
 11669211761296708093 10
 10908201159296235899 0
 0 0
 6475763765614740980 160
 14623686664826402557 0
 0 0
 11669211761296708093 30
 18095143952467635026 0
 0 0
 6475763765614740980 1210
 5098939371027366641 0
 0 0
 6475763765614740980 630
 8238484264269638515 0
 0 0
 6475763765614740980 101
 13325861141066797208 0
 0 0
 11669211761296708093 40
 10908201159296235899 0
 0 0
 6475763765614740980 610
 13325861141066797208 0
 0 0
 11669211761296708093 10
 18095143952467635026 0
 0 0
 6475763765614740980 260
 13270064198117499683 0
 0 0
 11669211761296708093 10
 18095143952467635026 0
 0 0
 6475763765614740980 591
 15204024652815630440 0
 0 0
 6475763765614740980 420
 5821231066430130605 0
 0 0
 6475763765614740980 1390
 1047640538272367460 0
 0 0
 11669211761296708093 10
 18095143952467635026 0
 0 0
 6475763765614740980 100
 5098939371027366641 0
 0 0
 6475763765614740980 370
 7112873788592144913 0
 0 0
 11669211761296708093 20
 10908201159296235899 0
 0 0
 6475763765614740980 11
 930882140666492838 0
 0 0
 11669211761296708093 10
 10908201159296235899 0
 0 0
 6475763765614740980 2490
 5153125577952694738 0
 0 0
 6475763765614740980 230
 13270064198117499683 0
 0 0
 11669211761296708093 10
 18095143952467635026 0
 0 0
 6475763765614740980 70
 3730206659162425091 0
 0 0
 6475763765614740980 441
 16124528992531534867 0
 0 0
 6475763765614740980 130
 5098939371027366641 0
 0 0
 6475763765614740980 60
 7112873788592144913 0
 0 0
 11669211761296708093 30
 10908201159296235899 0
 0 0
 6475763765614740980 221
 13270064198117499683 0
 0 0
 11669211761296708093 10
 18095143952467635026 0
 0 0
 6475763765614740980 190
 13325861141066797208 0
 0 0
 11669211761296708093 20
 18095143952467635026 0
 0 0
 6475763765614740980 410
 4814317383813852423 0
 0 0
 11669211761296708093 20
 18095143952467635026 0
 0 0
 6475763765614740980 20
 4814317383813852423 0
 0 0
 11669211761296708093 10
 18095143952467635026 0
 0 0
 6475763765614740980 370
 13270064198117499683 0
 0 0
 11669211761296708093 10
 18095143952467635026 0
 0 0
 6475763765614740980 10
 5153125577952694738 0
 0 0
 6475763765614740980 250
 4877126699554231691 0
 0 0
 6475763765614740980 20
 14186085376411709159 0
 0 0
 6475763765614740980 180
 1047640538272367460 0
 0 0
 11669211761296708093 10
 18095143952467635026 0
 0 0
 6475763765614740980 192
 14186085376411709159 0
 0 0
 6475763765614740980 30
 13270064198117499683 0
 0 0
 11669211761296708093 10
 10908201159296235899 0
 0 0
 6475763765614740980 160
 13325861141066797208 0
 0 0
 11669211761296708093 10
 10908201159296235899 0
 0 0
 6475763765614740980 410
 14186085376411709159 0
 0 0
 6475763765614740980 80
 16548149792580671587 0
 0 0
 6475763765614740980 240
 13270064198117499683 0
 0 0
 11669211761296708093 10
 18095143952467635026 0
 0 0
 6475763765614740980 680
 2066962627162082401 0
 0 0
 11669211761296708093 10
 18095143952467635026 0
 0 0
 6475763765614740980 320
 7112873788592144913 0
 0 0
 11669211761296708093 10
 18095143952467635026 0
 0 0
 6475763765614740980 360
 14623686664826402557 0
 0 0
 11669211761296708093 10
 18095143952467635026 0
 0 0
 6475763765614740980 501
 14745514579766416462 0
 0 0
 6475763765614740980 640
 13270064198117499683 0
 0 0
 11669211761296708093 10
 18095143952467635026 0
 0 0
 6475763765614740980 590
 5328203886409600298 0
 0 0
 6475763765614740980 120
 2066962627162082401 0
 0 0
 11669211761296708093 10
 18095143952467635026 0
 0 0
 6475763765614740980 90
 5328203886409600298 0
 0 0
 6475763765614740980 130
 1047640538272367460 0
 0 0
 11669211761296708093 20
 10908201159296235899 0
 0 0
 6475763765614740980 401
 5153125577952694738 0
 0 0
 6475763765614740980 151
 5153125577952694738 0
 0 0
 6475763765614740980 100
 14623686664826402557 0
 0 0
 11669211761296708093 10
 10908201159296235899 0
 0 0
 6475763765614740980 180
 3730206659162425091 0
 0 0
 6475763765614740980 260
 3730206659162425091 0
 0 0
 6475763765614740980 210
 4814317383813852423 0
 0 0
 11669211761296708093 10
 18095143952467635026 0
 0 0
 6475763765614740980 581
 13270064198117499683 0
 0 0
 11669211761296708093 10
 18095143952467635026 0
 0 0
 6475763765614740980 440
 13270064198117499683 0
 0 0
 11669211761296708093 30
 10908201159296235899 0
 0 0
 6475763765614740980 270
 3730206659162425091 0
 0 0
 6475763765614740980 920
 5098939371027366641 0
 0 0
 6475763765614740980 460
 1047640538272367460 0
 0 0
 11669211761296708093 30
 10908201159296235899 0
 0 0
 6475763765614740980 20
 15204024652815630440 0
 0 0
 6475763765614740980 220
 4814317383813852423 0
 0 0
 11669211761296708093 10
 10908201159296235899 0
 0 0
 6475763765614740980 291
 930882140666492838 0
 0 0
 11669211761296708093 10
 11662151486886413992 0
 0 0
 6475763765614740980 80
 7112873788592144913 0
 0 0
 11669211761296708093 10
 10908201159296235899 0
 0 0
 6475763765614740980 970
 3730206659162425091 0
 0 0
 6475763765614740980 150
 5821231066430130605 0
 0 0
 6475763765614740980 580
 930882140666492838 0
 0 0
 11669211761296708093 31
 18095143952467635026 0
 0 0
 6475763765614740980 70
 5153125577952694738 0
 0 0
 6475763765614740980 341
 5328203886409600298 0
 0 0
 6475763765614740980 181
 7112873788592144913 0
 0 0
 11669211761296708093 10
 8494407949597798228 0
 0 0
 11669211761296708093 10
 18095143952467635026 0
 0 0
 6475763765614740980 140
 14186085376411709159 0
 0 0
 6475763765614740980 260
 16548149792580671587 0
 0 0
 6475763765614740980 130
 14623686664826402557 0
 0 0
 11669211761296708093 10
 18095143952467635026 0
 0 0
 6475763765614740980 31
 5098939371027366641 0
 0 0
 6475763765614740980 30
 14623686664826402557 0
 0 0
 11669211761296708093 10
 18095143952467635026 0
 0 0
 6475763765614740980 300
 1047640538272367460 0
 0 0
 11669211761296708093 30
 10908201159296235899 0
 0 0
 6475763765614740980 360
 4877126699554231691 0
 0 0
 6475763765614740980 30
 16124528992531534867 0
 0 0
 6475763765614740980 230
 5098939371027366641 0
 0 0
 6475763765614740980 150
 5153125577952694738 0
 0 0
 6475763765614740980 700
 5153125577952694738 0
 0 0
 6475763765614740980 320
 14186085376411709159 0
 0 0
 6475763765614740980 100
 5328203886409600298 0
 0 0
 6475763765614740980 640
 930882140666492838 0
 0 0
 11669211761296708093 10
 10908201159296235899 0
 0 0
 6475763765614740980 802
 16548149792580671587 0
 0 0
 6475763765614740980 50
 2521098132180257307 0
 0 0
 6475763765614740980 390
 4814317383813852423 0
 0 0
 11669211761296708093 10
 18095143952467635026 0
 0 0
 6475763765614740980 550
 5328203886409600298 0
 0 0
 6475763765614740980 350
 5153125577952694738 0
 0 0
 6475763765614740980 660
 2521098132180257307 0
 0 0
 6475763765614740980 250
 15204024652815630440 0
 0 0
 6475763765614740980 1580
 4877126699554231691 0
 0 0
 6475763765614740980 541
 4814317383813852423 0
 0 0
 11669211761296708093 11
 10908201159296235899 0
 0 0
 6475763765614740980 872
 16124528992531534867 0
 0 0
 6475763765614740980 531
 16124528992531534867 0
 0 0
 6475763765614740980 120
 5098939371027366641 0
 0 0
 6475763765614740980 290
 930882140666492838 0
 0 0
 11669211761296708093 20
 10908201159296235899 0
 0 0
 6475763765614740980 662
 1047640538272367460 0
 0 0
 11669211761296708093 30
 10908201159296235899 0
 0 0
 6475763765614740980 1030
 8238484264269638515 0
 0 0
 6475763765614740980 793
 3730206659162425091 0
 0 0
 6475763765614740980 271
 1047640538272367460 0
 0 0
 11669211761296708093 10
 10908201159296235899 0
 0 0
 6475763765614740980 130
 2066962627162082401 0
 0 0
 11669211761296708093 10
 18095143952467635026 0
 0 0
 6475763765614740980 400
 14186085376411709159 0
 0 0
 6475763765614740980 100
 16548149792580671587 0
 0 0
 6475763765614740980 650
 5821231066430130605 0
 0 0
 6475763765614740980 110
 13325861141066797208 0
 0 0
 11669211761296708093 10
 18095143952467635026 0
 0 0
 6475763765614740980 121
 2066962627162082401 0
 0 0
 11669211761296708093 41
 10908201159296235899 0
 0 0
 6475763765614740980 20
 1047640538272367460 0
 0 0
 11669211761296708093 10
 18095143952467635026 0
 0 0
 6475763765614740980 20
 13270064198117499683 0
 0 0
 11669211761296708093 10
 10908201159296235899 0
 0 0
 6475763765614740980 1700
 4814317383813852423 0
 0 0
 11669211761296708093 60
 10908201159296235899 0
 0 0
 6475763765614740980 50
 8238484264269638515 0
 0 0
 6475763765614740980 410
 16124528992531534867 0
 0 0
 6475763765614740980 1520
 2066962627162082401 0
 0 0
 11669211761296708093 10
 18095143952467635026 0
 0 0
 6475763765614740980 270
 13325861141066797208 0
 0 0
 11669211761296708093 11
 10908201159296235899 0
 0 0
 6475763765614740980 70
 930882140666492838 0
 0 0
 11669211761296708093 10
 10908201159296235899 0
 0 0
 6475763765614740980 190
 5098939371027366641 0
 0 0
 6475763765614740980 760
 7112873788592144913 0
 0 0
 11669211761296708093 30
 18095143952467635026 0
 0 0
 6475763765614740980 10
 5153125577952694738 0
 0 0
 6475763765614740980 421
 15204024652815630440 0
 0 0
 6475763765614740980 140
 13325861141066797208 0
 0 0
 11669211761296708093 20
 18095143952467635026 0
 0 0
 6475763765614740980 50
 7112873788592144913 0
 0 0
 11669211761296708093 10
 18095143952467635026 0
 0 0
 6475763765614740980 450
 1047640538272367460 0
 0 0
 11669211761296708093 10
 18095143952467635026 0
 0 0
 6475763765614740980 210
 1047640538272367460 0
 0 0
 11669211761296708093 50
 10908201159296235899 0
 0 0
 6475763765614740980 510
 14186085376411709159 0
 0 0
 6475763765614740980 181
 15204024652815630440 0
 0 0
 6475763765614740980 380
 3730206659162425091 0
 0 0
 6475763765614740980 50
 5328203886409600298 0
 0 0
 6475763765614740980 50
 1047640538272367460 0
 0 0
 11669211761296708093 50
 10908201159296235899 0
 0 0
 6475763765614740980 260
 14186085376411709159 0
 0 0
 6475763765614740980 10
 1047640538272367460 0
 0 0
 11669211761296708093 10
 10908201159296235899 0
 0 0
 6475763765614740980 130
 2066962627162082401 0
 0 0
 11669211761296708093 10
 18095143952467635026 0
 0 0
 6475763765614740980 600
 1047640538272367460 0
 0 0
 11669211761296708093 30
 18095143952467635026 0
 0 0
 6475763765614740980 400
 2066962627162082401 0
 0 0
 11669211761296708093 10
 18095143952467635026 0
 0 0
 6475763765614740980 100
 15204024652815630440 0
 0 0
 6475763765614740980 20
 14186085376411709159 0
 0 0
 6475763765614740980 10
 8238484264269638515 0
 0 0
 6475763765614740980 220
 5098939371027366641 0
 0 0
 6475763765614740980 111
 5328203886409600298 0
 0 0
 6475763765614740980 710
 15204024652815630440 0
 0 0
 6475763765614740980 1000
 3730206659162425091 0
 0 0
 6475763765614740980 290
 7112873788592144913 0
 0 0
 11669211761296708093 10
 10908201159296235899 0
 0 0
 6475763765614740980 40
 1047640538272367460 0
 0 0
 11669211761296708093 20
 18095143952467635026 0
 0 0
 6475763765614740980 320
 930882140666492838 0
 0 0
 11669211761296708093 10
 10908201159296235899 0
 0 0
 6475763765614740980 130
 930882140666492838 0
 0 0
 11669211761296708093 20
 10908201159296235899 0
 0 0
 6475763765614740980 582
 1047640538272367460 0
 0 0
 11669211761296708093 31
 10908201159296235899 0
 0 0
 6475763765614740980 90
 14623686664826402557 0
 0 0
 11669211761296708093 10
 18095143952467635026 0
 0 0
 6475763765614740980 120
 5153125577952694738 0
 0 0
 6475763765614740980 20
 8238484264269638515 0
 0 0
 6475763765614740980 10
 3730206659162425091 0
 0 0
 6475763765614740980 80
 7112873788592144913 0
 0 0
 11669211761296708093 41
 10908201159296235899 0
 0 0
 6475763765614740980 130
 8238484264269638515 0
 0 0
 6475763765614740980 831
 8238484264269638515 0
 0 0
 6475763765614740980 300
 4814317383813852423 0
 0 0
 11669211761296708093 10
 18095143952467635026 0
 0 0
 6475763765614740980 520
 930882140666492838 0
 0 0
 11669211761296708093 10
 18095143952467635026 0
 0 0
 6475763765614740980 2071
 5153125577952694738 0
 0 0
 6475763765614740980 50
 17713569591292733380 0
 0 0
 11669211761296708093 20
 10908201159296235899 0
 0 0
 6475763765614740980 770
 14623686664826402557 0
 0 0
 11669211761296708093 10
 18095143952467635026 0
 0 0
 6475763765614740980 20
 4814317383813852423 0
 0 0
 11669211761296708093 10
 10908201159296235899 0
 0 0
 6475763765614740980 440
 7112873788592144913 0
 0 0
 11669211761296708093 10
 18095143952467635026 0
 0 0
 6475763765614740980 1430
 13325861141066797208 0
 0 0
 11669211761296708093 20
 18095143952467635026 0
 0 0
 6475763765614740980 741
 13325861141066797208 0
 0 0
 11669211761296708093 10
 18095143952467635026 0
 0 0
 6475763765614740980 50
 3730206659162425091 0
 0 0
 6475763765614740980 90
 930882140666492838 0
 0 0
 11669211761296708093 10
 10908201159296235899 0
 0 0
 6475763765614740980 20
 1047640538272367460 0
 0 0
 11669211761296708093 10
 10908201159296235899 0
 0 0
 6475763765614740980 350
 15258869277366598143 20
 14222647493961196142 0
 0 0
 5253267357301905078 1990
 9873533146273318812 0
 0 0
 13343346262744745017 10
 1172813477070247683 0
 0 0
 5253267357301905078 1300
 11753596671887654724 0
 0 0
 13343346262744745017 20
 4438659740812276639 0
 0 0
 5253267357301905078 1820
 9873533146273318812 0
 0 0
 13343346262744745017 20
 17517255776400771229 0
 0 0
 5253267357301905078 380
 11753596671887654724 0
 0 0
 13343346262744745017 42
 4065993207214450609 0
 0 0
 5253267357301905078 1400
 11753596671887654724 0
 0 0
 13343346262744745017 30
 1172813477070247683 0
 0 0
 5253267357301905078 1380
 10049217467447817540 0
 0 0
 5253267357301905078 180
 16587346334805105457 0
 0 0
 3056387994562579815 10
 17179712415555635777 0
 0 0
 5253267357301905078 340
 11753596671887654724 0
 0 0
 13343346262744745017 30
 14662384049912559493 0
 0 0
 5253267357301905078 1730
 16295640244451285064 0
 0 0
 5253267357301905078 920
 9141917747510236720 0
 0 0
 15258869277366598143 10
 3627438211294048730 0
 0 0
 5253267357301905078 970
 5290594684900034637 0
 0 0
 15258869277366598143 11
 14222647493961196142 0
 0 0
 5253267357301905078 680
 11753596671887654724 0
 0 0
 13343346262744745017 80
 1172813477070247683 0
 0 0
 5253267357301905078 610
 11753596671887654724 0
 0 0
 13343346262744745017 20
 1172813477070247683 0
 0 0
 5253267357301905078 2370
 8428444810596529306 0
 0 0
 15258869277366598143 20
 3627438211294048730 0
 0 0
 5253267357301905078 1070
 5761205511636414752 0
 0 0
 5253267357301905078 2330
 6471727112371980230 0
 0 0
 5253267357301905078 2600
 11753596671887654724 0
 0 0
 13343346262744745017 81
 1172813477070247683 0
 0 0
 5253267357301905078 1381
 9141917747510236720 0
 0 0
 15258869277366598143 60
 12113918962110809110 0
 0 0
 5253267357301905078 210
 661578852665165481 0
 0 0
 5253267357301905078 60
 11753596671887654724 0
 0 0
 13343346262744745017 10
 15187965748151723918 0
 0 0
 5253267357301905078 631
 11753596671887654724 0
 0 0
 13343346262744745017 50
 4065993207214450609 0
 0 0
 5253267357301905078 110
 9873533146273318812 0
 0 0
 13343346262744745017 120
 4438659740812276639 0
 0 0
 5253267357301905078 2110
 8894551990935716159 0
 0 0
 1286905886066009264 10
 16042132218699018362 0
 0 0
 5253267357301905078 1290
 11753596671887654724 0
 0 0
 13343346262744745017 143
 1172813477070247683 0
 0 0
 5253267357301905078 1730
 11753596671887654724 0
 0 0
 13343346262744745017 10
 1569785266251217125 0
 0 0
 1286905886066009264 10
 11214189578944432811 0
 0 0
 5253267357301905078 1800
 7953290247240193913 0
 0 0
 1286905886066009264 10
 13041235970911378090 0
 0 0
 5253267357301905078 2271
 8659870736104534213 0
 0 0
 5253267357301905078 2730
 9873533146273318812 0
 0 0
 13343346262744745017 30
 15187965748151723918 0
 0 0
 5253267357301905078 190
 11753596671887654724 0
 0 0
 13343346262744745017 20
 4065993207214450609 0
 0 0
 5253267357301905078 240
 11753596671887654724 0
 0 0
 13343346262744745017 10
 4065993207214450609 0
 0 0
 5253267357301905078 150
 11753596671887654724 0
 0 0
 13343346262744745017 30
 14662384049912559493 0
 0 0
 5253267357301905078 340
 8686693617140820801 0
 0 0
 13100569344958550388 10
 6692060262016812545 0
 0 0
 13343346262744745017 20
 4438659740812276639 0
 0 0
 5253267357301905078 510
 9873533146273318812 0
 0 0
 13343346262744745017 60
 4438659740812276639 0
 0 0
 5253267357301905078 1091
 16295640244451285064 0
 0 0
 5253267357301905078 290
 11753596671887654724 0
 0 0
 13343346262744745017 20
 4438659740812276639 0
 0 0
 5253267357301905078 400
 11753596671887654724 0
 0 0
 13343346262744745017 30
 1172813477070247683 0
 0 0
 5253267357301905078 600
 6471727112371980230 0
 0 0
 5253267357301905078 230
 9873533146273318812 0
 0 0
 13343346262744745017 10
 4438659740812276639 0
 0 0
 5253267357301905078 290
 11753596671887654724 0
 0 0
 13343346262744745017 20
 4065993207214450609 0
 0 0
 5253267357301905078 820
 11753596671887654724 0
 0 0
 13343346262744745017 80
 17517255776400771229 0
 0 0
 5253267357301905078 3590
 11753596671887654724 0
 0 0
 13343346262744745017 20
 1172813477070247683 0
 0 0
 5253267357301905078 121
 9873533146273318812 0
 0 0
 13343346262744745017 10
 17517255776400771229 0
 0 0
 5253267357301905078 2310
 9873533146273318812 0
 0 0
 13343346262744745017 20
 14662384049912559493 0
 0 0
 5253267357301905078 903
 9873533146273318812 0
 0 0
 13343346262744745017 20
 4065993207214450609 0
 0 0
 5253267357301905078 360
 9873533146273318812 0
 0 0
 13343346262744745017 10
 4438659740812276639 0
 0 0
 5253267357301905078 3110
 2542194441780726568 0
 0 0
 5253267357301905078 680
 9873533146273318812 0
 0 0
 13343346262744745017 10
 17517255776400771229 0
 0 0
 5253267357301905078 3610
 9873533146273318812 0
 0 0
 13343346262744745017 60
 14662384049912559493 0
 0 0
 5253267357301905078 140
 661578852665165481 0
 0 0
 5253267357301905078 490
 9873533146273318812 0
 0 0
 13343346262744745017 31
 17517255776400771229 0
 0 0
 5253267357301905078 590
 9873533146273318812 0
 0 0
 13343346262744745017 30
 15187965748151723918 0
 0 0
 5253267357301905078 1361
 8894551990935716159 0
 0 0
 1286905886066009264 10
 13383182443545148030 0
 0 0
 5253267357301905078 900
 661578852665165481 0
 0 0
 5253267357301905078 890
 9873533146273318812 0
 0 0
 13343346262744745017 130
 1172813477070247683 0
 0 0
 5253267357301905078 2710
 9873533146273318812 0
 0 0
 13343346262744745017 10
 4065993207214450609 0
 0 0
 5253267357301905078 2920
 3156047680596842344 0
 0 0
 5253267357301905078 510
 9873533146273318812 0
 0 0
 13343346262744745017 92
 4438659740812276639 0
 0 0
 5253267357301905078 1580
 9873533146273318812 0
 0 0
 13343346262744745017 11
 4065993207214450609 0
 0 0
 5253267357301905078 560
 9873533146273318812 0
 0 0
 13343346262744745017 70
 17517255776400771229 0
 0 0
 5253267357301905078 170
 2218172991675507527 0
 0 0
 15258869277366598143 10
 3627438211294048730 0
 0 0
 5253267357301905078 1290
 9873533146273318812 0
 0 0
 13343346262744745017 30
 17517255776400771229 0
 0 0
 5253267357301905078 460
 16295640244451285064 0
 0 0
 5253267357301905078 171
 11753596671887654724 0
 0 0
 13343346262744745017 40
 4065993207214450609 0
 0 0
 5253267357301905078 740
 9873533146273318812 0
 0 0
 13343346262744745017 50
 15187965748151723918 0
 0 0
 5253267357301905078 3300
 9873533146273318812 0
 0 0
 13343346262744745017 10
 14662384049912559493 0
 0 0
 5253267357301905078 3560
 9873533146273318812 0
 0 0
 13343346262744745017 10
 1172813477070247683 0
 0 0
 5253267357301905078 160
 11753596671887654724 0
 0 0
 13343346262744745017 40
 4065993207214450609 0
 0 0
 5253267357301905078 2860
 11753596671887654724 0
 0 0
 13343346262744745017 30
 15187965748151723918 0
 0 0
 5253267357301905078 161
 11753596671887654724 0
 0 0
 13343346262744745017 20
 14662384049912559493 0
 0 0
 5253267357301905078 461
 9873533146273318812 0
 0 0
 13343346262744745017 20
 17517255776400771229 0
 0 0
 5253267357301905078 1581
 10959819632585276158 0
 0 0
 5253267357301905078 70
 9873533146273318812 0
 0 0
 13343346262744745017 60
 15187965748151723918 0
 0 0
 5253267357301905078 4640
 11753596671887654724 0
 0 0
 13343346262744745017 21
 15187965748151723918 0
 0 0
 5253267357301905078 2000
 2674080631264211961 0
 0 0
 5253267357301905078 1240
 9130628132167081117 0
 0 0
 5253267357301905078 1650
 11753596671887654724 0
 0 0
 13343346262744745017 70
 1172813477070247683 0
 0 0
 5253267357301905078 571
 11753596671887654724 0
 0 0
 13343346262744745017 11
 4065993207214450609 0
 0 0
 5253267357301905078 2170
 2674080631264211961 0
 0 0
 5253267357301905078 290
 9873533146273318812 0
 0 0
 13343346262744745017 31
 7020478742686159848 0
 0 0
 5253267357301905078 1560
 5735888264526083632 110
 7957109692837432122 0
 0 0
 8619339997181952137 10
 1630637626631177314 0
 0 0
 8619339997181952137 51
 2137784499585459124 0
 0 0
 328893818354910433 10
 18059465837575191361 0
 0 0
 5759579832777875882 540
 4150637603833314094 0
 0 0
 5759579832777875882 8951
 10831062959172327438 0
 0 0
 14813813649068633253 10
 13318957558600728703 0
 0 0
 5759579832777875882 320
 6296151174951968935 0
 0 0
 15592727875205933900 10
 11418667618088056292 0
 0 0
 5759579832777875882 371
 2176282256507048423 0
 0 0
 5759579832777875882 740
 10378556632925635413 0
 0 0
 14813813649068633253 10
 13318957558600728703 0
 0 0
 5759579832777875882 2180
 14923842097153823156 0
 0 0
 14813813649068633253 20
 7346809409393728608 0
 0 0
 8619339997181952137 10
 1630637626631177314 0
 0 0
 8619339997181952137 30
 9771707639926888019 0
 0 0
 8619339997181952137 10
 17989663141603598654 0
 0 0
 8619339997181952137 10
 1630637626631177314 0
 0 0
 8619339997181952137 110
 5144286777013103695 0
 0 0
 5759579832777875882 3860
 2093176020128169952 0
 0 0
 14813813649068633253 10
 7460372685540702079 0
 0 0
 5759579832777875882 310
 10831062959172327438 0
 0 0
 14813813649068633253 10
 17497416760031624326 0
 0 0
 5759579832777875882 5330
 8847968792504082442 0
 0 0
 14813813649068633253 10
 16547216530448427624 0
 0 0
 14813813649068633253 30
 7460372685540702079 0
 0 0
 5759579832777875882 2050
 13703714303678231276 0
 0 0
 14813813649068633253 10
 14266958587785789909 0
 0 0
 14813813649068633253 10
 17950140182527008075 0
 0 0
 5759579832777875882 3290
 10831062959172327438 0
 0 0
 14813813649068633253 20
 17950140182527008075 0
 0 0
 5759579832777875882 1260
 8847968792504082442 0
 0 0
 14813813649068633253 20
 17950140182527008075 0
 0 0
 5759579832777875882 1710
 17650156521401266872 0
 0 0
 14813813649068633253 20
 7460372685540702079 0
 0 0
 5759579832777875882 3861
 11250400670466975530 0
 0 0
 15592727875205933900 10
 11418667618088056292 0
 0 0
 5759579832777875882 5322
 8637224798750154592 0
 0 0
 14813813649068633253 20
 17950140182527008075 0
 0 0
 5759579832777875882 272
 10831062959172327438 0
 0 0
 14813813649068633253 10
 13318957558600728703 0
 0 0
 5759579832777875882 4570
 11250400670466975530 0
 0 0
 15592727875205933900 10
 11418667618088056292 0
 0 0
 5759579832777875882 560
 16158126442959401578 0
 0 0
 5759579832777875882 240
 6296151174951968935 0
 0 0
 15592727875205933900 10
 3863722867990556074 0
 0 0
 5759579832777875882 5090
 13703714303678231276 0
 0 0
 14813813649068633253 20
 7460372685540702079 0
 0 0
 5759579832777875882 420
 8561672199432623212 0
 0 0
 14813813649068633253 20
 17950140182527008075 0
 0 0
 5759579832777875882 3760
 16158126442959401578 0
 0 0
 5759579832777875882 3680
 3885390885677769392 0
 0 0
 15592727875205933900 10
 3863722867990556074 0
 0 0
 5759579832777875882 4030
 6296151174951968935 0
 0 0
 15592727875205933900 10
 3863722867990556074 0
 0 0
 5759579832777875882 10460
 12746185295130493350 0
 0 0
 8619339997181952137 11
 16518601101965290239 0
 0 0
 15592727875205933900 10
 3863722867990556074 0
 0 0
 5759579832777875882 2450
 13703714303678231276 0
 0 0
 14813813649068633253 20
 14266958587785789909 0
 0 0
 14813813649068633253 10
 7460372685540702079 0
 0 0
 5759579832777875882 2200
 8847968792504082442 0
 0 0
 14813813649068633253 10
 17950140182527008075 0
 0 0
 5759579832777875882 1950
 13703714303678231276 0
 0 0
 14813813649068633253 10
 13318957558600728703 0
 0 0
 5759579832777875882 3060
 8847968792504082442 0
 0 0
 14813813649068633253 10
 14266958587785789909 0
 0 0
 14813813649068633253 10
 17950140182527008075 0
 0 0
 5759579832777875882 1890
 13227706732591463266 0
 0 0
 5759579832777875882 3590
 10831062959172327438 0
 0 0
 14813813649068633253 11
 17950140182527008075 0
 0 0
 5759579832777875882 231
 8561672199432623212 0
 0 0
 14813813649068633253 10
 17950140182527008075 0
 0 0
 5759579832777875882 5340
 4198160095843660748 0
 0 0
 5759579832777875882 5100
 10831062959172327438 0
 0 0
 14813813649068633253 10
 7460372685540702079 0
 0 0
 5759579832777875882 90
 5899884898725604535 30
 10160671861863598267 0
 0 0
 2985355804470398581 871
 1164901960501821153 0
 0 0
 5899884898725604535 20
 5508556008577712366 0
 0 0
 2985355804470398581 4690
 1164901960501821153 0
 0 0
 5899884898725604535 10
 10160671861863598267 0
 0 0
 2985355804470398581 170
 1164901960501821153 0
 0 0
 5899884898725604535 30
 10160671861863598267 0
 0 0
 2985355804470398581 50
 16330412680491835907 0
 0 0
 5899884898725604535 40
 5508556008577712366 0
 0 0
 2985355804470398581 960
 16106871738750029664 0
 0 0
 5899884898725604535 20
 10160671861863598267 0
 0 0
 2985355804470398581 410
 15794107444214255293 0
 0 0
 5899884898725604535 10
 10160671861863598267 0
 0 0
