100 520339 523989
200 916727 927307
300 1229125 1244393
400 1472685 1491369
500 1673113 1705199
600 1851514 1900753
700 2010240 2064580
800 2162238 2220889
900 2282102 2363060
1000 2361326 2493299
1100 2465212 2623434
1200 2578008 2745755
1300 2681368 2862914
1400 2754819 2972430
1500 2821261 3078939
1600 2900210 3186684
1700 2981201 3286772
1800 3049327 3380402
1900 3107678 3473414
2000 3161768 3561819
2100 3204650 3647946
2200 3229870 3729251
2300 3270094 3812174
2400 3307563 3895620
2500 3382598 3983710
2600 3437926 4063458
2700 3500312 4142931
2800 3521676 4214469
2900 3568136 4291223
3000 3604483 4365491
3100 3638055 4437982
3200 3666549 4510097
3300 3702141 4581974
3400 3750527 4653194
3500 3802645 4724821
3600 3843695 4796228
3700 3900784 4871982
3800 3907083 4935169
3900 3918681 4998505
4000 3931688 5060969
4100 3954570 5123967
4200 3973895 5186815
4300 4000015 5249692
4400 4018061 5311161
4500 4038131 5373487
4600 4059159 5436630
4700 4100034 5500152
4800 4123012 5561076
4900 4159176 5623007
5000 4200290 5686836
5100 4213860 5744595
5200 4235213 5803638
5300 4254868 5861232
5400 4284077 5919260
5500 4303939 5977568
5600 4317681 6034335
5700 4330016 6090537
5800 4347848 6147727
5900 4366712 6203777
6000 4382668 6260505
6100 4402538 6316886
6200 4428412 6373629
6300 4459031 6430754
6400 4491132 6488213
6500 4507494 6543487
6600 4527452 6596943
6700 4549484 6650606
6800 4569724 6703902
6900 4590547 6757670
7000 4604517 6810715
7100 4613494 6861409
7200 4628013 6914728
7300 4653060 6967722
7400 4664628 7019834
7500 4679153 7072373
7600 4694371 7124545
7700 4716789 7177195
7800 4749183 7230278
7900 4781016 7283950
8000 4806082 7335545
8100 4816267 7383683
8200 4832001 7432886
8300 4855451 7482969
8400 4884241 7533600
8500 4901447 7582361
8600 4906777 7629877
8700 4915188 7676488
8800 4921697 7722567
8900 4931523 7770077
9000 4941220 7816652
9100 4950002 7863215
9200 4960011 7909550
9300 4973774 7956904
9400 4985438 8003538
9500 4997779 8049532
9600 5007643 8095573
9700 5022289 8141989
9800 5036978 8187298
9900 5071837 8239586
10000 5095191 8287220
10100 5103448 8331453
10200 5114887 8376147
10300 5138116 8422814
10400 5188064 8478486
10500 5238472 8533156
10600 5296302 8590986
10700 5343731 8638797
10800 5390853 8685998
10900 5420685 8731572
11000 5442091 8776127
11100 5472661 8822188
11200 5500322 8859563
11300 5511980 8897738
11400 5519219 8938391
11500 5538856 8979663
11600 5555310 9020682
11700 5587252 9064901
11800 5601381 9104317
11900 5605276 9143321
12000 5621732 9181361
12100 5640706 9220517
12200 5672584 9259804
12300 5693444 9298172
12400 5699062 9336857
12500 5702948 9372925
12600 5712509 9409322
12700 5719839 9448285
12800 5733987 9487158
12900 5745276 9524433
13000 5761080 9561602
13100 5767982 9599490
13200 5776043 9636086
13300 5784184 9673301
13400 5792807 9709889
13500 5801123 9747072
13600 5807404 9783243
13700 5812333 9817963
13800 5824747 9855161
13900 5830649 9891313
14000 5865665 9934871
14100 5889274 9973474
14200 5900950 10009190
14300 5903483 10043574
14400 5910493 10078000
14500 5916040 10111743
14600 5929055 10147834
14700 5935525 10182360
14800 5947422 10217734
14900 5965621 10253956
15000 5980681 10289066
