100 450574 478117
200 832533 887671
300 1154146 1215702
400 1407631 1473428
500 1613786 1688851
600 1799657 1891958
700 1963670 2059341
800 2115979 2216514
900 2241109 2359070
1000 2322865 2490206
1100 2428630 2619249
1200 2540287 2743567
1300 2642143 2859609
1400 2721651 2970770
1500 2801212 3080290
1600 2853185 3178149
1700 2931877 3282463
1800 3008047 3380719
1900 3089425 3475187
2000 3124675 3561083
2100 3190528 3651705
2200 3212751 3734333
2300 3240209 3816023
2400 3286542 3900579
2500 3342499 3985012
2600 3403606 4070290
2700 3457579 4147357
2800 3506626 4223666
2900 3540344 4297472
3000 3582898 4373262
3100 3624907 4445812
3200 3665694 4519763
3300 3691380 4591674
3400 3730957 4662751
3500 3784542 4735192
3600 3828819 4806390
3700 3883462 4880200
3800 3904031 4947282
3900 3912930 5009693
4000 3924884 5071783
4100 3941184 5133591
4200 3964705 5196744
