11 0 0
21 0 0
31 0 0
41 0 0
51 0 0
61 0 0
71 0 0
81 0 0
91 0 0
101 0 0
111 0 0
121 0 0
131 0 0
141 0 0
151 0 0
161 0 0
171 0 0
181 0 0
191 0 0
201 0 0
211 0 0
221 0 0
231 0 0
241 0 0
251 0 0
261 0 0
271 0 0
281 0 0
291 5 25
301 5 25
311 5 25
321 5 25
331 5 25
341 5 25
351 5 25
361 5 25
371 5 25
381 5 25
391 5 25
401 5 149
411 5 149
421 5 149
431 5 149
441 5 149
451 5 149
461 5 149
471 5 149
481 5 149
491 5 149
501 5 149
511 5 149
521 5 149
531 5 149
541 5 149
551 5 149
561 5 149
571 5 149
581 5 149
591 5 165
601 5 165
611 5 165
621 5 213
631 5 213
641 5 213
651 10 258
661 10 258
671 10 305
681 10 305
691 10 305
701 10 305
711 10 305
721 10 305
731 10 305
741 10 305
751 10 305
761 10 324
771 10 324
781 10 324
791 10 324
801 10 324
811 10 324
821 10 324
831 10 324
841 10 324
851 10 324
861 10 324
871 10 401
881 10 401
891 10 401
901 10 401
911 10 401
921 10 401
931 10 408
941 10 408
951 10 408
961 80 526
971 80 526
981 90 536
991 90 536
1001 90 536
1011 90 536
1021 90 536
1031 95 541
1041 100 546
1051 100 546
1061 100 571
1071 100 601
1081 100 601
1091 100 601
1101 100 601
1111 100 601
1121 100 601
1131 100 601
1141 100 601
1151 100 601
1161 100 601
1171 100 700
1181 100 700
1191 100 700
1201 100 700
1211 100 700
1221 100 700
1231 105 710
1241 115 720
1251 120 725
1261 145 750
1271 145 750
1281 150 755
1291 175 780
1301 175 780
1311 185 790
1321 185 790
1331 185 790
1341 185 790
1351 185 790
1361 185 790
1371 185 790
1381 185 790
1391 185 790
1401 238 843
1411 238 843
1421 263 868
1431 263 868
1441 263 868
1451 263 868
1461 263 868
1471 263 868
1481 336 941
1491 336 941
1501 336 941
1511 336 941
1521 336 941
1531 398 1003
1541 413 1018
1551 413 1018
1561 433 1038
1571 448 1053
1581 448 1053
1591 463 1068
1601 463 1068
1611 468 1073
1621 478 1083
1631 488 1093
1641 503 1108
1651 508 1113
1661 513 1118
1671 533 1138
1681 548 1153
1691 548 1153
1701 568 1173
1711 583 1188
1721 583 1188
1731 598 1203
1741 598 1203
1751 603 1208
1761 613 1218
1771 623 1228
1781 638 1243
1791 643 1248
1801 648 1253
1811 668 1273
1821 683 1288
1831 688 1293
1841 708 1313
1851 718 1323
1861 728 1333
1871 733 1338
1881 733 1338
1891 743 1348
1901 748 1353
1911 758 1363
1921 773 1378
1931 783 1388
1941 788 1393
1951 803 1408
1961 818 1423
1971 823 1428
1981 843 1448
1991 853 1458
2001 863 1468
2011 868 1473
2021 868 1473
2031 878 1483
2041 888 1493
2051 898 1503
2061 908 1513
2071 918 1523
2081 923 1528
2091 943 1548
2101 953 1558
2111 958 1563
2121 983 1588
2131 988 1593
2141 998 1603
2151 1003 1608
2161 1003 1608
2171 1003 1608
2181 1003 1608
2191 1003 1608
2201 1003 1608
2211 1003 1608
2221 1003 1608
2231 1003 1608
2241 1003 1608
2251 1003 1608
2261 1003 1608
2271 1003 1608
2281 1033 1748
2291 1033 1748
2301 1033 1748
2311 1033 1758
2321 1033 1763
2331 1033 1773
2341 1033 1778
2351 1033 1788
2361 1033 1788
2371 1033 1788
2381 1033 1788
2391 1033 1788
2401 1033 1788
2411 1033 1863
2421 1268 1873
2431 1268 1873
2441 1268 1873
2451 1268 1873
2461 1268 1873
2471 1268 1873
2481 1268 1873
2491 1268 1873
2501 1268 1873
2511 1268 1873
2521 1268 1873
2531 1268 1873
2541 1268 1873
2551 1268 1873
2561 1268 1883
2571 1268 1883
2581 1268 1883
2591 1268 1883
2601 1268 1883
2611 1268 1883
2621 1268 1888
2631 1268 1888
2641 1268 1888
2651 1268 1893
2661 1268 1893
2671 1268 1893
2681 1268 1948
2691 1268 1948
2701 1268 1948
2711 1268 1963
2721 1268 1963
2731 1268 1973
2741 1268 1973
2751 1268 1973
2761 1268 1973
2771 1268 1973
2781 1268 1973
2791 1268 1973
2801 1268 1973
2811 1353 2093
2821 1363 2103
2831 1388 2128
2841 1388 2128
2851 1403 2143
2861 1408 2148
2871 1413 2153
2881 1418 2158
2891 1428 2168
2901 1428 2168
2911 1443 2183
2921 1458 2198
2931 1463 2203
2941 1468 2208
2951 1488 2228
2961 1498 2238
2971 1523 2263
2981 1523 2263
2991 1538 2278
3001 1543 2283
3011 1548 2288
3021 1553 2293
3031 1563 2303
3041 1563 2303
3051 1588 2328
3061 1598 2338
3071 1598 2338
3081 1603 2343
3091 1623 2363
3101 1633 2373
3111 1658 2398
3121 1658 2398
3131 1673 2413
3141 1678 2418
3151 1683 2423
3161 1693 2433
3171 1698 2438
3181 1698 2438
3191 1723 2463
3201 1733 2473
3211 1738 2478
3221 1743 2483
3231 1758 2498
3241 1773 2513
3251 1793 2533
3261 1793 2533
3271 1808 2548
3281 1813 2553
3291 1818 2558
3301 1828 2568
3311 1833 2573
3321 1838 2578
3331 1858 2598
3341 1868 2608
3351 1873 2613
3361 1883 2623
3371 1883 2623
3381 1883 2623
3391 1883 2623
3401 1883 2623
3411 1883 2623
3421 1950 2690
3431 1955 2695
3441 1965 2705
3451 1970 2710
3461 1975 2715
3471 1995 2735
3481 2005 2745
3491 2010 2750
3501 2020 2760
3511 2030 2770
3521 2055 2795
3531 2060 2800
3541 2070 2810
3551 2075 2815
3561 2085 2825
3571 2090 2830
3581 2100 2840
3591 2105 2845
3601 2120 2860
3611 2130 2870
3621 2140 2880
3631 2145 2885
3641 2155 2895
3651 2165 2905
3661 2190 2930
3671 2195 2935
3681 2205 2945
3691 2215 2955
3701 2220 2960
3711 2230 2970
3721 2240 2980
3731 2240 2980
3741 2260 3000
3751 2270 3010
3761 2280 3020
3771 2280 3020
3781 2295 3035
3791 2300 3040
3801 2330 3070
3811 2335 3075
3821 2340 3080
3831 2350 3090
3841 2355 3095
3851 2365 3105
3861 2375 3115
3871 2375 3115
3881 2400 3140
3891 2405 3145
3901 2415 3155
3911 2420 3160
3921 2430 3170
3931 2440 3180
3941 2465 3205
3951 2470 3210
3961 2475 3215
3971 2485 3225
3981 2495 3235
3991 2500 3240
4001 2510 3250
4011 2515 3255
4021 2535 3275
4031 2545 3285
4041 2550 3290
4051 2555 3295
4061 2565 3305
4071 2575 3315
4081 2600 3340
4091 2605 3345
4101 2610 3350
4111 2625 3365
4121 2630 3370
4131 2635 3375
4141 2645 3385
4151 2650 3390
4161 2670 3410
4171 2680 3420
4181 2685 3425
4191 2695 3435
4201 2700 3440
