 4937058681193072110 0
 15874961821930367032 2
 15159237552575230302 6
 13077953328602108201 88
 17969929331113979282 1
 15078487755110697300 93
 4720554898871463239 1
 15078487755110697300 13
 2736340127555123492 1
 15078487755110697300 63
 10965309736608774325 1
 15078487755110697300 68
 2736340127555123492 4
 15078487755110697300 143
 4720554898871463239 1
 15078487755110697300 469
 10965309736608774325 1
 15078487755110697300 53
 4720554898871463239 2
 15078487755110697300 21
 2736340127555123492 3
 15078487755110697300 16
 11745817780247274848 1
 15078487755110697300 18
 4720554898871463239 1
 15078487755110697300 750
 10965309736608774325 1
 15078487755110697300 66
 10965309736608774325 1
 15078487755110697300 338
 6584744880399632535 1
