10 0 0
20 0 0
30 0 0
40 0 0
50 0 0
60 5 10
70 5 10
80 10 20
90 10 20
100 10 20
110 10 20
120 15 30
130 20 35
140 20 40
150 25 45
160 25 50
170 25 50
180 30 55
190 30 60
200 35 65
210 35 70
220 35 70
230 40 75
240 40 80
250 45 85
260 45 90
270 45 90
280 50 95
290 50 100
300 55 105
310 55 110
320 55 110
330 60 115
340 60 120
350 65 125
360 65 130
370 65 130
380 70 135
390 70 140
400 75 145
410 75 150
420 75 150
430 80 160
440 80 160
450 85 165
460 85 170
470 90 175
480 90 180
490 90 180
500 95 185
510 95 190
520 100 195
530 100 200
540 100 200
550 105 205
560 105 210
570 110 215
580 110 220
590 110 220
600 115 225
610 115 230
620 120 235
630 120 240
640 120 240
650 125 250
660 125 250
670 130 255
680 130 260
690 130 260
700 135 270
710 135 270
720 140 275
730 140 280
740 145 285
750 145 290
760 145 290
770 150 295
780 150 300
790 155 305
800 155 310
810 155 310
820 160 320
830 160 320
840 165 325
850 165 330
860 165 330
870 170 340
880 170 340
890 175 345
900 175 350
910 180 355
920 180 360
930 180 360
940 185 365
950 185 370
960 190 375
970 190 380
980 190 380
990 195 390
1000 195 390
1010 200 395
1020 200 400
1030 200 400
1040 205 410
1050 205 410
1060 210 415
1070 210 420
1080 215 425
1090 215 430
1100 215 430
1110 220 435
1120 220 440
1130 225 445
1140 225 450
1150 225 450
1160 230 460
1170 230 460
1180 235 465
1190 235 470
1200 235 470
1210 240 480
1220 240 480
1230 245 485
1240 245 490
1250 245 490
1260 250 500
1270 250 500
1280 255 505
1290 255 510
1300 260 515
1310 260 520
1320 260 520
1330 265 530
1340 265 530
1350 270 535
1360 270 540
1370 270 540
1380 275 550
1390 275 550
1400 280 555
1410 280 560
1420 280 560
1430 285 570
1440 285 570
1450 290 575
1460 290 580
1470 295 585
1480 295 590
1490 295 590
1500 300 600
1510 300 600
1520 305 605
1530 305 610
1540 305 610
1550 310 620
1560 310 620
1570 315 625
1580 315 630
1590 315 630
1600 320 640
1610 320 640
1620 325 645
1630 325 650
1640 330 655
1650 330 660
1660 330 660
1670 335 670
1680 335 670
1690 340 675
1700 340 680
1710 340 680
1720 345 690
1730 345 690
1740 350 695
1750 350 700
1760 350 700
1770 355 710
1780 355 710
1790 360 715
1800 360 720
1810 365 725
1820 365 730
1830 365 730
1840 370 740
1850 370 740
1860 375 745
1870 375 750
1880 375 750
1890 380 760
1900 380 760
1910 385 765
1920 385 770
1930 385 770
1940 390 780
1950 390 780
1960 395 790
1970 395 790
1980 395 790
1990 400 800
2000 400 800
2010 405 810
2020 405 810
2030 410 815
2040 410 820
2050 410 820
2060 415 830
2070 415 830
2080 420 835
2090 420 840
2100 420 840
2110 425 850
2120 425 850
2130 430 860
2140 430 860
2150 430 860
2160 435 870
2170 435 870
2180 440 880
2190 440 880
2200 445 885
2210 445 890
2220 445 890
2230 450 900
2240 450 900
2250 455 905
2260 455 910
2270 455 910
2280 460 920
2290 460 920
2300 465 930
2310 465 930
2320 470 935
2330 470 940
2340 470 940
2350 475 950
2360 475 950
2370 480 955
2380 480 960
2390 480 960
2400 485 970
2410 485 970
2420 490 975
2430 490 980
2440 490 980
2450 495 990
2460 495 990
2470 500 1000
2480 500 1000
2490 500 1000
2500 505 1010
2510 505 1010
2520 510 1020
2530 510 1020
2540 515 1025
2550 515 1030
2560 515 1030
2570 520 1040
2580 520 1040
2590 525 1045
2600 525 1050
2610 525 1050
2620 530 1060
2630 530 1060
2640 535 1070
2650 535 1070
2660 540 1075
2670 540 1080
2680 540 1080
2690 545 1090
2700 545 1090
2710 550 1095
2720 550 1100
2730 550 1100
2740 555 1110
2750 555 1110
2760 560 1115
2770 560 1120
2780 560 1120
2790 565 1130
2800 565 1130
2810 570 1140
2820 570 1140
2830 575 1145
2840 575 1150
2850 575 1150
2860 580 1160
2870 580 1160
2880 585 1165
2890 585 1170
2900 585 1170
2910 590 1180
2920 590 1180
2930 595 1185
2940 595 1190
2950 595 1190
2960 600 1200
2970 600 1200
2980 605 1205
2990 605 1211
3000 610 1216
3010 610 1216
3020 610 1221
3030 615 1226
3040 615 1226
3050 615 1226
3060 620 1236
3070 620 1236
3080 625 1246
3090 625 1246
3100 630 1251
3110 630 1256
3120 630 1256
3130 635 1266
3140 635 1266
3150 640 1276
3160 640 1276
3170 645 1281
3180 645 1286
3190 645 1286
3200 650 1296
3210 650 1296
3220 655 1301
3230 655 1306
3240 655 1306
3250 660 1316
3260 660 1316
3270 665 1321
3280 665 1326
3290 665 1326
3300 670 1336
3310 670 1336
3320 675 1341
3330 675 1346
3340 675 1346
3350 680 1356
3360 680 1356
3370 685 1366
3380 685 1366
3390 690 1371
3400 690 1376
3410 690 1376
3420 695 1386
3430 695 1386
3440 700 1391
3450 700 1396
3460 700 1396
3470 705 1406
3480 705 1406
3490 710 1411
3500 710 1416
3510 715 1421
3520 715 1426
3530 715 1426
3540 720 1436
3550 720 1436
3560 725 1441
3570 725 1446
3580 725 1446
3590 730 1456
3600 730 1456
3610 735 1461
3620 735 1466
