100 578950 579710
200 1108930 1110620
300 1610943 1613303
400 2096520 2100080
500 2552375 2556647
600 2985130 2992360
700 3396129 3403748
800 3787159 3797577
900 4157403 4174717
1000 4517658 4536753
1100 4861594 4881834
1200 5191913 5211981
1300 5509566 5530987
1400 5810086 5831507
1500 6095195 6117394
1600 6357207 6379263
1700 6612815 6635402
1800 6861545 6884689
1900 7097169 7121705
2000 7319450 7345265
2100 7535317 7566506
2200 7753476 7785185
2300 7972943 8004437
2400 8168877 8210045
2500 8376545 8417848
2600 8566077 8620902
2700 8773497 8828322
2800 8981177 9036002
2900 9148689 9215208
3000 9322725 9393625
3100 9499194 9572061
3200 9652348 9728377
3300 9809301 9885876
3400 9966055 10043533
3500 10123811 10203531
3600 10285107 10365263
3700 10446712 10526972
3800 10594583 10678584
3900 10742597 10827789
4000 10892188 10977217
4100 11018939 11121402
4200 11158158 11265445
