100 609110 609110
200 1235400 1236170
300 1836000 1836770
400 2413320 2414770
500 2976540 2977990
600 3501882 3503602
700 4024038 4026478
800 4515327 4517457
900 5004422 5007903
1000 5459734 5463104
1100 5914283 5917806
1200 6339831 6344052
1300 6759678 6763770
1400 7166673 7172448
1500 7562789 7568600
1600 7953920 7960256
1700 8325615 8334908
1800 8698520 8707198
1900 9061863 9074501
2000 9408849 9420898
2100 9754690 9766689
2200 10091905 10105927
2300 10415399 10429302
2400 10738793 10752886
2500 11057375 11072732
2600 11362305 11377662
2700 11667535 11682892
2800 11972835 11988192
2900 12240576 12257216
3000 12506897 12523588
3100 12772670 12789998
3200 13035328 13054138
3300 13288646 13307780
3400 13542556 13561761
3500 13796135 13815521
3600 14040366 14062662
3700 14266126 14289197
3800 14493471 14515933
3900 14720227 14742359
4000 14945856 14969221
4100 15164207 15191195
4200 15385409 15413478
