100 520458 524453
200 917529 927500
300 1230545 1243792
400 1473972 1490360
500 1672801 1703631
600 1842674 1899375
700 1999575 2064192
800 2149539 2220751
900 2273171 2363529
1000 2347486 2492307
1100 2451426 2622453
1200 2563477 2744623
1300 2664764 2860945
1400 2743876 2971869
1500 2816954 3080949
1600 2883502 3183714
1700 2951410 3284679
1800 3020637 3379975
1900 3100257 3475908
2000 3138552 3562536
2100 3200341 3653160
2200 3216871 3734646
2300 3255031 3816739
2400 3300090 3902285
2500 3352256 3987377
2600 3414786 4070951
2700 3479525 4150248
2800 3511321 4224260
2900 3543964 4299315
3000 3591760 4376252
3100 3629761 4449546
3200 3665720 4521724
3300 3700451 4594706
3400 3738759 4665328
3500 3794345 4737633
3600 3832484 4808157
3700 3900032 4885590
3800 3905122 4949852
3900 3916892 5012480
4000 3934086 5074699
4100 3954249 5137609
4200 3979101 5201351
4300 4001180 5264845
4400 4020262 5325497
4500 4038500 5387322
4600 4066563 5450380
4700 4100068 5514289
4800 4124391 5574986
4900 4168995 5638458
5000 4201776 5700458
5100 4215035 5758148
5200 4232355 5815640
5300 4255382 5873908
5400 4285268 5933397
5500 4302663 5991586
5600 4314503 6048286
5700 4332757 6105516
5800 4344161 6160969
5900 4362376 6217204
6000 4384018 6275010
6100 4405671 6332639
6200 4430397 6388682
6300 4457011 6445612
6400 4494036 6503581
6500 4518066 6558546
6600 4538194 6613435
6700 4554530 6666465
6800 4582772 6720768
6900 4600916 6773687
7000 4609323 6825511
7100 4621198 6877089
7200 4636672 6930014
7300 4652161 6982857
7400 4669170 7035368
7500 4689780 7088625
7600 4714504 7141817
7700 4742029 7194172
7800 4764287 7245525
7900 4800167 7299735
8000 4809363 7347949
8100 4827658 7397157
8200 4850847 7447440
8300 4874050 7496833
8400 4890304 7545488
8500 4903623 7593365
8600 4909231 7639096
8700 4917271 7685934
8800 4925647 7732500
8900 4935290 7779606
9000 4944553 7826621
9100 4956611 7873793
9200 4970783 7920742
9300 4980641 7966632
9400 4989683 8012514
9500 5005792 8060189
9600 5014378 8105379
9700 5026013 8151454
9800 5046823 8199147
9900 5073618 8247835
10000 5100885 8297699
10100 5129656 8345361
10200 5159170 8394181
10300 5171942 8439606
10400 5187121 8484593
10500 5202316 8529905
10600 5220230 8575536
10700 5231936 8618497
10800 5282563 8669778
10900 5332720 8721634
11000 5386840 8775754
11100 5428182 8817783
11200 5465452 8856287
11300 5497915 8894636
11400 5507059 8931927
11500 5517296 8971714
11600 5539165 9014803
11700 5559869 9058703
11800 5576293 9100993
11900 5596305 9144550
12000 5604041 9183723
12100 5610143 9223278
12200 5621380 9260138
12300 5641853 9300668
12400 5653136 9339607
12500 5677999 9379477
12600 5700464 9421267
12700 5706057 9457438
12800 5711093 9495342
12900 5721658 9532469
13000 5732666 9567992
13100 5748213 9605452
13200 5759908 9643476
13300 5771498 9680878
13400 5786567 9718165
13500 5802550 9756040
13600 5825667 9796162
13700 5836618 9834143
13800 5846050 9868872
13900 5856871 9905050
14000 5867223 9941480
14100 5876588 9976249
14200 5886114 10013010
14300 5892895 10047821
14400 5900404 10083293
14500 5904126 10116778
14600 5917739 10153170
14700 5923225 10187981
14800 5931529 10222675
14900 5937970 10254558
15000 5945760 10289614
