100 616960 616960
200 1245660 1246500
300 1846560 1847400
400 2418530 2420210
500 2982960 2984640
600 3507747 3509737
700 4028767 4031857
800 4522189 4524959
900 5015127 5018397
1000 5476782 5480072
1100 5933386 5936986
1200 6358647 6362778
1300 6779591 6783822
1400 7183946 7190858
1500 7576040 7583394
1600 7968519 7975763
1700 8340308 8349840
1800 8711809 8722437
1900 9077657 9089529
2000 9424055 9436794
2100 9770797 9783852
2200 10108272 10123179
2300 10432046 10447227
2400 10755322 10770846
2500 11073648 11090072
2600 11378588 11395012
2700 11683488 11699912
2800 11988388 12004812
2900 12254569 12272032
3000 12520526 12538303
3100 12786354 12804577
3200 13048557 13068042
3300 13302769 13321938
3400 13556620 13575845
3500 13810416 13829563
3600 14053358 14075040
3700 14279852 14301455
3800 14505585 14527626
3900 14731851 14754673
4000 14959669 14981419
4100 15173342 15202508
4200 15395951 15424615
