11 0 
21 0 
31 0 
41 0 
51 0 
61 0 
71 0 
81 0 
91 0 
101 0 
111 0 
121 0 
131 0 
141 0 
151 0 
161 0 
171 0 
181 0 
191 0 
201 0 
211 0 
221 0 
231 0 
241 0 
251 0 
261 0 
271 0 
281 0 
291 0 
301 0 
311 0 
321 0 
331 0 
341 0 
351 0 
361 0 
371 0 
381 0 
391 0 
401 0 
411 0 
421 0 
431 0 
441 0 
451 0 
461 0 
471 0 
481 0 
491 0 
501 0 
511 0 
521 0 
531 0 
541 0 
551 0 
561 0 
571 0 
581 0 
591 0 
601 0 
611 0 
621 0 
631 0 
641 0 
651 0 
661 0 
671 0 
681 0 
691 0 
701 0 
711 0 
721 0 
731 0 
741 0 
751 0 
761 0 
771 0 
781 0 
791 0 
801 0 
811 0 
821 0 
831 0 
841 0 
851 0 
861 0 
871 0 
881 0 
891 0 
901 0 
911 0 
921 0 
931 19 
941 19 
951 19 
961 19 
971 19 
981 19 
991 19 
1001 19 
1011 19 
1021 19 
1031 19 
1041 19 
1051 19 
1061 19 
1071 19 
1081 19 
1091 19 
1101 19 
1111 19 
1121 19 
1131 19 
1141 19 
1151 19 
1161 19 
1171 19 
1181 19 
1191 19 
1201 19 
1211 19 
1221 19 
1231 19 
1241 19 
1251 19 
1261 19 
1271 19 
1281 19 
1291 19 
1301 19 
1311 19 
1321 19 
1331 19 
1341 19 
1351 19 
1361 19 
1371 19 
1381 19 
1391 19 
1401 19 
1411 19 
1421 19 
1431 19 
1441 19 
1451 19 
1461 19 
1471 19 
1481 19 
1491 19 
1501 19 
1511 19 
1521 19 
1531 19 
1541 19 
1551 19 
1561 19 
1571 19 
1581 19 
1591 19 
1601 19 
1611 19 
1621 19 
1631 19 
1641 19 
1651 19 
1661 19 
1671 19 
1681 19 
1691 19 
1701 19 
1711 19 
1721 19 
1731 19 
1741 19 
1751 19 
1761 19 
1771 19 
1781 19 
1791 19 
1801 19 
1811 19 
1821 19 
1831 19 
1841 19 
1851 19 
1861 19 
1871 19 
1881 19 
1891 19 
1901 19 
1911 19 
1921 19 
1931 19 
1941 19 
1951 19 
1961 19 
1971 19 
1981 19 
1991 19 
2001 19 
2011 19 
2021 19 
2031 19 
2041 19 
2051 19 
2061 19 
2071 19 
2081 19 
2091 19 
2101 19 
2111 19 
2121 19 
2131 19 
2141 19 
2151 19 
2161 19 
2171 19 
2181 19 
2191 19 
2201 19 
2211 19 
2221 19 
2231 19 
2241 19 
2251 19 
2261 19 
2271 19 
2281 19 
2291 19 
2301 19 
2311 19 
2321 19 
2331 19 
2341 19 
2351 19 
2361 19 
2371 19 
2381 19 
2391 19 
2401 19 
2411 19 
2421 19 
2431 19 
2441 19 
2451 19 
2461 19 
2471 19 
2481 19 
2491 19 
2501 19 
2511 19 
2521 19 
2531 19 
2541 19 
2551 19 
2561 19 
2571 19 
2581 19 
2591 19 
2601 19 
2611 19 
2621 19 
2631 19 
2641 19 
2651 19 
2661 19 
2671 19 
2681 19 
2691 19 
2701 19 
2711 19 
2721 19 
2731 19 
2741 19 
2751 19 
2761 19 
2771 19 
2781 19 
2791 19 
2801 19 
2811 19 
2821 19 
2831 19 
2841 19 
2851 19 
2861 19 
2871 19 
2881 19 
2891 19 
2901 19 
2911 19 
2921 19 
2931 19 
2941 19 
2951 19 
2961 19 
2971 19 
2981 19 
2991 19 
3001 19 
3011 19 
3021 19 
3031 19 
3041 19 
3051 19 
3061 19 
3071 19 
3081 19 
3091 19 
3101 19 
3111 19 
3121 19 
3131 19 
3141 19 
3151 19 
3161 19 
3171 19 
3181 19 
3191 19 
3201 19 
3211 19 
3221 19 
3231 19 
3241 19 
3251 19 
3261 19 
3271 19 
3281 19 
3291 19 
3301 19 
3311 19 
3321 19 
3331 19 
3341 19 
3351 19 
3361 19 
3371 19 
3381 19 
3391 19 
3401 19 
3411 19 
3421 19 
3431 19 
3441 19 
3451 19 
3461 19 
3471 19 
3481 19 
3491 19 
3501 19 
3511 19 
3521 19 
3531 19 
3541 19 
3551 19 
3561 19 
3571 19 
3581 19 
3591 19 
3601 19 
3611 19 
3621 19 
