100 212850 216090
200 436467 441867
300 658740 666555
400 874409 888286
500 1092444 1111728
600 1314504 1336484
700 1517609 1547070
800 1700023 1739441
900 1862907 1918056
1000 2008668 2072875
1100 2152183 2221626
1200 2268642 2357784
1300 2345840 2483982
1400 2446490 2610259
1500 2559716 2730895
1600 2659403 2844579
1700 2729489 2951443
1800 2803420 3057664
1900 2853190 3153897
2000 2926304 3254341
2100 3005021 3352091
2200 3077400 3443291
2300 3119233 3530041
2400 3184204 3619465
2500 3214007 3702586
2600 3245100 3785198
2700 3289334 3867510
2800 3339908 3950433
2900 3403778 4034214
3000 3460852 4111128
3100 3506295 4186556
3200 3538171 4259370
3300 3584401 4334785
3400 3625552 4406909
3500 3662116 4479993
3600 3699684 4552225
3700 3735514 4621418
3800 3791580 4692893
3900 3826384 4762836
4000 3885245 4837141
4100 3904053 4903042
4200 3914684 4965223
