100 519332 522374
200 914897 924740
300 1226811 1241553
400 1470725 1489452
500 1672956 1704364
600 1848592 1901591
700 2005819 2066101
800 2157132 2222425
900 2280294 2364956
1000 2370127 2497230
1100 2484547 2628092
1200 2595825 2748195
1300 2696968 2864429
1400 2763358 2971904
1500 2828048 3076735
1600 2896020 3181290
1700 2975175 3281015
1800 3043745 3375420
1900 3104929 3467507
2000 3154478 3554858
2100 3202351 3643122
2200 3225259 3724927
2300 3260128 3808430
2400 3308820 3893142
2500 3386475 3981757
2600 3432995 4060803
2700 3500115 4140630
2800 3520236 4213292
2900 3566405 4289196
3000 3606002 4364118
3100 3636528 4436334
3200 3671734 4508550
3300 3712809 4579942
3400 3762891 4651738
3500 3804633 4723997
3600 3855658 4797875
3700 3900944 4870311
3800 3906772 4934097
3900 3916911 4996628
4000 3930812 5058895
4100 3951109 5121348
4200 3975651 5184148
4300 3997990 5246982
4400 4018886 5309158
4500 4040300 5370261
4600 4074732 5433528
4700 4100705 5496609
4800 4128735 5557688
4900 4165397 5619811
5000 4196790 5681457
5100 4207821 5740546
5200 4225582 5798550
5300 4246416 5857590
5400 4274661 5916538
5500 4298721 5975407
5600 4306263 6032158
5700 4319436 6088445
5800 4337716 6145019
5900 4353925 6201360
6000 4368434 6257241
6100 4390644 6314245
6200 4411557 6370643
6300 4433191 6425689
6400 4469541 6484428
6500 4500247 6541270
6600 4514402 6595025
6700 4530267 6648824
6800 4555297 6703062
6900 4580908 6757448
7000 4608145 6812839
7100 4617123 6864244
7200 4629513 6916074
7300 4644604 6967836
7400 4671963 7022589
7500 4701498 7077074
7600 4715570 7127818
7700 4743142 7180612
7800 4765950 7232880
7900 4802136 7286905
8000 4811927 7334723
8100 4824868 7383260
8200 4848103 7433652
8300 4869883 7483898
8400 4897532 7533923
8500 4904003 7580975
8600 4926545 7631462
8700 4941955 7680805
8800 4950690 7727983
8900 4958778 7774512
9000 4968012 7821517
9100 4981281 7869398
9200 4995389 7916598
9300 5008451 7963101
9400 5031673 8012622
9500 5051073 8059107
9600 5067720 8106073
9700 5100199 8157260
9800 5119250 8203485
9900 5138127 8249262
10000 5154828 8294719
10100 5179773 8341330
10200 5198137 8387068
10300 5214226 8431396
10400 5231375 8476949
10500 5247056 8521989
10600 5272827 8569425
10700 5298376 8616390
10800 5306824 8658949
10900 5313769 8701680
11000 5319956 8744436
11100 5327416 8787086
11200 5348979 8830949
11300 5370541 8875499
11400 5390332 8919515
11500 5408943 8962505
11600 5423390 9004997
11700 5435981 9047382
11800 5479754 9095905
11900 5505618 9140611
12000 5522009 9177431
12100 5542295 9218446
12200 5552711 9259968
12300 5586126 9304828
12400 5608946 9347295
12500 5617207 9385005
12600 5637938 9424401
12700 5662056 9463318
12800 5699604 9503027
12900 5705267 9539794
13000 5717611 9576393
13100 5727951 9612948
13200 5736956 9649440
13300 5749147 9687519
13400 5765945 9726095
13500 5772954 9763736
13600 5778341 9801893
13700 5792887 9840241
13800 5802533 9876140
13900 5813168 9911876
14000 5825120 9947775
14100 5838221 9985036
14200 5843809 10021811
14300 5851732 10057501
14400 5861939 10094188
14500 5891208 10134573
14600 5901127 10168793
14700 5905301 10203117
14800 5913725 10237675
14900 5921652 10271237
15000 5946353 10309534
