11 0 
21 0 
31 0 
41 0 
51 0 
61 0 
71 0 
81 0 
91 0 
101 0 
111 0 
121 0 
131 0 
141 0 
151 0 
161 0 
171 0 
181 0 
191 0 
201 0 
211 0 
221 0 
231 0 
241 0 
251 0 
261 0 
271 0 
281 0 
291 0 
301 0 
311 0 
321 0 
331 0 
341 0 
351 0 
361 0 
371 5 
381 5 
391 5 
401 5 
411 5 
421 5 
431 5 
441 5 
451 5 
461 5 
471 5 
481 5 
491 5 
501 5 
511 5 
521 5 
531 5 
541 5 
551 5 
561 5 
571 5 
581 5 
591 5 
601 5 
611 5 
621 5 
631 5 
641 5 
651 5 
661 5 
671 5 
681 5 
691 5 
701 11 
711 11 
721 11 
731 11 
741 11 
751 11 
761 11 
771 11 
781 11 
791 11 
801 11 
811 11 
821 11 
831 11 
841 11 
851 11 
861 11 
871 11 
881 11 
891 11 
901 11 
911 11 
921 11 
931 11 
941 11 
951 11 
961 11 
971 11 
981 11 
991 11 
1001 11 
1011 11 
1021 11 
1031 11 
1041 11 
1051 11 
1061 11 
1071 11 
1081 11 
1091 11 
1101 11 
1111 11 
1121 11 
1131 11 
1141 11 
1151 11 
1161 11 
1171 11 
1181 11 
1191 11 
1201 11 
1211 11 
1221 11 
1231 11 
1241 11 
1251 11 
1261 11 
1271 11 
1281 11 
1291 11 
1301 11 
1311 11 
1321 11 
1331 11 
1341 11 
1351 11 
1361 11 
1371 11 
1381 11 
1391 11 
1401 11 
1411 11 
1421 11 
1431 11 
1441 16 
1451 16 
1461 16 
1471 16 
1481 16 
1491 16 
1501 16 
1511 16 
1521 16 
1531 16 
1541 16 
1551 16 
1561 16 
1571 16 
1581 16 
1591 16 
1601 16 
1611 16 
1621 21 
1631 21 
1641 21 
1651 21 
1661 21 
1671 21 
1681 21 
1691 21 
1701 21 
1711 21 
1721 21 
1731 21 
1741 21 
1751 21 
1761 21 
1771 31 
1781 31 
1791 31 
1801 31 
1811 41 
1821 41 
1831 41 
1841 41 
1851 41 
1861 41 
1871 41 
1881 41 
1891 46 
1901 46 
1911 51 
1921 51 
1931 51 
1941 51 
1951 56 
1961 56 
1971 56 
1981 56 
1991 56 
2001 56 
2011 56 
2021 67 
2031 67 
2041 67 
2051 67 
2061 67 
2071 67 
2081 67 
2091 82 
2101 82 
2111 82 
2121 82 
2131 82 
2141 92 
2151 92 
2161 112 
2171 112 
2181 112 
2191 122 
2201 122 
2211 122 
2221 122 
2231 134 
2241 134 
2251 134 
2261 134 
2271 134 
2281 134 
2291 134 
2301 134 
2311 134 
2321 134 
2331 134 
2341 134 
2351 134 
2361 134 
2371 134 
2381 134 
2391 134 
2401 134 
2411 134 
2421 134 
2431 134 
2441 134 
2451 134 
2461 134 
2471 134 
2481 134 
2491 134 
2501 134 
2511 134 
2521 134 
2531 134 
2541 134 
2551 134 
2561 134 
2571 134 
2581 134 
2591 134 
2601 134 
2611 134 
2621 134 
2631 134 
2641 134 
2651 134 
2661 134 
2671 134 
2681 134 
2691 134 
2701 134 
2711 134 
2721 134 
2731 134 
2741 134 
2751 134 
2761 134 
2771 134 
2781 134 
2791 134 
2801 134 
2811 134 
2821 134 
2831 134 
2841 134 
2851 134 
2861 134 
2871 134 
2881 134 
2891 134 
2901 134 
2911 134 
2921 134 
2931 134 
2941 134 
2951 134 
2961 134 
2971 134 
2981 134 
2991 134 
3001 134 
3011 134 
3021 134 
3031 134 
3041 134 
3051 134 
3061 134 
3071 134 
3081 134 
3091 134 
3101 134 
3111 134 
3121 134 
3131 134 
3141 134 
3151 134 
3161 134 
3171 134 
3181 134 
3191 134 
3201 134 
3211 134 
3221 134 
3231 134 
3241 134 
3251 134 
3261 134 
3271 134 
3281 134 
3291 134 
3301 134 
3311 134 
3321 134 
3331 134 
3341 134 
3351 134 
3361 134 
3371 134 
3381 134 
3391 134 
3401 134 
3411 134 
3421 134 
3431 134 
3441 134 
3451 134 
3461 134 
3471 134 
3481 134 
3491 134 
3501 134 
3511 134 
3521 134 
3531 134 
3541 134 
3551 134 
3561 134 
3571 134 
3581 134 
3591 134 
3601 134 
3611 134 
3621 134 
