100 522998 526679
200 916075 928601
300 1228303 1244525
400 1471439 1490805
500 1670864 1702893
600 1849995 1899736
700 2007930 2063530
800 2159912 2219679
900 2283031 2361853
1000 2351189 2489264
1100 2465719 2620466
1200 2579659 2741873
1300 2679870 2857765
1400 2750908 2966513
1500 2817801 3071894
1600 2896547 3177009
1700 2971147 3276163
1800 3035873 3370173
1900 3103194 3463784
2000 3153259 3551631
2100 3202379 3641029
2200 3223840 3722407
2300 3266658 3806702
2400 3313770 3890230
2500 3388726 3978427
2600 3440588 4056765
2700 3500571 4136108
2800 3525884 4208651
2900 3574236 4285553
3000 3618940 4360153
3100 3646147 4431944
3200 3688224 4505998
3300 3721205 4576684
3400 3772287 4649041
3500 3817142 4720594
3600 3866975 4794003
3700 3901677 4863220
3800 3908654 4927029
3900 3919401 4988613
4000 3937567 5051408
4100 3959179 5114263
4200 3984190 5177782
