100 275520 275520
200 565800 565800
300 856080 856080
400 1141440 1148820
500 1434180 1441560
600 1725690 1733070
700 1997520 2004900
800 2277960 2292720
900 2567010 2581770
1000 2857290 2872050
1100 3141428 3163568
1200 3429258 3451398
1300 3719555 3741695
1400 4000020 4032131
1500 4284164 4319057
1600 4570924 4605667
1700 4860149 4894742
1800 5138008 5184880
1900 5428168 5473937
2000 5719563 5764221
2100 6004459 6059243
2200 6292897 6348425
2300 6582749 6638595
2400 6870333 6926572
2500 7132379 7219151
2600 7401869 7505139
2700 7687347 7786910
2800 7969142 8069941
2900 8219307 8363940
3000 8496627 8648904
3100 8779044 8928137
3200 9046158 9217313
3300 9313499 9506503
3400 9596173 9792774
3500 9880895 10073238
3600 10144575 10357733
3700 10420267 10642892
3800 10702754 10924565
3900 10981286 11202546
4000 11255418 11487868
4100 11538318 11770768
4200 11817528 12049978
