100 239920 239920
200 506320 506320
300 786210 786210
400 1063300 1063980
500 1344020 1344700
600 1625250 1625930
700 1906070 1906750
800 2181380 2182870
900 2439730 2441220
1000 2719620 2721110
1100 3000050 3001660
1200 3277875 3280175
1300 3555955 3558255
1400 3838113 3840413
1500 4112433 4116023
1600 4392036 4395436
1700 4670589 4673779
1800 4950676 4953766
1900 5228429 5232590
2000 5509448 5513750
2100 5791086 5795246
2200 6060110 6065521
2300 6341683 6347013
2400 6621871 6627281
2500 6902257 6907939
2600 7179713 7187100
2700 7446643 7453866
2800 7711464 7719069
2900 7976926 7985338
3000 8251281 8263398
3100 8531058 8542440
3200 8810185 8822030
3300 9085746 9101012
3400 9364127 9380180
3500 9642266 9657416
3600 9920759 9935908
3700 10191328 10207415
3800 10460065 10476695
3900 10728708 10745487
4000 10988522 11005172
4100 11251432 11268622
4200 11515762 11532952
4300 11779032 11796222
4400 12033358 12051224
4500 12270355 12288636
4600 12507012 12524950
4700 12742622 12761239
4800 12971175 12989482
4900 13197063 13216525
5000 13422187 13442046
5100 13648972 13668641
5200 13874686 13894345
5300 14091177 14113454
5400 14304001 14326736
5500 14517293 14539708
5600 14729999 14753133
5700 14943726 14966969
5800 15143474 15170795
5900 15347066 15373838
6000 15547928 15576292
6100 15749716 15778208
6200 15952205 15981005
6300 16136952 16174202
6400 16328991 16367820
6500 16512904 16553417
6600 16705516 16746016
6700 16899377 16938679
6800 17072755 17127235
6900 17264504 17318465
7000 17454741 17509395
7100 17645931 17700585
7200 17837001 17891655
7300 18022330 18079381
7400 18190747 18249334
7500 18361474 18420216
7600 18530799 18590344
7700 18699168 18761024
7800 18866183 18931318
