11 0 0
21 0 0
31 0 0
41 0 0
51 0 0
61 0 0
71 0 0
81 0 0
91 0 0
101 0 0
111 0 0
121 0 0
131 0 0
141 0 0
151 0 0
161 0 0
171 0 0
181 0 0
191 0 0
201 0 0
211 0 0
221 0 0
231 0 0
241 0 0
251 0 0
261 0 0
271 0 0
281 0 0
291 0 0
301 0 0
311 0 0
321 0 0
331 0 0
341 0 0
351 0 0
361 0 0
371 0 0
381 0 0
391 0 0
401 5 5
411 5 5
421 5 5
431 5 5
441 5 17
451 5 17
461 5 17
471 5 17
481 5 17
491 5 17
501 5 17
511 5 17
521 5 17
531 5 17
541 5 17
551 5 17
561 5 27
571 5 27
581 5 27
591 5 27
601 5 32
611 5 32
621 5 32
631 5 32
641 5 32
651 5 32
661 5 32
671 5 37
681 5 42
691 5 42
701 5 42
711 5 42
721 5 47
731 5 47
741 5 47
751 5 47
761 5 47
771 5 47
781 5 52
791 5 57
801 5 57
811 5 57
821 5 57
831 5 62
841 5 62
851 5 62
861 5 62
871 5 62
881 5 62
891 5 62
901 5 67
911 5 72
921 5 72
931 5 72
941 5 72
951 5 77
961 5 77
971 5 77
981 5 77
991 5 77
1001 5 77
1011 5 82
1021 5 82
1031 5 87
1041 5 87
1051 5 87
1061 5 92
1071 5 92
1081 5 92
1091 5 92
1101 5 92
1111 5 92
1121 5 92
1131 5 97
1141 5 102
1151 5 102
1161 5 102
1171 5 102
1181 5 107
1191 5 107
1201 5 107
1211 5 107
1221 5 107
1231 5 107
1241 5 112
1251 5 112
1261 5 117
1271 5 117
1281 5 117
1291 5 122
1301 5 122
1311 5 122
1321 5 122
1331 5 122
1341 5 122
1351 5 122
1361 5 127
1371 5 132
1381 5 132
1391 5 132
1401 5 132
1411 5 137
1421 5 137
1431 5 137
1441 5 137
1451 5 137
1461 5 137
1471 5 142
1481 5 142
1491 5 147
1501 5 147
1511 5 147
1521 5 152
1531 5 152
1541 5 152
1551 5 152
1561 5 152
1571 5 152
1581 5 152
1591 5 157
1601 5 162
1611 5 162
1621 5 162
1631 5 162
1641 5 167
1651 5 167
1661 5 167
1671 5 167
1681 5 167
1691 5 167
1701 5 172
1711 5 172
1721 5 177
1731 5 177
1741 5 177
1751 5 177
1761 5 182
1771 5 182
1781 5 182
1791 5 182
1801 5 182
1811 5 182
1821 5 187
1831 5 187
1841 5 192
1851 5 192
1861 5 192
1871 5 197
1881 5 197
1891 5 197
1901 5 197
1911 5 197
1921 5 197
1931 5 202
1941 5 202
1951 5 207
1961 5 207
1971 5 207
1981 5 207
1991 5 212
2001 5 212
2011 5 212
2021 5 212
2031 5 212
2041 5 212
2051 5 217
2061 5 217
2071 5 222
2081 5 222
2091 5 222
2101 5 227
2111 5 227
2121 5 227
2131 5 227
2141 5 227
2151 5 227
2161 5 232
2171 5 232
2181 5 237
2191 5 237
2201 5 237
2211 5 237
2221 5 242
2231 5 242
2241 5 242
2251 5 242
2261 5 242
2271 5 242
2281 5 247
2291 5 247
2301 5 252
2311 5 252
2321 5 252
2331 5 257
2341 5 257
2351 5 257
2361 5 257
2371 5 257
2381 5 257
2391 5 262
2401 5 262
2411 5 262
2421 5 267
2431 5 267
2441 5 267
2451 5 272
2461 5 272
2471 5 272
2481 5 272
2491 5 272
2501 5 272
2511 5 277
2521 5 277
2531 5 282
2541 5 282
2551 5 282
2561 5 287
2571 5 287
2581 5 287
2591 5 287
2601 5 287
2611 5 287
2621 5 292
2631 5 292
2641 5 292
2651 5 297
2661 5 297
2671 5 297
2681 5 302
2691 5 302
2701 5 302
2711 5 302
2721 5 302
2731 5 307
2741 5 307
2751 5 307
2761 5 312
2771 5 312
2781 5 312
2791 5 312
2801 5 317
2811 5 317
2821 5 317
2831 5 317
2841 5 317
2851 5 322
2861 5 322
2871 5 322
2881 5 327
2891 5 327
2901 5 327
2911 5 332
2921 5 332
2931 5 332
2941 5 332
2951 5 332
2961 5 337
2971 5 337
2981 5 337
2991 5 337
3001 5 342
3011 5 342
3021 5 342
3031 5 347
3041 5 347
3051 5 347
3061 5 347
3071 5 347
3081 5 352
3091 5 352
3101 5 352
3111 5 357
3121 5 357
3131 5 357
3141 5 362
3151 5 362
3161 5 362
3171 5 362
3181 5 362
3191 5 367
3201 5 367
3211 5 367
3221 5 367
3231 5 372
3241 5 372
3251 5 372
3261 5 377
3271 5 377
3281 5 377
3291 5 377
3301 5 377
3311 5 382
3321 5 382
3331 5 382
3341 5 387
3351 5 387
3361 5 387
3371 5 392
3381 5 392
3391 5 392
3401 5 392
3411 5 392
3421 5 397
3431 5 397
3441 5 397
3451 5 397
3461 5 402
3471 5 402
3481 5 402
3491 5 407
3501 5 407
3511 5 407
3521 5 407
3531 5 407
3541 5 412
3551 5 412
3561 5 412
3571 5 412
3581 5 417
3591 5 417
3601 5 422
3611 5 422
3621 5 422
3631 5 422
3641 5 422
