100 216940 219470
200 449404 454084
300 628244 635047
400 843242 855669
500 1067917 1085672
600 1255073 1274858
700 1470002 1494456
800 1608741 1645950
900 1772110 1830662
1000 1923570 1987946
1100 2073193 2139224
1200 2201575 2280084
1300 2302488 2412201
1400 2344299 2493017
1500 2445945 2615519
1600 2552132 2732770
1700 2649819 2844778
1800 2719973 2944944
1900 2800637 3051438
2000 2841493 3151017
2100 2841493 3252612
2200 2841493 3333053
2300 2841493 3434083
2400 2841493 3535178
2500 2841493 3636151
2600 2841493 3737226
2700 2841493 3826701
2800 2841493 3927329
2900 2841493 4027903
3000 2841493 4128586
3100 2841493 4224773
3200 2841493 4314950
3300 2841493 4385197
3400 2841493 4485721
3500 2841493 4586310
3600 2859877 4687841
3700 2938574 4784633
3800 3012222 4879424
3900 3091368 4971792
4000 3119783 5045230
4100 3177527 5126261
4200 3208499 5209167
