100 206800 210030
200 427336 432766
300 647529 655301
400 860503 873991
500 1075120 1093864
600 1297047 1318319
700 1503009 1531335
800 1686347 1723921
900 1843315 1902694
1000 1996080 2059598
1100 2137908 2208574
1200 2256550 2346780
1300 2346028 2475783
1400 2450635 2602951
1500 2554648 2721140
1600 2652090 2834444
1700 2731582 2943588
1800 2802642 3048791
1900 2868995 3150732
2000 2936882 3249867
2100 3012260 3345985
2200 3091024 3439559
2300 3126849 3525511
2400 3187363 3613523
2500 3211395 3695127
2600 3243475 3777266
2700 3289411 3860713
2800 3343784 3945099
2900 3405099 4028514
3000 3461444 4105192
3100 3503584 4179592
3200 3534710 4253294
3300 3585492 4329486
3400 3618639 4401680
3500 3645799 4473111
3600 3695155 4546113
3700 3727861 4615571
3800 3785953 4688252
3900 3822362 4758324
4000 3872991 4830714
4100 3902154 4899112
4200 3909354 4961857
