100 226120 226120
200 464840 464840
300 703230 703230
400 941850 941850
500 1178160 1178970
600 1407840 1408650
700 1660090 1660900
800 1930070 1930880
900 2217850 2219580
1000 2506330 2508060
1100 2794270 2796000
1200 3080752 3083142
1300 3367402 3369792
1400 3653189 3655579
1500 3913462 3915852
1600 4198126 4201896
1700 4485215 4488835
1800 4772220 4775680
1900 5058382 5062702
2000 5348034 5352526
2100 5635925 5640635
2200 5924000 5928280
2300 6209671 6215867
2400 6497839 6503863
2500 6786193 6792438
2600 7074257 7082298
2700 7363268 7371649
2800 7643844 7651633
2900 7923478 7931457
3000 8206239 8218269
3100 8492810 8505329
3200 8779202 8791506
3300 9057652 9073054
3400 9340878 9356871
3500 9625493 9642402
3600 9911523 9928894
3700 10189253 10208061
3800 10468796 10488044
3900 10748307 10767465
4000 11026600 11047162
4100 11296480 11317042
4200 11567510 11588072
