100 612410 612410
200 1241910 1242230
300 1845480 1845800
400 2418130 2419100
500 2982240 2983210
600 3507040 3508690
700 4035007 4037857
800 4533303 4535893
900 5026184 5029785
1000 5481382 5484773
1100 5939704 5943445
1200 6365573 6369624
1300 6787574 6791504
1400 7193371 7199517
1500 7590727 7596360
1600 7986938 7993054
1700 8357846 8366326
1800 8730984 8739011
1900 9093664 9104108
2000 9438385 9449839
2100 9784305 9796106
2200 10119516 10133141
2300 10442498 10456044
2400 10765210 10778736
2500 11081615 11096471
2600 11385585 11400441
2700 11689735 11704591
2800 11994135 12008991
2900 12259066 12274952
3000 12524173 12540607
3100 12790442 12806457
3200 13051730 13069307
3300 13305972 13323610
3400 13560417 13578441
3500 13815511 13833479
3600 14060167 14079846
3700 14286444 14307060
3800 14513925 14534599
3900 14741684 14762040
4000 14968327 14989638
4100 15185884 15211850
4200 15410001 15435750
