100 1054310 
200 1560690 
300 1941900 
400 2262180 
500 2540310 
600 2787050 
700 3053260 
800 3321850 
900 3567740 
1000 3794820 
1100 4006470 
1200 4204970 
1300 4386320 
1400 4563830 
1500 4726070 
1600 4880890 
1700 5030840 
1800 5168700 
1900 5304550 
2000 5434130 
2100 5562110 
2200 5680420 
2300 5793790 
2400 5902400 
2500 6007100 
2600 6107670 
2700 6209010 
2800 6302660 
2900 6395640 
3000 6486280 
3100 6570010 
3200 6655030 
3300 6737080 
3400 6815630 
3500 6890290 
3600 6965570 
3700 7039610 
3800 7110390 
3900 7177830 
4000 7248070 
4100 7311120 
4200 7374030 
4300 7437080 
4400 7500030 
4500 7557860 
4600 7614750 
4700 7671160 
4800 7727480 
4900 7780650 
5000 7833750 
5100 7887390 
5200 7938750 
5300 7989190 
5400 8038630 
5500 8087600 
5600 8137570 
5700 8180900 
5800 8226190 
5900 8272380 
6000 8317590 
6100 8359990 
6200 8405250 
6300 8447240 
6400 8487280 
6500 8527850 
6600 8567920 
6700 8607020 
6800 8647140 
6900 8685750 
7000 8721620 
7100 8760340 
7200 8796160 
7300 8832990 
7400 8868920 
7500 8906190 
7600 8946300 
7700 8986850 
7800 9026030 
7900 9066100 
8000 9103370 
8100 9140710 
8200 9178510 
8300 9213930 
8400 9251180 
8500 9285700 
8600 9321100 
8700 9357020 
8800 9391100 
8900 9425170 
9000 9459650 
9100 9493680 
9200 9525810 
9300 9557020 
9400 9591060 
9500 9621810 
9600 9655850 
9700 9685140 
9800 9717280 
9900 9748470 
10000 9779240 
10100 9808110 
10200 9838840 
10300 9866780 
10400 9897540 
10500 9924990 
10600 9954290 
10700 9983130 
10800 10011040 
