100 521037 524188
200 916269 926433
300 1227186 1243204
400 1471238 1490356
500 1672118 1704130
600 1849981 1901291
700 2006755 2065544
800 2158699 2221901
900 2286367 2365507
1000 2358499 2492943
1100 2474593 2625002
1200 2586497 2745897
1300 2689032 2862603
1400 2759237 2970587
1500 2826489 3075376
1600 2896582 3179833
1700 2963965 3278639
1800 3036055 3374185
1900 3101598 3467430
2000 3144166 3553183
2100 3203313 3641704
2200 3224789 3724444
2300 3260034 3807018
2400 3306223 3892538
2500 3368214 3979621
2600 3416204 4060373
2700 3484188 4140312
2800 3516970 4214879
2900 3559142 4290043
3000 3610028 4367316
3100 3645661 4440038
3200 3676050 4511172
3300 3704218 4583356
3400 3751449 4654489
3500 3803374 4727404
3600 3854425 4801305
3700 3900530 4874199
3800 3907433 4936821
3900 3917762 4998683
4000 3930682 5061724
4100 3952666 5125781
4200 3975361 5187796
4300 3997518 5251702
4400 4009539 5313217
4500 4025407 5374678
4600 4051243 5437730
4700 4073640 5500234
4800 4102938 5564014
4900 4130725 5625047
5000 4175235 5688970
5100 4209203 5750107
5200 4219926 5808080
5300 4238395 5865857
5400 4264184 5924688
5500 4285190 5983252
5600 4302568 6040783
5700 4312388 6096814
5800 4325402 6153745
5900 4348414 6210925
6000 4371041 6268931
6100 4391105 6327062
6200 4413512 6382956
6300 4441533 6440157
6400 4482100 6499725
6500 4503736 6555277
6600 4516773 6608288
6700 4531195 6661451
6800 4558157 6716624
6900 4580295 6769772
7000 4601565 6823766
7100 4608500 6874617
7200 4621804 6926245
7300 4630800 6977322
7400 4648630 7030442
7500 4664334 7082807
7600 4680489 7134545
7700 4695780 7186613
7800 4710415 7237076
7900 4738722 7289734
8000 4777899 7344772
8100 4803142 7397168
8200 4818341 7445629
8300 4839639 7495468
8400 4864092 7545233
8500 4890499 7596099
8600 4902557 7644307
8700 4907801 7691291
8800 4917079 7738590
8900 4927413 7785092
9000 4935068 7831968
9100 4945533 7879327
9200 4954685 7925897
9300 4964423 7972706
9400 4971913 8018444
9500 4984118 8065100
9600 4997559 8111706
9700 5005716 8158088
9800 5018048 8203344
9900 5033831 8250720
10000 5061399 8300951
10100 5080632 8346742
10200 5093125 8393655
10300 5105533 8439524
10400 5119341 8484704
10500 5142049 8531060
10600 5162108 8577493
10700 5181924 8623526
10800 5200627 8668803
10900 5222729 8715548
11000 5240852 8760027
11100 5254088 8804964
11200 5272511 8850213
11300 5298017 8897123
11400 5310003 8940607
11500 5326819 8985022
11600 5338671 9028085
11700 5352508 9072001
11800 5377788 9114832
11900 5393255 9158734
12000 5416293 9204066
12100 5420676 9243761
12200 5444436 9283095
12300 5483022 9321644
12400 5509057 9359576
12500 5538015 9399131
12600 5552580 9439039
12700 5574107 9483305
12800 5584885 9524152
12900 5604391 9563268
13000 5635648 9601753
13100 5644635 9640290
13200 5648353 9678851
13300 5663035 9717747
13400 5687186 9755837
13500 5693971 9794360
13600 5704211 9830606
13700 5714550 9868620
13800 5719375 9905214
13900 5730657 9942098
14000 5737401 9979815
14100 5751876 10017806
14200 5756713 10055174
14300 5765681 10093071
14400 5772682 10131359
14500 5786256 10168166
14600 5802173 10204572
14700 5806124 10240117
14800 5815074 10276805
14900 5827491 10312920
15000 5833116 10348073
