10 0 0
20 0 0
30 0 0
40 0 0
50 0 0
60 0 0
70 0 0
80 0 0
90 0 0
100 0 0
110 0 0
120 0 0
130 0 0
140 0 0
150 0 0
160 0 0
170 0 0
180 0 0
190 0 0
200 0 0
210 0 0
220 0 0
230 0 0
240 0 0
250 0 0
260 0 0
270 0 0
280 0 0
290 0 0
300 0 0
310 0 0
320 0 0
330 0 0
340 0 0
350 0 0
360 0 0
370 0 0
380 0 0
390 0 0
400 0 0
410 0 0
420 0 0
430 0 0
440 0 0
450 0 0
460 0 0
470 0 0
480 0 0
490 0 0
500 0 0
510 0 0
520 0 0
530 0 0
540 0 0
550 0 0
560 0 0
570 0 0
580 0 0
590 0 0
600 0 0
610 0 0
620 0 0
630 0 0
640 0 0
650 0 0
660 0 0
670 0 0
680 0 0
690 0 0
700 0 0
710 0 0
720 0 0
730 0 0
740 0 0
750 0 0
760 0 0
770 0 0
780 0 0
790 0 0
800 0 0
810 0 0
820 0 0
830 0 0
840 0 0
850 0 0
860 0 0
870 0 0
880 0 0
890 0 0
900 0 0
910 0 0
920 0 0
930 0 0
940 0 0
950 0 0
960 0 0
970 0 0
980 0 0
990 0 0
1000 0 0
1010 0 0
1020 0 0
1030 0 0
1040 0 0
1050 0 0
1060 0 0
1070 125 125
1080 125 250
1090 125 250
1100 125 250
1110 125 250
1120 125 250
1130 125 250
1140 125 250
1150 125 250
1160 125 250
1170 125 250
1180 125 250
1190 125 250
1200 125 250
1210 125 250
1220 125 250
1230 125 250
1240 125 250
1250 125 250
1260 125 250
1270 125 250
1280 125 250
1290 125 250
1300 125 250
1310 125 250
1320 125 250
1330 125 250
1340 125 250
1350 125 250
1360 125 250
1370 125 250
1380 125 250
1390 125 250
1400 125 250
1410 125 250
1420 125 250
1430 125 250
1440 125 250
1450 125 250
1460 125 250
1470 125 250
1480 125 250
1490 125 250
1500 125 250
1510 125 250
1520 125 250
1530 125 250
1540 125 250
1550 125 250
1560 125 250
1570 125 250
1580 125 250
1590 125 250
1600 125 250
1610 125 250
1620 125 250
1630 125 250
1640 125 250
1650 125 250
1660 125 250
1670 125 250
1680 125 250
1690 125 250
1700 125 250
1710 125 250
1720 125 250
1730 125 250
1740 125 250
1750 125 250
1760 125 250
1770 125 250
1780 125 250
1790 125 250
1800 125 250
1810 125 250
1820 125 250
1830 125 250
1840 125 250
1850 125 250
1860 125 250
1870 125 250
1880 125 250
1890 125 250
1900 125 250
1910 125 250
1920 125 250
1930 125 250
1940 125 250
1950 125 250
1960 125 250
1970 125 250
1980 125 250
1990 125 250
2000 125 250
2010 125 250
2020 125 250
2030 125 250
2040 125 250
2050 125 250
2060 125 250
2070 125 250
2080 125 250
2090 125 250
2100 125 375
2110 125 375
2120 125 375
2130 125 375
2140 125 375
2150 125 375
2160 125 375
2170 125 375
2180 125 500
2190 125 500
2200 125 500
2210 125 500
2220 125 500
2230 125 500
2240 125 500
2250 125 500
2260 125 500
2270 125 500
2280 125 500
2290 125 500
2300 125 500
2310 125 500
2320 125 500
2330 125 500
2340 125 500
2350 125 500
2360 125 500
2370 125 500
2380 125 500
2390 125 500
2400 125 500
2410 125 500
2420 125 500
2430 125 500
2440 125 500
2450 125 500
2460 125 500
2470 125 500
2480 125 500
2490 125 500
2500 125 500
2510 125 500
2520 125 500
2530 125 500
2540 125 500
2550 125 500
2560 125 500
2570 125 500
2580 125 500
2590 125 500
2600 125 500
2610 125 500
2620 125 500
2630 125 500
2640 125 500
2650 125 500
2660 125 500
2670 125 500
2680 125 500
2690 125 500
2700 125 500
2710 125 500
2720 125 500
2730 125 500
2740 125 500
2750 125 500
2760 125 500
2770 125 500
2780 125 500
2790 125 500
2800 125 500
2810 125 500
2820 125 500
2830 125 500
2840 125 500
2850 125 500
2860 125 500
2870 125 500
2880 125 500
2890 125 500
2900 125 500
2910 125 500
2920 125 500
2930 125 500
2940 125 500
2950 125 500
2960 125 500
2970 125 500
2980 125 500
2990 125 500
3000 125 500
3010 125 500
3020 125 500
3030 125 500
3040 125 500
3050 125 500
3060 125 500
3070 125 500
3080 125 500
3090 125 500
3100 125 500
3110 125 500
3120 125 500
3130 125 500
3140 125 500
3150 125 500
3160 125 625
3170 125 625
3180 125 625
3190 125 625
3200 125 625
3210 125 625
3220 125 625
3230 125 625
3240 125 625
3250 125 625
3260 125 750
3270 125 750
3280 125 750
3290 125 750
3300 125 750
3310 125 750
3320 125 750
3330 125 750
3340 125 750
3350 125 750
3360 125 750
3370 125 750
3380 125 750
3390 125 750
3400 125 750
3410 125 750
3420 125 750
3430 125 750
3440 125 750
3450 125 750
3460 125 750
3470 125 750
3480 125 750
3490 125 750
3500 125 750
3510 125 750
3520 125 750
3530 125 750
3540 125 750
3550 125 750
3560 125 750
3570 125 750
3580 125 750
3590 125 750
3600 125 750
3610 125 750
3620 125 750
