 69 0
 8166228928393597198 1
 6836790974476054481 1
 3279942450061876718 1
 18319060951803616909 1
 15040564681508712901 1
 252374978253069593 1
 7214944443536208309 1
 11862253399929828559 1
 8347360226180443443 1
 214422809299080835 1
 11435900594370894366 1
 2133890975674875657 1
 1412996671553110841 1
 12745635931314282401 1
 3443181273476979170 1
 14608829737937027021 1
 15713437767549722190 1
 17508498014295894427 1
 4397350198736013481 1
 2161442372515521093 1
 11916644018888571377 1
 17859693433590304878 1
 312970482085261541 1
 8096455453256680835 1
 421858689040410776 1
 6426501839346647124 1
 8876300484875675257 1
 4874842104730484191 1
 7248403583812940361 1
 13787373010287112386 1
 7111843426117644535 1
 6865725468706818830 1
 4412309503018994558 1
 10955928750662961005 1
 2456391422231692691 1
 18300852529806346425 1
 10120621690742453297 1
 2086383244613527848 1
 15706032563160097859 1
 3941894194811739995 1
 2431397482753404854 1
 1494822699601443896 1
 14066359286861708236 1
 3739219328101769354 1
 3543101987304125428 1
 14318051288298166936 1
 251566626716657533 1
 9327407136094911503 1
 15309980766629870988 1
 4638669100343030822 1
 10763492138840770404 1
 17903744182134863 1
 10833034794231067372 1
 7130555067009327200 1
 5757595730968902152 1
 8199867610272710471 1
 12833756254093330788 1
 4242027540404835590 1
 2179480275973271507 1
 14593047591564112588 1
 1211150318951806830 1
 15905899421941104731 1
 14934451734953192185 1
 8482765822037235167 1
 17984634589695261056 1
 5997920498886903732 1
 225638875087247991 1
 2610666182146407424 1
 18248540569895377195 1
 530492713425053672 1
 10263205776830822335 1
 14463022894123254637 1
 14971553359664045775 1
 17905991041022559152 1
 2312572185861065801 1
 2910811930742920941 1
 2826976956824475243 1
 6372569582414562033 1
 581301962145586265 1
 3720812779440433214 1
 1892213196607068362 1
 11863111601651644168 1
 7088446231219467414 1
 9520513930981319291 1
 7471007021303472048 1
 18038014120265499230 1
 2810586048433926361 1
 18161674504237396640 1
 15638143335227931843 1
 4649220595716420403 1
 9930840264909610330 1
 3171225072385419402 1
 8631037453639429425 1
 3516850265159164325 1
 13036182282022217509 1
 4578553517564601418 1
 18409417355394981078 1
 13568025508006245213 1
 5142327423151586994 1
 8069239736360656655 1
 1414584865285173258 1
 9532615960327406571 1
 18023630745412964443 1
 8930365817145153689 1
 7469090969407995751 1
 13438972833313681703 1
 11616082464571045258 1
 17805773703208308083 1
 11002404488648386603 1
 10725694536177102973 1
 1823351751182282635 1
 4163632309557347379 1
 8723250016870687916 1
 7389737896220982945 1
 10494094018268256747 1
 16559759758750822521 1
 18370566357200918461 1
 15833847838550064943 1
 510535220577269441 1
 16437085742897503978 1
 15233124252844181192 1
 12302659511605645967 1
 5423911351418471429 1
 8512300004901652873 1
 7400619018128915174 1
 666 0
