100 612410 612410
200 1239040 1239930
300 1840220 1841110
400 2413110 2414670
500 2976690 2978250
600 3508144 3510214
700 4036214 4039224
800 4534437 4537217
900 5022682 5026574
1000 5476869 5480590
1100 5931141 5934812
1200 6355554 6360086
1300 6774088 6779745
1400 7181201 7188422
1500 7577077 7584674
1600 7971333 7978674
1700 8341687 8352357
1800 8713865 8724523
1900 9077493 9090351
2000 9423020 9436042
2100 9768987 9782101
2200 10103670 10119622
2300 10426475 10442619
2400 10749239 10765404
2500 11066935 11084050
2600 11371325 11388440
2700 11675485 11692600
2800 11979645 11996760
2900 12247124 12264815
3000 12512751 12530701
3100 12778774 12796778
3200 13042406 13060826
3300 13296018 13314709
3400 13550266 13568897
3500 13804090 13823064
3600 14048938 14069790
3700 14274497 14296376
3800 14500633 14523388
3900 14727117 14749922
4000 14953886 14976408
4100 15171805 15198711
4200 15395570 15422179
