100 610930 610930
200 1240940 1241350
300 1843400 1843810
400 2416700 2417770
500 2980110 2981180
600 3505118 3506668
700 4026615 4029286
800 4518734 4521064
900 5008571 5012312
1000 5466504 5469935
1100 5921195 5924796
1200 6347946 6352391
1300 6768802 6773447
1400 7173496 7180728
1500 7568024 7576020
1600 7963783 7972302
1700 8335555 8346188
1800 8707603 8718495
1900 9071525 9085380
2000 9417186 9431831
2100 9763484 9778418
2200 10101280 10117658
2300 10424668 10441393
2400 10748734 10765329
2500 11067267 11085087
2600 11372397 11390217
2700 11677967 11695787
2800 11983697 12001517
2900 12251895 12270129
3000 12517813 12536596
3100 12784747 12803528
3200 13048334 13067850
3300 13302489 13322550
3400 13557858 13577749
3500 13813488 13833115
3600 14058391 14079262
3700 14284806 14307056
3800 14511237 14533874
3900 14738154 14760915
4000 14965558 14988278
4100 15181567 15209519
4200 15405248 15432726
