100 239920 241660
200 511210 516551
300 786680 795319
400 1057109 1072437
500 1309825 1328199
600 1519048 1544947
700 1700573 1740447
800 1864751 1916965
900 2012542 2069985
1000 2159049 2220329
1100 2278909 2358381
1200 2360509 2485935
1300 2474160 2613644
1400 2580884 2730808
1500 2678430 2843916
1600 2743880 2949171
1700 2813349 3053823
1800 2891249 3160719
1900 2967617 3259488
2000 3033846 3352359
2100 3101431 3445332
2200 3143946 3530681
2300 3200704 3618960
2400 3221525 3699778
2500 3255292 3781998
2600 3300057 3865390
2700 3370356 3952033
2800 3422590 4031698
2900 3485971 4109346
3000 3514578 4182754
3100 3555008 4257056
3200 3600659 4332767
3300 3627254 4404223
3400 3654188 4474266
3500 3695801 4546654
3600 3730890 4616599
3700 3789502 4688596
3800 3822647 4757698
3900 3872227 4829302
4000 3903171 4897641
4100 3910752 4960128
4200 3922834 5021843
