100 520688 524859
200 915494 926032
300 1229049 1241974
400 1471637 1488086
500 1671548 1700704
600 1844617 1896305
700 2002692 2060820
800 2154965 2217413
900 2279943 2360490
1000 2353957 2489317
1100 2457830 2619670
1200 2565818 2741408
1300 2668132 2858101
1400 2739160 2967919
1500 2811138 3074005
1600 2874628 3174110
1700 2955109 3277445
1800 3018130 3373106
1900 3100241 3469094
2000 3137162 3555992
2100 3200180 3646274
2200 3217416 3727356
2300 3256607 3810778
2400 3297516 3895306
2500 3360903 3981280
2600 3418587 4063116
2700 3483158 4142325
2800 3511773 4216745
2900 3550571 4290583
3000 3595557 4367518
3100 3621287 4438887
3200 3665760 4512307
3300 3700146 4584774
3400 3742489 4656313
3500 3793873 4728270
3600 3833137 4799482
3700 3894489 4875577
3800 3905443 4940871
3900 3914110 5004302
4000 3928710 5066041
4100 3946763 5129412
4200 3969407 5192846
4300 3994174 5255642
4400 4007819 5316036
4500 4033109 5378098
4600 4059592 5440931
4700 4089353 5504340
4800 4110911 5564586
4900 4146449 5626325
5000 4189973 5690349
5100 4207607 5750226
5200 4224711 5809353
5300 4246079 5867436
5400 4264943 5925211
5500 4296368 5985030
5600 4307509 6042255
5700 4321616 6099766
5800 4332562 6155423
5900 4345712 6211490
6000 4363003 6268129
6100 4389708 6325403
6200 4409424 6382518
6300 4433983 6439229
6400 4464019 6497832
6500 4495866 6554657
6600 4512388 6609859
6700 4524754 6661986
6800 4543905 6715906
6900 4578838 6772289
7000 4600063 6825916
7100 4609824 6878371
7200 4621194 6930102
7300 4634821 6982962
7400 4646947 7034530
7500 4660958 7087495
7600 4683502 7140871
7700 4696806 7192651
7800 4716337 7244981
7900 4749369 7299062
8000 4784070 7353414
8100 4809737 7404461
8200 4819162 7452568
8300 4833689 7501652
8400 4850324 7549496
8500 4869761 7598996
8600 4888769 7648291
8700 4902754 7696958
8800 4910451 7743480
8900 4916803 7790138
9000 4927381 7836708
9100 4940341 7884281
9200 4949346 7930472
9300 4959589 7976997
9400 4970253 8024427
9500 4977221 8070581
9600 4988534 8117001
9700 4999758 8164427
9800 5007932 8210733
9900 5019295 8257195
10000 5038533 8304049
10100 5060688 8352294
10200 5082812 8400923
10300 5100037 8447157
10400 5111023 8491814
10500 5128535 8537388
10600 5158329 8585014
10700 5188710 8632784
10800 5201643 8678003
10900 5220089 8723376
11000 5249424 8771371
11100 5266880 8816384
11200 5280237 8861521
11300 5296233 8906767
11400 5315603 8951301
11500 5338845 8995663
11600 5351605 9039302
11700 5371848 9084318
11800 5398183 9130026
11900 5403263 9171320
12000 5412110 9212935
12100 5422275 9254453
12200 5454494 9301058
12300 5483095 9346722
12400 5504898 9390747
12500 5514037 9430668
12600 5528677 9471871
12700 5537019 9511966
12800 5548985 9553298
12900 5568427 9595399
13000 5594093 9638698
13100 5600626 9677811
13200 5602976 9715901
13300 5608980 9753410
13400 5631657 9790826
13500 5656815 9830521
13600 5695168 9869982
13700 5704579 9905907
13800 5710680 9942066
13900 5715111 9978988
14000 5723054 10015700
14100 5731367 10053456
14200 5745952 10089992
14300 5763274 10127288
14400 5768697 10163975
14500 5782537 10202401
14600 5790047 10238970
14700 5801514 10275916
14800 5804940 10311555
14900 5811646 10347114
15000 5818516 10383343
