12 0 0
22 0 0
32 0 0
42 0 0
52 0 0
62 0 0
72 0 0
82 0 0
92 0 0
102 0 0
112 0 0
122 0 0
132 0 0
142 0 0
152 0 0
162 0 0
172 0 0
182 0 0
192 0 0
202 0 0
212 0 0
222 0 0
232 0 0
242 0 0
252 0 0
262 0 0
272 0 0
282 0 0
292 0 0
302 0 0
312 0 0
322 5 15
332 5 15
342 5 15
352 5 15
362 5 15
372 5 15
382 5 15
392 5 15
402 5 15
412 5 15
422 5 15
432 5 15
442 5 15
452 5 15
462 5 15
472 5 15
482 5 20
492 5 20
502 5 20
512 5 28
522 5 28
532 5 28
542 5 33
552 5 33
562 5 33
572 5 33
582 5 33
592 5 33
602 5 33
612 5 33
622 5 33
632 5 33
642 5 38
652 5 38
662 5 38
672 5 38
682 5 38
692 5 38
702 5 38
712 5 38
722 5 48
732 5 48
742 5 48
752 5 48
762 5 53
772 5 53
782 5 53
792 5 53
802 5 53
812 5 53
822 5 53
832 5 58
842 5 58
852 5 58
862 5 58
872 5 58
882 5 68
892 5 68
902 5 68
912 5 68
922 5 68
932 5 68
942 5 73
952 5 73
962 5 73
972 5 73
982 5 73
992 5 78
1002 5 83
1012 5 83
1022 5 83
1032 5 83
1042 5 83
1052 5 83
1062 5 88
1072 5 88
1082 5 88
1092 5 88
1102 5 88
1112 5 93
1122 5 98
1132 5 98
1142 5 98
1152 5 98
1162 5 98
1172 5 98
1182 5 103
1192 5 103
1202 5 103
1212 5 103
1222 5 103
1232 5 113
1242 5 113
1252 5 113
1262 5 113
1272 5 113
1282 5 113
1292 5 113
1302 5 118
1312 5 118
1322 5 118
1332 5 118
1342 5 118
1352 5 128
1362 5 128
1372 5 128
1382 5 128
1392 5 128
1402 5 128
1412 5 128
1422 5 133
1432 5 133
1442 5 133
1452 5 133
1462 5 138
1472 5 143
1482 5 143
1492 5 143
1502 5 143
1512 5 143
1522 5 143
1532 5 143
1542 5 148
1552 5 148
1562 5 148
1572 5 148
1582 5 158
1592 5 158
1602 5 158
1612 5 158
1622 5 158
1632 5 158
1642 5 158
1652 5 158
1662 5 158
1672 5 158
1682 5 158
1692 5 158
1702 5 158
1712 5 158
1722 5 158
1732 5 158
1742 5 158
1752 5 158
1762 5 158
1772 5 158
1782 5 158
1792 5 158
1802 5 158
1812 5 158
1822 5 158
1832 5 183
1842 5 183
1852 5 183
1862 5 183
1872 5 183
1882 5 183
1892 5 183
1902 5 183
1912 5 183
1922 5 183
1932 5 193
1942 5 198
1952 5 198
1962 5 198
1972 5 198
1982 5 198
1992 5 198
2002 5 198
2012 5 198
2022 5 198
2032 5 198
2042 5 198
2052 5 208
2062 5 208
2072 5 213
2082 5 213
2092 5 213
2102 5 213
2112 5 213
2122 5 213
2132 5 213
2142 5 213
2152 5 213
2162 5 213
2172 5 223
2182 5 223
2192 5 228
2202 5 228
2212 5 228
2222 5 228
2232 5 228
2242 5 228
2252 5 228
2262 5 228
2272 5 228
2282 5 228
2292 5 238
2302 5 243
2312 5 243
2322 5 243
2332 5 243
2342 5 243
2352 5 243
2362 5 243
2372 5 243
2382 5 243
2392 5 243
2402 5 253
2412 5 253
2422 5 258
2432 5 258
2442 5 258
2452 5 258
2462 5 258
2472 5 258
2482 5 258
2492 5 258
2502 5 258
2512 5 258
2522 5 268
2532 5 268
2542 5 273
2552 5 273
2562 5 273
2572 5 273
2582 5 273
2592 5 273
2602 5 273
2612 5 273
2622 5 273
2632 5 273
2642 5 283
2652 5 283
2662 5 288
2672 5 288
2682 5 288
2692 5 288
2702 5 288
2712 5 288
2722 5 288
2732 5 288
2742 5 288
2752 5 288
2762 5 298
2772 5 298
2782 5 303
2792 5 303
2802 5 303
2812 5 303
2822 5 303
2832 5 303
2842 5 303
2852 5 303
2862 5 303
2872 5 313
2882 5 313
2892 5 313
2902 5 318
2912 5 318
2922 5 318
2932 5 318
2942 5 318
2952 5 318
2962 5 318
2972 5 318
2982 5 318
2992 5 328
3002 5 328
3012 5 328
3022 5 333
3032 5 333
3042 5 333
3052 5 333
3062 5 333
3072 5 333
3082 5 333
3092 5 333
3102 5 333
3112 5 343
3122 5 343
3132 5 348
3142 5 348
3152 5 348
3162 5 348
3172 5 348
3182 5 348
3192 5 348
3202 5 348
3212 5 348
3222 5 358
3232 5 358
3242 5 358
3252 5 363
3262 5 363
3272 5 363
3282 5 363
3292 5 363
3302 5 363
3312 5 363
3322 5 363
3332 5 363
3342 5 363
3352 5 363
3362 5 363
3372 5 363
3382 5 363
3392 5 363
3402 5 363
3412 5 381
3422 5 381
3432 5 381
3442 5 381
3452 5 381
3462 5 386
3472 5 386
3482 5 386
3492 5 391
3502 5 391
3512 5 391
3522 5 391
3532 5 391
3542 5 391
3552 5 391
3562 5 391
3572 5 391
3582 5 391
3592 5 391
3602 5 391
3612 5 391
3622 5 391
3632 5 391
