 14045287823504495930 100110
 7945113548248993750 100050
 5629280629412862217 99840
 13397889897772269455 2260
 13041375788975204976 0
 0 0
 13397889897772269455 1650
 5747166502646748242 0
 0 0
 13397889897772269455 340
 5747166502646748242 0
 0 0
 13397889897772269455 990
 16082525697090077482 0
 0 0
 13397889897772269455 2011
 5747166502646748242 0
 0 0
 13397889897772269455 420
 13279110208701627006 0
 0 0
 13397889897772269455 3700
 13041375788975204976 0
 0 0
 13397889897772269455 100
 13041375788975204976 0
 0 0
 13397889897772269455 470
 13041375788975204976 0
 0 0
 13397889897772269455 870
 13041375788975204976 0
 0 0
 13397889897772269455 1070
 13041375788975204976 0
 0 0
 13397889897772269455 1100
 5747166502646748242 0
 0 0
 13397889897772269455 3870
 5747166502646748242 0
 0 0
 13397889897772269455 470
 5747166502646748242 0
 0 0
 13397889897772269455 11021
 13279110208701627006 0
 0 0
 13397889897772269455 840
 13041375788975204976 0
 0 0
 13397889897772269455 1690
 5747166502646748242 0
 0 0
 13397889897772269455 2100
 13279110208701627006 0
 0 0
 13397889897772269455 1380
 13041375788975204976 0
 0 0
 13397889897772269455 170
 13279110208701627006 0
 0 0
 13397889897772269455 210
 13041375788975204976 0
 0 0
 13397889897772269455 370
 5747166502646748242 0
 0 0
 13397889897772269455 640
 5747166502646748242 0
 0 0
 13397889897772269455 1301
 13279110208701627006 0
 0 0
 13397889897772269455 1980
 13041375788975204976 0
 0 0
 13397889897772269455 290
 5747166502646748242 0
 0 0
 13397889897772269455 2270
 5747166502646748242 0
 0 0
 13397889897772269455 3580
 13041375788975204976 0
 0 0
 13397889897772269455 1970
 13041375788975204976 0
 0 0
 13397889897772269455 270
 13279110208701627006 0
 0 0
 13397889897772269455 2290
 5747166502646748242 0
 0 0
 13397889897772269455 1050
 13041375788975204976 0
 0 0
 13397889897772269455 3490
 5747166502646748242 0
 0 0
 13397889897772269455 911
 13279110208701627006 0
 0 0
 13397889897772269455 1160
 13279110208701627006 0
 0 0
 13397889897772269455 1991
 13041375788975204976 0
 0 0
 13397889897772269455 2910
 5747166502646748242 0
 0 0
 13397889897772269455 1410
 13041375788975204976 0
 0 0
 13397889897772269455 250
 13279110208701627006 0
 0 0
 13397889897772269455 3600
 13041375788975204976 0
 0 0
 13397889897772269455 3170
 5747166502646748242 0
 0 0
 13397889897772269455 1361
 13041375788975204976 0
 0 0
 13397889897772269455 540
 5747166502646748242 0
 0 0
 13397889897772269455 1030
 5747166502646748242 0
 0 0
 13397889897772269455 4250
 13279110208701627006 0
 0 0
 13397889897772269455 2470
 13279110208701627006 0
 0 0
 13397889897772269455 1850
 13279110208701627006 0
 0 0
 13397889897772269455 7600
 5747166502646748242 0
 0 0
 13397889897772269455 330
 2584000040416257020 0
 0 0
 13397889897772269455 9110
 119924503146786702 10
 5573601808535436667 0
 0 0
 9212947370709515447 23813
 9114383306722163014 0
 0 0
 119924503146786702 10
 5573601808535436667 0
 0 0
 9212947370709515447 44673
 2127840762193433230 0
 0 0
 119924503146786702 10
 5573601808535436667 0
 0 0
 9212947370709515447 17470
 9114383306722163014 0
 0 0
 119924503146786702 10
 5573601808535436667 0
 0 0
 9212947370709515447 1260
 18221738381933365929 0
 0 0
 119924503146786702 10
 5573601808535436667 0
 0 0
 9212947370709515447 871
 14250212670770309870 0
 0 0
 119924503146786702 10
 5573601808535436667 0
 0 0
 9212947370709515447 11773
 7290203052617063749 50
 13386893445948089179 0
 0 0
 1493506233143168209 7051
 2028153279528153369 0
 0 0
 1493506233143168209 1880
 1820196535860421309 0
 0 0
 7290203052617063749 100
 16786421041640028207 0
 0 0
 1493506233143168209 1280
 2352981486585064843 0
 0 0
 7290203052617063749 70
 16786421041640028207 0
 0 0
 1493506233143168209 5940
 2366869996341988628 0
 0 0
 7290203052617063749 10
 13386893445948089179 0
 0 0
 1493506233143168209 1280
 5120741239161117538 0
 0 0
 7290203052617063749 20
 16786421041640028207 0
 0 0
 1493506233143168209 14681
 5120741239161117538 0
 0 0
 7290203052617063749 20
 16786421041640028207 0
 0 0
 1493506233143168209 10270
 6133466497358636685 0
 0 0
 7290203052617063749 20
 16786421041640028207 0
 0 0
 1493506233143168209 5760
 9846944371344028159 0
 0 0
 7290203052617063749 10
 13386893445948089179 0
 0 0
 1493506233143168209 3030
 1820196535860421309 0
 0 0
 7290203052617063749 110
 5773960416502091483 0
 0 0
 7290203052617063749 70
 16786421041640028207 0
 0 0
 1493506233143168209 4580
 12996095147615770686 0
 0 0
 1493506233143168209 13030
 1820196535860421309 0
 0 0
 7290203052617063749 20
 13386893445948089179 0
 0 0
 1493506233143168209 2270
 4431767057746070366 0
 0 0
 7290203052617063749 70
 11426228786919798054 0
 0 0
 1493506233143168209 7500
 4431767057746070366 0
 0 0
 7290203052617063749 130
 16786421041640028207 0
 0 0
 1493506233143168209 20850
 11669211761296708093 20
 10908201159296235899 0
 0 0
 6475763765614740980 720
 930882140666492838 0
 0 0
 11669211761296708093 10
 18095143952467635026 0
 0 0
 6475763765614740980 222
 16124528992531534867 0
 0 0
 6475763765614740980 251
 2521098132180257307 0
 0 0
 6475763765614740980 70
 4877126699554231691 0
 0 0
 6475763765614740980 600
 8238484264269638515 0
 0 0
 6475763765614740980 251
 16548149792580671587 0
 0 0
 6475763765614740980 170
 14623686664826402557 0
 0 0
 11669211761296708093 10
 18095143952467635026 0
 0 0
 6475763765614740980 170
 16124528992531534867 0
 0 0
 6475763765614740980 110
 5821231066430130605 0
 0 0
 6475763765614740980 130
 13325861141066797208 0
 0 0
 11669211761296708093 10
 10908201159296235899 0
 0 0
 6475763765614740980 211
 14623686664826402557 0
 0 0
 11669211761296708093 10
 10908201159296235899 0
 0 0
 6475763765614740980 642
 930882140666492838 0
 0 0
 11669211761296708093 20
 10908201159296235899 0
 0 0
 6475763765614740980 371
 16124528992531534867 0
 0 0
 6475763765614740980 221
 2066962627162082401 0
 0 0
 11669211761296708093 10
 18095143952467635026 0
 0 0
 6475763765614740980 80
 3730206659162425091 0
 0 0
 6475763765614740980 450
 3730206659162425091 0
 0 0
 6475763765614740980 160
 5098939371027366641 0
 0 0
 6475763765614740980 350
 4877126699554231691 0
 0 0
 6475763765614740980 60
 16548149792580671587 0
 0 0
 6475763765614740980 1661
 7112873788592144913 0
 0 0
 11669211761296708093 40
 18095143952467635026 0
 0 0
 6475763765614740980 380
 5153125577952694738 0
 0 0
 6475763765614740980 990
 14623686664826402557 0
 0 0
 11669211761296708093 10
 18095143952467635026 0
 0 0
 6475763765614740980 1000
 13270064198117499683 0
 0 0
 11669211761296708093 21
 10908201159296235899 0
 0 0
 6475763765614740980 232
 14186085376411709159 0
 0 0
 6475763765614740980 130
 5153125577952694738 0
 0 0
 6475763765614740980 140
 8238484264269638515 0
 0 0
 6475763765614740980 211
 930882140666492838 0
 0 0
 11669211761296708093 30
 10908201159296235899 0
 0 0
 6475763765614740980 560
 14186085376411709159 0
 0 0
 6475763765614740980 420
 15204024652815630440 0
 0 0
 6475763765614740980 701
 15204024652815630440 0
 0 0
 6475763765614740980 210
 930882140666492838 0
 0 0
 11669211761296708093 10
 10908201159296235899 0
 0 0
 6475763765614740980 100
 2066962627162082401 0
 0 0
 11669211761296708093 10
 18095143952467635026 0
 0 0
 6475763765614740980 80
 16124528992531534867 0
 0 0
 6475763765614740980 60
 1047640538272367460 0
 0 0
 11669211761296708093 30
 10908201159296235899 0
 0 0
 6475763765614740980 1450
 13325861141066797208 0
 0 0
 11669211761296708093 20
 10908201159296235899 0
 0 0
 6475763765614740980 240
 14186085376411709159 0
 0 0
 6475763765614740980 70
 930882140666492838 0
 0 0
 11669211761296708093 10
 10908201159296235899 0
 0 0
 6475763765614740980 370
 14186085376411709159 0
 0 0
 6475763765614740980 1891
 5098939371027366641 0
 0 0
 6475763765614740980 620
 930882140666492838 0
 0 0
 11669211761296708093 20
 18095143952467635026 0
 0 0
 6475763765614740980 10
 1047640538272367460 0
 0 0
 11669211761296708093 10
 10908201159296235899 0
 0 0
 6475763765614740980 200
 13270064198117499683 0
 0 0
 11669211761296708093 10
 18095143952467635026 0
 0 0
 6475763765614740980 280
 10514420752010992821 0
 0 0
 11669211761296708093 10
 10908201159296235899 0
 0 0
 6475763765614740980 200
 2066962627162082401 0
 0 0
 11669211761296708093 10
 18095143952467635026 0
 0 0
 6475763765614740980 740
 5153125577952694738 0
 0 0
 6475763765614740980 620
 4814317383813852423 0
 0 0
 11669211761296708093 10
 10908201159296235899 0
 0 0
 6475763765614740980 310
 7112873788592144913 0
 0 0
 11669211761296708093 50
 10908201159296235899 0
 0 0
 6475763765614740980 130
 7112873788592144913 0
 0 0
 11669211761296708093 11
 10908201159296235899 0
 0 0
 6475763765614740980 70
 8238484264269638515 0
 0 0
 6475763765614740980 1461
 5098939371027366641 0
 0 0
 6475763765614740980 650
 1047640538272367460 0
 0 0
 11669211761296708093 30
 18095143952467635026 0
 0 0
 6475763765614740980 211
 5153125577952694738 0
 0 0
 6475763765614740980 410
 16548149792580671587 0
 0 0
 6475763765614740980 220
 2521098132180257307 0
 0 0
 6475763765614740980 40
 5098939371027366641 0
 0 0
 6475763765614740980 180
 4814317383813852423 0
 0 0
 11669211761296708093 10
 18095143952467635026 0
 0 0
 6475763765614740980 20
 4814317383813852423 0
 0 0
 11669211761296708093 10
 18095143952467635026 0
 0 0
 6475763765614740980 30
 13325861141066797208 0
 0 0
 11669211761296708093 10
 10908201159296235899 0
 0 0
 6475763765614740980 150
 14186085376411709159 0
 0 0
 6475763765614740980 680
 13325861141066797208 0
 0 0
 11669211761296708093 10
 10908201159296235899 0
 0 0
 6475763765614740980 140
 15204024652815630440 0
 0 0
 6475763765614740980 10
 7112873788592144913 0
 0 0
 11669211761296708093 20
 10908201159296235899 0
 0 0
 6475763765614740980 50
 7112873788592144913 0
 0 0
 11669211761296708093 10
 18095143952467635026 0
 0 0
 6475763765614740980 160
 7112873788592144913 0
 0 0
 11669211761296708093 11
 18095143952467635026 0
 0 0
 6475763765614740980 1070
 16124528992531534867 0
 0 0
 6475763765614740980 60
 4814317383813852423 0
 0 0
 11669211761296708093 10
 18095143952467635026 0
 0 0
 6475763765614740980 61
 5098939371027366641 0
 0 0
 6475763765614740980 500
 4595895543679258572 0
 0 0
 6475763765614740980 391
 3730206659162425091 0
 0 0
 6475763765614740980 990
 4814317383813852423 0
 0 0
 11669211761296708093 10
 10908201159296235899 0
 0 0
 6475763765614740980 671
 930882140666492838 0
 0 0
 11669211761296708093 31
 18095143952467635026 0
 0 0
 6475763765614740980 531
 5821231066430130605 0
 0 0
 6475763765614740980 70
 1047640538272367460 0
 0 0
 11669211761296708093 10
 10908201159296235899 0
 0 0
 6475763765614740980 640
 4814317383813852423 0
 0 0
 11669211761296708093 40
 18095143952467635026 0
 0 0
 6475763765614740980 11
 5098939371027366641 0
 0 0
 6475763765614740980 40
 8231214599096469606 0
 0 0
 11669211761296708093 20
 10908201159296235899 0
 0 0
 6475763765614740980 670
 5153125577952694738 0
 0 0
 6475763765614740980 1290
 13325861141066797208 0
 0 0
 11669211761296708093 10
 10908201159296235899 0
 0 0
 6475763765614740980 30
 15204024652815630440 0
 0 0
 6475763765614740980 180
 14623686664826402557 0
 0 0
 11669211761296708093 10
 18095143952467635026 0
 0 0
 6475763765614740980 120
 14623686664826402557 0
 0 0
 11669211761296708093 20
 10908201159296235899 0
 0 0
 6475763765614740980 720
 16124528992531534867 0
 0 0
 6475763765614740980 1250
 4814317383813852423 0
 0 0
 11669211761296708093 10
 10908201159296235899 0
 0 0
 6475763765614740980 660
 2066962627162082401 0
 0 0
 11669211761296708093 11
 10908201159296235899 0
 0 0
 6475763765614740980 220
 14623686664826402557 0
 0 0
 11669211761296708093 10
 18095143952467635026 0
 0 0
 6475763765614740980 130
 5821231066430130605 0
 0 0
 6475763765614740980 300
 14186085376411709159 0
 0 0
 6475763765614740980 1130
 930882140666492838 0
 0 0
 11669211761296708093 10
 18095143952467635026 0
 0 0
 6475763765614740980 670
 13270064198117499683 0
 0 0
 11669211761296708093 20
 10908201159296235899 0
 0 0
 6475763765614740980 150
 8238484264269638515 0
 0 0
 6475763765614740980 410
 2521098132180257307 0
 0 0
 6475763765614740980 211
 14623686664826402557 0
 0 0
 11669211761296708093 10
 10908201159296235899 0
 0 0
 6475763765614740980 680
 7112873788592144913 0
 0 0
 11669211761296708093 10
 18095143952467635026 0
 0 0
 6475763765614740980 150
 1047640538272367460 0
 0 0
 11669211761296708093 20
 10908201159296235899 0
 0 0
 6475763765614740980 130
 930882140666492838 0
 0 0
 11669211761296708093 20
 18095143952467635026 0
 0 0
 6475763765614740980 500
 16548149792580671587 0
 0 0
 6475763765614740980 660
 2521098132180257307 0
 0 0
 6475763765614740980 130
 16124528992531534867 0
 0 0
 6475763765614740980 151
 5098939371027366641 0
 0 0
 6475763765614740980 90
 1047640538272367460 0
 0 0
 11669211761296708093 10
 10908201159296235899 0
 0 0
 6475763765614740980 601
 5153125577952694738 0
 0 0
 6475763765614740980 10
 4814317383813852423 0
 0 0
 11669211761296708093 10
 18095143952467635026 0
 0 0
 6475763765614740980 110
 5098939371027366641 0
 0 0
 6475763765614740980 41
 14186085376411709159 0
 0 0
 6475763765614740980 110
 5153125577952694738 0
 0 0
 6475763765614740980 211
 13270064198117499683 0
 0 0
 11669211761296708093 40
 18095143952467635026 0
 0 0
 6475763765614740980 60
 5098939371027366641 0
 0 0
 6475763765614740980 260
 2521098132180257307 0
 0 0
 6475763765614740980 450
 5098939371027366641 0
 0 0
 6475763765614740980 590
 4814317383813852423 0
 0 0
 11669211761296708093 11
 10908201159296235899 0
 0 0
 6475763765614740980 530
 16124528992531534867 0
 0 0
 6475763765614740980 780
 8238484264269638515 0
 0 0
 6475763765614740980 111
 5328203886409600298 0
 0 0
 6475763765614740980 190
 930882140666492838 0
 0 0
 11669211761296708093 30
 18095143952467635026 0
 0 0
 6475763765614740980 641
 14745514579766416462 0
 0 0
 6475763765614740980 180
 930882140666492838 0
 0 0
 11669211761296708093 10
 10908201159296235899 0
 0 0
 6475763765614740980 320
 8238484264269638515 0
 0 0
 6475763765614740980 150
 13270064198117499683 0
 0 0
 11669211761296708093 10
 10908201159296235899 0
 0 0
 6475763765614740980 60
 7112873788592144913 0
 0 0
 11669211761296708093 10
 10908201159296235899 0
 0 0
 6475763765614740980 1230
 930882140666492838 0
 0 0
 11669211761296708093 20
 18095143952467635026 0
 0 0
 6475763765614740980 471
 1047640538272367460 0
 0 0
 11669211761296708093 10
 18095143952467635026 0
 0 0
 6475763765614740980 190
 3730206659162425091 0
 0 0
 6475763765614740980 300
 5153125577952694738 0
 0 0
 6475763765614740980 290
 5098939371027366641 0
 0 0
 6475763765614740980 90
 3730206659162425091 0
 0 0
 6475763765614740980 520
 16124528992531534867 0
 0 0
 6475763765614740980 280
 2066962627162082401 0
 0 0
 11669211761296708093 10
 10908201159296235899 0
 0 0
 6475763765614740980 11
 4877126699554231691 0
 0 0
 6475763765614740980 60
 930882140666492838 0
 0 0
 11669211761296708093 60
 18095143952467635026 0
 0 0
 6475763765614740980 130
 1047640538272367460 0
 0 0
 11669211761296708093 30
 10908201159296235899 0
 0 0
 6475763765614740980 260
 8238484264269638515 0
 0 0
 6475763765614740980 1540
 14623686664826402557 0
 0 0
 11669211761296708093 10
 10908201159296235899 0
 0 0
 6475763765614740980 260
 2066962627162082401 0
 0 0
 11669211761296708093 30
 18095143952467635026 0
 0 0
 6475763765614740980 490
 13325861141066797208 0
 0 0
 11669211761296708093 10
 18095143952467635026 0
 0 0
 6475763765614740980 260
 14623686664826402557 0
 0 0
 11669211761296708093 10
 18095143952467635026 0
 0 0
 6475763765614740980 60
 930882140666492838 0
 0 0
 11669211761296708093 10
 18095143952467635026 0
 0 0
 6475763765614740980 870
 4877126699554231691 0
 0 0
 6475763765614740980 580
 5098939371027366641 0
 0 0
 6475763765614740980 230
 13270064198117499683 0
 0 0
 11669211761296708093 20
 10908201159296235899 0
 0 0
 6475763765614740980 591
 15204024652815630440 0
 0 0
 6475763765614740980 40
 2521098132180257307 0
 0 0
 6475763765614740980 60
 3730206659162425091 0
 0 0
 6475763765614740980 370
 5098939371027366641 0
 0 0
 6475763765614740980 180
 930882140666492838 0
 0 0
 11669211761296708093 10
 10908201159296235899 0
 0 0
 6475763765614740980 701
 5098939371027366641 0
 0 0
 6475763765614740980 630
 1047640538272367460 0
 0 0
 11669211761296708093 30
 18095143952467635026 0
 0 0
 6475763765614740980 40
 13325861141066797208 0
 0 0
 11669211761296708093 10
 18095143952467635026 0
 0 0
 6475763765614740980 220
 3730206659162425091 0
 0 0
 6475763765614740980 60
 7112873788592144913 0
 0 0
 11669211761296708093 10
 18095143952467635026 0
 0 0
 6475763765614740980 500
 7112873788592144913 0
 0 0
 11669211761296708093 10
 10908201159296235899 0
 0 0
 6475763765614740980 430
 16548149792580671587 0
 0 0
 6475763765614740980 280
 3730206659162425091 0
 0 0
 6475763765614740980 40
 4814317383813852423 0
 0 0
 11669211761296708093 11
 18095143952467635026 0
 0 0
 6475763765614740980 80
 13325861141066797208 0
 0 0
 11669211761296708093 20
 10908201159296235899 0
 0 0
 6475763765614740980 831
 3730206659162425091 0
 0 0
 6475763765614740980 11
 930882140666492838 0
 0 0
 11669211761296708093 20
 18095143952467635026 0
 0 0
 6475763765614740980 290
 4814317383813852423 0
 0 0
 11669211761296708093 10
 10908201159296235899 0
 0 0
 6475763765614740980 612
 2066962627162082401 0
 0 0
 11669211761296708093 10
 18095143952467635026 0
 0 0
 6475763765614740980 1140
 2066962627162082401 0
 0 0
 11669211761296708093 10
 10908201159296235899 0
 0 0
 6475763765614740980 780
 5328203886409600298 0
 0 0
 6475763765614740980 240
 2521098132180257307 0
 0 0
 6475763765614740980 890
 16124528992531534867 0
 0 0
 6475763765614740980 161
 5098939371027366641 0
 0 0
 6475763765614740980 790
 2521098132180257307 0
 0 0
 6475763765614740980 570
 3730206659162425091 0
 0 0
 6475763765614740980 260
 5098939371027366641 0
 0 0
 6475763765614740980 1130
 1047640538272367460 0
 0 0
 11669211761296708093 20
 18095143952467635026 0
 0 0
 6475763765614740980 260
 14186085376411709159 0
 0 0
 6475763765614740980 480
 5098939371027366641 0
 0 0
 6475763765614740980 340
 7112873788592144913 0
 0 0
 11669211761296708093 10
 7956106962082138311 0
 0 0
 6475763765614740980 150
 1047640538272367460 0
 0 0
 11669211761296708093 20
 10908201159296235899 0
 0 0
 6475763765614740980 180
 15204024652815630440 0
 0 0
 6475763765614740980 230
 13325861141066797208 0
 0 0
 11669211761296708093 30
 10908201159296235899 0
 0 0
 6475763765614740980 280
 5328203886409600298 0
 0 0
 6475763765614740980 490
 15204024652815630440 0
 0 0
 6475763765614740980 440
 5328203886409600298 0
 0 0
 6475763765614740980 140
 1047640538272367460 0
 0 0
 11669211761296708093 10
 18095143952467635026 0
 0 0
 6475763765614740980 110
 4814317383813852423 0
 0 0
 11669211761296708093 10
 10908201159296235899 0
 0 0
 6475763765614740980 1090
 5821231066430130605 0
 0 0
 6475763765614740980 681
 2521098132180257307 0
 0 0
 6475763765614740980 561
 3730206659162425091 0
 0 0
 6475763765614740980 40
 2066962627162082401 0
 0 0
 11669211761296708093 10
 18095143952467635026 0
 0 0
 6475763765614740980 170
 7112873788592144913 0
 0 0
 11669211761296708093 20
 10908201159296235899 0
 0 0
 6475763765614740980 450
 7112873788592144913 0
 0 0
 11669211761296708093 10
 18095143952467635026 0
 0 0
 6475763765614740980 340
 5328203886409600298 0
 0 0
 6475763765614740980 42
 8238484264269638515 0
 0 0
 6475763765614740980 440
 16548149792580671587 0
 0 0
 6475763765614740980 730
 13270064198117499683 0
 0 0
 11669211761296708093 10
 18095143952467635026 0
 0 0
 6475763765614740980 1420
 7112873788592144913 0
 0 0
 11669211761296708093 10
 10908201159296235899 0
 0 0
 6475763765614740980 1220
 4877126699554231691 0
 0 0
 6475763765614740980 40
 5328203886409600298 0
 0 0
 6475763765614740980 300
 3730206659162425091 0
 0 0
 6475763765614740980 390
 3730206659162425091 0
 0 0
 6475763765614740980 10
 930882140666492838 0
 0 0
 11669211761296708093 10
 10908201159296235899 0
 0 0
 6475763765614740980 190
 5098939371027366641 0
 0 0
 6475763765614740980 21
 14623686664826402557 0
 0 0
 11669211761296708093 10
 10908201159296235899 0
 0 0
 6475763765614740980 472
 2521098132180257307 0
 0 0
 6475763765614740980 132
 8238484264269638515 0
 0 0
 6475763765614740980 520
 2066962627162082401 0
 0 0
 11669211761296708093 20
 18095143952467635026 0
 0 0
 6475763765614740980 640
 14623686664826402557 0
 0 0
 11669211761296708093 10
 10908201159296235899 0
 0 0
 6475763765614740980 1610
 2066962627162082401 0
 0 0
 11669211761296708093 20
 10908201159296235899 0
 0 0
 6475763765614740980 660
 1047640538272367460 0
 0 0
 11669211761296708093 10
 10908201159296235899 0
 0 0
 6475763765614740980 460
 16548149792580671587 0
 0 0
 6475763765614740980 190
 930882140666492838 0
 0 0
 11669211761296708093 10
 18095143952467635026 0
 0 0
 6475763765614740980 250
 5153125577952694738 0
 0 0
 6475763765614740980 10
 5098939371027366641 0
 0 0
 6475763765614740980 470
 14623686664826402557 0
 0 0
 11669211761296708093 10
 18095143952467635026 0
 0 0
 6475763765614740980 330
 5098939371027366641 0
 0 0
 6475763765614740980 30
 7112873788592144913 0
 0 0
 11669211761296708093 10
 10908201159296235899 0
 0 0
 6475763765614740980 481
 3730206659162425091 0
 0 0
 6475763765614740980 920
 4814317383813852423 0
 0 0
 11669211761296708093 10
 10908201159296235899 0
 0 0
 6475763765614740980 200
 15204024652815630440 0
 0 0
 6475763765614740980 480
 2066962627162082401 0
 0 0
 11669211761296708093 10
 10908201159296235899 0
 0 0
 6475763765614740980 30
 13270064198117499683 0
 0 0
 11669211761296708093 20
 10908201159296235899 0
 0 0
 6475763765614740980 720
 4814317383813852423 0
 0 0
 11669211761296708093 10
 10908201159296235899 0
 0 0
 6475763765614740980 20
 5502407060124136507 0
 0 0
 6475763765614740980 1870
 8238484264269638515 0
 0 0
 6475763765614740980 70
 1047640538272367460 0
 0 0
 11669211761296708093 10
 18095143952467635026 0
 0 0
 6475763765614740980 550
 5821231066430130605 0
 0 0
 6475763765614740980 311
 13325861141066797208 0
 0 0
 11669211761296708093 20
 10908201159296235899 0
 0 0
 6475763765614740980 90
 4877126699554231691 0
 0 0
 6475763765614740980 340
 4814317383813852423 0
 0 0
 11669211761296708093 10
 10908201159296235899 0
 0 0
 6475763765614740980 260
 4877126699554231691 0
 0 0
 6475763765614740980 740
 2066962627162082401 0
 0 0
 11669211761296708093 10
 10908201159296235899 0
 0 0
 6475763765614740980 91
 13270064198117499683 0
 0 0
 11669211761296708093 10
 18095143952467635026 0
 0 0
 6475763765614740980 80
 5098939371027366641 0
 0 0
 6475763765614740980 270
 4814317383813852423 0
 0 0
 11669211761296708093 10
 18095143952467635026 0
 0 0
 6475763765614740980 100
 3730206659162425091 0
 0 0
 6475763765614740980 790
 15204024652815630440 0
 0 0
 6475763765614740980 400
 2066962627162082401 0
 0 0
 11669211761296708093 20
 10908201159296235899 0
 0 0
 6475763765614740980 190
 14623686664826402557 0
 0 0
 11669211761296708093 10
 10908201159296235899 0
 0 0
 6475763765614740980 171
 14623686664826402557 0
 0 0
 11669211761296708093 10
 18095143952467635026 0
 0 0
 6475763765614740980 80
 5098939371027366641 0
 0 0
 6475763765614740980 30
 5821231066430130605 0
 0 0
 6475763765614740980 260
 4814317383813852423 0
 0 0
 11669211761296708093 10
 10908201159296235899 0
 0 0
 6475763765614740980 300
 4877126699554231691 0
 0 0
 6475763765614740980 30
 1047640538272367460 0
 0 0
 11669211761296708093 10
 10908201159296235899 0
 0 0
 6475763765614740980 831
 7112873788592144913 0
 0 0
 11669211761296708093 10
 10908201159296235899 0
 0 0
 6475763765614740980 651
 7112873788592144913 0
 0 0
 11669211761296708093 20
 10908201159296235899 0
 0 0
 6475763765614740980 1570
 15204024652815630440 0
 0 0
 6475763765614740980 160
 4814317383813852423 0
 0 0
 11669211761296708093 10
 10908201159296235899 0
 0 0
 6475763765614740980 540
 5153125577952694738 0
 0 0
 6475763765614740980 1240
 7112873788592144913 0
 0 0
 11669211761296708093 30
 10908201159296235899 0
 0 0
 6475763765614740980 481
 14186085376411709159 0
 0 0
 6475763765614740980 602
 2066962627162082401 0
 0 0
 11669211761296708093 10
 18095143952467635026 0
 0 0
 6475763765614740980 250
 13100569344958550388 10
 6692060262016812545 0
 0 0
 13343346262744745017 10
 17517255776400771229 0
 0 0
 5253267357301905078 200
 6171893158105837756 0
 0 0
 1286905886066009264 10
 16042132218699018362 0
 0 0
 5253267357301905078 1790
 9130628132167081117 0
 0 0
 5253267357301905078 2450
 11753596671887654724 0
 0 0
 13343346262744745017 40
 17517255776400771229 0
 0 0
 5253267357301905078 3670
 11753596671887654724 0
 0 0
 13343346262744745017 20
 4438659740812276639 0
 0 0
 5253267357301905078 250
 11753596671887654724 0
 0 0
 13343346262744745017 61
 4438659740812276639 0
 0 0
 5253267357301905078 22
 9495864642528943561 0
 0 0
 13100569344958550388 12
 6692060262016812545 0
 0 0
 13343346262744745017 40
 4065993207214450609 0
 0 0
 5253267357301905078 131
 9873533146273318812 0
 0 0
 13343346262744745017 30
 14662384049912559493 0
 0 0
 5253267357301905078 210
 11753596671887654724 0
 0 0
 13343346262744745017 70
 17517255776400771229 0
 0 0
 5253267357301905078 650
 11753596671887654724 0
 0 0
 13343346262744745017 40
 17517255776400771229 0
 0 0
 5253267357301905078 430
 2674080631264211961 0
 0 0
 5253267357301905078 3471
 11753596671887654724 0
 0 0
 13343346262744745017 22
 1172813477070247683 0
 0 0
 5253267357301905078 520
 9873533146273318812 0
 0 0
 13343346262744745017 60
 14662384049912559493 0
 0 0
 5253267357301905078 410
 11753596671887654724 0
 0 0
 13343346262744745017 10
 4065993207214450609 0
 0 0
 5253267357301905078 1500
 11753596671887654724 0
 0 0
 13343346262744745017 10
 14662384049912559493 0
 0 0
 5253267357301905078 1550
 2471244426852685721 0
 0 0
 5253267357301905078 2470
 11753596671887654724 0
 0 0
 13343346262744745017 80
 17517255776400771229 0
 0 0
 5253267357301905078 1450
 9873533146273318812 0
 0 0
 13343346262744745017 71
 9115379593510081740 0
 0 0
 13100569344958550388 10
 6692060262016812545 0
 0 0
 13343346262744745017 110
 4065993207214450609 0
 0 0
 5253267357301905078 100
 9873533146273318812 0
 0 0
 13343346262744745017 171
 14662384049912559493 0
 0 0
 5253267357301905078 20
 9873533146273318812 0
 0 0
 13343346262744745017 40
 4438659740812276639 0
 0 0
 5253267357301905078 580
 11753596671887654724 0
 0 0
 13343346262744745017 40
 4438659740812276639 0
 0 0
 5253267357301905078 260
 9873533146273318812 0
 0 0
 13343346262744745017 120
 9115379593510081740 0
 0 0
 13100569344958550388 10
 1707806984154651444 0
 0 0
 5253267357301905078 2490
 9873533146273318812 0
 0 0
 13343346262744745017 41
 1172813477070247683 0
 0 0
 5253267357301905078 381
 11753596671887654724 0
 0 0
 13343346262744745017 30
 15187965748151723918 0
 0 0
 5253267357301905078 960
 11753596671887654724 0
 0 0
 13343346262744745017 10
 1172813477070247683 0
 0 0
 5253267357301905078 3980
 6171893158105837756 0
 0 0
 1286905886066009264 10
 13383182443545148030 0
 0 0
 5253267357301905078 11
 9873533146273318812 0
 0 0
 13343346262744745017 110
 17517255776400771229 0
 0 0
 5253267357301905078 1990
 16587346334805105457 0
 0 0
 3056387994562579815 10
 12108342507952689833 0
 0 0
 5253267357301905078 1600
 9873533146273318812 0
 0 0
 13343346262744745017 11
 4438659740812276639 0
 0 0
 5253267357301905078 630
 9873533146273318812 0
 0 0
 13343346262744745017 130
 1172813477070247683 0
 0 0
 5253267357301905078 1610
 9873533146273318812 0
 0 0
 13343346262744745017 60
 4438659740812276639 0
 0 0
 5253267357301905078 1191
 9873533146273318812 0
 0 0
 13343346262744745017 30
 15187965748151723918 0
 0 0
 5253267357301905078 630
 9141917747510236720 0
 0 0
 15258869277366598143 30
 14222647493961196142 0
 0 0
 5253267357301905078 350
 661578852665165481 0
 0 0
 5253267357301905078 850
 11753596671887654724 0
 0 0
 13343346262744745017 10
 14662384049912559493 0
 0 0
 5253267357301905078 3080
 9873533146273318812 0
 0 0
 13343346262744745017 20
 4438659740812276639 0
 0 0
 5253267357301905078 170
 9873533146273318812 0
 0 0
 13343346262744745017 40
 17517255776400771229 0
 0 0
 5253267357301905078 110
 9873533146273318812 0
 0 0
 13343346262744745017 10
 15187965748151723918 0
 0 0
 5253267357301905078 810
 11753596671887654724 0
 0 0
 13343346262744745017 80
 17517255776400771229 0
 0 0
 5253267357301905078 920
 9873533146273318812 0
 0 0
 13343346262744745017 41
 1279837555206824420 0
 0 0
 13343346262744745017 30
 4438659740812276639 0
 0 0
 5253267357301905078 2320
 11753596671887654724 0
 0 0
 13343346262744745017 92
 17517255776400771229 0
 0 0
 5253267357301905078 292
 11753596671887654724 0
 0 0
 13343346262744745017 30
 14662384049912559493 0
 0 0
 5253267357301905078 200
 9873533146273318812 0
 0 0
 13343346262744745017 50
 4438659740812276639 0
 0 0
 5253267357301905078 130
 11753596671887654724 0
 0 0
 13343346262744745017 40
 1172813477070247683 0
 0 0
 5253267357301905078 80
 9873533146273318812 0
 0 0
 13343346262744745017 273
 14662384049912559493 0
 0 0
 5253267357301905078 1620
 11753596671887654724 0
 0 0
 13343346262744745017 40
 4065993207214450609 0
 0 0
 5253267357301905078 1030
 9873533146273318812 0
 0 0
 13343346262744745017 70
 15187965748151723918 0
 0 0
 5253267357301905078 320
 16587346334805105457 0
 0 0
 3056387994562579815 10
 9017706887981059322 0
 0 0
 5253267357301905078 680
 11753596671887654724 0
 0 0
 13343346262744745017 10
 15187965748151723918 0
 0 0
 5253267357301905078 2210
 9141917747510236720 0
 0 0
 15258869277366598143 10
 14222647493961196142 0
 0 0
 5253267357301905078 380
 11753596671887654724 0
 0 0
 13343346262744745017 51
 4438659740812276639 0
 0 0
 5253267357301905078 300
 11753596671887654724 0
 0 0
 13343346262744745017 10
 16214201791076486552 0
 0 0
 5253267357301905078 71
 6471727112371980230 0
 0 0
 5253267357301905078 110
 5290594684900034637 0
 0 0
 15258869277366598143 30
 3627438211294048730 0
 0 0
 5253267357301905078 1170
 2674080631264211961 0
 0 0
 5253267357301905078 670
 9873533146273318812 0
 0 0
 13343346262744745017 90
 4065993207214450609 0
 0 0
 5253267357301905078 1200
 11753596671887654724 0
 0 0
 13343346262744745017 90
 1172813477070247683 0
 0 0
 5253267357301905078 1920
 11753596671887654724 0
 0 0
 13343346262744745017 151
 17517255776400771229 0
 0 0
 5253267357301905078 20
 9130628132167081117 0
 0 0
 5253267357301905078 400
 11753596671887654724 0
 0 0
 13343346262744745017 20
 4065993207214450609 0
 0 0
 5253267357301905078 580
 9873533146273318812 0
 0 0
 13343346262744745017 90
 14662384049912559493 0
 0 0
 5253267357301905078 2740
 8428444810596529306 0
 0 0
 15258869277366598143 40
 14222647493961196142 0
 0 0
 5253267357301905078 2180
 9873533146273318812 0
 0 0
 13343346262744745017 180
 17517255776400771229 0
 0 0
 5253267357301905078 1620
 11753596671887654724 0
 0 0
 13343346262744745017 20
 14662384049912559493 0
 0 0
 5253267357301905078 210
 11753596671887654724 0
 0 0
 13343346262744745017 72
 4438659740812276639 0
 0 0
 5253267357301905078 1220
 9873533146273318812 0
 0 0
 13343346262744745017 120
 17517255776400771229 0
 0 0
 5253267357301905078 560
 11753596671887654724 0
 0 0
 13343346262744745017 30
 14662384049912559493 0
 0 0
 5253267357301905078 2931
 9141917747510236720 0
 0 0
 15258869277366598143 40
 12113918962110809110 0
 0 0
 5253267357301905078 1160
 11753596671887654724 0
 0 0
 13343346262744745017 100
 7020478742686159848 0
 0 0
 5253267357301905078 410
 11753596671887654724 0
 0 0
 13343346262744745017 11
 17517255776400771229 0
 0 0
 5253267357301905078 541
 9873533146273318812 0
 0 0
 13343346262744745017 90
 4065993207214450609 0
 0 0
 5253267357301905078 30
 8984318279764272360 0
 0 0
 5253267357301905078 1672
 16295640244451285064 0
 0 0
 5253267357301905078 121
 11753596671887654724 0
 0 0
 13343346262744745017 20
 15187965748151723918 0
 0 0
 5253267357301905078 60
 4859946643653809776 0
 0 0
 5253267357301905078 1460
 11753596671887654724 0
 0 0
 13343346262744745017 80
 14662384049912559493 0
 0 0
 5253267357301905078 80
 11753596671887654724 0
 0 0
 13343346262744745017 143
 4438659740812276639 0
 0 0
 5253267357301905078 1360
 9873533146273318812 0
 0 0
 13343346262744745017 80
 14662384049912559493 0
 0 0
 5253267357301905078 1540
 9873533146273318812 0
 0 0
 13343346262744745017 230
 1172813477070247683 0
 0 0
 5253267357301905078 860
 2674080631264211961 0
 0 0
 5253267357301905078 221
 11753596671887654724 0
 0 0
 13343346262744745017 10
 4438659740812276639 0
 0 0
 5253267357301905078 310
 9873533146273318812 0
 0 0
 13343346262744745017 80
 15187965748151723918 0
 0 0
 5253267357301905078 301
 13041235970911378090 0
 0 0
 5253267357301905078 80
 9873533146273318812 0
 0 0
 13343346262744745017 10
 4065993207214450609 0
 0 0
 5253267357301905078 440
 9873533146273318812 0
 0 0
 13343346262744745017 120
 4438659740812276639 0
 0 0
 5253267357301905078 2490
 11753596671887654724 0
 0 0
 13343346262744745017 110
 15187965748151723918 0
 0 0
 5253267357301905078 1660
 9873533146273318812 0
 0 0
 13343346262744745017 50
 15187965748151723918 0
 0 0
 5253267357301905078 10
 9873533146273318812 0
 0 0
 13343346262744745017 20
 17517255776400771229 0
 0 0
 5253267357301905078 330
 11753596671887654724 0
 0 0
 13343346262744745017 60
 4438659740812276639 0
 0 0
 5253267357301905078 1480
 11753596671887654724 0
 0 0
 13343346262744745017 70
 15187965748151723918 0
 0 0
 5253267357301905078 3671
 9130628132167081117 0
 0 0
 5253267357301905078 880
 2471244426852685721 0
 0 0
 5253267357301905078 1330
 9873533146273318812 0
 0 0
 13343346262744745017 165
 17517255776400771229 0
 0 0
 5253267357301905078 1570
 5735888264526083632 10
 13403705349552803131 0
 0 0
 8619339997181952137 20
 12274709132938232172 0
 0 0
 8619339997181952137 10
 12274709132938232172 0
 0 0
 8619339997181952137 10
 14368194638135442782 0
 0 0
 13352435248403706595 20
 1762759617912850207 0
 0 0
 8619339997181952137 10
 2137784499585459124 0
 0 0
 328893818354910433 10
 1160109807758478087 0
 0 0
 8619339997181952137 10
 12274709132938232172 0
 0 0
 8619339997181952137 20
 1630637626631177314 0
 0 0
 8619339997181952137 20
 15611677085877052205 0
 0 0
 5735888264526083632 30
 7091405263944415090 0
 0 0
 328893818354910433 10
 2222795387068071262 0
 0 0
 4936803389615588735 370
 11019957738603434033 0
 0 0
 8619339997181952137 10
 9506754139497076075 0
 0 0
 14813813649068633253 10
 17950140182527008075 0
 0 0
 5759579832777875882 3581
 4598887607959540521 0
 0 0
 1718331772778621853 10
 1685035213593630969 0
 0 0
 5759579832777875882 11540
 11054943946804396655 0
 0 0
 14813813649068633253 20
 14829079338694352702 0
 0 0
 14813813649068633253 10
 17950140182527008075 0
 0 0
 5759579832777875882 1530
 817401895983736847 0
 0 0
 8619339997181952137 10
 2137784499585459124 0
 0 0
 328893818354910433 10
 1240684997310887297 0
 0 0
 8619339997181952137 20
 1630637626631177314 0
 0 0
 8619339997181952137 20
 1630637626631177314 0
 0 0
 8619339997181952137 10
 8557994296944699596 0
 0 0
 8619339997181952137 10
 2137784499585459124 0
 0 0
 328893818354910433 10
 7582366951052568489 0
 0 0
 5759579832777875882 2790
 13703714303678231276 0
 0 0
 14813813649068633253 30
 14592105148703041841 0
 0 0
 17989954882692495230 20
 14160645135001023216 0
 0 0
 14813813649068633253 10
 17950140182527008075 0
 0 0
 5759579832777875882 1210
 10378556632925635413 0
 0 0
 14813813649068633253 10
 7460372685540702079 0
 0 0
 5759579832777875882 730
 8561672199432623212 0
 0 0
 14813813649068633253 11
 7460372685540702079 0
 0 0
 5759579832777875882 8100
 8847968792504082442 0
 0 0
 14813813649068633253 10
 7460372685540702079 0
 0 0
 5759579832777875882 2220
 11250400670466975530 0
 0 0
 15592727875205933900 10
 11418667618088056292 0
 0 0
 5759579832777875882 6660
 1629939914996647312 0
 0 0
 14813813649068633253 20
 7460372685540702079 0
 0 0
 5759579832777875882 6910
 13703714303678231276 0
 0 0
 14813813649068633253 20
 7460372685540702079 0
 0 0
 5759579832777875882 710
 4935068194419989466 0
 0 0
 14813813649068633253 10
 16602965566619710727 0
 0 0
 5759579832777875882 2750
 16158126442959401578 0
 0 0
 5759579832777875882 5910
 7331953495870743741 0
 0 0
 5759579832777875882 2390
 12674692983961231365 0
 0 0
 14813813649068633253 12
 17497416760031624326 0
 0 0
 5759579832777875882 2270
 8561672199432623212 0
 0 0
 14813813649068633253 10
 17950140182527008075 0
 0 0
 5759579832777875882 2310
 7454849695112281618 0
 0 0
 5759579832777875882 3060
 3885390885677769392 0
 0 0
 15592727875205933900 20
 3863722867990556074 0
 0 0
 5759579832777875882 1570
 5828368804782675453 0
 0 0
 5759579832777875882 2980
 13952861685359172915 0
 0 0
 14813813649068633253 10
 17950140182527008075 0
 0 0
 5759579832777875882 180
 8847968792504082442 0
 0 0
 14813813649068633253 40
 17950140182527008075 0
 0 0
 5759579832777875882 1932
 536588001595514398 0
 0 0
 5759579832777875882 4892
 13227706732591463266 0
 0 0
 5759579832777875882 1220
 10378556632925635413 0
 0 0
 14813813649068633253 30
 17950140182527008075 0
 0 0
 5759579832777875882 1681
 17650156521401266872 0
 0 0
 14813813649068633253 20
 3661092601862770666 0
 0 0
 5759579832777875882 4120
 8847968792504082442 0
 0 0
 14813813649068633253 10
 7460372685540702079 0
 0 0
