10 0 0
20 0 0
30 0 0
40 0 0
50 0 0
60 5 10
70 5 10
80 5 10
90 10 15
100 10 15
110 10 20
120 15 25
130 15 30
140 20 35
150 20 35
160 25 45
170 25 45
180 25 50
190 30 55
200 30 55
210 35 65
220 35 65
230 35 70
240 40 75
250 40 75
260 45 85
270 45 85
280 45 90
290 50 95
300 50 95
310 55 105
320 55 105
330 55 110
340 60 115
350 60 115
360 65 125
370 65 125
380 70 135
390 70 135
400 70 140
410 75 145
420 75 145
430 80 155
440 80 155
450 80 160
460 85 165
470 85 165
480 90 175
490 90 175
500 90 180
510 95 185
520 95 185
530 100 195
540 100 195
550 105 205
560 105 205
570 105 205
580 110 215
590 110 215
600 115 225
610 115 225
620 115 225
630 120 235
640 120 235
650 125 245
660 125 245
670 125 245
680 130 255
690 130 255
700 135 265
710 135 265
720 135 265
730 140 275
740 140 275
750 145 285
760 145 285
770 150 290
780 150 295
790 150 295
800 155 305
810 155 305
820 160 310
830 160 315
840 160 315
850 165 325
860 165 325
870 170 335
880 170 335
890 170 335
900 175 345
910 175 345
920 180 355
930 180 355
940 185 360
950 185 365
960 185 365
970 190 375
980 190 375
990 195 380
1000 195 385
1010 195 385
1020 200 395
1030 200 395
1040 200 395
1050 200 395
1060 200 395
1070 200 410
1080 200 410
1090 205 415
1100 205 420
1110 205 420
1120 210 430
1130 210 430
1140 215 440
1150 215 440
1160 220 445
1170 220 450
1180 220 450
1190 225 460
1200 225 460
1210 230 465
1220 230 470
1230 230 470
1240 235 480
1250 235 480
1260 240 485
1270 240 490
1280 240 490
1290 245 500
1300 245 500
1310 250 505
1320 250 510
1330 250 510
1340 255 520
1350 255 520
1360 260 525
1370 260 530
1380 265 535
1390 265 540
1400 265 540
1410 270 545
1420 270 550
1430 275 555
1440 275 560
1450 275 560
1460 280 570
1470 280 570
1480 285 575
1490 285 580
1500 285 580
1510 290 590
1520 290 590
1530 295 595
1540 295 600
1550 300 605
1560 300 610
1570 300 610
1580 305 615
1590 305 620
1600 310 625
1610 310 630
1620 310 630
1630 315 635
1640 315 640
1650 320 645
1660 320 650
1670 320 650
1680 325 655
1690 325 660
1700 330 665
1710 330 670
1720 335 675
1730 335 680
1740 335 680
1750 340 685
1760 340 690
1770 345 695
1780 345 700
1790 345 700
1800 350 705
1810 350 710
1820 355 715
1830 355 720
1840 355 720
1850 360 725
1860 360 730
1870 365 735
1880 365 740
1890 370 745
1900 370 745
1910 370 750
1920 375 755
1930 375 760
1940 380 765
1950 380 765
1960 380 770
1970 385 775
1980 385 780
1990 390 785
2000 390 790
2010 390 790
2020 395 795
2030 395 800
2040 400 805
2050 400 810
2060 400 810
2070 405 815
2080 405 820
2090 410 825
2100 410 830
2110 415 835
2120 415 835
2130 415 840
2140 420 845
2150 420 850
2160 425 855
2170 425 855
2180 425 860
2190 430 865
2200 430 870
2210 435 875
2220 435 875
2230 435 880
2240 440 885
2250 440 890
2260 445 895
2270 445 900
2280 450 905
2290 450 905
2300 450 910
2310 455 915
2320 455 920
2330 460 925
2340 460 925
2350 460 930
2360 465 935
2370 465 940
2380 470 945
2390 470 945
2400 470 950
2410 475 955
2420 475 960
2430 480 965
2440 480 965
2450 480 970
2460 485 975
2470 485 980
2480 490 985
2490 490 985
2500 495 995
2510 495 995
2520 495 1000
2530 500 1005
2540 500 1010
2550 505 1015
2560 505 1015
2570 505 1020
2580 510 1025
2590 510 1030
2600 515 1035
2610 515 1035
2620 515 1040
2630 520 1045
2640 520 1050
2650 525 1055
2660 525 1055
2670 530 1065
2680 530 1065
2690 530 1070
2700 535 1075
2710 535 1075
2720 540 1085
2730 540 1085
2740 540 1090
2750 545 1095
2760 545 1095
2770 550 1105
2780 550 1105
2790 550 1110
2800 555 1115
2810 555 1115
2820 560 1125
2830 560 1125
2840 560 1130
2850 565 1135
2860 565 1140
2870 570 1145
2880 570 1145
2890 575 1155
2900 575 1155
2910 575 1160
2920 580 1165
2930 580 1165
2940 585 1175
2950 585 1175
2960 585 1180
2970 590 1185
2980 590 1185
2990 595 1195
3000 595 1195
3010 595 1200
3020 600 1205
3030 600 1205
3040 605 1215
3050 605 1215
3060 610 1225
3070 610 1225
3080 610 1225
3090 615 1235
3100 615 1235
3110 620 1245
3120 620 1245
3130 620 1250
3140 625 1255
3150 625 1255
3160 630 1265
3170 630 1265
3180 630 1270
3190 635 1275
3200 635 1275
3210 640 1285
3220 640 1285
3230 640 1290
3240 645 1295
3250 645 1295
3260 650 1305
3270 650 1305
3280 655 1315
3290 655 1315
3300 655 1315
3310 660 1325
3320 660 1325
3330 665 1335
3340 665 1335
3350 665 1335
3360 670 1345
3370 670 1345
3380 675 1355
3390 675 1355
3400 675 1360
3410 680 1365
3420 680 1365
3430 685 1375
3440 685 1375
3450 690 1385
3460 690 1385
3470 690 1385
3480 695 1395
3490 695 1395
3500 700 1405
3510 700 1405
3520 700 1405
3530 705 1415
3540 705 1415
3550 710 1425
3560 710 1425
3570 710 1425
3580 715 1435
3590 715 1435
3600 720 1445
3610 720 1445
3620 720 1445
