100 611450 611450
200 1238350 1239010
300 1841490 1842150
400 2414090 2415550
500 2977080 2978540
600 3502326 3504076
700 4023449 4025979
800 4514658 4516888
900 5004182 5007562
1000 5462282 5465832
1100 5917253 5921154
1200 6343408 6347939
1300 6764176 6768446
1400 7169995 7176945
1500 7565978 7572823
1600 7961088 7968824
1700 8333081 8343219
1800 8705582 8715658
1900 9069808 9082354
2000 9415771 9429398
2100 9762422 9776245
2200 10099908 10115987
2300 10422606 10439991
2400 10746342 10763685
2500 11065106 11083324
2600 11370056 11388274
2700 11674926 11693144
2800 11979886 11998104
2900 12246693 12266405
3000 12513406 12532913
3100 12779227 12799185
3200 13042914 13063312
3300 13297176 13317847
3400 13551487 13572298
3500 13806205 13826825
3600 14049459 14073991
3700 14277062 14300552
3800 14501898 14527145
3900 14730087 14754760
4000 14957136 14982221
4100 15173174 15203844
4200 15395997 15427026
