100 268710 268710
200 552630 552630
300 836550 836550
400 1090050 1120470
500 1373970 1404390
600 1657890 1688310
700 1921530 1951950
800 2169960 2230800
900 2453880 2514720
1000 2737800 2798640
1100 3001440 3077490
1200 3270166 3361426
1300 3559166 3650426
1400 3838029 3929289
1500 4071322 4218301
1600 4345223 4492092
1700 4619127 4765896
1800 4893081 5039700
1900 5121778 5323687
2000 5392458 5617803
2100 5672718 5896659
2200 5952787 6175514
2300 6184984 6459636
2400 6464233 6733560
2500 6748808 7012554
2600 7001830 7296667
2700 7160399 7596553
2800 7386014 7865818
2900 7639048 8109212
3000 7872424 8357847
3100 8010188 8622186
3200 8218385 8906621
3300 8463354 9175614
3400 8726882 9434202
3500 8963516 9693026
3600 9061035 9998183
3700 9295359 10251719
3800 9526001 10525746
3900 9758874 10774327
4000 10000344 11017720
4100 10203408 11296906
4200 10452179 11570809
