10 0 0
20 0 0
30 0 0
40 0 0
50 0 0
60 0 0
70 8 13
80 8 13
90 8 13
100 8 13
110 8 13
120 8 20
130 8 20
140 8 20
150 8 20
160 8 20
170 8 20
180 8 37
190 8 37
200 8 37
210 8 37
220 8 37
230 8 37
240 8 56
250 8 56
260 8 56
270 8 68
280 8 68
290 8 68
300 8 73
310 8 73
320 8 73
330 8 73
340 8 73
350 8 73
360 8 73
370 8 73
380 8 100
390 8 100
400 8 100
410 8 100
420 8 100
430 8 100
440 8 116
450 8 116
460 8 116
470 8 116
480 8 122
490 8 122
500 8 122
510 8 122
520 8 122
530 8 136
540 8 136
550 8 147
560 8 147
570 8 147
580 8 153
590 8 153
600 8 153
610 8 160
620 8 165
630 8 165
640 8 165
650 8 165
660 8 176
670 8 176
680 8 176
690 8 181
700 8 181
710 8 186
720 8 186
730 8 191
740 8 198
750 8 198
760 8 198
770 8 205
780 8 205
790 8 205
800 8 205
810 8 205
820 8 221
830 8 221
840 8 221
850 8 221
860 8 230
870 8 235
880 8 235
890 8 235
900 8 235
910 8 235
920 8 247
930 8 247
940 8 247
950 8 247
960 8 247
970 8 259
980 8 259
990 8 259
1000 8 259
1010 8 259
1020 8 259
1030 8 279
1040 8 279
1050 8 279
1060 8 279
1070 8 279
1080 8 293
1090 8 293
1100 8 293
1110 8 293
1120 8 293
1130 8 304
1140 8 304
1150 8 309
1160 8 309
1170 8 309
1180 8 309
1190 8 316
1200 8 322
1210 8 322
1220 8 322
1230 8 327
1240 8 327
1250 8 327
1260 8 327
1270 8 327
1280 8 327
1290 8 345
1300 8 345
1310 8 345
1320 8 345
1330 8 345
1340 8 357
1350 8 357
1360 8 365
1370 8 365
1380 8 365
1390 8 365
1400 8 374
1410 8 374
1420 8 374
1430 8 382
1440 8 382
1450 8 382
1460 8 382
1470 8 382
1480 8 398
1490 8 398
1500 8 398
1510 8 398
1520 8 398
1530 8 404
1540 8 404
1550 8 404
1560 8 404
1570 8 404
1580 8 418
1590 8 418
1600 8 418
1610 8 418
1620 8 418
1630 8 418
1640 8 418
1650 8 418
1660 8 447
1670 8 454
1680 8 454
1690 8 454
1700 8 454
1710 8 459
1720 8 464
1730 8 464
1740 8 464
1750 8 464
1760 8 464
1770 8 464
1780 8 482
1790 8 482
1800 8 489
1810 8 494
1820 8 494
1830 8 494
1840 8 494
1850 8 494
1860 8 494
1870 8 509
1880 8 509
1890 8 509
1900 8 509
1910 8 509
1920 8 524
1930 8 524
1940 8 524
1950 8 524
1960 8 524
1970 8 524
1980 8 532
1990 8 532
2000 8 543
2010 8 543
2020 8 543
2030 8 548
2040 8 548
2050 8 548
2060 8 553
2070 8 561
2080 8 561
2090 8 561
2100 8 567
2110 8 567
2120 8 572
2130 8 572
2140 8 572
2150 8 572
2160 8 572
2170 8 572
2180 8 572
2190 8 596
2200 8 596
2210 8 596
2220 8 596
2230 8 596
2240 8 596
2250 8 596
2260 8 613
2270 8 618
2280 8 618
2290 8 618
2300 8 618
2310 8 631
2320 8 631
2330 8 631
2340 8 631
2350 8 636
2360 8 641
2370 8 641
2380 8 641
2390 8 641
2400 8 641
2410 8 641
2420 8 649
2430 8 658
2440 8 658
2450 8 658
2460 8 658
2470 8 658
2480 8 658
2490 8 671
2500 8 671
2510 8 676
2520 8 681
2530 8 681
2540 8 688
2550 8 688
2560 8 688
2570 8 693
2580 8 693
2590 8 698
2600 8 703
2610 8 703
2620 8 703
2630 8 711
2640 8 720
2650 8 720
2660 8 720
2670 8 720
2680 8 725
2690 8 730
2700 8 730
2710 8 730
2720 8 730
2730 8 730
2740 8 741
2750 8 741
2760 8 741
2770 8 741
2780 8 741
2790 8 754
2800 8 759
2810 8 759
2820 8 759
2830 8 759
2840 8 759
2850 8 759
2860 8 778
2870 8 778
2880 8 778
2890 8 783
2900 8 783
2910 8 783
2920 8 788
2930 8 788
2940 8 788
2950 8 788
2960 8 798
2970 8 808
2980 8 808
2990 8 808
3000 8 808
3010 8 808
3020 8 817
3030 8 817
3040 8 827
3050 8 827
3060 8 827
3070 8 827
3080 8 827
3090 8 840
3100 8 845
3110 8 845
3120 8 845
3130 8 845
3140 8 845
3150 8 845
3160 8 860
3170 8 860
3180 8 866
3190 8 866
3200 8 866
3210 8 866
3220 8 876
3230 8 876
3240 8 876
3250 8 876
3260 8 876
3270 8 889
3280 8 889
3290 8 898
3300 8 898
3310 8 898
3320 8 903
3330 8 903
3340 8 903
3350 8 903
3360 8 917
3370 8 917
3380 8 917
3390 8 917
3400 8 917
3410 8 922
3420 8 922
3430 8 922
3440 8 922
3450 8 922
3460 8 948
3470 8 948
3480 8 948
3490 8 948
3500 8 948
3510 8 948
3520 8 948
3530 8 968
3540 8 968
3550 8 968
3560 8 968
3570 8 968
3580 8 968
3590 8 968
3600 8 982
3610 8 982
3620 8 982
