10 0 0
20 0 0
30 0 0
40 0 0
50 0 0
60 5 10
70 5 10
80 5 10
90 5 10
100 5 10
110 10 20
120 10 20
130 10 20
140 10 20
150 10 20
160 15 30
170 15 30
180 20 40
190 20 40
200 20 40
210 25 50
220 25 50
230 30 60
240 30 60
250 30 60
260 35 70
270 35 70
280 40 80
290 40 80
300 40 80
310 45 90
320 45 90
330 50 100
340 50 100
350 50 100
360 55 110
370 55 110
380 60 120
390 60 120
400 60 120
410 65 130
420 65 130
430 70 140
440 70 140
450 70 140
460 75 150
470 75 150
480 80 160
490 80 160
500 85 165
510 85 170
520 85 170
530 90 180
540 90 180
550 95 185
560 95 190
570 95 190
580 100 200
590 100 200
600 105 205
610 105 210
620 105 210
630 110 220
640 110 220
650 115 225
660 115 230
670 115 230
680 120 240
690 120 240
700 125 245
710 125 250
720 130 255
730 130 260
740 130 260
750 135 265
760 135 270
770 140 275
780 140 280
790 140 280
800 145 290
810 145 290
820 150 295
830 150 300
840 150 300
850 155 310
860 155 310
870 160 315
880 160 320
890 165 325
900 165 330
910 165 330
920 170 335
930 170 340
940 175 345
950 175 350
960 175 350
970 180 355
980 180 360
990 185 365
1000 185 370
1010 185 370
1020 190 375
1030 190 380
1040 195 385
1050 195 390
1060 195 390
1070 200 395
1080 200 400
1090 205 405
1100 205 410
1110 210 415
1120 210 420
1130 210 420
1140 215 425
1150 215 430
1160 220 435
1170 220 440
1180 220 440
1190 225 445
1200 225 450
1210 230 455
1220 230 460
1230 230 460
1240 235 465
1250 235 470
1260 240 475
1270 240 480
1280 240 480
1290 245 485
1300 245 490
1310 250 495
1320 250 500
1330 255 505
1340 255 505
1350 255 510
1360 260 515
1370 260 520
1380 265 525
1390 265 525
1400 265 530
1410 270 535
1420 270 540
1430 275 545
1440 275 550
1450 275 550
1460 280 555
1470 280 560
1480 285 565
1490 285 570
1500 285 570
1510 290 575
1520 290 580
1530 295 585
1540 295 590
1550 300 595
1560 300 595
1570 300 600
1580 305 605
1590 305 610
1600 310 615
1610 310 615
1620 310 620
1630 315 625
1640 315 630
1650 320 635
1660 320 635
1670 320 640
1680 325 645
1690 325 650
1700 330 655
1710 330 655
1720 335 665
1730 335 665
1740 335 670
1750 340 675
1760 340 680
1770 345 685
1780 345 685
1790 345 690
1800 350 695
1810 350 700
1820 355 705
1830 355 705
1840 355 710
1850 360 715
1860 360 720
1870 365 725
1880 365 725
1890 370 735
1900 370 735
1910 370 740
1920 375 745
1930 375 745
1940 380 755
1950 380 755
1960 380 760
1970 385 765
1980 385 765
1990 390 775
2000 390 775
2010 390 780
2020 395 785
2030 395 785
2040 400 795
2050 400 795
2060 400 800
2070 405 805
2080 405 810
2090 410 815
2100 410 815
2110 415 825
2120 415 825
2130 415 830
2140 420 835
2150 420 835
2160 425 845
2170 425 845
2180 425 850
2190 430 855
2200 430 855
2210 435 865
2220 435 865
2230 435 870
2240 440 875
2250 440 875
2260 445 885
2270 445 885
2280 450 895
2290 450 895
2300 450 895
2310 455 905
2320 455 905
2330 460 915
2340 460 915
2350 460 920
2360 465 925
2370 465 925
2380 470 935
2390 470 935
2400 470 940
2410 475 945
2420 475 945
2430 480 955
2440 480 955
2450 480 960
2460 485 965
2470 485 965
2480 490 975
2490 490 975
2500 495 985
2510 495 985
2520 495 985
2530 500 995
2540 500 995
2550 505 1005
2560 505 1005
2570 505 1005
2580 510 1015
2590 510 1015
2600 515 1025
2610 515 1025
2620 515 1025
2630 520 1035
2640 520 1035
2650 525 1045
2660 525 1045
2670 530 1055
2680 530 1055
2690 530 1055
2700 535 1065
2710 535 1065
2720 540 1075
2730 540 1075
2740 540 1075
2750 545 1085
2760 545 1085
2770 550 1095
2780 550 1095
2790 550 1095
2800 555 1105
2810 555 1105
2820 560 1115
2830 560 1115
2840 560 1115
2850 565 1125
2860 565 1125
2870 570 1135
2880 570 1135
2890 575 1140
2900 575 1145
2910 575 1145
2920 580 1155
2930 580 1155
2940 585 1160
2950 585 1165
2960 585 1165
2970 590 1175
2980 590 1175
2990 595 1185
3000 595 1185
3010 595 1185
3020 600 1195
3030 600 1195
3040 605 1205
3050 605 1205
3060 605 1205
3070 610 1215
3080 610 1215
3090 615 1225
3100 615 1225
3110 620 1230
3120 620 1235
3130 620 1235
3140 625 1245
3150 625 1245
3160 630 1250
3170 630 1255
3180 630 1255
3190 635 1265
3200 635 1265
3210 640 1270
3220 640 1275
3230 640 1275
3240 645 1285
3250 645 1285
3260 650 1290
3270 650 1295
3280 655 1300
3290 655 1305
3300 655 1305
3310 660 1315
3320 660 1315
3330 665 1320
3340 665 1325
3350 665 1325
3360 670 1335
3370 670 1335
3380 675 1340
3390 675 1345
3400 675 1345
3410 680 1355
3420 680 1355
3430 685 1360
3440 685 1365
3450 690 1370
3460 690 1375
3470 690 1375
3480 695 1380
3490 695 1385
3500 700 1390
3510 700 1395
3520 700 1395
3530 705 1400
3540 705 1405
3550 710 1410
3560 710 1415
3570 710 1415
3580 715 1420
3590 715 1425
3600 720 1430
3610 720 1435
3620 720 1435
