100 503126 506636
200 891563 900239
300 1197451 1211312
400 1439962 1458883
500 1639213 1670701
600 1810905 1863740
700 1974942 2031609
800 2127319 2189273
900 2254537 2333195
1000 2335455 2465294
1100 2448357 2596337
1200 2563108 2719823
1300 2665468 2836613
1400 2737445 2944992
1500 2814395 3052234
1600 2872868 3152365
1700 2952455 3253321
1800 3027683 3350357
1900 3101506 3445380
2000 3142625 3531979
2100 3201283 3621342
2200 3216540 3703275
2300 3252188 3786663
2400 3300108 3871761
2500 3359731 3957442
2600 3419917 4040428
2700 3478685 4118855
2800 3511617 4193547
2900 3547167 4268752
3000 3598857 4346240
3100 3625677 4418653
3200 3657804 4491089
3300 3699778 4564591
3400 3732246 4635064
3500 3785716 4707649
3600 3826370 4779428
3700 3874962 4851943
3800 3903889 4921441
3900 3913058 4984887
4000 3925797 5048263
4100 3943374 5109852
4200 3964892 5173618
