100 524630 527810
200 919647 929504
300 1231462 1245241
400 1473642 1491973
500 1671424 1705092
600 1846220 1900697
700 2008666 2065467
800 2160455 2221881
900 2283069 2364492
1000 2352771 2492337
1100 2467698 2623886
1200 2570135 2744643
1300 2671019 2861131
1400 2741997 2969772
1500 2806217 3076020
1600 2882585 3181822
1700 2956163 3281719
1800 3025567 3377036
1900 3101263 3472017
2000 3147377 3560026
2100 3200965 3649251
2200 3218616 3730398
2300 3254742 3814384
2400 3300197 3898599
2500 3365774 3984846
2600 3418082 4065583
2700 3481380 4144855
2800 3514366 4219612
2900 3556088 4293996
3000 3599266 4370532
3100 3628839 4442396
3200 3664255 4513980
3300 3701366 4586640
3400 3738480 4657315
3500 3789131 4729342
3600 3837018 4801388
3700 3897600 4877270
3800 3905004 4941215
3900 3915241 5004183
4000 3931724 5067342
4100 3949861 5130627
4200 3970227 5194280
4300 3993152 5257817
4400 4010747 5319116
4500 4030462 5381112
4600 4052343 5442882
4700 4078166 5505416
4800 4107476 5568501
4900 4139090 5630014
5000 4179003 5693031
5100 4203983 5753362
5200 4224064 5811845
5300 4245200 5870343
5400 4273431 5929675
5500 4297014 5987947
5600 4304638 6044270
5700 4319164 6100632
5800 4335800 6157753
5900 4348841 6213843
6000 4370130 6271051
6100 4388554 6328168
6200 4404311 6383793
6300 4428569 6440748
6400 4453518 6496543
6500 4476655 6553902
6600 4501783 6610458
6700 4518451 6664377
6800 4537113 6717032
6900 4557672 6770980
7000 4573393 6824074
7100 4600671 6879019
7200 4613297 6931624
7300 4628027 6984031
7400 4646601 7037065
7500 4667633 7090446
7600 4687981 7143934
7700 4703158 7195546
7800 4726988 7248857
7900 4756927 7301861
8000 4792036 7355685
8100 4804066 7404447
8200 4813916 7452497
8300 4836595 7502716
8400 4855655 7552045
8500 4882081 7602366
8600 4901561 7652040
8700 4908076 7699191
8800 4915995 7746182
8900 4925406 7793303
9000 4936222 7840344
9100 4944416 7885637
9200 4955132 7932505
9300 4963444 7979204
9400 4972516 8024605
9500 4983590 8071240
9600 4995708 8117348
9700 5008253 8163979
9800 5056728 8220207
9900 5094782 8272413
10000 5103416 8316825
10100 5118096 8362531
10200 5147830 8410507
10300 5169483 8457122
10400 5198961 8504791
10500 5217395 8550721
10600 5250209 8598951
10700 5289104 8649018
10800 5304647 8693924
10900 5316948 8737331
11000 5330826 8779960
11100 5336840 8822309
11200 5359121 8863632
11300 5377095 8907849
11400 5409166 8952590
11500 5413118 8992093
11600 5419181 9032696
11700 5440154 9076695
11800 5472509 9122238
11900 5501758 9166809
12000 5511328 9206245
12100 5525884 9247635
12200 5537263 9288865
12300 5552904 9328352
12400 5565418 9367380
12500 5594828 9412366
12600 5609742 9453337
12700 5614646 9492156
12800 5637842 9529961
12900 5645755 9568122
13000 5671898 9607057
13100 5689229 9648806
13200 5702948 9688866
13300 5711812 9727415
13400 5714931 9764657
13500 5725549 9800488
13600 5736827 9836580
13700 5748547 9873415
13800 5757475 9910787
13900 5766661 9949078
14000 5782168 9987043
14100 5793463 10026383
14200 5801246 10063129
14300 5803864 10098092
14400 5818492 10133912
14500 5829461 10170090
14600 5842352 10207124
14700 5858247 10241869
14800 5879493 10280299
14900 5897551 10317359
15000 5904866 10351341
