100 522993 527154
200 917546 929030
300 1230540 1244792
400 1473616 1490770
500 1676186 1704229
600 1850459 1899172
700 2004014 2062977
800 2155942 2219147
900 2276540 2361491
1000 2355921 2491241
1100 2480158 2624334
1200 2591658 2744412
1300 2692162 2860625
1400 2760361 2968881
1500 2812743 3071501
1600 2889439 3176510
1700 2975278 3278886
1800 3038728 3371809
1900 3104466 3465535
2000 3151357 3552373
2100 3202553 3641381
2200 3222496 3723090
2300 3261418 3806619
2400 3312289 3890697
2500 3382365 3977195
2600 3430918 4056050
2700 3500047 4135906
2800 3522797 4209461
2900 3567712 4285639
3000 3604518 4360202
3100 3642004 4432249
3200 3682483 4505613
3300 3721581 4576694
3400 3773721 4649506
3500 3821997 4720391
3600 3870955 4793665
3700 3902054 4862506
3800 3908981 4925379
3900 3920470 4988048
4000 3936469 5048931
4100 3956004 5112290
4200 3974111 5174530
