100 246270 246270
200 521270 521270
300 807140 807140
400 1090330 1091270
500 1377020 1377960
600 1664210 1665150
700 1950860 1951800
800 2232200 2234010
900 2491270 2493080
1000 2774440 2776250
1100 3057113 3059733
1200 3339261 3341881
1300 3623183 3625803
1400 3909004 3911624
1500 4188935 4192605
1600 4472807 4476337
1700 4755752 4759172
1800 5035917 5040819
1900 5317496 5322547
2000 5599043 5604106
2100 5882913 5887794
2200 6164267 6169898
2300 6448275 6454789
2400 6734992 6741789
2500 7019074 7028186
2600 7303901 7313109
2700 7582434 7591674
2800 7867227 7876488
2900 8151494 8162924
3000 8436722 8448409
3100 8721908 8734586
3200 9004034 9018773
3300 9285763 9302667
3400 9570138 9586658
3500 9850521 9868939
3600 10130272 10149836
3700 10406238 10426909
3800 10683299 10704174
3900 10959574 10980617
4000 11229034 11250617
4100 11496884 11518467
4200 11765364 11786947
4300 12029962 12052104
4400 12267951 12290443
4500 12504764 12527546
4600 12741169 12763431
4700 12976928 12999885
4800 13192088 13215739
4900 13418493 13442292
5000 13644126 13668095
5100 13870327 13894265
5200 14089592 14115442
5300 14302465 14329643
5400 14516516 14543706
5500 14730829 14758403
5600 14945392 14972429
5700 15145855 15176937
5800 15348670 15379970
5900 15551286 15583543
6000 15754363 15786701
6100 15956678 15989463
6200 16140898 16182386
6300 16332263 16375350
6400 16525677 16569235
6500 16711081 16754521
6600 16903267 16947295
6700 17083471 17137888
6800 17264650 17326678
6900 17456710 17518738
7000 17643671 17708402
7100 17835297 17899437
7200 18021751 18087412
7300 18191286 18257833
7400 18342715 18427131
7500 18513621 18597850
7600 18683562 18768190
7700 18851984 18938294
7800 19015281 19105503
7900 19168002 19257880
8000 19318823 19410007
8100 19468793 19561895
8200 19621251 19714446
8300 19773503 19866853
8400 19926050 20019745
8500 20077400 20173512
8600 20233269 20329689
8700 20389440 20485802
8800 20545509 20641983
8900 20694129 20790504
9000 20791610 20888027
9100 20889338 20986089
9200 21019727 21120201
9300 21162695 21263319
9400 21306525 21407033
9500 21449340 21550963
9600 21592511 21695143
9700 21737378 21839620
9800 21881515 21983849
9900 22010212 22125010
10000 22141491 22264539
10100 22281334 22405902
10200 22420480 22547327
10300 22560310 22689751
10400 22702362 22832391
10500 22846466 22975519
10600 22989182 23118303
10700 23057039 23242320
10800 23168738 23372696
10900 23291027 23505154
11000 23416658 23638944
11100 23548940 23773238
11200 23679948 23908348
11300 23809362 24043245
11400 23942524 24178640
