+ mkdir -p /lustre/ttscratch1/sevilla/parsplice-output/nano/scale-delay-1000000-61891/out
+ cd /lustre/ttscratch1/sevilla/parsplice-output/nano/scale-delay-1000000-61891
+ for input in '"input"' '"input.lammps"' '"voter-pt.eam"'
+ cp -r /lustre/ttscratch1/sevilla/parsplice-support/parsplice/sample-input/nanoparticle-growth/input .
+ for input in '"input"' '"input.lammps"' '"voter-pt.eam"'
+ cp -r /lustre/ttscratch1/sevilla/parsplice-support/parsplice/sample-input/nanoparticle-growth/input.lammps .
+ for input in '"input"' '"input.lammps"' '"voter-pt.eam"'
+ cp -r /lustre/ttscratch1/sevilla/parsplice-support/parsplice/sample-input/nanoparticle-growth/voter-pt.eam .
+ cp /lustre/ttscratch1/sevilla/parsplice-support/parsplice/sample-input/nanoparticle-growth/slurm/scale-delay/parsplice-d1M input.slurm
+ sed -i 's/<Delay> 1000000 <\/Delay>/<Delay> 1000000 <\/Delay>/g' input/ps-config.xml
+ python /lustre/ttscratch1/sevilla/parsplice-support/parsplice/node-affinity/mkhosts-slurm-nospawn.py 32 1 1 1
+ /lustre/ttscratch1/sevilla/parsplice-support/parsplice/tools/mem.sh /lustre/ttscratch1/sevilla/parsplice-output/nano/scale-delay-1000000-61891/out/
+ export LD_LIBRARY_PATH=/users/sevilla/parsplice-install/lib:/lustre/ttscratch1/sevilla/parsplice-support/boost_1_62_0/stage/lib
+ LD_LIBRARY_PATH=/users/sevilla/parsplice-install/lib:/lustre/ttscratch1/sevilla/parsplice-support/boost_1_62_0/stage/lib
++ wc -l layout
++ awk '{print $1}'
+ srun -n 32 --output none /users/sevilla/parsplice-install/parsplice
srun: Job step aborted: Waiting up to 32 seconds for job step to finish.
slurmstepd: error: *** JOB 61891 ON nid00178 CANCELLED AT 2017-08-25T13:09:24 DUE TO TIME LIMIT ***
srun: got SIGCONT
srun: forcing job termination
