100 227500 227500
200 467710 467710
300 707870 707870
400 949130 949130
500 1185480 1186290
600 1422770 1423580
700 1662850 1663660
800 1903430 1904240
900 2142300 2143800
1000 2384470 2385970
1100 2623200 2624700
1200 2861990 2863490
1300 3100599 3102909
1400 3340272 3342582
1500 3577783 3580093
1600 3818218 3820528
1700 4056986 4060437
1800 4294800 4298091
1900 4533534 4536695
2000 4771768 4775279
2100 5007833 5012675
2200 5245820 5250423
2300 5482799 5487041
2400 5719787 5724018
2500 5959344 5963867
2600 6195094 6200849
2700 6431899 6437222
2800 6668616 6674120
2900 6905564 6910897
3000 7139126 7147551
3100 7381291 7389622
3200 7614723 7622933
3300 7850539 7858931
3400 8085890 8097029
3500 8323421 8334391
3600 8560968 8572939
3700 8799610 8812094
3800 9033524 9049859
3900 9270773 9286948
4000 9512280 9529027
4100 9749128 9765859
4200 9985987 10001799
