+ mkdir -p /lustre/ttscratch1/sevilla/parsplice-output/nano/intpurge-4-69960/out
+ cd /lustre/ttscratch1/sevilla/parsplice-output/nano/intpurge-4-69960
+ for input in '"input"' '"input.lammps"' '"voter-pt.eam"'
+ cp -r /lustre/ttscratch1/sevilla/parsplice-support/parsplice/sample-input/nanoparticle-growth/input .
+ for input in '"input"' '"input.lammps"' '"voter-pt.eam"'
+ cp -r /lustre/ttscratch1/sevilla/parsplice-support/parsplice/sample-input/nanoparticle-growth/input.lammps .
+ for input in '"input"' '"input.lammps"' '"voter-pt.eam"'
+ cp -r /lustre/ttscratch1/sevilla/parsplice-support/parsplice/sample-input/nanoparticle-growth/voter-pt.eam .
+ cp /lustre/ttscratch1/sevilla/parsplice-support/parsplice/sample-input/nanoparticle-growth/slurm/scale-purged-keys1M/parsplice-purge4 input.slurm
+ sed -i 's/<MaxKeyUsage> -1 <\/MaxKeyUsage>/<MaxKeyUsage> 4 <\/MaxKeyUsage>/g' input/ps-config.xml
+ python /lustre/ttscratch1/sevilla/parsplice-support/parsplice/node-affinity/mkhosts-slurm-nospawn.py 32 1 1 1
+ /lustre/ttscratch1/sevilla/parsplice-support/parsplice/tools/mem.sh /lustre/ttscratch1/sevilla/parsplice-output/nano/intpurge-4-69960/out/
+ export LD_LIBRARY_PATH=/users/sevilla/parsplice-install/lib:/lustre/ttscratch1/sevilla/parsplice-support/boost_1_62_0/stage/lib
+ LD_LIBRARY_PATH=/users/sevilla/parsplice-install/lib:/lustre/ttscratch1/sevilla/parsplice-support/boost_1_62_0/stage/lib
++ wc -l layout
++ awk '{print $1}'
+ srun -n 32 --output none /users/sevilla/parsplice-install/parsplice
srun: Job step aborted: Waiting up to 32 seconds for job step to finish.
slurmstepd: error: *** JOB 69960 ON nid00086 CANCELLED AT 2017-08-29T09:54:27 DUE TO TIME LIMIT ***
srun: got SIGCONT
srun: forcing job termination
