100 613620 613620
200 1242580 1243370
300 1843850 1844640
400 2417850 2419240
500 2987160 2988550
600 3513391 3515461
700 4035982 4038682
800 4527442 4530322
900 5020674 5023804
1000 5477319 5480919
1100 5932809 5936470
1200 6358077 6362478
1300 6778849 6783583
1400 7185776 7192380
1500 7582539 7588970
1600 7978924 7985604
1700 8349722 8359318
1800 8722757 8732248
1900 9086699 9098146
2000 9432745 9445063
2100 9779433 9792309
2200 10116961 10130698
2300 10439849 10454717
2400 10763934 10778873
2500 11081240 11097803
2600 11386690 11403253
2700 11692420 11708983
2800 11998410 12014973
2900 12263484 12281643
3000 12529861 12548010
3100 12796442 12814864
3200 13059264 13078568
3300 13314359 13333533
3400 13568934 13588119
3500 13823256 13842662
3600 14066095 14087827
3700 14291057 14314155
3800 14517546 14541204
3900 14745387 14768936
4000 14972414 14996375
4100 15188440 15217385
4200 15412026 15440105
