100 206120 209510
200 425125 431296
300 643951 651822
400 856430 870236
500 1070299 1088511
600 1291725 1311649
700 1499647 1523473
800 1674925 1713889
900 1841429 1894959
1000 1994603 2050460
1100 2139037 2199710
1200 2259248 2336498
1300 2331854 2461569
1400 2432440 2587470
1500 2541643 2708110
1600 2637897 2820494
1700 2716672 2929348
1800 2802666 3037322
1900 2849713 3136267
2000 2916582 3236798
2100 3000330 3335580
2200 3064147 3425550
2300 3112360 3514029
2400 3165578 3600443
2500 3205106 3685962
2600 3230776 3765908
2700 3271153 3848378
2800 3314035 3930838
2900 3387449 4016727
3000 3441707 4094806
3100 3500533 4172512
3200 3523462 4244733
3300 3569139 4319921
3400 3604956 4392061
3500 3633826 4462527
3600 3670591 4533695
3700 3710873 4605661
3800 3752133 4674376
3900 3806936 4746842
4000 3858170 4819557
4100 3901519 4890457
4200 3908276 4952964
