+ echo
+ mkdir -p /lustre/ttscratch1/sevilla/parsplice-output/nano/scale-cachelimit-10000-71221/out
+ cd /lustre/ttscratch1/sevilla/parsplice-output/nano/scale-cachelimit-10000-71221
+ export LD_LIBRARY_PATH=/users/sevilla/parsplice-install-limcache/lib:/lustre/ttscratch1/sevilla/parsplice-support/boost_1_64_0/stage/lib
+ LD_LIBRARY_PATH=/users/sevilla/parsplice-install-limcache/lib:/lustre/ttscratch1/sevilla/parsplice-support/boost_1_64_0/stage/lib
+ export OMP_NUM_THREADS=1
+ OMP_NUM_THREADS=1
+ for i in '"input"' '"input.lammps"' '"voter-pt.eam"'
+ cp -r /lustre/ttscratch1/sevilla/parsplice-support/parsplice-limcache/sample-input/nanoparticle-growth/input .
+ for i in '"input"' '"input.lammps"' '"voter-pt.eam"'
+ cp -r /lustre/ttscratch1/sevilla/parsplice-support/parsplice-limcache/sample-input/nanoparticle-growth/input.lammps .
+ for i in '"input"' '"input.lammps"' '"voter-pt.eam"'
+ cp -r /lustre/ttscratch1/sevilla/parsplice-support/parsplice-limcache/sample-input/nanoparticle-growth/voter-pt.eam .
+ sed -i 's/<Delay> 1000000 <\/Delay>/<Delay> 100000 <\/Delay>/g' input/ps-config.xml
+ sed -i 's/<MaxKeyUsage> 0 <\/MaxKeyUsage>/<MaxKeyUsage> 10000 <\/MaxKeyUsage>/g' input/ps-config.xml
+ python /lustre/ttscratch1/sevilla/parsplice-support/parsplice-limcache/node-affinity/mkhosts-slurm-nospawn.py 32 1 1 1
++ wc -l layout
++ awk '{print $1}'
+ ntasks=128
+ srun -N 4 -n 128 --cpu_bind=cores --output none /users/sevilla/parsplice-install-limcache/parsplice
srun: Job step aborted: Waiting up to 32 seconds for job step to finish.
srun: got SIGCONT
slurmstepd: error: *** JOB 71221 ON nid00110 CANCELLED AT 2017-09-01T13:59:52 ***
srun: forcing job termination
