11 0 0
21 0 0
31 0 0
41 0 0
51 0 0
61 0 0
71 0 0
81 0 0
91 0 0
101 0 0
111 0 0
121 0 0
131 0 0
141 0 0
151 0 0
161 0 0
171 0 0
181 0 0
191 0 0
201 0 0
211 0 0
221 0 0
231 0 0
241 0 0
251 0 0
261 0 0
271 0 0
281 0 0
291 0 0
301 0 0
311 5 5
321 5 10
331 5 10
341 5 16
351 5 16
361 5 16
371 5 16
381 5 16
391 5 16
401 5 16
411 5 16
421 5 16
431 5 16
441 5 16
451 5 16
461 5 16
471 5 16
481 5 16
491 5 16
501 5 26
511 5 26
521 5 26
531 5 26
541 5 26
551 5 26
561 5 26
571 5 31
581 5 31
591 5 31
601 5 31
611 5 31
621 5 37
631 5 37
641 5 37
651 5 37
661 5 42
671 5 42
681 5 42
691 5 47
701 5 47
711 5 47
721 5 47
731 5 47
741 5 47
751 5 47
761 5 47
771 5 47
781 5 47
791 5 47
801 5 47
811 5 47
821 5 47
831 5 62
841 5 62
851 5 62
861 5 62
871 5 62
881 5 62
891 5 62
901 5 67
911 5 67
921 5 72
931 5 72
941 5 72
951 5 72
961 5 72
971 5 72
981 5 72
991 5 72
1001 5 77
1011 5 82
1021 5 82
1031 5 82
1041 5 87
1051 5 87
1061 5 87
1071 5 87
1081 5 87
1091 5 87
1101 5 87
1111 5 92
1121 5 92
1131 5 97
1141 5 97
1151 5 97
1161 5 102
1171 5 102
1181 5 102
1191 5 102
1201 5 102
1211 5 102
1221 5 102
1231 5 107
1241 5 107
1251 5 112
1261 5 112
1271 5 117
1281 5 117
1291 5 117
1301 5 117
1311 5 117
1321 5 117
1331 5 117
1341 5 117
1351 5 122
1361 5 127
1371 5 127
1381 5 127
1391 5 132
1401 5 132
1411 5 132
1421 5 132
1431 5 132
1441 5 132
1451 5 132
1461 5 137
1471 5 137
1481 5 142
1491 5 142
1501 5 147
1511 5 147
1521 5 147
1531 5 147
1541 5 147
1551 5 147
1561 5 147
1571 5 147
1581 5 152
1591 5 157
1601 5 157
1611 5 157
1621 5 162
1631 5 162
1641 5 162
1651 5 162
1661 5 162
1671 5 162
1681 5 162
1691 5 162
1701 5 167
1711 5 172
1721 5 172
1731 5 172
1741 5 177
1751 5 177
1761 5 177
1771 5 177
1781 5 177
1791 5 177
1801 5 177
1811 5 177
1821 5 182
1831 5 187
1841 5 187
1851 5 192
1861 5 192
1871 5 192
1881 5 192
1891 5 192
1901 5 192
1911 5 192
1921 5 192
1931 5 197
1941 5 202
1951 5 202
1961 5 202
1971 5 207
1981 5 207
1991 5 207
2001 5 207
2011 5 207
2021 5 207
2031 5 207
2041 5 207
2051 5 212
2061 5 217
2071 5 217
2081 5 217
2091 5 222
2101 5 222
2111 5 222
2121 5 222
2131 5 222
2141 5 222
2151 5 222
2161 5 222
2171 5 232
2181 5 232
2191 5 232
2201 5 237
2211 5 237
2221 5 237
2231 5 237
2241 5 237
2251 5 237
2261 5 237
2271 5 237
2281 5 242
2291 5 247
2301 5 247
2311 5 247
2321 5 252
2331 5 252
2341 5 252
2351 5 252
2361 5 252
2371 5 252
2381 5 252
2391 5 252
2401 5 262
2411 5 262
2421 5 262
2431 5 262
2441 5 267
2451 5 267
2461 5 267
2471 5 267
2481 5 267
2491 5 267
2501 5 267
2511 5 267
2521 5 277
2531 5 277
2541 5 277
2551 5 282
2561 5 282
2571 5 282
2581 5 282
2591 5 282
2601 5 282
2611 5 282
2621 5 282
2631 5 292
2641 5 292
2651 5 292
2661 5 292
2671 5 297
2681 5 297
2691 5 297
2701 5 297
2711 5 297
2721 5 297
2731 5 297
2741 5 297
2751 5 307
2761 5 307
2771 5 307
2781 5 312
2791 5 312
2801 5 312
2811 5 312
2821 5 312
2831 5 312
2841 5 312
2851 5 312
2861 5 312
2871 5 322
2881 5 322
2891 5 322
2901 5 327
2911 5 327
2921 5 327
2931 5 327
2941 5 327
2951 5 327
2961 5 327
2971 5 327
2981 5 337
2991 5 337
3001 5 337
3011 5 337
3021 5 342
3031 5 342
3041 5 342
3051 5 342
3061 5 342
3071 5 342
3081 5 342
3091 5 342
3101 5 352
3111 5 352
3121 5 352
3131 5 352
3141 5 357
3151 5 357
3161 5 357
3171 5 357
3181 5 357
3191 5 357
3201 5 357
3211 5 362
3221 5 367
3231 5 367
3241 5 367
3251 5 372
3261 5 372
3271 5 372
3281 5 372
3291 5 372
3301 5 372
3311 5 372
3321 5 372
3331 5 377
3341 5 382
3351 5 382
3361 5 382
3371 5 387
3381 5 387
3391 5 387
3401 5 387
3411 5 387
3421 5 387
3431 5 387
3441 5 392
3451 5 392
3461 5 397
3471 5 397
3481 5 402
3491 5 402
3501 5 402
3511 5 402
3521 5 402
3531 5 402
3541 5 402
3551 5 402
3561 5 407
3571 5 412
3581 5 412
3591 5 412
3601 5 417
3611 5 417
3621 5 417
3631 5 417
