100 610010 610010
200 1236840 1237700
300 1836690 1837550
400 2409000 2410310
500 2971370 2972680
600 3496427 3498387
700 4017251 4020151
800 4508578 4511228
900 4999615 5002505
1000 5453350 5456903
1100 5908838 5912511
1200 6335362 6339895
1300 6761408 6765822
1400 7168646 7175177
1500 7564959 7571245
1600 7960376 7967703
1700 8333123 8342348
1800 8703901 8714449
1900 9069074 9081279
2000 9415524 9427580
2100 9761848 9773940
2200 10099075 10113085
2300 10423158 10436990
2400 10745552 10760330
2500 11064707 11080049
2600 11369407 11384749
2700 11673867 11689209
2800 11978637 11993979
2900 12245377 12261840
3000 12511127 12527862
3100 12777143 12793864
3200 13039834 13057506
3300 13293044 13310896
3400 13546238 13564445
3500 13799241 13817553
3600 14044414 14064054
3700 14269667 14289857
3800 14494436 14516211
3900 14721812 14742334
4000 14948591 14969040
4100 15163786 15189559
