100 649200 649200
200 1292800 1293320
300 1895560 1896080
400 2465890 2467090
500 3028351 3030041
600 3553283 3554973
700 4071981 4074901
800 4567787 4570497
900 5055588 5058968
1000 5511419 5514899
1100 5967963 5971143
1200 6391369 6395999
1300 6815371 6819992
1400 7220109 7226586
1500 7614543 7620540
1600 8003946 8012856
1700 8378169 8386619
1800 8749582 8759969
1900 9110573 9124540
2000 9457875 9472166
2100 9803663 9818743
2200 10139575 10156277
2300 10464309 10481666
2400 10788350 10805928
2500 11105493 11123491
2600 11411573 11429571
2700 11717783 11735781
2800 12020554 12039085
2900 12286689 12305821
3000 12553290 12573187
3100 12820576 12840344
3200 13083123 13103634
3300 13339344 13359695
3400 13595256 13615830
3500 13851815 13872255
3600 14092535 14115488
3700 14321527 14344658
3800 14550613 14573667
3900 14778652 14802811
4000 15004237 15031413
4100 15225266 15254284
4200 15449269 15478517
4300 15673785 15703297
4400 15897783 15927766
4500 16100568 16141454
4600 16312968 16353066
4700 16522926 16564378
4800 16735949 16776604
4900 16946608 16988144
5000 17135961 17193690
5100 17342921 17402443
5200 17552969 17612438
5300 17763399 17822868
5400 17973386 18032230
5500 18154878 18215801
5600 18326793 18396281
5700 18507882 18577872
5800 18689501 18759543
5900 18871048 18940966
6000 19043298 19115472
6100 19202682 19275025
6200 19360365 19434534
6300 19519637 19594230
6400 19679035 19753591
6500 19837687 19913215
6600 19997454 20072959
6700 20158898 20236068
6800 20320883 20399091
6900 20484371 20562755
7000 20648153 20726160
7100 20810664 20889130
7200 20973681 21052321
7300 21120664 21203455
7400 21269256 21353782
7500 21420446 21504714
7600 21570174 21655505
7700 21721724 21806713
7800 21873019 21957588
7900 22010017 22105600
8000 22141941 22248827
8100 22286355 22396189
8200 22431843 22544536
8300 22580513 22693469
8400 22729287 22842646
8500 22879219 22992064
8600 23001971 23136245
8700 23089155 23264456
8800 23208868 23400290
8900 23337124 23539959
9000 23471066 23679447
9100 23605494 23819553
9200 23740470 23959745
9300 23877575 24100181
9400 24010064 24239984
9500 24130143 24371379
9600 24255378 24503847
9700 24383053 24636610
9800 24512709 24769931
9900 24643906 24903845
10000 24771795 25036730
10100 24904276 25170791
10200 25025125 25298861
10300 25142602 25419345
10400 25262992 25540853
10500 25384281 25663099
10600 25505681 25785192
10700 25627567 25907206
10800 25749167 26029363
10900 25870672 26151493
11000 25993150 26273893
11100 26093941 26390300
11200 26209321 26510129
11300 26328256 26631557
11400 26446548 26751425
