11 0 
21 0 
31 0 
41 0 
51 0 
61 0 
71 0 
81 0 
91 0 
101 0 
111 0 
121 0 
131 0 
141 0 
151 0 
161 0 
171 0 
181 0 
191 0 
201 0 
211 0 
221 0 
231 0 
241 0 
251 0 
261 0 
271 0 
281 0 
291 0 
301 0 
311 0 
321 0 
331 0 
341 0 
351 0 
361 0 
371 0 
381 5 
391 5 
401 5 
411 5 
421 5 
431 5 
441 5 
451 5 
461 5 
471 5 
481 5 
491 5 
501 5 
511 5 
521 5 
531 5 
541 5 
551 5 
561 5 
571 5 
581 5 
591 5 
601 5 
611 5 
621 5 
631 5 
641 5 
651 5 
661 5 
671 5 
681 5 
691 5 
701 5 
711 5 
721 5 
731 5 
741 5 
751 5 
761 5 
771 5 
781 5 
791 5 
801 5 
811 5 
821 5 
831 5 
841 5 
851 5 
861 5 
871 5 
881 5 
891 5 
901 5 
911 5 
921 5 
931 5 
941 5 
951 5 
961 5 
971 5 
981 5 
991 5 
1001 5 
1011 5 
1021 5 
1031 5 
1041 5 
1051 5 
1061 5 
1071 5 
1081 5 
1091 5 
1101 5 
1111 5 
1121 5 
1131 5 
1141 5 
1151 5 
1161 5 
1171 5 
1181 5 
1191 5 
1201 5 
1211 5 
1221 5 
1231 5 
1241 5 
1251 5 
1261 5 
1271 5 
1281 5 
1291 5 
1301 5 
1311 5 
1321 5 
1331 5 
1341 5 
1351 5 
1361 5 
1371 5 
1381 5 
1391 5 
1401 5 
1411 5 
1421 5 
1431 5 
1441 5 
1451 5 
1461 5 
1471 5 
1481 5 
1491 5 
1501 5 
1511 10 
1521 10 
1531 10 
1541 10 
1551 10 
1561 10 
1571 10 
1581 10 
1591 10 
1601 10 
1611 10 
1621 10 
1631 10 
1641 10 
1651 10 
1661 10 
1671 10 
1681 10 
1691 10 
1701 10 
1711 10 
1721 10 
1731 10 
1741 10 
1751 10 
1761 10 
1771 10 
1781 10 
1791 10 
1801 10 
1811 10 
1821 10 
1831 10 
1841 10 
1851 10 
1861 10 
1871 10 
1881 10 
1891 10 
1901 10 
1911 10 
1921 10 
1931 10 
1941 10 
1951 10 
1961 10 
1971 10 
1981 10 
1991 10 
2001 10 
2011 10 
2021 10 
2031 10 
2041 10 
2051 10 
2061 10 
2071 10 
2081 10 
2091 10 
2101 10 
2111 10 
2121 10 
2131 10 
2141 10 
2151 10 
2161 10 
2171 10 
2181 10 
2191 10 
2201 10 
2211 10 
2221 10 
2231 10 
2241 10 
2251 10 
2261 10 
2271 10 
2281 10 
2291 10 
2301 10 
2311 10 
2321 10 
2331 10 
2341 22 
2351 22 
2361 22 
2371 22 
2381 22 
2391 22 
2401 22 
2411 22 
2421 22 
2431 22 
2441 22 
2451 22 
2461 22 
2471 22 
2481 22 
2491 22 
2501 22 
2511 22 
2521 22 
2531 22 
2541 22 
2551 22 
2561 22 
2571 22 
2581 22 
2591 22 
2601 22 
2611 22 
2621 22 
2631 22 
2641 22 
2651 22 
2661 22 
2671 22 
2681 22 
2691 22 
2701 22 
2711 22 
2721 22 
2731 22 
2741 22 
2751 22 
2761 22 
2771 22 
2781 22 
2791 22 
2801 22 
2811 22 
2821 22 
2831 22 
2841 22 
2851 22 
2861 22 
2871 22 
2881 22 
2891 22 
2901 22 
2911 22 
2921 22 
2931 22 
2941 22 
2951 22 
2961 22 
2971 22 
2981 22 
2991 22 
3001 22 
3011 22 
3021 22 
3031 22 
3041 22 
3051 22 
3061 22 
3071 22 
3081 22 
3091 22 
3101 22 
3111 22 
3121 22 
3131 22 
3141 22 
3151 22 
3161 22 
3171 22 
3181 22 
3191 22 
3201 22 
3211 22 
3221 22 
3231 22 
3241 22 
3251 22 
3261 22 
3271 22 
3281 22 
3291 22 
3301 22 
3311 22 
3321 22 
3331 22 
3341 22 
3351 22 
3361 22 
3371 22 
3381 22 
3391 22 
3401 22 
3411 22 
3421 22 
3431 22 
3441 22 
3451 22 
3461 22 
3471 22 
3481 22 
3491 22 
3501 22 
3511 22 
3521 22 
3531 22 
3541 22 
3551 22 
3561 22 
3571 22 
3581 22 
3591 22 
3601 22 
3611 22 
3621 22 
