100 521243 524324
200 917886 925984
300 1229025 1241342
400 1471561 1487706
500 1667774 1700795
600 1858010 1900353
700 2016705 2063295
800 2168756 2218929
900 2289378 2360388
1000 2367146 2489835
1100 2479649 2620703
1200 2589936 2740692
1300 2689510 2856308
1400 2760254 2964975
1500 2829591 3071993
1600 2887013 3172850
1700 2956012 3272499
1800 3021498 3368102
1900 3100608 3464798
2000 3139173 3551628
2100 3200869 3642881
2200 3218433 3724658
2300 3258370 3809415
2400 3301717 3893980
2500 3364323 3980379
2600 3421895 4062768
2700 3485527 4142411
2800 3514131 4216658
2900 3557883 4292549
3000 3600102 4369077
3100 3619041 4440684
3200 3659671 4513370
3300 3703887 4586632
3400 3746682 4657157
3500 3800666 4729215
3600 3841946 4801261
3700 3900064 4875867
3800 3904933 4940170
3900 3915978 5003783
4000 3930689 5065970
4100 3949025 5128454
4200 3974549 5191920
4300 3998626 5253810
4400 4017655 5314352
4500 4041351 5376056
4600 4062531 5438112
4700 4097824 5502740
4800 4117890 5562903
4900 4156492 5625233
5000 4197144 5688532
5100 4210744 5746349
5200 4224842 5804360
5300 4249079 5863677
5400 4270337 5922628
5500 4296771 5981235
5600 4307850 6038600
5700 4315269 6094056
5800 4334212 6152248
5900 4358313 6210477
6000 4383718 6268304
6100 4400242 6324860
6200 4419922 6380562
6300 4446708 6435850
6400 4474644 6493254
6500 4500005 6549070
6600 4508059 6602193
6700 4525138 6655380
6800 4551488 6709962
6900 4587142 6766479
7000 4608321 6820796
7100 4623940 6872664
7200 4636842 6923691
7300 4655233 6976887
7400 4678084 7031106
7500 4702336 7084689
7600 4715499 7134853
7700 4730616 7186411
7800 4760643 7239241
7900 4793806 7292842
8000 4805958 7341679
8100 4819671 7390624
8200 4839734 7439707
8300 4860612 7489552
8400 4880288 7539634
8500 4901272 7589420
8600 4907952 7636534
8700 4914455 7682884
8800 4920603 7729451
8900 4928771 7775970
9000 4939240 7822594
9100 4949750 7869442
9200 4955503 7915139
9300 4966822 7962504
9400 4984804 8010062
9500 4997367 8056059
9600 5004196 8101942
9700 5015924 8147790
9800 5032503 8194685
9900 5055337 8241811
10000 5071984 8288688
10100 5085287 8334281
10200 5102077 8381384
10300 5118636 8426856
10400 5133334 8472749
10500 5147257 8517917
10600 5170342 8564601
10700 5192649 8610420
10800 5205535 8655599
10900 5231153 8702307
11000 5262406 8750634
11100 5290785 8798146
11200 5313412 8844461
11300 5339654 8890907
11400 5355445 8934995
11500 5381568 8978503
11600 5407163 9020376
11700 5416548 9061196
11800 5442874 9104435
11900 5452554 9144630
12000 5471132 9188126
12100 5495164 9231931
12200 5510352 9270575
12300 5530231 9309320
12400 5536340 9349311
12500 5551583 9391053
12600 5572881 9433067
12700 5599625 9474255
12800 5609960 9514647
12900 5620310 9554558
13000 5635995 9592062
13100 5670464 9630999
13200 5690931 9669914
13300 5703991 9706585
13400 5711014 9742873
13500 5715645 9779636
13600 5725214 9816726
13700 5734386 9855393
13800 5749489 9895093
13900 5764637 9933445
14000 5780958 9970948
14100 5795388 10010682
14200 5804906 10049716
14300 5813050 10084946
14400 5819968 10120855
14500 5826086 10156602
14600 5833771 10193322
14700 5851814 10230029
14800 5864955 10266551
14900 5869419 10302938
15000 5877695 10338291
