 14045287823504495930 100070
 7945113548248993750 100100
 5629280629412862217 99960
 13397889897772269455 1110
 13041375788975204976 0
 0 0
 13397889897772269455 190
 13279110208701627006 0
 0 0
 13397889897772269455 390
 13279110208701627006 0
 0 0
 13397889897772269455 1220
 5747166502646748242 0
 0 0
 13397889897772269455 610
 13041375788975204976 0
 0 0
 13397889897772269455 870
 13041375788975204976 0
 0 0
 13397889897772269455 620
 5747166502646748242 0
 0 0
 13397889897772269455 2301
 13279110208701627006 0
 0 0
 13397889897772269455 3580
 12584478058009267317 0
 0 0
 13397889897772269455 1430
 13279110208701627006 0
 0 0
 13397889897772269455 810
 13279110208701627006 0
 0 0
 13397889897772269455 5090
 5747166502646748242 0
 0 0
 13397889897772269455 1430
 13041375788975204976 0
 0 0
 13397889897772269455 5040
 5747166502646748242 0
 0 0
 13397889897772269455 740
 13041375788975204976 0
 0 0
 13397889897772269455 4920
 12252696457665772563 0
 0 0
 13397889897772269455 3470
 13041375788975204976 0
 0 0
 13397889897772269455 2950
 13279110208701627006 0
 0 0
 13397889897772269455 1140
 13041375788975204976 0
 0 0
 13397889897772269455 380
 13279110208701627006 0
 0 0
 13397889897772269455 1611
 13279110208701627006 0
 0 0
 13397889897772269455 3530
 5747166502646748242 0
 0 0
 13397889897772269455 2430
 5747166502646748242 0
 0 0
 13397889897772269455 2880
 13279110208701627006 0
 0 0
 13397889897772269455 5410
 13279110208701627006 0
 0 0
 13397889897772269455 2160
 13279110208701627006 0
 0 0
 13397889897772269455 900
 13041375788975204976 0
 0 0
 13397889897772269455 5650
 13279110208701627006 0
 0 0
 13397889897772269455 1500
 13279110208701627006 0
 0 0
 13397889897772269455 4780
 5747166502646748242 0
 0 0
 13397889897772269455 4470
 5747166502646748242 0
 0 0
 13397889897772269455 5180
 13279110208701627006 0
 0 0
 13397889897772269455 1710
 13041375788975204976 0
 0 0
 13397889897772269455 330
 13279110208701627006 0
 0 0
 13397889897772269455 2150
 13041375788975204976 0
 0 0
 13397889897772269455 930
 5747166502646748242 0
 0 0
 13397889897772269455 6330
 13279110208701627006 0
 0 0
 13397889897772269455 670
 13279110208701627006 0
 0 0
 13397889897772269455 5320
 13041375788975204976 0
 0 0
 13397889897772269455 3270
 13279110208701627006 0
 0 0
 13397889897772269455 500
 119924503146786702 10
 5573601808535436667 0
 0 0
 9212947370709515447 10832
 1775136624805103075 0
 0 0
 119924503146786702 10
 5573601808535436667 0
 0 0
 9212947370709515447 7962
 1775136624805103075 0
 0 0
 119924503146786702 20
 5573601808535436667 0
 0 0
 9212947370709515447 44293
 3717935370423463817 0
 0 0
 119924503146786702 10
 5573601808535436667 0
 0 0
 9212947370709515447 22267
 3717935370423463817 0
 0 0
 119924503146786702 10
 5573601808535436667 0
 0 0
 9212947370709515447 14492
 7290203052617063749 20
 13386893445948089179 0
 0 0
 1493506233143168209 9910
 9846944371344028159 0
 0 0
 7290203052617063749 41
 13240321557692863480 0
 0 0
 1871473373053683072 10
 8350268522916202359 0
 0 0
 7290203052617063749 20
 16786421041640028207 0
 0 0
 1493506233143168209 3140
 9846944371344028159 0
 0 0
 7290203052617063749 60
 11426228786919798054 0
 0 0
 1493506233143168209 7200
 9846944371344028159 0
 0 0
 7290203052617063749 60
 13386893445948089179 0
 0 0
 1493506233143168209 391
 2366869996341988628 0
 0 0
 7290203052617063749 20
 16786421041640028207 0
 0 0
 1493506233143168209 26810
 4219299363931068621 0
 0 0
 7290203052617063749 70
 11426228786919798054 0
 0 0
 1493506233143168209 4700
 4431767057746070366 0
 0 0
 7290203052617063749 10
 13386893445948089179 0
 0 0
 1493506233143168209 2350
 4931011790321082671 0
 0 0
 1493506233143168209 1620
 1820196535860421309 0
 0 0
 7290203052617063749 10
 16786421041640028207 0
 0 0
 1493506233143168209 8410
 2352981486585064843 0
 0 0
 7290203052617063749 10
 11426228786919798054 0
 0 0
 1493506233143168209 35150
 11669211761296708093 20
 10908201159296235899 0
 0 0
 6475763765614740980 471
 3730206659162425091 0
 0 0
 6475763765614740980 2320
 15204024652815630440 0
 0 0
 6475763765614740980 570
 14186085376411709159 0
 0 0
 6475763765614740980 1210
 8238484264269638515 0
 0 0
 6475763765614740980 450
 15204024652815630440 0
 0 0
 6475763765614740980 990
 13270064198117499683 0
 0 0
 11669211761296708093 30
 18095143952467635026 0
 0 0
 6475763765614740980 210
 14623686664826402557 0
 0 0
 11669211761296708093 10
 10908201159296235899 0
 0 0
 6475763765614740980 110
 5153125577952694738 0
 0 0
 6475763765614740980 1150
 5098939371027366641 0
 0 0
 6475763765614740980 2030
 930882140666492838 0
 0 0
 11669211761296708093 10
 10908201159296235899 0
 0 0
 6475763765614740980 600
 1047640538272367460 0
 0 0
 11669211761296708093 10
 10908201159296235899 0
 0 0
 6475763765614740980 130
 4814317383813852423 0
 0 0
 11669211761296708093 10
 10908201159296235899 0
 0 0
 6475763765614740980 390
 2066962627162082401 0
 0 0
 11669211761296708093 30
 18095143952467635026 0
 0 0
 6475763765614740980 530
 5098939371027366641 0
 0 0
 6475763765614740980 190
 13325861141066797208 0
 0 0
 11669211761296708093 20
 10908201159296235899 0
 0 0
 6475763765614740980 290
 5098939371027366641 0
 0 0
 6475763765614740980 120
 7112873788592144913 0
 0 0
 11669211761296708093 10
 10908201159296235899 0
 0 0
 6475763765614740980 580
 4814317383813852423 0
 0 0
 11669211761296708093 10
 18095143952467635026 0
 0 0
 6475763765614740980 980
 930882140666492838 0
 0 0
 11669211761296708093 20
 18095143952467635026 0
 0 0
 6475763765614740980 30
 930882140666492838 0
 0 0
 11669211761296708093 10
 10908201159296235899 0
 0 0
 6475763765614740980 170
 2066962627162082401 0
 0 0
 11669211761296708093 10
 18095143952467635026 0
 0 0
 6475763765614740980 530
 2066962627162082401 0
 0 0
 11669211761296708093 10
 10908201159296235899 0
 0 0
 6475763765614740980 20
 5098939371027366641 0
 0 0
 6475763765614740980 80
 2066962627162082401 0
 0 0
 11669211761296708093 10
 18095143952467635026 0
 0 0
 6475763765614740980 60
 16124528992531534867 0
 0 0
 6475763765614740980 250
 5821231066430130605 0
 0 0
 6475763765614740980 40
 5098939371027366641 0
 0 0
 6475763765614740980 590
 2066962627162082401 0
 0 0
 11669211761296708093 40
 10908201159296235899 0
 0 0
 6475763765614740980 110
 7112873788592144913 0
 0 0
 11669211761296708093 10
 10908201159296235899 0
 0 0
 6475763765614740980 390
 4877126699554231691 0
 0 0
 6475763765614740980 1310
 1047640538272367460 0
 0 0
 11669211761296708093 20
 10908201159296235899 0
 0 0
 6475763765614740980 190
 15204024652815630440 0
 0 0
 6475763765614740980 31
 3730206659162425091 0
 0 0
 6475763765614740980 170
 5821231066430130605 0
 0 0
 6475763765614740980 30
 5821231066430130605 0
 0 0
 6475763765614740980 570
 5821231066430130605 0
 0 0
 6475763765614740980 130
 7112873788592144913 0
 0 0
 11669211761296708093 11
 10908201159296235899 0
 0 0
 6475763765614740980 802
 5821231066430130605 0
 0 0
 6475763765614740980 560
 2066962627162082401 0
 0 0
 11669211761296708093 10
 18095143952467635026 0
 0 0
 6475763765614740980 350
 16124528992531534867 0
 0 0
 6475763765614740980 100
 13270064198117499683 0
 0 0
 11669211761296708093 10
 10908201159296235899 0
 0 0
 6475763765614740980 50
 14186085376411709159 0
 0 0
 6475763765614740980 380
 3086338764036476322 0
 0 0
 11669211761296708093 10
 10908201159296235899 0
 0 0
 6475763765614740980 510
 2066962627162082401 0
 0 0
 11669211761296708093 10
 10908201159296235899 0
 0 0
 6475763765614740980 10
 2066962627162082401 0
 0 0
 11669211761296708093 10
 10908201159296235899 0
 0 0
 6475763765614740980 380
 5098939371027366641 0
 0 0
 6475763765614740980 811
 13325861141066797208 0
 0 0
 11669211761296708093 20
 18095143952467635026 0
 0 0
 6475763765614740980 330
 930882140666492838 0
 0 0
 11669211761296708093 10
 18095143952467635026 0
 0 0
 6475763765614740980 310
 2066962627162082401 0
 0 0
 11669211761296708093 10
 18095143952467635026 0
 0 0
 6475763765614740980 10
 930882140666492838 0
 0 0
 11669211761296708093 10
 18095143952467635026 0
 0 0
 6475763765614740980 110
 13270064198117499683 0
 0 0
 11669211761296708093 20
 18095143952467635026 0
 0 0
 6475763765614740980 170
 4814317383813852423 0
 0 0
 11669211761296708093 30
 18095143952467635026 0
 0 0
 6475763765614740980 120
 16124528992531534867 0
 0 0
 6475763765614740980 120
 5328203886409600298 0
 0 0
 6475763765614740980 50
 2066962627162082401 0
 0 0
 11669211761296708093 20
 15439337120583033143 0
 0 0
 6475763765614740980 110
 2066962627162082401 0
 0 0
 11669211761296708093 20
 10908201159296235899 0
 0 0
 6475763765614740980 220
 3730206659162425091 0
 0 0
 6475763765614740980 700
 4814317383813852423 0
 0 0
 11669211761296708093 10
 10908201159296235899 0
 0 0
 6475763765614740980 421
 5328203886409600298 0
 0 0
 6475763765614740980 210
 4877126699554231691 0
 0 0
 6475763765614740980 240
 8238484264269638515 0
 0 0
 6475763765614740980 10
 2521098132180257307 0
 0 0
 6475763765614740980 432
 3231827183998287878 0
 0 0
 6475763765614740980 470
 4814317383813852423 0
 0 0
 11669211761296708093 10
 18095143952467635026 0
 0 0
 6475763765614740980 730
 15204024652815630440 0
 0 0
 6475763765614740980 350
 930882140666492838 0
 0 0
 11669211761296708093 10
 18095143952467635026 0
 0 0
 6475763765614740980 340
 15204024652815630440 0
 0 0
 6475763765614740980 21
 1047640538272367460 0
 0 0
 11669211761296708093 50
 10908201159296235899 0
 0 0
 6475763765614740980 30
 3730206659162425091 0
 0 0
 6475763765614740980 660
 2066962627162082401 0
 0 0
 11669211761296708093 10
 10908201159296235899 0
 0 0
 6475763765614740980 1140
 3730206659162425091 0
 0 0
 6475763765614740980 70
 5153125577952694738 0
 0 0
 6475763765614740980 21
 7112873788592144913 0
 0 0
 11669211761296708093 11
 10908201159296235899 0
 0 0
 6475763765614740980 1030
 1047640538272367460 0
 0 0
 11669211761296708093 11
 10908201159296235899 0
 0 0
 6475763765614740980 41
 7112873788592144913 0
 0 0
 11669211761296708093 10
 10908201159296235899 0
 0 0
 6475763765614740980 271
 5153125577952694738 0
 0 0
 6475763765614740980 380
 1047640538272367460 0
 0 0
 11669211761296708093 20
 10908201159296235899 0
 0 0
 6475763765614740980 260
 13325861141066797208 0
 0 0
 11669211761296708093 10
 10908201159296235899 0
 0 0
 6475763765614740980 170
 4814317383813852423 0
 0 0
 11669211761296708093 30
 18095143952467635026 0
 0 0
 6475763765614740980 130
 5328203886409600298 0
 0 0
 6475763765614740980 1950
 16548149792580671587 0
 0 0
 6475763765614740980 510
 4814317383813852423 0
 0 0
 11669211761296708093 20
 10908201159296235899 0
 0 0
 6475763765614740980 850
 13270064198117499683 0
 0 0
 11669211761296708093 30
 10908201159296235899 0
 0 0
 6475763765614740980 410
 5153125577952694738 0
 0 0
 6475763765614740980 673
 4877126699554231691 0
 0 0
 6475763765614740980 40
 16548149792580671587 0
 0 0
 6475763765614740980 790
 1047640538272367460 0
 0 0
 11669211761296708093 10
 10908201159296235899 0
 0 0
 6475763765614740980 240
 5821231066430130605 0
 0 0
 6475763765614740980 30
 7112873788592144913 0
 0 0
 11669211761296708093 10
 10908201159296235899 0
 0 0
 6475763765614740980 850
 2066962627162082401 0
 0 0
 11669211761296708093 10
 18095143952467635026 0
 0 0
 6475763765614740980 750
 5098939371027366641 0
 0 0
 6475763765614740980 260
 930882140666492838 0
 0 0
 11669211761296708093 10
 10908201159296235899 0
 0 0
 6475763765614740980 140
 7112873788592144913 0
 0 0
 11669211761296708093 10
 18095143952467635026 0
 0 0
 6475763765614740980 430
 13270064198117499683 0
 0 0
 11669211761296708093 20
 10908201159296235899 0
 0 0
 6475763765614740980 101
 4877126699554231691 0
 0 0
 6475763765614740980 320
 13270064198117499683 0
 0 0
 11669211761296708093 10
 10908201159296235899 0
 0 0
 6475763765614740980 611
 4877126699554231691 0
 0 0
 6475763765614740980 600
 16124528992531534867 0
 0 0
 6475763765614740980 340
 14623686664826402557 0
 0 0
 11669211761296708093 10
 18095143952467635026 0
 0 0
 6475763765614740980 230
 5153125577952694738 0
 0 0
 6475763765614740980 650
 4814317383813852423 0
 0 0
 11669211761296708093 10
 18095143952467635026 0
 0 0
 6475763765614740980 980
 16124528992531534867 0
 0 0
 6475763765614740980 310
 5153125577952694738 0
 0 0
 6475763765614740980 340
 5098939371027366641 0
 0 0
 6475763765614740980 270
 14186085376411709159 0
 0 0
 6475763765614740980 391
 2066962627162082401 0
 0 0
 11669211761296708093 10
 18095143952467635026 0
 0 0
 6475763765614740980 60
 1047640538272367460 0
 0 0
 11669211761296708093 10
 10908201159296235899 0
 0 0
 6475763765614740980 250
 930882140666492838 0
 0 0
 11669211761296708093 10
 10908201159296235899 0
 0 0
 6475763765614740980 150
 14186085376411709159 0
 0 0
 6475763765614740980 50
 1047640538272367460 0
 0 0
 11669211761296708093 10
 18095143952467635026 0
 0 0
 6475763765614740980 471
 8238484264269638515 0
 0 0
 6475763765614740980 100
 4814317383813852423 0
 0 0
 11669211761296708093 10
 18095143952467635026 0
 0 0
 6475763765614740980 340
 930882140666492838 0
 0 0
 11669211761296708093 11
 18095143952467635026 0
 0 0
 6475763765614740980 340
 13325861141066797208 0
 0 0
 11669211761296708093 50
 18095143952467635026 0
 0 0
 6475763765614740980 450
 14186085376411709159 0
 0 0
 6475763765614740980 40
 2457371845825249104 0
 0 0
 11669211761296708093 10
 10908201159296235899 0
 0 0
 6475763765614740980 30
 14186085376411709159 0
 0 0
 6475763765614740980 300
 14623686664826402557 0
 0 0
 11669211761296708093 10
 10908201159296235899 0
 0 0
 6475763765614740980 1130
 13325861141066797208 0
 0 0
 11669211761296708093 10
 10908201159296235899 0
 0 0
 6475763765614740980 1410
 13270064198117499683 0
 0 0
 11669211761296708093 10
 10908201159296235899 0
 0 0
 6475763765614740980 30
 5098939371027366641 0
 0 0
 6475763765614740980 60
 16124528992531534867 0
 0 0
 6475763765614740980 90
 1047640538272367460 0
 0 0
 11669211761296708093 10
 18095143952467635026 0
 0 0
 6475763765614740980 32
 16548149792580671587 0
 0 0
 6475763765614740980 240
 2066962627162082401 0
 0 0
 11669211761296708093 30
 10908201159296235899 0
 0 0
 6475763765614740980 40
 1047640538272367460 0
 0 0
 11669211761296708093 20
 18095143952467635026 0
 0 0
 6475763765614740980 1050
 4877126699554231691 0
 0 0
 6475763765614740980 881
 4814317383813852423 0
 0 0
 11669211761296708093 10
 18095143952467635026 0
 0 0
 6475763765614740980 460
 7112873788592144913 0
 0 0
 11669211761296708093 11
 10908201159296235899 0
 0 0
 6475763765614740980 200
 13325861141066797208 0
 0 0
 11669211761296708093 20
 18095143952467635026 0
 0 0
 6475763765614740980 620
 2521098132180257307 0
 0 0
 6475763765614740980 70
 5328203886409600298 0
 0 0
 6475763765614740980 50
 14623686664826402557 0
 0 0
 11669211761296708093 20
 18095143952467635026 0
 0 0
 6475763765614740980 440
 5153125577952694738 0
 0 0
 6475763765614740980 450
 2521098132180257307 0
 0 0
 6475763765614740980 1010
 7112873788592144913 0
 0 0
 11669211761296708093 10
 18095143952467635026 0
 0 0
 6475763765614740980 280
 14623686664826402557 0
 0 0
 11669211761296708093 10
 18095143952467635026 0
 0 0
 6475763765614740980 150
 5821231066430130605 0
 0 0
 6475763765614740980 670
 930882140666492838 0
 0 0
 11669211761296708093 10
 18095143952467635026 0
 0 0
 6475763765614740980 230
 16124528992531534867 0
 0 0
 6475763765614740980 310
 5153125577952694738 0
 0 0
 6475763765614740980 30
 7112873788592144913 0
 0 0
 11669211761296708093 20
 10908201159296235899 0
 0 0
 6475763765614740980 240
 13325861141066797208 0
 0 0
 11669211761296708093 10
 18095143952467635026 0
 0 0
 6475763765614740980 40
 5328203886409600298 0
 0 0
 6475763765614740980 461
 14623686664826402557 0
 0 0
 11669211761296708093 10
 18095143952467635026 0
 0 0
 6475763765614740980 1920
 15204024652815630440 0
 0 0
 6475763765614740980 150
 2521098132180257307 0
 0 0
 6475763765614740980 310
 3730206659162425091 0
 0 0
 6475763765614740980 541
 13325861141066797208 0
 0 0
 11669211761296708093 10
 10908201159296235899 0
 0 0
 6475763765614740980 290
 16548149792580671587 0
 0 0
 6475763765614740980 250
 930882140666492838 0
 0 0
 11669211761296708093 10
 10908201159296235899 0
 0 0
 6475763765614740980 51
 2066962627162082401 0
 0 0
 11669211761296708093 30
 10908201159296235899 0
 0 0
 6475763765614740980 520
 13270064198117499683 0
 0 0
 11669211761296708093 20
 10908201159296235899 0
 0 0
 6475763765614740980 80
 5098939371027366641 0
 0 0
 6475763765614740980 501
 15204024652815630440 0
 0 0
 6475763765614740980 380
 7581529287106084233 0
 0 0
 11669211761296708093 10
 10908201159296235899 0
 0 0
 6475763765614740980 90
 14623686664826402557 0
 0 0
 11669211761296708093 10
 10908201159296235899 0
 0 0
 6475763765614740980 1730
 15204024652815630440 0
 0 0
 6475763765614740980 50
 2066962627162082401 0
 0 0
 11669211761296708093 10
 10908201159296235899 0
 0 0
 6475763765614740980 450
 2066962627162082401 0
 0 0
 11669211761296708093 10
 18095143952467635026 0
 0 0
 6475763765614740980 40
 16124528992531534867 0
 0 0
 6475763765614740980 310
 2066962627162082401 0
 0 0
 11669211761296708093 20
 18095143952467635026 0
 0 0
 6475763765614740980 420
 5153125577952694738 0
 0 0
 6475763765614740980 530
 930882140666492838 0
 0 0
 11669211761296708093 20
 10908201159296235899 0
 0 0
 6475763765614740980 370
 5153125577952694738 0
 0 0
 6475763765614740980 70
 13325861141066797208 0
 0 0
 11669211761296708093 10
 18095143952467635026 0
 0 0
 6475763765614740980 290
 4814317383813852423 0
 0 0
 11669211761296708093 10
 18095143952467635026 0
 0 0
 6475763765614740980 870
 5328203886409600298 0
 0 0
 6475763765614740980 430
 8238484264269638515 0
 0 0
 6475763765614740980 460
 3730206659162425091 0
 0 0
 6475763765614740980 521
 5821231066430130605 0
 0 0
 6475763765614740980 620
 5328203886409600298 0
 0 0
 6475763765614740980 621
 16548149792580671587 0
 0 0
 6475763765614740980 70
 15204024652815630440 0
 0 0
 6475763765614740980 2540
 13270064198117499683 0
 0 0
 11669211761296708093 20
 18095143952467635026 0
 0 0
 6475763765614740980 480
 2066962627162082401 0
 0 0
 11669211761296708093 10
 10908201159296235899 0
 0 0
 6475763765614740980 120
 5098939371027366641 0
 0 0
 6475763765614740980 760
 14623686664826402557 0
 0 0
 11669211761296708093 10
 18095143952467635026 0
 0 0
 6475763765614740980 461
 7112873788592144913 0
 0 0
 11669211761296708093 10
 10908201159296235899 0
 0 0
 6475763765614740980 270
 7112873788592144913 0
 0 0
 11669211761296708093 30
 10908201159296235899 0
 0 0
 6475763765614740980 531
 930882140666492838 0
 0 0
 11669211761296708093 10
 18095143952467635026 0
 0 0
 6475763765614740980 151
 1047640538272367460 0
 0 0
 11669211761296708093 10
 18095143952467635026 0
 0 0
 6475763765614740980 500
 13270064198117499683 0
 0 0
 11669211761296708093 10
 10908201159296235899 0
 0 0
 6475763765614740980 170
 6929533841899786995 0
 0 0
 6475763765614740980 440
 1047640538272367460 0
 0 0
 11669211761296708093 10
 18095143952467635026 0
 0 0
 6475763765614740980 190
 16124528992531534867 0
 0 0
 6475763765614740980 410
 5328203886409600298 0
 0 0
 6475763765614740980 700
 5821231066430130605 0
 0 0
 6475763765614740980 90
 7112873788592144913 0
 0 0
 11669211761296708093 30
 10908201159296235899 0
 0 0
 6475763765614740980 340
 3730206659162425091 0
 0 0
 6475763765614740980 20
 930882140666492838 0
 0 0
 11669211761296708093 20
 18095143952467635026 0
 0 0
 6475763765614740980 340
 13325861141066797208 0
 0 0
 11669211761296708093 10
 18095143952467635026 0
 0 0
 6475763765614740980 460
 3730206659162425091 0
 0 0
 6475763765614740980 690
 7897716418318171503 0
 0 0
 6475763765614740980 530
 7112873788592144913 0
 0 0
 11669211761296708093 10
 10908201159296235899 0
 0 0
 6475763765614740980 710
 13325861141066797208 0
 0 0
 11669211761296708093 30
 10908201159296235899 0
 0 0
 6475763765614740980 740
 1047640538272367460 0
 0 0
 11669211761296708093 10
 18095143952467635026 0
 0 0
 6475763765614740980 260
 930882140666492838 0
 0 0
 11669211761296708093 20
 10908201159296235899 0
 0 0
 6475763765614740980 31
 14623686664826402557 0
 0 0
 11669211761296708093 10
 10908201159296235899 0
 0 0
 6475763765614740980 490
 5328203886409600298 0
 0 0
 6475763765614740980 190
 8238484264269638515 0
 0 0
 6475763765614740980 901
 16548149792580671587 0
 0 0
 6475763765614740980 1520
 15204024652815630440 0
 0 0
 6475763765614740980 230
 14186085376411709159 0
 0 0
 6475763765614740980 30
 4877126699554231691 0
 0 0
 6475763765614740980 840
 5153125577952694738 0
 0 0
 6475763765614740980 100
 11864226798338092817 0
 0 0
 6475763765614740980 1420
 4814317383813852423 0
 0 0
 11669211761296708093 10
 10908201159296235899 0
 0 0
 6475763765614740980 220
 4814317383813852423 0
 0 0
 11669211761296708093 20
 10908201159296235899 0
 0 0
 6475763765614740980 661
 5328203886409600298 0
 0 0
 6475763765614740980 640
 2066962627162082401 0
 0 0
 11669211761296708093 10
 10908201159296235899 0
 0 0
 6475763765614740980 40
 5821231066430130605 0
 0 0
 6475763765614740980 630
 16124528992531534867 0
 0 0
 6475763765614740980 50
 930882140666492838 0
 0 0
 11669211761296708093 10
 18095143952467635026 0
 0 0
 6475763765614740980 150
 3730206659162425091 0
 0 0
 6475763765614740980 60
 13270064198117499683 0
 0 0
 11669211761296708093 10
 18095143952467635026 0
 0 0
 6475763765614740980 611
 4877126699554231691 0
 0 0
 6475763765614740980 90
 15204024652815630440 0
 0 0
 6475763765614740980 810
 930882140666492838 0
 0 0
 11669211761296708093 30
 18095143952467635026 0
 0 0
 6475763765614740980 80
 1047640538272367460 0
 0 0
 11669211761296708093 10
 18095143952467635026 0
 0 0
 6475763765614740980 161
 2066962627162082401 0
 0 0
 11669211761296708093 10
 18095143952467635026 0
 0 0
 6475763765614740980 270
 14186085376411709159 0
 0 0
 6475763765614740980 10
 3730206659162425091 0
 0 0
 6475763765614740980 290
 16548149792580671587 0
 0 0
 6475763765614740980 230
 2066962627162082401 0
 0 0
 11669211761296708093 10
 18095143952467635026 0
 0 0
 6475763765614740980 160
 14623686664826402557 0
 0 0
 11669211761296708093 11
 1961814029287258628 0
 0 0
 11669211761296708093 10
 18095143952467635026 0
 0 0
 6475763765614740980 570
 15204024652815630440 0
 0 0
 6475763765614740980 370
 4877126699554231691 0
 0 0
 6475763765614740980 260
 16548149792580671587 0
 0 0
 6475763765614740980 370
 5098939371027366641 0
 0 0
 6475763765614740980 40
 2521098132180257307 0
 0 0
 6475763765614740980 940
 4814317383813852423 0
 0 0
 11669211761296708093 20
 18095143952467635026 0
 0 0
 6475763765614740980 140
 8238484264269638515 0
 0 0
 6475763765614740980 210
 2066962627162082401 0
 0 0
 11669211761296708093 20
 18095143952467635026 0
 0 0
 6475763765614740980 590
 7112873788592144913 0
 0 0
 11669211761296708093 10
 18095143952467635026 0
 0 0
 6475763765614740980 360
 930882140666492838 0
 0 0
 11669211761296708093 10
 18095143952467635026 0
 0 0
 6475763765614740980 30
 5098939371027366641 0
 0 0
 6475763765614740980 590
 13100569344958550388 10
 6692060262016812545 0
 0 0
 13343346262744745017 40
 17517255776400771229 0
 0 0
 5253267357301905078 20
 9873533146273318812 0
 0 0
 13343346262744745017 61
 4065993207214450609 0
 0 0
 5253267357301905078 2980
 15578517665349791704 0
 0 0
 5253267357301905078 220
 9873533146273318812 0
 0 0
 13343346262744745017 30
 17517255776400771229 0
 0 0
 5253267357301905078 3890
 9873533146273318812 0
 0 0
 13343346262744745017 32
 4065993207214450609 0
 0 0
 5253267357301905078 590
 8977897169973363535 0
 0 0
 5253267357301905078 181
 9873533146273318812 0
 0 0
 13343346262744745017 10
 1172813477070247683 0
 0 0
 5253267357301905078 570
 11753596671887654724 0
 0 0
 13343346262744745017 20
 4065993207214450609 0
 0 0
 5253267357301905078 1150
 9873533146273318812 0
 0 0
 13343346262744745017 10
 17517255776400771229 0
 0 0
 5253267357301905078 570
 4859946643653809776 0
 0 0
 5253267357301905078 210
 15578517665349791704 0
 0 0
 5253267357301905078 4970
 9873533146273318812 0
 0 0
 13343346262744745017 60
 14662384049912559493 0
 0 0
 5253267357301905078 1020
 6171893158105837756 0
 0 0
 1286905886066009264 10
 13041235970911378090 0
 0 0
 5253267357301905078 3952
 11753596671887654724 0
 0 0
 13343346262744745017 40
 1172813477070247683 0
 0 0
 5253267357301905078 1060
 9873533146273318812 0
 0 0
 13343346262744745017 193
 15187965748151723918 0
 0 0
 5253267357301905078 490
 2674080631264211961 0
 0 0
 5253267357301905078 420
 11753596671887654724 0
 0 0
 13343346262744745017 71
 15187965748151723918 0
 0 0
 5253267357301905078 80
 11753596671887654724 0
 0 0
 13343346262744745017 60
 17517255776400771229 0
 0 0
 5253267357301905078 2830
 9873533146273318812 0
 0 0
 13343346262744745017 20
 1172813477070247683 0
 0 0
 5253267357301905078 210
 9873533146273318812 0
 0 0
 13343346262744745017 151
 7020478742686159848 0
 0 0
 5253267357301905078 550
 9873533146273318812 0
 0 0
 13343346262744745017 30
 1172813477070247683 0
 0 0
 5253267357301905078 171
 8977897169973363535 0
 0 0
 5253267357301905078 961
 9873533146273318812 0
 0 0
 13343346262744745017 80
 14662384049912559493 0
 0 0
 5253267357301905078 2380
 11753596671887654724 0
 0 0
 13343346262744745017 30
 1172813477070247683 0
 0 0
 5253267357301905078 1150
 11753596671887654724 0
 0 0
 13343346262744745017 22
 1172813477070247683 0
 0 0
 5253267357301905078 510
 6171893158105837756 0
 0 0
 1286905886066009264 10
 11214189578944432811 0
 0 0
 5253267357301905078 1530
 9130628132167081117 0
 0 0
 5253267357301905078 560
 9873533146273318812 0
 0 0
 13343346262744745017 100
 4065993207214450609 0
 0 0
 5253267357301905078 680
 2218172991675507527 0
 0 0
 15258869277366598143 10
 5308058269004736070 0
 0 0
 15258869277366598143 20
 14222647493961196142 0
 0 0
 5253267357301905078 510
 3156047680596842344 0
 0 0
 5253267357301905078 371
 10824799435918539572 0
 0 0
 13100569344958550388 10
 6692060262016812545 0
 0 0
 13343346262744745017 11
 14662384049912559493 0
 0 0
 5253267357301905078 911
 11753596671887654724 0
 0 0
 13343346262744745017 10
 15187965748151723918 0
 0 0
 5253267357301905078 20
 7953290247240193913 0
 0 0
 1286905886066009264 10
 16042132218699018362 0
 0 0
 5253267357301905078 3440
 9873533146273318812 0
 0 0
 13343346262744745017 70
 15187965748151723918 0
 0 0
 5253267357301905078 821
 9873533146273318812 0
 0 0
 13343346262744745017 32
 1172813477070247683 0
 0 0
 5253267357301905078 500
 11753596671887654724 0
 0 0
 13343346262744745017 10
 17517255776400771229 0
 0 0
 5253267357301905078 60
 9873533146273318812 0
 0 0
 13343346262744745017 32
 1172813477070247683 0
 0 0
 5253267357301905078 680
 9873533146273318812 0
 0 0
 13343346262744745017 30
 17517255776400771229 0
 0 0
 5253267357301905078 290
 9873533146273318812 0
 0 0
 13343346262744745017 40
 11718316358044562266 0
 0 0
 13343346262744745017 50
 15187965748151723918 0
 0 0
 5253267357301905078 261
 11753596671887654724 0
 0 0
 13343346262744745017 70
 4438659740812276639 0
 0 0
 5253267357301905078 6290
 9873533146273318812 0
 0 0
 13343346262744745017 21
 1172813477070247683 0
 0 0
 5253267357301905078 2170
 9873533146273318812 0
 0 0
 13343346262744745017 120
 4065993207214450609 0
 0 0
 5253267357301905078 1030
 4859946643653809776 0
 0 0
 5253267357301905078 520
 11753596671887654724 0
 0 0
 13343346262744745017 20
 17517255776400771229 0
 0 0
 5253267357301905078 1950
 11753596671887654724 0
 0 0
 13343346262744745017 170
 1172813477070247683 0
 0 0
 5253267357301905078 31
 9873533146273318812 0
 0 0
 13343346262744745017 50
 1172813477070247683 0
 0 0
 5253267357301905078 5730
 8977897169973363535 0
 0 0
 5253267357301905078 4030
 11753596671887654724 0
 0 0
 13343346262744745017 40
 15187965748151723918 0
 0 0
 5253267357301905078 3402
 7279040251993166988 0
 0 0
 13343346262744745017 40
 4438659740812276639 0
 0 0
 5253267357301905078 480
 2674080631264211961 0
 0 0
 5253267357301905078 800
 11753596671887654724 0
 0 0
 13343346262744745017 31
 17517255776400771229 0
 0 0
 5253267357301905078 1181
 11753596671887654724 0
 0 0
 13343346262744745017 100
 4065993207214450609 0
 0 0
 5253267357301905078 150
 4859946643653809776 0
 0 0
 5253267357301905078 1570
 11753596671887654724 0
 0 0
 13343346262744745017 153
 1172813477070247683 0
 0 0
 5253267357301905078 3450
 2218172991675507527 0
 0 0
 15258869277366598143 30
 3627438211294048730 0
 0 0
 5253267357301905078 2290
 9873533146273318812 0
 0 0
 13343346262744745017 31
 10055775074076996359 0
 0 0
 13100569344958550388 10
 11130429775408413155 0
 0 0
 5253267357301905078 470
 9873533146273318812 0
 0 0
 13343346262744745017 20
 1172813477070247683 0
 0 0
 5253267357301905078 1860
 11753596671887654724 0
 0 0
 13343346262744745017 71
 11761565516142953406 0
 0 0
 13100569344958550388 10
 6692060262016812545 0
 0 0
 13343346262744745017 61
 4065993207214450609 0
 0 0
 5253267357301905078 940
 11753596671887654724 0
 0 0
 13343346262744745017 90
 4438659740812276639 0
 0 0
 5253267357301905078 870
 8977897169973363535 0
 0 0
 5253267357301905078 3550
 9873533146273318812 0
 0 0
 13343346262744745017 10
 1172813477070247683 0
 0 0
 5253267357301905078 2770
 11753596671887654724 0
 0 0
 13343346262744745017 160
 14662384049912559493 0
 0 0
 5253267357301905078 6040
 9873533146273318812 0
 0 0
 13343346262744745017 111
 17517255776400771229 0
 0 0
 5253267357301905078 70
 11753596671887654724 0
 0 0
 13343346262744745017 11
 4065993207214450609 0
 0 0
 5253267357301905078 130
 11753596671887654724 0
 0 0
 13343346262744745017 50
 14662384049912559493 0
 0 0
 5253267357301905078 610
 11753596671887654724 0
 0 0
 13343346262744745017 90
 1172813477070247683 0
 0 0
 5253267357301905078 110
 8428444810596529306 0
 0 0
 15258869277366598143 20
 14222647493961196142 0
 0 0
 5253267357301905078 1420
 10049217467447817540 0
 0 0
 5253267357301905078 650
 11753596671887654724 0
 0 0
 13343346262744745017 20
 1172813477070247683 0
 0 0
 5253267357301905078 700
 13352435248403706595 20
 1762759617912850207 0
 0 0
 8619339997181952137 10
 15688689063233712875 0
 0 0
 14813813649068633253 10
 16547216530448427624 0
 0 0
 14813813649068633253 10
 17950140182527008075 0
 0 0
 5759579832777875882 3790
 8847968792504082442 0
 0 0
 14813813649068633253 10
 7460372685540702079 0
 0 0
 5759579832777875882 8190
 13703714303678231276 0
 0 0
 14813813649068633253 30
 7460372685540702079 0
 0 0
 5759579832777875882 4111
 10378556632925635413 0
 0 0
 14813813649068633253 10
 14266958587785789909 0
 0 0
 14813813649068633253 20
 17950140182527008075 0
 0 0
 5759579832777875882 3220
 13703714303678231276 0
 0 0
 14813813649068633253 10
 7460372685540702079 0
 0 0
 5759579832777875882 10490
 13703714303678231276 0
 0 0
 14813813649068633253 21
 13318957558600728703 0
 0 0
 5759579832777875882 6131
 1629939914996647312 0
 0 0
 14813813649068633253 11
 17950140182527008075 0
 0 0
 5759579832777875882 2302
 11250400670466975530 0
 0 0
 15592727875205933900 10
 11418667618088056292 0
 0 0
 5759579832777875882 990
 850716631987127791 0
 0 0
 5759579832777875882 1540
 11250400670466975530 0
 0 0
 15592727875205933900 10
 11418667618088056292 0
 0 0
 5759579832777875882 2990
 2093176020128169952 0
 0 0
 14813813649068633253 20
 7460372685540702079 0
 0 0
 5759579832777875882 7671
 10831062959172327438 0
 0 0
 14813813649068633253 10
 7460372685540702079 0
 0 0
 5759579832777875882 4000
 8561672199432623212 0
 0 0
 14813813649068633253 20
 17950140182527008075 0
 0 0
 5759579832777875882 4431
 8847968792504082442 0
 0 0
 14813813649068633253 10
 7460372685540702079 0
 0 0
 5759579832777875882 3070
 10378556632925635413 0
 0 0
 14813813649068633253 20
 7460372685540702079 0
 0 0
 5759579832777875882 1260
 11250400670466975530 0
 0 0
 15592727875205933900 10
 3863722867990556074 0
 0 0
 5759579832777875882 1920
 10378556632925635413 0
 0 0
 14813813649068633253 20
 14266958587785789909 0
 0 0
 14813813649068633253 20
 17950140182527008075 0
 0 0
 5759579832777875882 1680
 9679221262370673850 0
 0 0
 328893818354910433 30
 1160109807758478087 0
 0 0
 8619339997181952137 10
 8299605109241532822 0
 0 0
 5759579832777875882 830
 2012417217313872299 0
 0 0
 8619339997181952137 10
 1630637626631177314 0
 0 0
 8619339997181952137 10
 1630637626631177314 0
 0 0
 8619339997181952137 40
 17989663141603598654 0
 0 0
 8619339997181952137 10
 8299605109241532822 0
 0 0
 5759579832777875882 2840
 10378556632925635413 0
 0 0
 14813813649068633253 10
 7460372685540702079 0
 0 0
 5759579832777875882 2320
 14441957820003400971 0
 0 0
