11 0 0
21 0 0
31 0 0
41 0 0
51 0 0
61 0 0
71 0 0
81 0 0
91 0 0
101 0 0
111 0 0
121 0 0
131 0 0
141 0 0
151 0 0
161 0 0
171 0 0
181 0 0
191 0 0
201 0 0
211 0 0
221 0 0
231 0 0
241 0 0
251 0 0
261 0 0
271 0 0
281 0 0
291 0 0
301 0 0
311 0 0
321 0 0
331 0 0
341 0 0
351 0 0
361 0 0
371 0 0
381 0 0
391 0 0
401 0 0
411 0 0
421 0 0
431 0 0
441 0 0
451 0 0
461 0 0
471 0 0
481 0 0
491 0 0
501 0 0
511 0 0
521 5 5
531 5 5
541 5 5
551 5 5
561 5 5
571 5 5
581 5 5
591 5 5
601 5 5
611 5 5
621 5 5
631 5 13
641 5 13
651 5 13
661 5 13
671 5 13
681 5 13
691 5 13
701 5 13
711 10 18
721 10 18
731 10 18
741 10 18
751 10 18
761 10 18
771 10 18
781 10 18
791 10 18
801 10 18
811 10 18
821 10 18
831 10 18
841 10 18
851 10 18
861 10 18
871 10 18
881 10 18
891 10 18
901 10 18
911 10 18
921 10 18
931 10 18
941 10 18
951 10 18
961 10 18
971 10 18
981 10 18
991 10 18
1001 10 18
1011 10 18
1021 10 18
1031 10 18
1041 15 32
1051 15 32
1061 15 32
1071 15 32
1081 15 32
1091 20 37
1101 20 37
1111 20 37
1121 20 37
1131 20 37
1141 20 37
1151 20 37
1161 20 37
1171 20 37
1181 20 37
1191 20 37
1201 20 37
1211 20 37
1221 20 37
1231 20 37
1241 20 37
1251 20 37
1261 20 37
1271 20 37
1281 20 37
1291 20 37
1301 20 37
1311 20 37
1321 20 37
1331 20 37
1341 20 37
1351 20 37
1361 20 37
1371 20 37
1381 20 37
1391 20 37
1401 20 37
1411 20 37
1421 20 37
1431 20 37
1441 20 37
1451 20 37
1461 27 49
1471 27 49
1481 27 49
1491 27 49
1501 27 49
1511 27 49
1521 27 49
1531 27 49
1541 27 49
1551 27 49
1561 27 49
1571 27 49
1581 27 49
1591 27 49
1601 27 49
1611 27 54
1621 27 54
1631 27 54
1641 27 54
1651 27 59
1661 27 59
1671 27 59
1681 27 59
1691 27 59
1701 27 59
1711 27 59
1721 27 59
1731 27 59
1741 27 59
1751 27 59
1761 27 59
1771 27 59
1781 27 59
1791 27 59
1801 27 59
1811 27 59
1821 27 59
1831 27 59
1841 27 59
1851 27 59
1861 27 59
1871 27 59
1881 27 59
1891 27 59
1901 27 59
1911 27 59
1921 27 59
1931 27 59
1941 27 59
1951 27 59
1961 27 59
1971 27 59
1981 27 59
1991 27 59
2001 27 59
2011 27 59
2021 27 59
2031 27 59
2041 27 59
2051 27 59
2061 27 74
2071 27 74
2081 27 74
2091 27 74
2101 27 74
2111 27 74
2121 27 74
2131 27 74
2141 27 74
2151 27 74
2161 27 74
2171 27 74
2181 27 74
2191 27 74
2201 27 74
2211 27 74
2221 27 79
2231 27 79
2241 27 79
2251 32 84
2261 32 84
2271 32 84
2281 32 84
2291 32 84
2301 32 84
2311 32 84
2321 32 84
2331 32 84
2341 32 84
2351 32 84
2361 32 84
2371 32 84
2381 32 84
2391 32 84
2401 32 84
2411 32 89
2421 32 89
2431 32 89
2441 37 94
2451 37 94
2461 37 94
2471 37 94
2481 37 94
2491 37 94
2501 37 94
2511 37 94
2521 37 94
2531 37 94
2541 37 94
2551 37 94
2561 37 94
2571 37 94
2581 37 94
2591 37 94
2601 37 99
2611 37 99
2621 37 99
2631 42 104
2641 42 104
2651 42 104
2661 42 104
2671 42 104
2681 42 104
2691 42 104
2701 42 104
2711 42 104
2721 42 104
2731 42 104
2741 42 104
2751 42 104
2761 42 104
2771 42 104
2781 42 109
2791 42 109
2801 42 109
2811 42 109
2821 47 114
2831 47 114
2841 47 114
2851 47 114
2861 47 114
2871 47 114
2881 47 114
2891 47 114
2901 47 114
2911 47 114
2921 47 114
2931 47 114
2941 47 114
2951 47 114
2961 47 114
2971 47 114
2981 47 114
2991 47 114
3001 47 114
3011 47 114
3021 47 114
3031 47 114
3041 47 114
3051 47 114
3061 47 114
3071 47 114
3081 47 114
3091 52 127
3101 52 127
3111 52 127
3121 52 127
3131 52 127
3141 52 127
3151 52 127
3161 52 127
3171 52 127
3181 52 127
3191 57 132
3201 57 132
3211 57 132
3221 57 132
3231 57 132
3241 57 132
3251 57 132
3261 57 132
3271 57 132
3281 57 132
3291 57 132
3301 57 132
3311 57 132
3321 57 132
3331 57 132
3341 57 132
3351 57 132
3361 57 132
3371 57 132
3381 57 132
3391 57 132
3401 57 132
3411 57 132
3421 57 132
3431 62 142
3441 62 142
3451 62 142
3461 62 142
3471 62 142
3481 62 142
3491 62 142
3501 62 142
3511 62 142
3521 62 142
3531 62 142
3541 62 142
3551 62 142
3561 62 142
3571 67 147
3581 67 147
3591 67 147
3601 67 147
3611 67 147
3621 67 147
3631 67 147
3641 67 147
3651 67 147
3661 67 147
3671 67 147
3681 67 147
3691 67 147
3701 67 147
3711 67 147
3721 67 147
3731 67 147
3741 67 147
3751 67 147
3761 67 147
3771 67 147
3781 67 147
3791 67 147
3801 67 147
3811 67 147
3821 67 147
3831 67 147
3841 67 147
3851 72 157
3861 72 157
3871 72 157
3881 72 157
3891 72 157
3901 72 157
3911 72 157
3921 72 157
3931 72 157
3941 72 157
3951 77 162
3961 77 162
3971 77 162
3981 77 162
3991 77 162
4001 77 162
4011 77 162
4021 77 162
4031 77 162
4041 77 167
4051 77 167
4061 77 167
4071 77 167
4081 77 167
4091 77 167
4101 77 167
4111 77 167
4121 77 167
4131 77 167
4141 82 172
4151 82 172
4161 82 172
4171 82 172
4181 82 172
4191 82 172
4201 82 172
4211 82 172
4221 82 177
4231 82 177
4241 82 177
4251 82 177
4261 82 177
4271 82 177
4281 82 177
4291 82 177
4301 82 177
4311 82 177
4321 82 177
4331 87 182
4341 87 182
4351 87 182
4361 87 182
4371 87 182
4381 87 182
4391 87 182
4401 87 182
4411 87 187
4421 87 187
4431 87 187
4441 87 187
4451 87 187
4461 87 187
4471 87 187
4481 87 187
4491 87 187
4501 87 187
4511 92 192
4521 92 192
4531 92 192
4541 92 192
4551 92 192
4561 92 192
4571 92 192
4581 92 192
4591 92 192
4601 92 197
4611 92 197
4621 92 197
4631 92 197
4641 92 197
4651 92 197
4661 92 197
4671 92 197
4681 92 197
4691 92 197
4701 97 202
4711 97 202
4721 97 202
4731 97 202
4741 97 202
4751 97 202
4761 97 202
4771 97 202
4781 97 202
4791 97 207
4801 97 207
4811 97 207
4821 97 207
4831 97 207
4841 97 207
4851 97 207
4861 97 207
4871 97 207
4881 97 207
4891 102 212
4901 102 212
4911 102 212
4921 102 212
4931 102 212
4941 102 212
4951 102 212
4961 102 212
4971 102 212
4981 102 217
4991 102 217
5001 102 217
5011 102 217
5021 102 217
5031 102 217
5041 102 217
5051 102 217
5061 102 217
5071 102 217
5081 107 222
5091 107 222
5101 107 222
5111 107 222
5121 107 222
5131 107 222
5141 107 222
5151 107 222
5161 107 222
5171 107 227
5181 107 227
5191 107 227
5201 107 227
5211 107 227
5221 107 227
5231 107 227
5241 107 227
5251 107 227
5261 107 227
5271 112 232
5281 112 232
5291 112 232
5301 112 232
5311 112 232
5321 112 232
5331 112 232
5341 112 232
5351 112 232
5361 112 237
5371 112 237
5381 112 237
5391 112 237
5401 112 237
5411 112 237
5421 112 237
5431 112 237
5441 112 237
5451 117 242
5461 117 242
5471 117 242
5481 117 242
5491 117 242
5501 117 242
5511 117 242
5521 117 242
5531 117 242
5541 117 242
5551 117 247
5561 117 247
5571 117 247
5581 117 247
5591 117 247
5601 117 247
5611 117 247
5621 117 247
5631 117 247
5641 122 252
5651 122 252
5661 122 252
5671 122 252
5681 122 252
5691 122 252
5701 122 252
5711 122 252
5721 122 252
5731 122 252
5741 122 257
5751 122 257
5761 122 257
5771 122 257
5781 122 257
5791 122 257
5801 122 257
5811 122 257
5821 122 257
5831 127 262
5841 127 262
5851 127 262
5861 127 262
5871 127 262
5881 127 262
5891 127 262
5901 127 262
5911 127 262
5921 127 262
5931 127 262
5941 127 262
5951 127 262
5961 127 262
5971 127 262
5981 127 262
5991 127 262
6001 127 262
6011 127 262
6021 127 262
6031 127 262
6041 132 275
6051 132 275
6061 132 275
6071 132 275
6081 132 275
6091 132 275
6101 132 275
6111 132 275
6121 132 275
6131 132 275
6141 132 275
6151 132 275
6161 132 275
6171 132 275
6181 132 275
6191 132 275
6201 132 275
6211 137 280
6221 137 280
6231 137 280
6241 137 280
6251 137 280
6261 137 280
6271 137 280
6281 137 280
6291 137 280
6301 137 280
6311 137 285
6321 137 285
6331 137 285
6341 137 285
6351 137 285
6361 137 285
6371 137 285
6381 137 285
6391 142 290
6401 142 290
6411 142 290
6421 142 290
6431 142 290
6441 142 290
6451 142 290
6461 142 290
6471 142 290
6481 142 290
6491 142 290
6501 142 290
6511 142 290
6521 142 290
6531 142 290
6541 142 290
6551 142 290
6561 142 290
6571 142 295
6581 147 300
6591 147 300
6601 147 300
6611 147 300
6621 147 300
6631 147 300
6641 147 300
6651 147 300
6661 147 300
6671 147 300
6681 147 300
6691 147 300
6701 147 300
6711 147 300
6721 147 300
6731 147 300
6741 147 300
6751 147 300
6761 147 305
6771 152 310
6781 152 310
6791 152 310
6801 152 310
6811 152 310
6821 152 310
6831 152 310
6841 152 310
6851 152 310
6861 152 310
6871 152 310
6881 152 310
6891 152 310
6901 152 310
6911 152 310
6921 152 310
6931 152 310
6941 152 310
6951 152 315
6961 152 315
6971 152 315
6981 152 315
6991 152 315
7001 152 315
7011 152 315
7021 152 315
7031 152 315
7041 152 315
7051 152 315
7061 152 315
7071 152 315
7081 152 315
7091 152 315
7101 152 315
7111 152 315
7121 152 315
7131 152 315
7141 152 315
7151 152 315
7161 152 315
7171 152 315
7181 152 315
7191 152 315
7201 152 315
7211 152 315
7221 152 325
7231 152 325
7241 152 325
7251 152 325
7261 152 325
7271 152 325
7281 152 325
7291 152 325
7301 152 325
7311 152 325
7321 152 325
7331 152 330
7341 152 330
7351 152 330
7361 152 330
7371 152 330
7381 152 330
7391 152 330
7401 152 330
7411 157 335
7421 157 335
7431 157 335
7441 157 335
7451 157 335
7461 157 335
7471 157 335
7481 157 335
7491 157 335
7501 157 335
7511 157 335
7521 157 340
7531 157 340
7541 157 340
7551 157 340
7561 157 340
7571 157 340
7581 157 340
7591 157 340
7601 162 345
7611 162 345
7621 162 345
7631 162 345
7641 162 345
7651 162 345
7661 162 345
7671 162 345
7681 162 345
7691 162 345
7701 162 345
7711 162 350
7721 162 350
7731 162 350
7741 162 350
7751 162 350
7761 162 350
7771 162 350
7781 162 350
7791 167 355
7801 167 355
7811 167 355
7821 167 355
7831 167 355
7841 167 355
7851 167 355
7861 167 355
7871 167 355
7881 167 355
7891 167 355
7901 167 360
7911 167 360
7921 167 360
7931 167 360
7941 167 360
7951 167 360
7961 167 360
7971 172 365
7981 172 365
7991 172 365
8001 172 365
8011 172 365
8021 172 365
8031 172 365
8041 172 365
8051 172 365
8061 172 365
8071 172 365
8081 172 365
8091 172 370
8101 172 370
8111 172 370
8121 172 370
8131 172 370
8141 172 370
8151 172 370
8161 177 375
8171 177 375
8181 177 375
8191 177 375
8201 177 375
8211 177 375
8221 177 375
8231 177 375
8241 177 375
8251 177 375
8261 177 375
8271 177 380
8281 177 380
8291 177 380
8301 177 380
8311 177 380
8321 177 380
8331 177 380
8341 177 380
8351 177 380
8361 177 380
8371 177 380
8381 177 380
8391 177 380
8401 177 380
8411 177 380
8421 177 380
8431 184 387
8441 184 387
8451 184 387
8461 184 392
8471 184 392
8481 184 392
8491 184 392
8501 184 392
8511 184 392
8521 184 392
8531 184 392
8541 184 392
8551 184 392
8561 184 392
8571 184 392
8581 184 392
8591 184 392
8601 184 392
8611 184 392
8621 184 392
8631 184 392
8641 184 392
8651 184 392
8661 184 392
8671 184 392
8681 184 392
8691 184 392
8701 184 392
8711 184 392
8721 184 392
8731 184 392
8741 184 392
8751 184 392
8761 184 392
8771 184 392
8781 184 392
8791 184 392
8801 184 392
8811 184 402
8821 184 402
8831 184 402
8841 184 407
8851 184 407
8861 184 407
8871 184 407
8881 184 407
8891 184 407
8901 184 407
8911 184 407
8921 184 407
8931 184 407
8941 184 407
8951 184 407
8961 184 407
8971 184 407
8981 184 407
8991 184 407
9001 189 412
9011 189 412
9021 189 412
9031 189 417
9041 189 417
9051 189 417
9061 189 417
9071 189 417
9081 189 417
9091 189 417
9101 189 417
9111 189 417
9121 189 417
9131 189 417
9141 189 417
9151 189 417
9161 189 417
9171 189 417
9181 189 417
9191 194 422
9201 194 422
9211 194 422
9221 194 427
9231 194 427
9241 194 427
9251 194 427
9261 194 427
9271 194 427
9281 194 427
9291 194 427
9301 194 427
9311 194 427
9321 194 427
9331 194 427
9341 194 427
9351 194 427
9361 194 427
9371 199 432
9381 199 432
9391 199 432
9401 199 432
9411 199 437
9421 199 437
9431 199 437
9441 199 437
9451 199 437
9461 199 437
9471 199 437
9481 199 437
9491 199 437
9501 199 437
9511 199 437
9521 199 437
9531 199 437
9541 199 437
9551 199 437
9561 204 442
9571 204 442
9581 204 442
9591 204 442
9601 204 447
9611 204 447
9621 204 447
9631 204 447
9641 204 447
9651 204 447
9661 204 447
9671 204 447
9681 204 447
9691 204 447
9701 204 447
9711 204 447
9721 204 447
9731 204 447
9741 204 447
9751 209 452
9761 209 452
9771 209 452
9781 209 452
9791 209 457
9801 209 457
9811 209 457
9821 209 457
9831 209 457
9841 209 457
9851 209 457
9861 209 457
9871 209 457
9881 209 457
9891 209 457
9901 209 457
9911 209 457
9921 209 457
9931 209 457
9941 209 457
9951 209 457
9961 209 457
9971 209 457
9981 215 468
9991 215 468
10001 215 468
10011 215 468
10021 215 468
10031 215 468
10041 215 468
10051 215 468
10061 215 468
10071 215 468
10081 215 468
10091 215 468
10101 215 468
10111 215 468
10121 215 468
10131 215 468
10141 215 468
10151 215 468
10161 215 468
10171 215 468
10181 215 468
10191 215 468
10201 215 468
10211 215 468
10221 215 468
10231 215 468
10241 215 478
10251 215 478
10261 215 478
10271 215 478
10281 215 478
10291 215 478
10301 215 478
10311 215 478
10321 215 478
10331 215 478
10341 215 478
10351 215 478
10361 215 483
10371 215 483
10381 215 483
10391 215 483
10401 215 483
10411 215 483
10421 215 483
10431 215 483
10441 215 483
10451 215 483
10461 215 483
10471 215 483
10481 215 483
10491 215 483
10501 220 488
10511 220 488
10521 220 488
10531 220 488
10541 220 488
10551 220 493
10561 220 493
10571 220 493
10581 220 493
10591 220 493
10601 220 493
10611 220 493
10621 220 493
10631 220 493
10641 220 493
10651 220 493
10661 220 493
10671 220 493
10681 220 493
10691 225 498
10701 225 498
10711 225 498
10721 225 498
10731 225 498
10741 225 503
10751 225 503
10761 225 503
10771 225 503
10781 225 503
10791 225 503
10801 225 503
10811 225 503
10821 225 503
10831 225 503
10841 225 503
10851 225 503
10861 225 503
10871 225 503
10881 230 508
10891 230 508
10901 230 508
10911 230 508
10921 230 508
10931 230 513
10941 230 513
10951 230 513
10961 230 513
10971 230 513
